[2015.12.18-20.23.56:099][  0]Log file open, 12/18/15 12:23:56
[2015.12.18-20.23.56:099][  0]LogInit:Display: Running engine for game: Git_RTS_Tropo
[2015.12.18-20.23.56:099][  0]LogPlatformFile: Not using cached read wrapper
[2015.12.18-20.23.56:099][  0]LogInit:Display: RandInit(-2090517045) SRandInit(-2090517042).
[2015.12.18-20.23.56:099][  0]LogTaskGraph: Started task graph with 4 named threads and 7 total threads.
[2015.12.18-20.23.56:099][  0]LogStats: Stats thread started at 0.077517
[2015.12.18-20.23.56:099][  0]LogInit: Version: 4.10.1-2791327+++depot+UE4-Releases+4.10
[2015.12.18-20.23.56:099][  0]LogInit: API Version: 2758231
[2015.12.18-20.23.56:099][  0]LogInit: Compiled (64-bit): Dec  4 2015 19:44:40
[2015.12.18-20.23.56:099][  0]LogInit: Compiled with Visual C++: 19.00.23026.00
[2015.12.18-20.23.56:099][  0]LogInit: Build Configuration: Development
[2015.12.18-20.23.56:099][  0]LogInit: Branch Name: ++depot+UE4-Releases+4.10
[2015.12.18-20.23.56:099][  0]LogInit: Command line:  
[2015.12.18-20.23.56:099][  0]LogInit: Base directory: C:/Program Files/Epic Games/4.10/Engine/Binaries/Win64/
[2015.12.18-20.23.56:099][  0]LogInit: Rocket: 1
[2015.12.18-20.23.56:114][  0]LogInit: Using libcurl 7.41.0
[2015.12.18-20.23.56:114][  0]LogInit:  - built for x86_64-pc-win32
[2015.12.18-20.23.56:114][  0]LogInit:  - supports SSL with WinSSL
[2015.12.18-20.23.56:114][  0]LogInit:  - other features:
[2015.12.18-20.23.56:114][  0]LogInit:      CURL_VERSION_SSL
[2015.12.18-20.23.56:114][  0]LogInit:      CURL_VERSION_IPV6
[2015.12.18-20.23.56:114][  0]LogInit:      CURL_VERSION_ASYNCHDNS
[2015.12.18-20.23.56:114][  0]LogInit:      CURL_VERSION_LARGEFILE
[2015.12.18-20.23.56:114][  0]LogInit:      CURL_VERSION_IDN
[2015.12.18-20.23.56:114][  0]LogInit:  CurlRequestOptions (configurable via config and command line):
[2015.12.18-20.23.56:114][  0]LogInit:  - bVerifyPeer = true  - Libcurl will verify peer certificate
[2015.12.18-20.23.56:114][  0]LogInit:  - bUseHttpProxy = false  - Libcurl will NOT use HTTP proxy
[2015.12.18-20.23.56:114][  0]LogInit:  - bDontReuseConnections = false  - Libcurl will reuse connections
[2015.12.18-20.23.56:114][  0]LogInit:  - CertBundlePath = nullptr  - Libcurl will use whatever was configured at build time.
[2015.12.18-20.23.56:122][  0]LogInit: Presizing for 0 objects not considered by GC, pre-allocating 0 bytes.
[2015.12.18-20.23.56:130][  0]LogInit: Object subsystem initialized
[2015.12.18-20.23.56:130][  0]LogInit: Selected Device Profile: [Windows]
[2015.12.18-20.23.56:130][  0]LogInit: Applying CVar settings loaded from the selected device profile: [Windows]
[2015.12.18-20.23.56:185][  0]LogInit: Computer: JTSMITHFS111
[2015.12.18-20.23.56:185][  0]LogInit: User: jtsmith
[2015.12.18-20.23.56:185][  0]LogInit: CPU Page size=4096, Cores=4
[2015.12.18-20.23.56:185][  0]LogInit: High frequency timer resolution =3.312929 MHz
[2015.12.18-20.23.56:185][  0]LogMemory: Memory total: Physical=8.0GB (8GB approx)
[2015.12.18-20.23.56:185][  0]LogMemory: Platform Memory Stats for Windows
[2015.12.18-20.23.56:185][  0]LogMemory: Process Physical Memory: 59.57 MB used, 59.57 MB peak
[2015.12.18-20.23.56:185][  0]LogMemory: Process Virtual Memory: 59.42 MB used, 59.42 MB peak
[2015.12.18-20.23.56:185][  0]LogMemory: Physical Memory: 4270.94 MB used, 8146.45 MB total
[2015.12.18-20.23.56:185][  0]LogMemory: Virtual Memory: 354.04 MB used, 8388608.00 MB total
[2015.12.18-20.23.56:287][  0]LogTextLocalizationManager: No specific translations for ('en-US') exist, so ('en') translations will be used.
[2015.12.18-20.23.57:307][  0]LogD3D11RHI: Found D3D11 adapter 0: AMD Radeon HD 7570 (Feature Level 11_0)
[2015.12.18-20.23.57:307][  0]LogD3D11RHI: Adapter has 1008MB of dedicated video memory, 0MB of dedicated system memory, and 3817MB of shared system memory, 1 output[s]
[2015.12.18-20.23.57:307][  0]LogD3D11RHI: Chosen D3D11 Adapter Id = 0
[2015.12.18-20.23.57:312][  0]LogD3D11RHI: !Direct3DDevice
[2015.12.18-20.23.57:317][  0]LogRHI: Texture pool is 705 MB (70% of 1008 MB)
[2015.12.18-20.23.57:333][  0]LogD3D11RHI: Async texture creation disabled: no driver support
[2015.12.18-20.23.57:346][  0]LogShaderCompilers: Guid format shader working directory is -24 characters bigger than the processId version (../../../../../../Users/jtsmith/Documents/GitHub/RTS_Trop/Git_RTS_Tropo/Intermediate/Shaders/WorkingDirectory/15716/).
[2015.12.18-20.23.57:346][  0]LogShaderCompilers: Cleaned the shader compiler working directory 'C:/Users/jtsmith/AppData/Local/Temp/UnrealShaderWorkingDir/9CC5A83940E9D9209B06F786187CD386/'.
[2015.12.18-20.23.57:346][  0]LogShaderCompilers:Display: Using Local Shader Compiler.
[2015.12.18-20.24.03:632][  0]LogTemp:Display: Loaded TP AllDesktopTargetPlatform
[2015.12.18-20.24.03:647][  0]LogTemp:Display: Loaded TP WindowsClientTargetPlatform
[2015.12.18-20.24.03:677][  0]LogTemp:Display: Loaded TP WindowsNoEditorTargetPlatform
[2015.12.18-20.24.03:684][  0]LogTemp:Display: Loaded TP WindowsServerTargetPlatform
[2015.12.18-20.24.03:698][  0]LogTemp:Display: Loaded TP WindowsTargetPlatform
[2015.12.18-20.24.03:710][  0]LogTemp:Display: Loaded TP AndroidTargetPlatform
[2015.12.18-20.24.03:717][  0]LogTemp:Display: Loaded TP Android_ASTCTargetPlatform
[2015.12.18-20.24.03:730][  0]LogTemp:Display: Loaded TP Android_ATCTargetPlatform
[2015.12.18-20.24.03:740][  0]LogTemp:Display: Loaded TP Android_DXTTargetPlatform
[2015.12.18-20.24.03:749][  0]LogTemp:Display: Loaded TP Android_ETC1TargetPlatform
[2015.12.18-20.24.03:768][  0]LogTemp:Display: Loaded TP Android_ETC2TargetPlatform
[2015.12.18-20.24.03:825][  0]LogTemp:Display: Loaded TP Android_MultiTargetPlatform
[2015.12.18-20.24.03:826][  0]LogTemp:Display: Loaded TP Android_PVRTCTargetPlatform
[2015.12.18-20.24.03:836][  0]LogTemp:Display: Loaded TP HTML5TargetPlatform
[2015.12.18-20.24.03:899][  0]LogTemp:Display: Loaded TP IOSTargetPlatform
[2015.12.18-20.24.03:909][  0]LogTemp:Display: Loaded TP LinuxNoEditorTargetPlatform
[2015.12.18-20.24.03:922][  0]LogTemp:Display: Loaded TP LinuxServerTargetPlatform
[2015.12.18-20.24.03:939][  0]LogTemp:Display: Loaded TP LinuxTargetPlatform
[2015.12.18-20.24.03:939][  0]LogTargetPlatformManager:Display: Building Assets For Windows
[2015.12.18-20.24.04:831][  0]LogDerivedDataCache:Display: Max Cache Size: 512 MB
[2015.12.18-20.24.06:839][  0]LogDerivedDataCache: Loaded boot cache 2.01s 41MB C:/Users/jtsmith/AppData/Local/UnrealEngine/4.10/DerivedDataCache/Boot.ddc.
[2015.12.18-20.24.06:840][  0]LogDerivedDataCache:Display: Loaded Boot cache: C:/Users/jtsmith/AppData/Local/UnrealEngine/4.10/DerivedDataCache/Boot.ddc
[2015.12.18-20.24.06:840][  0]LogDerivedDataCache: FDerivedDataBackendGraph:  Pak pak cache file ../../../../../../Users/jtsmith/Documents/GitHub/RTS_Trop/Git_RTS_Tropo/DerivedDataCache/DDC.ddp not found, will not use a pak cache.
[2015.12.18-20.24.06:840][  0]LogDerivedDataCache: Unable to find inner node Pak for hierarchical cache Hierarchy.
[2015.12.18-20.24.06:840][  0]LogDerivedDataCache: FDerivedDataBackendGraph:  CompressedPak pak cache file ../../../../../../Users/jtsmith/Documents/GitHub/RTS_Trop/Git_RTS_Tropo/DerivedDataCache/Compressed.ddp not found, will not use a pak cache.
[2015.12.18-20.24.06:840][  0]LogDerivedDataCache: Unable to find inner node CompressedPak for hierarchical cache Hierarchy.
[2015.12.18-20.24.06:982][  0]LogDerivedDataCache:Display: Pak cache opened for reading ../../../Engine/DerivedDataCache/Compressed.ddp.
[2015.12.18-20.24.06:994][  0]LogDerivedDataCache: Using Local data cache path C:/Users/jtsmith/AppData/Local/UnrealEngine/Common/DerivedDataCache: Writable
[2015.12.18-20.24.21:009][  0]LogInit: Selected Device Profile: [Windows]
[2015.12.18-20.24.21:027][  0]LogContentStreaming: Texture pool size is 0.000000MB
[2015.12.18-20.24.21:698][  0]LogMeshUtilities: No automatic mesh reduction module available
[2015.12.18-20.24.21:698][  0]LogMeshUtilities: No automatic mesh merging module available
[2015.12.18-20.24.29:077][  0]LogInit: WinSock: version 1.1 (2.2), MaxSocks=32767, MaxUdp=65467
[2015.12.18-20.25.04:632][  0]LogAssetRegistry: FAssetRegistry took 0.0102 seconds to start up
[2015.12.18-20.25.05:431][  0]UdpMessaging: Initializing bridge on interface 0.0.0.0:0 to multicast group 230.0.0.1:6666.
[2015.12.18-20.25.20:128][  0]SourceControl: Info Source control is disabled
[2015.12.18-20.25.31:237][  0]LogObj: 28821 objects as part of root set at end of initial load.
[2015.12.18-20.25.31:237][  0]LogUObjectAllocator: 6135360 out of 0 bytes used by permanent object pool.
[2015.12.18-20.25.34:835][  0]LogAutomationTest:Warning: Smoke tests took > 1s to run: 1.95s
[2015.12.18-20.25.34:998][  0]LogEngine: Initializing Engine...
[2015.12.18-20.25.35:267][  0]LogHMD: Can't find Oculus library dev build: is proper Runtime installed? Version: 0.8.0.0
[2015.12.18-20.25.35:911][  0]LogHMD: SteamVR failed to initialize.  Err: 110
[2015.12.18-20.25.36:923][  0]LogAIModule: Creating AISystem for world NewWorld
[2015.12.18-20.25.37:201][  0]LogInit: XAudio2 using 'Speakers (Realtek High Definition Audio)' : 2 channels at 48 kHz using 32 bits per sample (channel mask 0x3)
[2015.12.18-20.25.37:257][  0]LogInit: FAudioDevice initialized.
[2015.12.18-20.25.37:279][  0]LogDerivedDataCache: Saved boot cache 0.02s 41MB C:/Users/jtsmith/AppData/Local/UnrealEngine/4.10/DerivedDataCache/Boot.ddc.
[2015.12.18-20.25.37:281][  0]LogInit: Texture streaming: Enabled
[2015.12.18-20.25.37:450][  0]LogAnalytics: Creating configured Analytics provider AnalyticsET
[2015.12.18-20.25.37:450][  0]LogAnalytics: [UEEditor.Rocket.Release] APIServer = http://et2.epicgames.com/ET2/. AppVersion = 4.10.1-2791327+++depot+UE4-Releases+4.10
[2015.12.18-20.25.37:450][  0]LogAnalytics: [UEEditor.Rocket.Release] SetUserId 6fa6e3274a8d5d72a75cbcbef6d297a7|3b8075bc1ed94341b886f5e4c6e1b23d|13e13887-07aa-43da-a8ee-6e00c985f4a0
[2015.12.18-20.25.37:450][  0]LogAnalytics: [UEEditor.Rocket.Release] AnalyticsET::StartSession
[2015.12.18-20.25.38:610][  0]LogInit: Transaction tracking system initialized
[2015.12.18-20.25.40:337][  0]BlueprintLog: New page: Editor Load
[2015.12.18-20.25.49:810][  0]LocalizationService: Info Localization service is disabled
[2015.12.18-20.25.57:799][  0]LogConsoleResponse:Display: 
[2015.12.18-20.26.03:291][  0]LogCook:Display: Done creating registry. It took  0.00s.
[2015.12.18-20.26.08:931][  0]Cmd: MAP LOAD FILE="../../../../../../Users/jtsmith/Documents/GitHub/RTS_Trop/Git_RTS_Tropo/Content/TopDownBP/Maps/TopDownExampleMap.umap" TEMPLATE=0 SHOWPROGRESS=1 FEATURELEVEL=3
[2015.12.18-20.26.09:344][  0]LightingResults: New page: Lighting Build
[2015.12.18-20.26.09:745][  0]MapCheck: New page: Map Check
[2015.12.18-20.26.09:745][  0]LightingResults: New page: Lighting Build
[2015.12.18-20.26.09:754][  0]LogParticles: Destroying 0 GPU particle simulations for FXSystem 0x00000000243D0400
[2015.12.18-20.26.22:356][  0]LogProperty:Error: UStructProperty::Serialize Loading: Property 'StructProperty /Game/TopDownBP/Blueprints/TopDownCharacter.TopDownCharacter_C:RandomFeatures.K2Node_MakeStruct_CharacterProfile_STRUCT'. Unknown structure.
[2015.12.18-20.26.22:356][  0]LogProperty:Error: UStructProperty::Serialize Loading: Property 'StructProperty /Game/TopDownBP/Blueprints/TopDownCharacter.TopDownCharacter_C:RandomFeatures.K2Node_MakeStruct_CharacterProfile_STRUCT2'. Unknown structure.
[2015.12.18-20.26.22:359][  0]LogProperty:Error: UStructProperty::Serialize Loading: Property 'StructProperty /Game/TopDownBP/Blueprints/TopDownCharacter.TopDownCharacter_C:MyProfile'. Unknown structure.
[2015.12.18-20.26.27:348][  0]LogLinker:Warning: CreateExport: Failed to load Parent for Function /Game/TopDownBP/Blueprints/Buildings/Residential/Shack_BP.Shack_BP_C:UserConstructionScript; removing parent information, but keeping function
[2015.12.18-20.26.29:000][  0]LogClass:Warning: Property MyProfile of TopDownCharacter_C has a struct type mismatch (tag STRUCT_REINST_CharacterProfile_STRUCT_0 != prop FallbackStruct) in package:  ../../../../../../Users/jtsmith/Documents/GitHub/RTS_Trop/Git_RTS_Tropo/Content/TopDownBP/Blueprints/TopDownCharacter.uasset. If that struct got renamed, add an entry to ActiveStructRedirects.
[2015.12.18-20.26.29:093][  0]LogClass:Warning: Property MyProfile of TopDownCharacter_C has a struct type mismatch (tag FallbackStruct != prop CharacterProfile_STRUCT) in package:  FObjectReader. If that struct got renamed, add an entry to ActiveStructRedirects.
[2015.12.18-20.26.51:614][  0]LogAIModule: Creating AISystem for world TopDownExampleMap
[2015.12.18-20.27.18:619][  0]LogEditorServer: Finished looking for orphan Actors (0.031 secs)
[2015.12.18-20.27.19:487][  0]Cmd: MAP CHECKDEP NOCLEARLOG
[2015.12.18-20.27.19:751][  0]MapCheck: Info Map check complete: 0 Error(s), 0 Warning(s), took 263.961ms to complete.
[2015.12.18-20.27.19:752][  0]LogFileHelpers: Loading map 'TopDownExampleMap' took 70.822
[2015.12.18-20.27.20:742][  0]LogCollectionManager: Loaded 0 collections in 0.002119 seconds
[2015.12.18-20.27.21:004][  0]LogFileCache: Scanning file cache for directory 'C:/Users/jtsmith/Documents/GitHub/RTS_Trop/Git_RTS_Tropo/Saved/Collections/' took 0.01s
[2015.12.18-20.27.21:004][  0]LogFileCache: Scanning file cache for directory 'C:/Users/jtsmith/Documents/GitHub/RTS_Trop/Git_RTS_Tropo/Content/Developers/jtsmith/Collections/' took 0.01s
[2015.12.18-20.27.21:004][  0]LogFileCache: Scanning file cache for directory 'C:/Users/jtsmith/Documents/GitHub/RTS_Trop/Git_RTS_Tropo/Content/Collections/' took 0.01s
[2015.12.18-20.27.21:004][  0]LogCollectionManager: Rebuilt the GUID cache for 0 collections in 0.017091 seconds
[2015.12.18-20.27.21:075][  0]LogContentBrowser: Native class hierarchy populated in 0.0702 seconds. Added 1915 classes and 346 folders.
[2015.12.18-20.27.21:353][  0]LogContentBrowser: Native class hierarchy updated for 'WidgetCarousel' in 0.0003 seconds. Added 0 classes and 0 folders.
[2015.12.18-20.27.26:522][  0]LogContentBrowser: Native class hierarchy updated for 'AddContentDialog' in 0.0004 seconds. Added 0 classes and 0 folders.
[2015.12.18-20.27.26:559][  0]LogContentBrowser: Native class hierarchy updated for 'SceneOutliner' in 0.0005 seconds. Added 1 classes and 2 folders.
[2015.12.18-20.27.26:709][  0]LogCrashTracker: Crashtracker disabled due to settings.
[2015.12.18-20.27.26:792][  0]LogUObjectGlobals:Warning: Failed to find object 'Class None.'
[2015.12.18-20.27.26:980][  0]SourceControl: Info # On branch master
[2015.12.18-20.27.26:980][  0]SourceControl: Info # Changes to be committed:
[2015.12.18-20.27.26:980][  0]SourceControl: Info #   (use "git reset HEAD <file>..." to unstage)
[2015.12.18-20.27.26:980][  0]SourceControl: Info #
[2015.12.18-20.27.26:980][  0]SourceControl: Info #	deleted:    Content/BP_Sky_Shere.uasset
[2015.12.18-20.27.26:980][  0]SourceControl: Info #	deleted:    Content/TopDownBP/Blueprints/AI/BTDecorator_BlueprintBase_New.uasset
[2015.12.18-20.27.26:980][  0]SourceControl: Info #	new file:   Content/TopDownBP/Blueprints/AI/BTDecorator_BlueprintBase_New2.uasset
[2015.12.18-20.27.26:980][  0]SourceControl: Info #	deleted:    Content/TopDownBP/Blueprints/AI/BTTask_BlueprintBase_New.uasset
[2015.12.18-20.27.26:980][  0]SourceControl: Info #	deleted:    Content/TopDownBP/Blueprints/AI/BTTask_BlueprintBase_New2.uasset
[2015.12.18-20.27.26:980][  0]SourceControl: Info #	deleted:    Content/TopDownBP/Blueprints/AI/ConstructionWorker/CheckForWork_DEC.uasset
[2015.12.18-20.27.26:980][  0]SourceControl: Info #	deleted:    Content/TopDownBP/Blueprints/AI/ConstructionWorker/IsAtOffice_DEC.uasset
[2015.12.18-20.27.26:980][  0]SourceControl: Info #	deleted:    Content/TopDownBP/Blueprints/AI/ResetCharacterHidden_TASK.uasset
[2015.12.18-20.27.26:980][  0]SourceControl: Info #	deleted:    Content/TopDownBP/Blueprints/AI/Residential/StopMoveToHouse_TASK.uasset
[2015.12.18-20.27.26:980][  0]SourceControl: Info #	deleted:    Content/TopDownBP/Blueprints/AI/TestBehaviorTree.uasset
[2015.12.18-20.27.26:980][  0]SourceControl: Info #	deleted:    Content/TopDownBP/Blueprints/AI/TestBlackBoard.uasset
[2015.12.18-20.27.26:980][  0]SourceControl: Info #	deleted:    Content/TopDownBP/Blueprints/RTSController.uasset
[2015.12.18-20.27.26:980][  0]SourceControl: Info #	deleted:    Content/TopDownBP/Meshes/BaseMesh.uasset
[2015.12.18-20.27.26:980][  0]SourceControl: Info #	deleted:    Content/TopDownBP/Sky/BP_Sky_Sphere.uasset
[2015.12.18-20.27.26:980][  0]SourceControl: Info #
[2015.12.18-20.27.26:980][  0]SourceControl: Info # Changes not staged for commit:
[2015.12.18-20.27.26:980][  0]SourceControl: Info #   (use "git add/rm <file>..." to update what will be committed)
[2015.12.18-20.27.26:980][  0]SourceControl: Info #   (use "git checkout -- <file>..." to discard changes in working directory)
[2015.12.18-20.27.26:980][  0]SourceControl: Info #
[2015.12.18-20.27.26:980][  0]SourceControl: Info #	deleted:    Content/TopDownBP/Blueprints/AI/BTDecorator_BlueprintBase_New2.uasset
[2015.12.18-20.27.26:980][  0]SourceControl: Info #	deleted:    Content/TopDownBP/Blueprints/AI/BTService_BlueprintBase_New.uasset
[2015.12.18-20.27.26:980][  0]SourceControl: Info #	modified:   Content/TopDownBP/Blueprints/BuildingMaster_BP.uasset
[2015.12.18-20.27.26:980][  0]SourceControl: Info #	modified:   Content/TopDownBP/Blueprints/Buildings/Commercial/ConstructionOffice_BP.uasset
[2015.12.18-20.27.26:980][  0]SourceControl: Info #	modified:   Content/TopDownBP/Blueprints/CameraPawnController.uasset
[2015.12.18-20.27.26:980][  0]SourceControl: Info #	modified:   Content/TopDownBP/Blueprints/Construction/ConstructionManager_BP.uasset
[2015.12.18-20.27.26:980][  0]SourceControl: Info #
[2015.12.18-20.27.26:980][  0]SourceControl: Info # Untracked files:
[2015.12.18-20.27.26:980][  0]SourceControl: Info #   (use "git add <file>..." to include in what will be committed)
[2015.12.18-20.27.26:980][  0]SourceControl: Info #
[2015.12.18-20.27.26:980][  0]SourceControl: Info #	Build/
[2015.12.18-20.27.26:980][  0]SourceControl: Info #	Config/DefaultEditorPerProjectUserSettings.ini
[2015.12.18-20.27.26:980][  0]SourceControl: Info #	Git_RTS_Tropo.uproject
[2015.12.18-20.27.26:980][  0]SourceControl: Info #	Intermediate/
[2015.12.18-20.27.26:980][  0]SourceControl: Info #	Saved/
[2015.12.18-20.27.27:184][  0]LogLoad: Full Startup: 212.40 seconds (BP compile: 4.19 seconds)
[2015.12.18-20.27.27:526][  0]LogOcInput: Can't find Oculus library dev build: is proper Runtime installed? Version: 0.8.0.0
[2015.12.18-20.27.27:528][  0]LoadErrors:Error: Error /Game/TopDownBP/Blueprints/Buildings/Commercial/Restaurant_BP : Failed import for Function /Game/TopDownBP/Blueprints/BuildingMaster_BP.BuildingMaster_BP_C:ReceiveTick
[2015.12.18-20.27.28:134][  0]LogContentStreaming: Texture pool size now 400 MB
[2015.12.18-20.27.28:162][  1]Cmd: UpdateLandscapeEditorData -warnings
[2015.12.18-20.27.28:405][  2]LogRenderer: Reallocating scene render targets to support 32x32 (Frame:2).
[2015.12.18-20.27.28:461][  2]LogRenderer: Reallocating scene render targets to support 128x128 (Frame:2).
[2015.12.18-20.27.29:648][  2]LogContentBrowser: Native class hierarchy updated for 'BlueprintGraph' in 0.0101 seconds. Added 107 classes and 0 folders.
[2015.12.18-20.27.32:455][  2]LogPackageName: SearchForPackageOnDisk took   0.000s to resolve /Engine/ArtTools/RenderToTexture/Blueprints/RenderToTexture_Pawn.
[2015.12.18-20.27.32:456][  2]LogPackageName: SearchForPackageOnDisk took   0.000s to resolve /Engine/ArtTools/RenderToTexture/Macros/RenderToTextureMacros.
[2015.12.18-20.27.32:691][  3]LogPackageName: SearchForPackageOnDisk took   0.000s to resolve /Engine/EditorBlueprintResources/ActorMacros.
[2015.12.18-20.27.32:692][  3]LogPackageName: SearchForPackageOnDisk took   0.000s to resolve /Engine/EditorBlueprintResources/StandardMacros.
[2015.12.18-20.27.32:840][  6]LogPackageName: SearchForPackageOnDisk took   0.000s to resolve /Engine/EngineAnimNotifies/AnimNotify_PlayParticleEffect.
[2015.12.18-20.27.32:840][  6]LogPackageName: SearchForPackageOnDisk took   0.000s to resolve /Engine/EngineAnimNotifies/AnimNotify_PlaySound.
[2015.12.18-20.27.32:840][  6]LogPackageName: SearchForPackageOnDisk took   0.000s to resolve /Engine/EngineDamageTypes/DmgTypeBP_Environmental.
[2015.12.18-20.27.32:874][  7]LogPackageName: SearchForPackageOnDisk took   0.000s to resolve /Engine/EngineSky/BP_Sky_Sphere.
[2015.12.18-20.27.32:895][  8]LogPackageName: SearchForPackageOnDisk took   0.000s to resolve /Engine/FunctionalTesting/Blueprints/AITesting_MoveGoal.
[2015.12.18-20.27.32:925][  9]LogPackageName: SearchForPackageOnDisk took   0.000s to resolve /Engine/Tutorial/Basics/ContentBrowserOverview.
[2015.12.18-20.27.32:925][  9]LogPackageName: SearchForPackageOnDisk took   0.000s to resolve /Engine/Tutorial/Basics/FeaturePacks.
[2015.12.18-20.27.32:926][  9]LogPackageName: SearchForPackageOnDisk took   0.000s to resolve /Engine/Tutorial/Basics/LevelEditorAttract.
[2015.12.18-20.27.32:926][  9]LogPackageName: SearchForPackageOnDisk took   0.000s to resolve /Engine/Tutorial/Basics/LevelEditorOverview.
[2015.12.18-20.27.32:926][  9]LogPackageName: SearchForPackageOnDisk took   0.000s to resolve /Engine/Tutorial/Basics/ViewportsTutorial.
[2015.12.18-20.27.32:927][  9]LogPackageName: SearchForPackageOnDisk took   0.000s to resolve /Engine/Tutorial/BlueprintTutorials/BlueprintEditorTutorial.
[2015.12.18-20.27.32:927][  9]LogPackageName: SearchForPackageOnDisk took   0.000s to resolve /Engine/Tutorial/BlueprintTutorials/BlueprintInterfacesEditorOverview.
[2015.12.18-20.27.32:940][ 10]LogPackageName: SearchForPackageOnDisk took   0.000s to resolve /Engine/Tutorial/BlueprintTutorials/BlueprintMacroLibrariesEditorOverview.
[2015.12.18-20.27.32:940][ 10]LogPackageName: SearchForPackageOnDisk took   0.000s to resolve /Engine/Tutorial/BlueprintTutorials/ClassBlueprintsEditorOverview.
[2015.12.18-20.27.32:940][ 10]LogPackageName: SearchForPackageOnDisk took   0.000s to resolve /Engine/Tutorial/BlueprintTutorials/LevelBlueprintEditorOverview.
[2015.12.18-20.27.32:941][ 10]LogPackageName: SearchForPackageOnDisk took   0.000s to resolve /Engine/Tutorial/BlueprintTutorials/TutorialAssets/Tutorial_BP_Class.
[2015.12.18-20.27.32:941][ 10]LogPackageName: SearchForPackageOnDisk took   0.000s to resolve /Engine/Tutorial/BlueprintTutorials/TutorialAssets/Tutorial_BP_Interface.
[2015.12.18-20.27.32:941][ 10]LogPackageName: SearchForPackageOnDisk took   0.000s to resolve /Engine/Tutorial/BlueprintTutorials/TutorialAssets/Tutorial_BP_MacroLib.
[2015.12.18-20.27.32:941][ 10]LogPackageName: SearchForPackageOnDisk took   0.000s to resolve /Engine/Tutorial/Code/AddingCode.
[2015.12.18-20.27.32:941][ 10]LogPackageName: SearchForPackageOnDisk took   0.000s to resolve /Engine/Tutorial/Foliage/FoliageWalkThrough.
[2015.12.18-20.27.32:942][ 10]LogPackageName: SearchForPackageOnDisk took   0.000s to resolve /Engine/Tutorial/Foliage/Foliage_Intro_Tutorial.
[2015.12.18-20.27.32:942][ 10]LogPackageName: SearchForPackageOnDisk took   0.000s to resolve /Engine/Tutorial/Foliage/Foliage_Settings_Tutorial.
[2015.12.18-20.27.32:942][ 10]LogPackageName: SearchForPackageOnDisk took   0.000s to resolve /Engine/Tutorial/Foliage/Foliage_Using_The_Tool_Tutorial.
[2015.12.18-20.27.32:942][ 10]LogPackageName: SearchForPackageOnDisk took   0.000s to resolve /Engine/Tutorial/Installation/InstallingVisualStudioTutorial.
[2015.12.18-20.27.32:942][ 10]LogPackageName: SearchForPackageOnDisk took   0.000s to resolve /Engine/Tutorial/Installation/InstallingXCodeTutorial.
[2015.12.18-20.27.32:942][ 10]LogPackageName: SearchForPackageOnDisk took   0.000s to resolve /Engine/Tutorial/InWorldBlueprintEditing/IWBE_Tutorial.
[2015.12.18-20.27.32:942][ 10]LogPackageName: SearchForPackageOnDisk took   0.000s to resolve /Engine/Tutorial/InWorldBlueprintEditing/IWBE_Tutorial_Part2.
[2015.12.18-20.27.32:942][ 10]LogPackageName: SearchForPackageOnDisk took   0.000s to resolve /Engine/Tutorial/InWorldBlueprintEditing/IWBE_Tutorial_Part3.
[2015.12.18-20.27.32:943][ 10]LogPackageName: SearchForPackageOnDisk took   0.000s to resolve /Engine/Tutorial/InWorldBlueprintEditing/TutorialAssets/IWBE_Blutility.
[2015.12.18-20.27.32:943][ 10]LogPackageName: SearchForPackageOnDisk took   0.000s to resolve /Engine/Tutorial/InWorldBlueprintEditing/TutorialAssets/IWBE_Bridge1.
[2015.12.18-20.27.32:943][ 10]LogPackageName: SearchForPackageOnDisk took   0.000s to resolve /Engine/Tutorial/InWorldBlueprintEditing/TutorialAssets/IWBE_Bridge2.
[2015.12.18-20.27.32:943][ 10]LogPackageName: SearchForPackageOnDisk took   0.000s to resolve /Engine/Tutorial/Landscape/LandscapeWalkThrough.
[2015.12.18-20.27.32:943][ 10]LogPackageName: SearchForPackageOnDisk took   0.000s to resolve /Engine/Tutorial/Landscape/Landscape_Manage_Mode.
[2015.12.18-20.27.32:943][ 10]LogPackageName: SearchForPackageOnDisk took   0.000s to resolve /Engine/Tutorial/Landscape/Landscape_Painting_Mode.
[2015.12.18-20.27.32:943][ 10]LogPackageName: SearchForPackageOnDisk took   0.000s to resolve /Engine/Tutorial/Landscape/Landscape_Sculpt_Mode.
[2015.12.18-20.27.32:943][ 10]LogPackageName: SearchForPackageOnDisk took   0.000s to resolve /Engine/Tutorial/Mobile/CreatingSigningCertAndProvisionTutorial.
[2015.12.18-20.27.32:944][ 10]LogPackageName: SearchForPackageOnDisk took   0.000s to resolve /Engine/Tutorial/Mobile/InstallingiTunesTutorial.
[2015.12.18-20.27.32:944][ 10]LogPackageName: SearchForPackageOnDisk took   0.000s to resolve /Engine/Tutorial/Mobile/SettingUpAndroidTutorial.
[2015.12.18-20.27.32:944][ 10]LogPackageName: SearchForPackageOnDisk took   0.000s to resolve /Engine/Tutorial/Paper2D/FlipbookEditorTutorial.
[2015.12.18-20.27.32:944][ 10]LogPackageName: SearchForPackageOnDisk took   0.000s to resolve /Engine/Tutorial/Paper2D/SpriteEditorTutorial.
[2015.12.18-20.27.32:944][ 10]LogPackageName: SearchForPackageOnDisk took   0.000s to resolve /Engine/Tutorial/SubEditors/DestructibleMeshEditorTutorial.
[2015.12.18-20.27.32:945][ 10]LogPackageName: SearchForPackageOnDisk took   0.000s to resolve /Engine/Tutorial/SubEditors/MaterialEditorTutorial.
[2015.12.18-20.27.32:945][ 10]LogPackageName: SearchForPackageOnDisk took   0.000s to resolve /Engine/Tutorial/SubEditors/ParticleSystemEditorTutorial.
[2015.12.18-20.27.32:945][ 10]LogPackageName: SearchForPackageOnDisk took   0.000s to resolve /Engine/Tutorial/SubEditors/PersonaAnimBlueprintEditorWalkthrough.
[2015.12.18-20.27.32:945][ 10]LogPackageName: SearchForPackageOnDisk took   0.000s to resolve /Engine/Tutorial/SubEditors/PersonaAnimEditorWalkthrough.
[2015.12.18-20.27.32:945][ 10]LogPackageName: SearchForPackageOnDisk took   0.000s to resolve /Engine/Tutorial/SubEditors/PersonaWalkthrough.
[2015.12.18-20.27.32:945][ 10]LogPackageName: SearchForPackageOnDisk took   0.000s to resolve /Engine/Tutorial/SubEditors/SkeletalMeshEditorWalkthrough.
[2015.12.18-20.27.32:946][ 10]LogPackageName: SearchForPackageOnDisk took   0.000s to resolve /Engine/Tutorial/SubEditors/SkeletonModeWalkthrough.
[2015.12.18-20.27.32:946][ 10]LogPackageName: SearchForPackageOnDisk took   0.000s to resolve /Engine/Tutorial/SubEditors/StaticMeshEditorTutorial.
[2015.12.18-20.27.32:946][ 10]LogPackageName: SearchForPackageOnDisk took   0.000s to resolve /Engine/Tutorial/SubEditors/TutorialAssets/TutorialAnimationBlueprint.
[2015.12.18-20.27.32:947][ 10]LogPackageName: SearchForPackageOnDisk took   0.000s to resolve /Engine/Tutorial/SubEditors/TutorialAssets/Character/TutorialCharacter.
[2015.12.18-20.27.32:947][ 10]LogPackageName: SearchForPackageOnDisk took   0.000s to resolve /Engine/Tutorial/SubEditors/TutorialAssets/Character/TutorialTPP_AnimBlueprint.
[2015.12.18-20.27.32:948][ 10]LogPackageName: SearchForPackageOnDisk took   0.000s to resolve /Game/StarterContent/Blueprints/Blueprint_CeilingLight.
[2015.12.18-20.27.32:948][ 10]LogPackageName: SearchForPackageOnDisk took   0.000s to resolve /Game/StarterContent/Blueprints/Blueprint_Effect_Explosion.
[2015.12.18-20.27.32:948][ 10]LogPackageName: SearchForPackageOnDisk took   0.000s to resolve /Game/StarterContent/Blueprints/Blueprint_Effect_Fire.
[2015.12.18-20.27.32:949][ 10]LogPackageName: SearchForPackageOnDisk took   0.000s to resolve /Game/StarterContent/Blueprints/Blueprint_Effect_Smoke.
[2015.12.18-20.27.32:949][ 10]LogPackageName: SearchForPackageOnDisk took   0.000s to resolve /Game/StarterContent/Blueprints/Blueprint_Effect_Sparks.
[2015.12.18-20.27.32:949][ 10]LogPackageName: SearchForPackageOnDisk took   0.000s to resolve /Game/StarterContent/Blueprints/Blueprint_Effect_Steam.
[2015.12.18-20.27.32:949][ 10]LogPackageName: SearchForPackageOnDisk took   0.000s to resolve /Game/StarterContent/Blueprints/Blueprint_WallSconce.
[2015.12.18-20.27.32:949][ 10]LogPackageName: SearchForPackageOnDisk took   0.000s to resolve /Game/StarterContent/Blueprints/BP_LightStudio.
[2015.12.18-20.27.32:950][ 10]LogPackageName: SearchForPackageOnDisk took   0.000s to resolve /Game/StarterContent/Maps/Minimal_Default.
[2015.12.18-20.27.32:950][ 10]LogPackageName: SearchForPackageOnDisk took   0.000s to resolve /Game/StarterContent/Maps/StarterMap.
[2015.12.18-20.27.33:007][ 11]LogPackageName: SearchForPackageOnDisk took   0.000s to resolve /Game/TopDownBP/TopDownOverview.
[2015.12.18-20.27.33:010][ 11]LogPackageName: SearchForPackageOnDisk took   0.000s to resolve /Game/TopDownBP/Blueprints/BuildingMaster_BP.
[2015.12.18-20.27.33:037][ 12]LogPackageName: SearchForPackageOnDisk took   0.000s to resolve /Game/TopDownBP/Blueprints/CameraPawn.
[2015.12.18-20.27.33:041][ 12]LogPackageName: SearchForPackageOnDisk took   0.000s to resolve /Game/TopDownBP/Blueprints/CameraPawnController.
[2015.12.18-20.27.33:123][ 13]LogPackageName: SearchForPackageOnDisk took   0.000s to resolve /Game/TopDownBP/Blueprints/GhostBuilding_BP.
[2015.12.18-20.27.33:172][ 14]LogPackageName: SearchForPackageOnDisk took   0.000s to resolve /Game/TopDownBP/Blueprints/MyAIController.
[2015.12.18-20.27.33:173][ 14]LogPackageName: SearchForPackageOnDisk took   0.000s to resolve /Game/TopDownBP/Blueprints/MyGameMode.
[2015.12.18-20.27.33:174][ 14]LogPackageName: SearchForPackageOnDisk took   0.000s to resolve /Game/TopDownBP/Blueprints/MyGameState.
[2015.12.18-20.27.33:176][ 14]LogPackageName: SearchForPackageOnDisk took   0.000s to resolve /Game/TopDownBP/Blueprints/MyPlayerState.
[2015.12.18-20.27.33:179][ 14]LogPackageName: SearchForPackageOnDisk took   0.000s to resolve /Game/TopDownBP/Blueprints/TopDownCharacter.
[2015.12.18-20.27.33:197][ 15]LogPackageName: SearchForPackageOnDisk took   0.000s to resolve /Game/TopDownBP/Blueprints/AI/CheckForRestraurant_DEC.
[2015.12.18-20.27.33:201][ 15]LogPackageName: SearchForPackageOnDisk took   0.000s to resolve /Game/TopDownBP/Blueprints/AI/CheckIsAtJobSite_DEC.
[2015.12.18-20.27.33:202][ 15]LogPackageName: SearchForPackageOnDisk took   0.000s to resolve /Game/TopDownBP/Blueprints/AI/ConstructionCheck_SERVICE.
[2015.12.18-20.27.33:203][ 15]LogPackageName: SearchForPackageOnDisk took   0.000s to resolve /Game/TopDownBP/Blueprints/AI/Eat_TASK.
[2015.12.18-20.27.33:220][ 16]LogPackageName: SearchForPackageOnDisk took   0.000s to resolve /Game/TopDownBP/Blueprints/AI/EndConstruction_TASK.
[2015.12.18-20.27.33:221][ 16]LogPackageName: SearchForPackageOnDisk took   0.000s to resolve /Game/TopDownBP/Blueprints/AI/EnterBuilding_TASK.
[2015.12.18-20.27.33:226][ 16]LogPackageName: SearchForPackageOnDisk took   0.000s to resolve /Game/TopDownBP/Blueprints/AI/IsAtHouse_DEC.
[2015.12.18-20.27.33:228][ 16]LogPackageName: SearchForPackageOnDisk took   0.000s to resolve /Game/TopDownBP/Blueprints/AI/IsAtWork_DEC.
[2015.12.18-20.27.33:231][ 16]LogPackageName: SearchForPackageOnDisk took   0.000s to resolve /Game/TopDownBP/Blueprints/AI/LeaveJobSite_TASK.
[2015.12.18-20.27.33:251][ 17]LogPackageName: SearchForPackageOnDisk took   0.000s to resolve /Game/TopDownBP/Blueprints/AI/NewAICharacter_BP.
[2015.12.18-20.27.33:297][ 18]LogPackageName: SearchForPackageOnDisk took   0.000s to resolve /Game/TopDownBP/Blueprints/AI/RandomWait_TASK.
[2015.12.18-20.27.33:298][ 18]LogPackageName: SearchForPackageOnDisk took   0.000s to resolve /Game/TopDownBP/Blueprints/AI/Service_DEC.
[2015.12.18-20.27.33:299][ 18]LogPackageName: SearchForPackageOnDisk took   0.000s to resolve /Game/TopDownBP/Blueprints/AI/SetDestinationHouse_TASK.
[2015.12.18-20.27.33:306][ 18]LogPackageName: SearchForPackageOnDisk took   0.000s to resolve /Game/TopDownBP/Blueprints/AI/SetDestinationRestaurant_TASK.
[2015.12.18-20.27.33:311][ 18]LogPackageName: SearchForPackageOnDisk took   0.000s to resolve /Game/TopDownBP/Blueprints/AI/SetDestinationWork_TASK.
[2015.12.18-20.27.33:329][ 19]LogPackageName: SearchForPackageOnDisk took   0.000s to resolve /Game/TopDownBP/Blueprints/AI/Sleep_TASK.
[2015.12.18-20.27.33:337][ 19]LogPackageName: SearchForPackageOnDisk took   0.000s to resolve /Game/TopDownBP/Blueprints/AI/S_AIState.
[2015.12.18-20.27.33:356][ 20]LogPackageName: SearchForPackageOnDisk took   0.000s to resolve /Game/TopDownBP/Blueprints/AI/S_JobCheck.
[2015.12.18-20.27.33:361][ 20]LogPackageName: SearchForPackageOnDisk took   0.000s to resolve /Game/TopDownBP/Blueprints/AI/TempDestroyAssignment_TASK.
[2015.12.18-20.27.33:363][ 20]LogPackageName: SearchForPackageOnDisk took   0.000s to resolve /Game/TopDownBP/Blueprints/AI/TestAIController.
[2015.12.18-20.27.33:391][ 21]LogPackageName: SearchForPackageOnDisk took   0.000s to resolve /Game/TopDownBP/Blueprints/AI/TestDoConstruction_TASK.
[2015.12.18-20.27.33:392][ 21]LogPackageName: SearchForPackageOnDisk took   0.000s to resolve /Game/TopDownBP/Blueprints/AI/TestStartConstruction_TASK.
[2015.12.18-20.27.33:392][ 21]LogPackageName: SearchForPackageOnDisk took   0.000s to resolve /Game/TopDownBP/Blueprints/AI/ConstructionWorker/AssignWork_TASK.
[2015.12.18-20.27.33:399][ 21]LogPackageName: SearchForPackageOnDisk took   0.000s to resolve /Game/TopDownBP/Blueprints/AI/ConstructionWorker/CheckIsWorking_DEC.
[2015.12.18-20.27.33:402][ 21]LogPackageName: SearchForPackageOnDisk took   0.000s to resolve /Game/TopDownBP/Blueprints/AI/ConstructionWorker/CheckJobValid_DEC.
[2015.12.18-20.27.33:406][ 21]LogPackageName: SearchForPackageOnDisk took   0.000s to resolve /Game/TopDownBP/Blueprints/AI/ConstructionWorker/CheckWorkValid_DEC.
[2015.12.18-20.27.33:413][ 22]LogPackageName: SearchForPackageOnDisk took   0.000s to resolve /Game/TopDownBP/Blueprints/AI/ConstructionWorker/IsConstructionWorker_DEC.
[2015.12.18-20.27.33:414][ 22]LogPackageName: SearchForPackageOnDisk took   0.000s to resolve /Game/TopDownBP/Blueprints/AI/ConstructionWorker/MoveToConstructionOffice_TASK.
[2015.12.18-20.27.33:423][ 22]LogPackageName: SearchForPackageOnDisk took   0.000s to resolve /Game/TopDownBP/Blueprints/AI/ConstructionWorker/MoveToJobSite_TASK.
[2015.12.18-20.27.33:432][ 23]LogPackageName: SearchForPackageOnDisk took   0.000s to resolve /Game/TopDownBP/Blueprints/AI/ConstructionWorker/ReportForShift_TASK.
[2015.12.18-20.27.33:439][ 23]LogPackageName: SearchForPackageOnDisk took   0.000s to resolve /Game/TopDownBP/Blueprints/AI/ConstructionWorker/StartConstruction_TASK.
[2015.12.18-20.27.33:448][ 23]LogPackageName: SearchForPackageOnDisk took   0.000s to resolve /Game/TopDownBP/Blueprints/AI/ConstructionWorker/StopMoveToWork_TASK.
[2015.12.18-20.27.33:461][ 24]LogPackageName: SearchForPackageOnDisk took   0.000s to resolve /Game/TopDownBP/Blueprints/AI/Residential/AtHouse_TASK.
[2015.12.18-20.27.33:465][ 24]LogPackageName: SearchForPackageOnDisk took   0.000s to resolve /Game/TopDownBP/Blueprints/AI/Residential/BasicTick_SERV.
[2015.12.18-20.27.33:466][ 24]LogPackageName: SearchForPackageOnDisk took   0.000s to resolve /Game/TopDownBP/Blueprints/AI/Residential/FindHousingVacancy_TASK.
[2015.12.18-20.27.33:481][ 25]LogPackageName: SearchForPackageOnDisk took   0.000s to resolve /Game/TopDownBP/Blueprints/AI/Residential/GetRandomMoveToLocationLarge_TASK.
[2015.12.18-20.27.33:486][ 25]LogPackageName: SearchForPackageOnDisk took   0.000s to resolve /Game/TopDownBP/Blueprints/AI/Residential/GetRandomMoveToLocationSmall_TASK.
[2015.12.18-20.27.33:489][ 25]LogPackageName: SearchForPackageOnDisk took   0.000s to resolve /Game/TopDownBP/Blueprints/AI/Residential/Homeless_DEC.
[2015.12.18-20.27.33:490][ 25]LogPackageName: SearchForPackageOnDisk took   0.000s to resolve /Game/TopDownBP/Blueprints/AI/Residential/MoveToLocation_TASK.
[2015.12.18-20.27.33:503][ 26]LogPackageName: SearchForPackageOnDisk took   0.000s to resolve /Game/TopDownBP/Blueprints/AI/Residential/PlaceTemporaryHouse_TASK.
[2015.12.18-20.27.33:515][ 26]LogPackageName: SearchForPackageOnDisk took   0.000s to resolve /Game/TopDownBP/Blueprints/AI/Residential/StopMoveTo_TASK.
[2015.12.18-20.27.33:517][ 26]LogPackageName: SearchForPackageOnDisk took   0.000s to resolve /Game/TopDownBP/Blueprints/Buildings/CommercialMaster_BP.
[2015.12.18-20.27.33:520][ 27]LogPackageName: SearchForPackageOnDisk took   0.000s to resolve /Game/TopDownBP/Blueprints/Buildings/IndustrialMaster_BP.
[2015.12.18-20.27.33:520][ 27]LogPackageName: SearchForPackageOnDisk took   0.000s to resolve /Game/TopDownBP/Blueprints/Buildings/OccupationalMaster_BP.
[2015.12.18-20.27.33:522][ 27]LogPackageName: SearchForPackageOnDisk took   0.000s to resolve /Game/TopDownBP/Blueprints/Buildings/ResidentialMaster_BP.
[2015.12.18-20.27.33:526][ 27]LogPackageName: SearchForPackageOnDisk took   0.000s to resolve /Game/TopDownBP/Blueprints/Buildings/ResourcesMaster_BP.
[2015.12.18-20.27.33:532][ 27]LogPackageName: SearchForPackageOnDisk took   0.000s to resolve /Engine/ArtTools/RenderToTexture/Blueprints/RenderToTexture_Game.
[2015.12.18-20.27.33:532][ 27]LogPackageName: SearchForPackageOnDisk took   0.000s to resolve /Game/TopDownBP/Blueprints/Buildings/Industrial/BananaFarm_BP.
[2015.12.18-20.27.33:533][ 27]LogPackageName: SearchForPackageOnDisk took   0.000s to resolve /Game/TopDownBP/Blueprints/Buildings/Residential/Apartments_Sm_BP.
[2015.12.18-20.27.33:534][ 27]LogPackageName: SearchForPackageOnDisk took   0.000s to resolve /Game/TopDownBP/Blueprints/Buildings/Residential/Shack_BP.
[2015.12.18-20.27.33:539][ 28]LogPackageName: SearchForPackageOnDisk took   0.000s to resolve /Game/TopDownBP/Blueprints/Construction/ConstructionManager_BP.
[2015.12.18-20.27.33:577][ 29]LogPackageName: SearchForPackageOnDisk took   0.000s to resolve /Game/TopDownBP/Blueprints/Construction/ConstructionProxy_BP.
[2015.12.18-20.27.33:613][ 30]LogPackageName: SearchForPackageOnDisk took   0.000s to resolve /Game/TopDownBP/Blueprints/Libraries/Function_Library.
[2015.12.18-20.27.33:613][ 30]LogPackageName: SearchForPackageOnDisk took   0.000s to resolve /Game/TopDownBP/Blueprints/Libraries/Macro_Library.
[2015.12.18-20.27.33:614][ 30]LogPackageName: SearchForPackageOnDisk took   0.000s to resolve /Game/TopDownBP/Blueprints/Resources/Trees_BP.
[2015.12.18-20.27.33:615][ 30]LogPackageName: SearchForPackageOnDisk took   0.000s to resolve /Game/TopDownBP/Character/TopDownAnimBlueprint.
[2015.12.18-20.27.33:621][ 30]LogPackageName: SearchForPackageOnDisk took   0.000s to resolve /Game/TopDownBP/HUDs/Building_HUD.
[2015.12.18-20.27.33:623][ 30]LogPackageName: SearchForPackageOnDisk took   0.000s to resolve /Game/TopDownBP/HUDs/ButtonField.
[2015.12.18-20.27.33:627][ 30]LogPackageName: SearchForPackageOnDisk took   0.000s to resolve /Game/TopDownBP/HUDs/Character_HUD.
[2015.12.18-20.27.33:649][ 31]LogPackageName: SearchForPackageOnDisk took   0.000s to resolve /Game/TopDownBP/HUDs/Commander_HUD.
[2015.12.18-20.27.33:688][ 32]LogPackageName: SearchForPackageOnDisk took   0.000s to resolve /Game/TopDownBP/HUDs/ParentBuildingHud.
[2015.12.18-20.27.33:689][ 32]LogPackageName: SearchForPackageOnDisk took   0.000s to resolve /Game/TopDownBP/HUDs/PauseMenu_PopUp.
[2015.12.18-20.27.33:693][ 32]LogPackageName: SearchForPackageOnDisk took   0.000s to resolve /Game/TopDownBP/HUDs/Proxy_HUD.
[2015.12.18-20.27.33:698][ 32]LogPackageName: SearchForPackageOnDisk took   0.000s to resolve /Game/TopDownBP/HUDs/ServiceBuilding_HUD.
[2015.12.18-20.27.33:700][ 32]LogPackageName: SearchForPackageOnDisk took   0.000s to resolve /Game/TopDownBP/HUDs/TestBuilding_HUD.
[2015.12.18-20.27.33:788][ 33]LogPackageName: SearchForPackageOnDisk took   0.000s to resolve /Game/TopDownBP/HUDs/TextField.
[2015.12.18-20.27.33:789][ 33]LogPackageName: SearchForPackageOnDisk took   0.000s to resolve /Game/TopDownBP/Interfaces/I_Construction.
[2015.12.18-20.27.33:790][ 33]LogPackageName: SearchForPackageOnDisk took   0.000s to resolve /Game/TopDownBP/Interfaces/I_GameSettings.
[2015.12.18-20.27.33:791][ 33]LogPackageName: SearchForPackageOnDisk took   0.000s to resolve /Game/TopDownBP/Interfaces/I_HUD.
[2015.12.18-20.27.33:793][ 33]LogPackageName: SearchForPackageOnDisk took   0.000s to resolve /Game/TopDownBP/Interfaces/I_Interactions.
[2015.12.18-20.27.33:794][ 33]LogPackageName: SearchForPackageOnDisk took   0.000s to resolve /Game/TopDownBP/Libraries/Function_Library.
[2015.12.18-20.27.33:799][ 33]LogPackageName: SearchForPackageOnDisk took   0.000s to resolve /Game/TopDownBP/Libraries/Macro_Library.
[2015.12.18-20.27.33:801][ 33]LogPackageName: SearchForPackageOnDisk took   0.000s to resolve /Game/TopDownBP/Maps/TopDownExampleMap.
[2015.12.18-20.27.33:811][ 34]LogPackageName: SearchForPackageOnDisk took   0.000s to resolve /Game/TopDownBP/Meshes/TestShape.
[2015.12.18-20.27.33:815][ 34]LogPackageName: SearchForPackageOnDisk took   0.000s to resolve /Game/TopDownBP/NewCharAnimations/NewTopDown_AnimBP.
[2015.12.18-20.27.33:819][ 34]LogPackageName: SearchForPackageOnDisk took   0.000s to resolve /Game/TopDownBP/Sky/CustomSkySphere_BP.
[2015.12.18-20.27.33:844][ 35]LogPackageName: SearchForPackageOnDisk took   0.000s to resolve /Game/TopDownBP/Sky/DayNightCycle_BP.
[2015.12.18-20.27.33:931][ 36]LogAssetRegistry: Asset discovery search completed in 149.3115 seconds
[2015.12.18-20.27.33:932][ 36]LogCollectionManager: Rebuilt the object cache for 0 collections in 0.000001 seconds (found 0 objects)
[2015.12.18-20.27.33:932][ 36]LogCollectionManager: Fixed up redirectors for 0 collections in 0.000026 seconds (updated 0 objects)
[2015.12.18-20.27.45:051][189]LogRenderer: Reallocating scene render targets to support 1208x584 (Frame:10).
[2015.12.18-22.28.22:560][445]LogLinker:Warning: Asset '../../../Engine/Content/ArtTools/RenderToTexture/Macros/RenderToTextureMacros.uasset' has been saved with empty engine version. The asset will be loaded but may be incompatible.
[2015.12.18-22.28.35:184][  7]LogSavePackage: Save=281.392395ms
[2015.12.18-22.28.35:184][  7]LogSavePackage: Moving '../../../../../../Users/jtsmith/Documents/GitHub/RTS_Trop/Git_RTS_Tropo/Saved/ConstructionOffice_BPC670436D47BC928F0CAF1FA7AF3838CA.tmp' to '../../../../../../Users/jtsmith/Documents/GitHub/RTS_Trop/Git_RTS_Tropo/Content/TopDownBP/Blueprints/Buildings/Commercial/ConstructionOffice_BP.uasset'
[2015.12.18-22.28.35:228][  7]LogSavePackage: Total save time: 584.320702ms
[2015.12.18-22.28.35:228][  7]LogSavePackage:Display: Finished SavePackage ../../../../../../Users/jtsmith/Documents/GitHub/RTS_Trop/Git_RTS_Tropo/Content/TopDownBP/Blueprints/Buildings/Commercial/ConstructionOffice_BP.uasset
[2015.12.19-03.37.44:678][665]SourceControl: Info fatal: 'C:/Program Files/Epic Games/4.10/Engine/Content/ArtTools/RenderToTexture/Blueprints/PhysMesh.uasset' is outside repository
[2015.12.19-03.37.44:678][665]SourceControl: Info fatal: 'C:/Program Files/Epic Games/4.10/Engine/Content/ArtTools/RenderToTexture/Enums/EFloatTypes.uasset' is outside repository
[2015.12.19-03.37.44:678][665]SourceControl: Info fatal: 'C:/Program Files/Epic Games/4.10/Engine/Content/ArtTools/RenderToTexture/Macros/RenderToTextureMacros.uasset' is outside repository
[2015.12.19-03.37.44:678][665]SourceControl: Info fatal: 'C:/Program Files/Epic Games/4.10/Engine/Content/ArtTools/RenderToTexture/MaterialFunctions/BoundingSphereBased_0-1_UVW.uasset' is outside repository
[2015.12.19-03.37.44:678][665]SourceControl: Info fatal: 'C:/Program Files/Epic Games/4.10/Engine/Content/ArtTools/RenderToTexture/Materials/MPC_R2T.uasset' is outside repository
[2015.12.19-03.37.44:678][665]SourceControl: Info fatal: 'C:/Program Files/Epic Games/4.10/Engine/Content/ArtTools/RenderToTexture/Materials/Debug/M_2sidedLit.uasset' is outside repository
[2015.12.19-03.37.44:678][665]SourceControl: Info fatal: 'C:/Program Files/Epic Games/4.10/Engine/Content/ArtTools/RenderToTexture/Materials/Flipbooks/M_FlipBookCounter_01.uasset' is outside repository
[2015.12.19-03.37.44:678][665]SourceControl: Info fatal: 'C:/Program Files/Epic Games/4.10/Engine/Content/ArtTools/RenderToTexture/Materials/Imposters/M_ImposterTest_01.uasset' is outside repository
[2015.12.19-03.37.44:678][665]SourceControl: Info fatal: 'C:/Program Files/Epic Games/4.10/Engine/Content/ArtTools/RenderToTexture/Meshes/ShadowTestMesh.uasset' is outside repository
[2015.12.19-03.37.44:678][665]SourceControl: Info fatal: 'C:/Program Files/Epic Games/4.10/Engine/Content/ArtTools/RenderToTexture/Textures/127grey.uasset' is outside repository
[2015.12.19-03.37.44:678][665]SourceControl: Info fatal: 'C:/Program Files/Epic Games/4.10/Engine/Content/ArtTools/RenderToTexture/Textures/FlipbookMotionVectors/Position1.uasset' is outside repository
[2015.12.19-03.37.44:678][665]SourceControl: Info fatal: 'C:/Program Files/Epic Games/4.10/Engine/Content/BasicShapes/BasicShapeMaterial.uasset' is outside repository
[2015.12.19-03.37.44:678][665]SourceControl: Info fatal: 'C:/Program Files/Epic Games/4.10/Engine/Content/BufferVisualization/AmbientOcclusion.uasset' is outside repository
[2015.12.19-03.37.44:678][665]SourceControl: Info fatal: 'C:/Program Files/Epic Games/4.10/Engine/Content/Editor/Slate/Icons/AssetIcons/Cone_16x.uasset' is outside repository
[2015.12.19-03.37.44:678][665]SourceControl: Info fatal: 'C:/Program Files/Epic Games/4.10/Engine/Content/EditorBlueprintResources/ActorMacros.uasset' is outside repository
[2015.12.19-03.37.44:678][665]SourceControl: Info fatal: 'C:/Program Files/Epic Games/4.10/Engine/Content/EditorKismetResources/StandardMacros.uasset' is outside repository
[2015.12.19-03.37.44:678][665]SourceControl: Info fatal: 'C:/Program Files/Epic Games/4.10/Engine/Content/EditorLandscapeResources/AlphaBrushMaterial.uasset' is outside repository
[2015.12.19-03.37.44:678][665]SourceControl: Info fatal: 'C:/Program Files/Epic Games/4.10/Engine/Content/EditorMaterials/Anchor.uasset' is outside repository
[2015.12.19-03.37.44:678][665]SourceControl: Info fatal: 'C:/Program Files/Epic Games/4.10/Engine/Content/EditorMaterials/TreeArrow_ExpandedRealtimePreview.uasset' is outside repository
[2015.12.19-03.37.44:678][665]SourceControl: Info fatal: 'C:/Program Files/Epic Games/4.10/Engine/Content/EditorMaterials/Cascade/CASC_BackgroundCube_MAT.uasset' is outside repository
[2015.12.19-03.37.44:678][665]SourceControl: Info fatal: 'C:/Program Files/Epic Games/4.10/Engine/Content/EditorMaterials/Matinee/MAT_EnableTrack_Mat.uasset' is outside repository
[2015.12.19-03.37.44:678][665]SourceControl: Info fatal: 'C:/Program Files/Epic Games/4.10/Engine/Content/EditorMaterials/MatineeGroups/MAT_ColorTrack.uasset' is outside repository
[2015.12.19-03.37.44:678][665]SourceControl: Info fatal: 'C:/Program Files/Epic Games/4.10/Engine/Content/EditorMaterials/ParticleSystems/PSysThumbnail_NoImage.uasset' is outside repository
[2015.12.19-03.37.44:678][665]SourceControl: Info fatal: 'C:/Program Files/Epic Games/4.10/Engine/Content/EditorMaterials/Thumbnails/FloorPlaneMaterial.uasset' is outside repository
[2015.12.19-03.37.44:678][665]SourceControl: Info fatal: 'C:/Program Files/Epic Games/4.10/Engine/Content/EditorMaterials/Utilities/ImageReflectionPreview.uasset' is outside repository
[2015.12.19-03.37.44:678][665]SourceControl: Info fatal: 'C:/Program Files/Epic Games/4.10/Engine/Content/EditorMeshes/AnimTreeEd_PreviewFloor.uasset' is outside repository
[2015.12.19-03.37.44:678][665]SourceControl: Info fatal: 'C:/Program Files/Epic Games/4.10/Engine/Content/EditorMeshes/Cascade/BackgroundCube.uasset' is outside repository
[2015.12.19-03.37.44:678][665]SourceControl: Info fatal: 'C:/Program Files/Epic Games/4.10/Engine/Content/EditorMeshes/ColorCalibrator/M_ChromeBall.uasset' is outside repository
[2015.12.19-03.37.44:678][665]SourceControl: Info fatal: 'C:/Program Files/Epic Games/4.10/Engine/Content/EditorMeshes/SkeletalMesh/DefaultSkeletalMesh.uasset' is outside repository
[2015.12.19-03.37.44:678][665]SourceControl: Info fatal: 'C:/Program Files/Epic Games/4.10/Engine/Content/EditorResources/Ai_Spawnpoint.uasset' is outside repository
[2015.12.19-03.37.44:678][665]SourceControl: Info fatal: 'C:/Program Files/Epic Games/4.10/Engine/Content/EditorResources/S_Trigger.uasset' is outside repository
[2015.12.19-03.37.44:678][665]SourceControl: Info fatal: 'C:/Program Files/Epic Games/4.10/Engine/Content/EditorResources/AI/S_NavLink.uasset' is outside repository
[2015.12.19-03.37.44:678][665]SourceControl: Info fatal: 'C:/Program Files/Epic Games/4.10/Engine/Content/EditorResources/AudioIcons/S_Ambient_Sound_Moveable.uasset' is outside repository
[2015.12.19-03.37.44:678][665]SourceControl: Info fatal: 'C:/Program Files/Epic Games/4.10/Engine/Content/EditorResources/Crowd/T_Crowd_Spline.uasset' is outside repository
[2015.12.19-03.37.44:678][665]SourceControl: Info fatal: 'C:/Program Files/Epic Games/4.10/Engine/Content/EditorResources/LightIcons/Light_Point_Stationary_Statics.uasset' is outside repository
[2015.12.19-03.37.44:678][665]SourceControl: Info fatal: 'C:/Program Files/Epic Games/4.10/Engine/Content/EditorResources/Spline/T_Loft_Spline.uasset' is outside repository
[2015.12.19-03.37.44:678][665]SourceControl: Info fatal: 'C:/Program Files/Epic Games/4.10/Engine/Content/EditorShapes/Materials/MI_ShapeInstance.uasset' is outside repository
[2015.12.19-03.37.44:678][665]SourceControl: Info fatal: 'C:/Program Files/Epic Games/4.10/Engine/Content/EditorShapes/Textures/T_ShapeDiffuse.uasset' is outside repository
[2015.12.19-03.37.44:678][665]SourceControl: Info fatal: 'C:/Program Files/Epic Games/4.10/Engine/Content/EditorShellMaterials/MI_BaseFlat.uasset' is outside repository
[2015.12.19-03.37.44:678][665]SourceControl: Info fatal: 'C:/Program Files/Epic Games/4.10/Engine/Content/EditorShellMaterials/ManualUVs/MI_BaseGrid_MUV.uasset' is outside repository
[2015.12.19-03.37.44:678][665]SourceControl: Info fatal: 'C:/Program Files/Epic Games/4.10/Engine/Content/EditorShellMaterials/SketchUp/MI_BaseGrid_WUV_SketchUp.uasset' is outside repository
[2015.12.19-03.37.44:678][665]SourceControl: Info fatal: 'C:/Program Files/Epic Games/4.10/Engine/Content/EditorShellMaterials/WorldUVs/MI_BaseGrid_WUV.uasset' is outside repository
[2015.12.19-03.37.44:678][665]SourceControl: Info fatal: 'C:/Program Files/Epic Games/4.10/Engine/Content/EditorSounds/GamePreview/EjectFromPlayer.uasset' is outside repository
[2015.12.19-03.37.44:678][665]SourceControl: Info fatal: 'C:/Program Files/Epic Games/4.10/Engine/Content/EditorSounds/Notifications/CompileFailed.uasset' is outside repository
[2015.12.19-03.37.44:678][665]SourceControl: Info fatal: 'C:/Program Files/Epic Games/4.10/Engine/Content/EngineAnimNotifies/AnimNotify_PlayParticleEffect.uasset' is outside repository
[2015.12.19-03.37.44:678][665]SourceControl: Info fatal: 'C:/Program Files/Epic Games/4.10/Engine/Content/EngineDamageTypes/DmgTypeBP_Environmental.uasset' is outside repository
[2015.12.19-03.37.44:679][665]SourceControl: Info fatal: 'C:/Program Files/Epic Games/4.10/Engine/Content/EngineDebugMaterials/BlackUnlitMaterial.uasset' is outside repository
[2015.12.19-03.37.44:679][665]SourceControl: Info fatal: 'C:/Program Files/Epic Games/4.10/Engine/Content/EngineDebugMaterials/LightingModels/M_TextureDefinedSpecularReflecti.uasset' is outside repository
[2015.12.19-03.37.44:679][665]SourceControl: Info fatal: 'C:/Program Files/Epic Games/4.10/Engine/Content/EngineFonts/Roboto.uasset' is outside repository
[2015.12.19-03.37.44:679][665]SourceControl: Info fatal: 'C:/Program Files/Epic Games/4.10/Engine/Content/EngineLightProfiles/180Degree_IES.uasset' is outside repository
[2015.12.19-03.37.44:679][665]SourceControl: Info fatal: 'C:/Program Files/Epic Games/4.10/Engine/Content/EngineMaterials/AntiAliasedTextMaterialTranslucent.uasset' is outside repository
[2015.12.19-03.37.44:679][665]SourceControl: Info fatal: 'C:/Program Files/Epic Games/4.10/Engine/Content/EngineMaterials/RandomMirrorDisc.uasset' is outside repository
[2015.12.19-03.37.44:679][665]SourceControl: Info fatal: 'C:/Program Files/Epic Games/4.10/Engine/Content/EngineMeshes/BackgroundCube.uasset' is outside repository
[2015.12.19-03.37.44:679][665]SourceControl: Info fatal: 'C:/Program Files/Epic Games/4.10/Engine/Content/EngineProduction/ReferenceNormalMap.uasset' is outside repository
[2015.12.19-03.37.44:679][665]SourceControl: Info fatal: 'C:/Program Files/Epic Games/4.10/Engine/Content/EngineResources/AICON-Green.uasset' is outside repository
[2015.12.19-03.37.44:679][665]SourceControl: Info fatal: 'C:/Program Files/Epic Games/4.10/Engine/Content/EngineResources/Cursors/Arrow.uasset' is outside repository
[2015.12.19-03.37.44:679][665]SourceControl: Info fatal: 'C:/Program Files/Epic Games/4.10/Engine/Content/EngineSky/BP_Sky_Shere.uasset' is outside repository
[2015.12.19-03.37.44:679][665]SourceControl: Info fatal: 'C:/Program Files/Epic Games/4.10/Engine/Content/EngineSounds/Duck_Normal_Attack_MixMod.uasset' is outside repository
[2015.12.19-03.37.44:679][665]SourceControl: Info fatal: 'C:/Program Files/Epic Games/4.10/Engine/Content/EngineSounds/ReverbSettings/Alley.uasset' is outside repository
[2015.12.19-03.37.44:679][665]SourceControl: Info fatal: 'C:/Program Files/Epic Games/4.10/Engine/Content/EngineTireTypes/DefaultTireType.uasset' is outside repository
[2015.12.19-03.37.44:679][665]SourceControl: Info fatal: 'C:/Program Files/Epic Games/4.10/Engine/Content/EngineVolumetrics/FalloffSphere/Materials/M_EV_FalloffSphere_Master_01.uasset' is outside repository
[2015.12.19-03.37.44:679][665]SourceControl: Info fatal: 'C:/Program Files/Epic Games/4.10/Engine/Content/EngineVolumetrics/FalloffSphere/Mesh/S_EV_FalloffSphere_Mesh_01.uasset' is outside repository
[2015.12.19-03.37.44:679][665]SourceControl: Info fatal: 'C:/Program Files/Epic Games/4.10/Engine/Content/EngineVolumetrics/FogEnvironment/Materials/M_EV_FogEnvironment_Master_01.uasset' is outside repository
[2015.12.19-03.37.44:679][665]SourceControl: Info fatal: 'C:/Program Files/Epic Games/4.10/Engine/Content/EngineVolumetrics/FogEnvironment/Mesh/S_EV_FogEnvironment_01_Mesh.uasset' is outside repository
[2015.12.19-03.37.44:679][665]SourceControl: Info fatal: 'C:/Program Files/Epic Games/4.10/Engine/Content/EngineVolumetrics/Fogsheet/T_EV_Fogsheet_FlareColors_01.uasset' is outside repository
[2015.12.19-03.37.44:679][665]SourceControl: Info fatal: 'C:/Program Files/Epic Games/4.10/Engine/Content/EngineVolumetrics/Fogsheet/Materials/M_EV_FogSheet_1sided_Master_01.uasset' is outside repository
[2015.12.19-03.37.44:679][665]SourceControl: Info fatal: 'C:/Program Files/Epic Games/4.10/Engine/Content/EngineVolumetrics/Fogsheet/Mesh/MI_Fogsheet_HideClose.uasset' is outside repository
[2015.12.19-03.37.44:679][665]SourceControl: Info fatal: 'C:/Program Files/Epic Games/4.10/Engine/Content/EngineVolumetrics/LightBeam/Materials/M_EV_Lightbeam_Master_01.uasset' is outside repository
[2015.12.19-03.37.44:679][665]SourceControl: Info fatal: 'C:/Program Files/Epic Games/4.10/Engine/Content/EngineVolumetrics/LightBeam/Mesh/S_EV_SimpleLightBeam_01.uasset' is outside repository
[2015.12.19-03.37.44:679][665]SourceControl: Info fatal: 'C:/Program Files/Epic Games/4.10/Engine/Content/Engine_MI_Shaders/MI_Shader_BaseTileEx.uasset' is outside repository
[2015.12.19-03.37.44:679][665]SourceControl: Info fatal: 'C:/Program Files/Epic Games/4.10/Engine/Content/Engine_MI_Shaders/Instances/M_ES_Phong_Opaque_INST_01.uasset' is outside repository
[2015.12.19-03.37.44:679][665]SourceControl: Info fatal: 'C:/Program Files/Epic Games/4.10/Engine/Content/Engine_MI_Shaders/Textures/Bokeh.uasset' is outside repository
[2015.12.19-03.37.44:679][665]SourceControl: Info fatal: 'C:/Program Files/Epic Games/4.10/Engine/Content/FunctionalTesting/Blueprints/AITesting_MoveGoal.uasset' is outside repository
[2015.12.19-03.37.44:679][665]SourceControl: Info fatal: 'C:/Program Files/Epic Games/4.10/Engine/Content/Functions/DistanceFields/Combiners/DistanceField_Intersection.uasset' is outside repository
[2015.12.19-03.37.44:679][665]SourceControl: Info fatal: 'C:/Program Files/Epic Games/4.10/Engine/Content/Functions/DistanceFields/Shapes/DistanceField_Capsule.uasset' is outside repository
[2015.12.19-03.37.44:679][665]SourceControl: Info fatal: 'C:/Program Files/Epic Games/4.10/Engine/Content/Functions/Engine_MaterialFunctions01/AlphaBlend/World_Aligned_Blend.uasset' is outside repository
[2015.12.19-03.37.44:679][665]SourceControl: Info fatal: 'C:/Program Files/Epic Games/4.10/Engine/Content/Functions/Engine_MaterialFunctions01/Coordinates/DrawLine-2D.uasset' is outside repository
[2015.12.19-03.37.44:679][665]SourceControl: Info fatal: 'C:/Program Files/Epic Games/4.10/Engine/Content/Functions/Engine_MaterialFunctions01/Debug/FunctionGraphSetup.uasset' is outside repository
[2015.12.19-03.37.44:680][665]SourceControl: Info fatal: 'C:/Program Files/Epic Games/4.10/Engine/Content/Functions/Engine_MaterialFunctions01/Density/ExponentialDensity.uasset' is outside repository
[2015.12.19-03.37.44:680][665]SourceControl: Info fatal: 'C:/Program Files/Epic Games/4.10/Engine/Content/Functions/Engine_MaterialFunctions01/Gradient/BellCurve.uasset' is outside repository
[2015.12.19-03.37.44:680][665]SourceControl: Info fatal: 'C:/Program Files/Epic Games/4.10/Engine/Content/Functions/Engine_MaterialFunctions01/ImageAdjustment/3ColorBlend.uasset' is outside repository
[2015.12.19-03.37.44:680][665]SourceControl: Info fatal: 'C:/Program Files/Epic Games/4.10/Engine/Content/Functions/Engine_MaterialFunctions01/Lighting/PixelDepthOffset_Foliage.uasset' is outside repository
[2015.12.19-03.37.44:680][665]SourceControl: Info fatal: 'C:/Program Files/Epic Games/4.10/Engine/Content/Functions/Engine_MaterialFunctions01/Opacity/AlphaOffset.uasset' is outside repository
[2015.12.19-03.37.44:680][665]SourceControl: Info fatal: 'C:/Program Files/Epic Games/4.10/Engine/Content/Functions/Engine_MaterialFunctions01/Reflections/ReflectionVectorSoft.uasset' is outside repository
[2015.12.19-03.37.44:680][665]SourceControl: Info fatal: 'C:/Program Files/Epic Games/4.10/Engine/Content/Functions/Engine_MaterialFunctions01/Shading/CalcLightsourceAngle.uasset' is outside repository
[2015.12.19-03.37.44:680][665]SourceControl: Info fatal: 'C:/Program Files/Epic Games/4.10/Engine/Content/Functions/Engine_MaterialFunctions01/SpeedTree/SpeedTreeColorVariation.uasset' is outside repository
[2015.12.19-03.37.44:680][665]SourceControl: Info fatal: 'C:/Program Files/Epic Games/4.10/Engine/Content/Functions/Engine_MaterialFunctions01/Texturing/BakedDisplacement.uasset' is outside repository
[2015.12.19-03.37.44:680][665]SourceControl: Info fatal: 'C:/Program Files/Epic Games/4.10/Engine/Content/Functions/Engine_MaterialFunctions01/Vectors/MF_RotateVector_90.uasset' is outside repository
[2015.12.19-03.37.44:680][665]SourceControl: Info fatal: 'C:/Program Files/Epic Games/4.10/Engine/Content/Functions/Engine_MaterialFunctions01/WorldPositionOffset/ConstantScalebyDistance.uasset' is outside repository
[2015.12.19-03.37.44:680][665]SourceControl: Info fatal: 'C:/Program Files/Epic Games/4.10/Engine/Content/Functions/Engine_MaterialFunctions02/3PointLevels.uasset' is outside repository
[2015.12.19-03.37.44:680][665]SourceControl: Info fatal: 'C:/Program Files/Epic Games/4.10/Engine/Content/Functions/Engine_MaterialFunctions02/ExampleContent/3dParticleOpacityInstance.uasset' is outside repository
[2015.12.19-03.37.44:680][665]SourceControl: Info fatal: 'C:/Program Files/Epic Games/4.10/Engine/Content/Functions/Engine_MaterialFunctions02/ExampleContent/MacroUVs/MacroUVs.uasset' is outside repository
[2015.12.19-03.37.44:680][665]SourceControl: Info fatal: 'C:/Program Files/Epic Games/4.10/Engine/Content/Functions/Engine_MaterialFunctions02/ExampleContent/TextureBasedWPO/DemoBox.uasset' is outside repository
[2015.12.19-03.37.44:680][665]SourceControl: Info fatal: 'C:/Program Files/Epic Games/4.10/Engine/Content/Functions/Engine_MaterialFunctions02/ExampleContent/Textures/DebugNumberPeriod.uasset' is outside repository
[2015.12.19-03.37.44:680][665]SourceControl: Info fatal: 'C:/Program Files/Epic Games/4.10/Engine/Content/Functions/Engine_MaterialFunctions02/Gradients/GradientMap_Multi.uasset' is outside repository
[2015.12.19-03.37.44:680][665]SourceControl: Info fatal: 'C:/Program Files/Epic Games/4.10/Engine/Content/Functions/Engine_MaterialFunctions02/Math/AddComponents.uasset' is outside repository
[2015.12.19-03.37.44:680][665]SourceControl: Info fatal: 'C:/Program Files/Epic Games/4.10/Engine/Content/Functions/Engine_MaterialFunctions02/MAXScripts/MeshSequenceFlipbook_Script.uasset' is outside repository
[2015.12.19-03.37.44:680][665]SourceControl: Info fatal: 'C:/Program Files/Epic Games/4.10/Engine/Content/Functions/Engine_MaterialFunctions02/Normals/RotateNormalWhileMasking.uasset' is outside repository
[2015.12.19-03.37.44:680][665]SourceControl: Info fatal: 'C:/Program Files/Epic Games/4.10/Engine/Content/Functions/Engine_MaterialFunctions02/NotInUse/WorldAlignedNormals_HighQuality_optimizationAttempt.uasset' is outside repository
[2015.12.19-03.37.44:680][665]SourceControl: Info fatal: 'C:/Program Files/Epic Games/4.10/Engine/Content/Functions/Engine_MaterialFunctions02/PivotPainter/PivotPainter_HierarchyData.uasset' is outside repository
[2015.12.19-03.37.44:680][665]SourceControl: Info fatal: 'C:/Program Files/Epic Games/4.10/Engine/Content/Functions/Engine_MaterialFunctions02/Texturing/3dParticleOpacity.uasset' is outside repository
[2015.12.19-03.37.44:680][665]SourceControl: Info fatal: 'C:/Program Files/Epic Games/4.10/Engine/Content/Functions/Engine_MaterialFunctions02/Utility/Append4.uasset' is outside repository
[2015.12.19-03.37.44:680][665]SourceControl: Info fatal: 'C:/Program Files/Epic Games/4.10/Engine/Content/Functions/Engine_MaterialFunctions02/UVs/BoundingBoxBased_0-1_UVW.uasset' is outside repository
[2015.12.19-03.37.44:680][665]SourceControl: Info fatal: 'C:/Program Files/Epic Games/4.10/Engine/Content/Functions/Engine_MaterialFunctions02/WorldPositionOffset/AdjustNormalsToCompensateForRotateAboutAxisOffset.uasset' is outside repository
[2015.12.19-03.37.44:680][665]SourceControl: Info fatal: 'C:/Program Files/Epic Games/4.10/Engine/Content/Functions/Engine_MaterialFunctions03/Blends/Blend_ColorBurn.uasset' is outside repository
[2015.12.19-03.37.44:680][665]SourceControl: Info fatal: 'C:/Program Files/Epic Games/4.10/Engine/Content/Functions/Engine_MaterialFunctions03/ComplexMotion/Motion_4WayChaos.uasset' is outside repository
[2015.12.19-03.37.44:680][665]SourceControl: Info fatal: 'C:/Program Files/Epic Games/4.10/Engine/Content/Functions/Engine_MaterialFunctions03/Particles/Distance_Blend.uasset' is outside repository
[2015.12.19-03.37.44:680][665]SourceControl: Info fatal: 'C:/Program Files/Epic Games/4.10/Engine/Content/Functions/Engine_MaterialFunctions03/Procedurals/ComputeFilterWidth.uasset' is outside repository
[2015.12.19-03.37.44:680][665]SourceControl: Info fatal: 'C:/Program Files/Epic Games/4.10/Engine/Content/Functions/Engine_MaterialFunctions03/Texturing/CameraWorldBlend.uasset' is outside repository
[2015.12.19-03.37.44:680][665]SourceControl: Info fatal: 'C:/Program Files/Epic Games/4.10/Engine/Content/Functions/GetPostProcessFunctions/GetAmbientCubemapIntensity.uasset' is outside repository
[2015.12.19-03.37.44:680][665]SourceControl: Info fatal: 'C:/Program Files/Epic Games/4.10/Engine/Content/Functions/MaterialLayerFunctions/MatLayerBlend_AddWorldPositionOffset.uasset' is outside repository
[2015.12.19-03.37.44:680][665]SourceControl: Info fatal: 'C:/Program Files/Epic Games/4.10/Engine/Content/Maps/Entry.umap' is outside repository
[2015.12.19-03.37.44:680][665]SourceControl: Info fatal: 'C:/Program Files/Epic Games/4.10/Engine/Content/Maps/Templates/Template_Default.umap' is outside repository
[2015.12.19-03.37.44:680][665]SourceControl: Info fatal: 'C:/Program Files/Epic Games/4.10/Engine/Content/Maps/Templates/Thumbnails/Default.uasset' is outside repository
[2015.12.19-03.37.44:680][665]SourceControl: Info fatal: 'C:/Program Files/Epic Games/4.10/Engine/Content/MapTemplates/Bokeh_5Sides.uasset' is outside repository
[2015.12.19-03.37.44:680][665]SourceControl: Info fatal: 'C:/Program Files/Epic Games/4.10/Engine/Content/MapTemplates/lut/LUT_Afternoon.uasset' is outside repository
[2015.12.19-03.37.44:680][665]SourceControl: Info fatal: 'C:/Program Files/Epic Games/4.10/Engine/Content/MapTemplates/Materials/BasicAsset01.uasset' is outside repository
[2015.12.19-03.37.44:680][665]SourceControl: Info fatal: 'C:/Program Files/Epic Games/4.10/Engine/Content/MapTemplates/Sky/DaylightAmbientCubemap.uasset' is outside repository
[2015.12.19-03.37.44:680][665]SourceControl: Info fatal: 'C:/Program Files/Epic Games/4.10/Engine/Content/MaterialTemplates/Gradients/Gradient_Linear.uasset' is outside repository
[2015.12.19-03.37.44:680][665]SourceControl: Info fatal: 'C:/Program Files/Epic Games/4.10/Engine/Content/MaterialTemplates/PerfTricks/MultiChannelMask.uasset' is outside repository
[2015.12.19-03.37.44:680][665]SourceControl: Info fatal: 'C:/Program Files/Epic Games/4.10/Engine/Content/MaterialTemplates/Textures/T_multiMask.uasset' is outside repository
[2015.12.19-03.37.44:680][665]SourceControl: Info fatal: 'C:/Program Files/Epic Games/4.10/Engine/Content/MaterialTemplates/VertexAnimation/AdvancedFlag.uasset' is outside repository
[2015.12.19-03.37.44:680][665]SourceControl: Info fatal: 'C:/Program Files/Epic Games/4.10/Engine/Content/MobileResources/T_MobileControls_texture.uasset' is outside repository
[2015.12.19-03.37.44:680][665]SourceControl: Info fatal: 'C:/Program Files/Epic Games/4.10/Engine/Content/MobileResources/HUD/AnalogHat.uasset' is outside repository
[2015.12.19-03.37.44:681][665]SourceControl: Info fatal: 'C:/Program Files/Epic Games/4.10/Engine/Content/TemplateResources/MI_Template_BaseBlue.uasset' is outside repository
[2015.12.19-03.37.44:681][665]SourceControl: Info fatal: 'C:/Program Files/Epic Games/4.10/Engine/Content/Tutorial/ContentIntroCurve.uasset' is outside repository
[2015.12.19-03.37.44:681][665]SourceControl: Info fatal: 'C:/Program Files/Epic Games/4.10/Engine/Content/Tutorial/Audio/Audience.uasset' is outside repository
[2015.12.19-03.37.44:681][665]SourceControl: Info fatal: 'C:/Program Files/Epic Games/4.10/Engine/Content/Tutorial/Basics/ContentBrowserOverview.uasset' is outside repository
[2015.12.19-03.37.44:681][665]SourceControl: Info fatal: 'C:/Program Files/Epic Games/4.10/Engine/Content/Tutorial/Basics/TutorialAssets/CameraActor_64x.uasset' is outside repository
[2015.12.19-03.37.44:681][665]SourceControl: Info fatal: 'C:/Program Files/Epic Games/4.10/Engine/Content/Tutorial/BlueprintTutorials/BlueprintEditorTutorial.uasset' is outside repository
[2015.12.19-03.37.44:681][665]SourceControl: Info fatal: 'C:/Program Files/Epic Games/4.10/Engine/Content/Tutorial/BlueprintTutorials/TutorialAssets/BlueprintFunctionLibrary_64x.uasset' is outside repository
[2015.12.19-03.37.44:681][665]SourceControl: Info fatal: 'C:/Program Files/Epic Games/4.10/Engine/Content/Tutorial/Code/AddingCode.uasset' is outside repository
[2015.12.19-03.37.44:681][665]SourceControl: Info fatal: 'C:/Program Files/Epic Games/4.10/Engine/Content/Tutorial/Foliage/FoliageWalkThrough.uasset' is outside repository
[2015.12.19-03.37.44:681][665]SourceControl: Info fatal: 'C:/Program Files/Epic Games/4.10/Engine/Content/Tutorial/Foliage/TutorialAssets/Foliage.uasset' is outside repository
[2015.12.19-03.37.44:681][665]SourceControl: Info fatal: 'C:/Program Files/Epic Games/4.10/Engine/Content/Tutorial/Installation/InstallingVisualStudioTutorial.uasset' is outside repository
[2015.12.19-03.37.44:681][665]SourceControl: Info fatal: 'C:/Program Files/Epic Games/4.10/Engine/Content/Tutorial/InWorldBlueprintEditing/IWBE_Tutorial.uasset' is outside repository
[2015.12.19-03.37.44:681][665]SourceControl: Info fatal: 'C:/Program Files/Epic Games/4.10/Engine/Content/Tutorial/InWorldBlueprintEditing/TutorialAssets/IWBE_Blutility.uasset' is outside repository
[2015.12.19-03.37.44:681][665]SourceControl: Info fatal: 'C:/Program Files/Epic Games/4.10/Engine/Content/Tutorial/Landscape/LandscapeWalkThrough.uasset' is outside repository
[2015.12.19-03.37.44:681][665]SourceControl: Info fatal: 'C:/Program Files/Epic Games/4.10/Engine/Content/Tutorial/Landscape/TutorialAssets/Landscape.uasset' is outside repository
[2015.12.19-03.37.44:681][665]SourceControl: Info fatal: 'C:/Program Files/Epic Games/4.10/Engine/Content/Tutorial/Mobile/CreatingSigningCertAndProvisionTutorial.uasset' is outside repository
[2015.12.19-03.37.44:681][665]SourceControl: Info fatal: 'C:/Program Files/Epic Games/4.10/Engine/Content/Tutorial/Mobile/TutorialAssets/android_Icon.uasset' is outside repository
[2015.12.19-03.37.44:681][665]SourceControl: Info fatal: 'C:/Program Files/Epic Games/4.10/Engine/Content/Tutorial/Paper2D/FlipbookEditorTutorial.uasset' is outside repository
[2015.12.19-03.37.44:681][665]SourceControl: Info fatal: 'C:/Program Files/Epic Games/4.10/Engine/Content/Tutorial/Paper2D/TutorialAssets/Paper2DFlipbook_TutorialIcon.uasset' is outside repository
[2015.12.19-03.37.44:681][665]SourceControl: Info fatal: 'C:/Program Files/Epic Games/4.10/Engine/Content/Tutorial/SubEditors/DestructibleMeshEditorTutorial.uasset' is outside repository
[2015.12.19-03.37.44:681][665]SourceControl: Info fatal: 'C:/Program Files/Epic Games/4.10/Engine/Content/Tutorial/SubEditors/TutorialAssets/icon_Editor_Preferences_General_40x.uasset' is outside repository
[2015.12.19-03.37.44:681][665]SourceControl: Info fatal: 'C:/Program Files/Epic Games/4.10/Engine/Content/Tutorial/SubEditors/TutorialAssets/Character/NewBlendSpace1D.uasset' is outside repository
[2015.12.19-03.37.44:681][665]SourceControl: Info fatal: 'C:/Program Files/Epic Games/4.10/Engine/Plugins/2D/Paper2D/Content/DefaultLitSpriteMaterial.uasset' is outside repository
[2015.12.19-03.37.44:681][665]SourceControl: Info fatal: 'C:/Program Files/Epic Games/4.10/Engine/Plugins/2D/Paper2D/Content/PlaceholderTextures/DummySpriteTexture.uasset' is outside repository
[2015.12.19-03.37.44:681][665]SourceControl: Info fatal: 'C:/Program Files/Epic Games/4.10/Engine/Plugins/Runtime/LeapMotionController/Content/LM_CapsuleMesh.uasset' is outside repository
[2015.12.19-03.37.44:681][665]SourceControl: Info fatal: 'C:/Program Files/Epic Games/4.10/Engine/Content/' is outside repository
[2015.12.19-03.38.04:139][665]LogSourceControl: FGitCheckInWorker: commit successful
[2015.12.19-03.38.04:279][665]SourceControl: Info [master c3feb50] Checkin - Nothing done
[2015.12.19-03.38.04:279][665]SourceControl: Info  4 files changed, 0 insertions(+), 0 deletions(-)
[2015.12.19-03.38.04:279][665]SourceControl: Info  rewrite Content/TopDownBP/Blueprints/BuildingMaster_BP.uasset (77%)
[2015.12.19-03.38.04:279][665]SourceControl: Info  rewrite Content/TopDownBP/Blueprints/Buildings/Commercial/ConstructionOffice_BP.uasset (81%)
[2015.12.19-03.38.04:279][665]SourceControl: Info  rewrite Content/TopDownBP/Blueprints/Construction/ConstructionManager_BP.uasset (70%)
[2015.12.19-03.38.04:282][665]SourceControl: Info Commited [master c3feb50] Checkin - Nothing done.
[2015.12.19-03.38.10:216][826]LogActorComponent: UnregisterComponent: (/Engine/Transient.CharMoveComp) Not registered. Aborting.
[2015.12.19-03.38.10:952][826]LogActorComponent: UnregisterComponent: (/Engine/Transient.EditorFloorComp) Not registered. Aborting.
[2015.12.19-03.38.10:997][826]LogActorComponent: UnregisterComponent: (/Engine/Transient.EditorFloorComp) Not registered. Aborting.
[2015.12.19-03.38.11:061][826]LogActorComponent: UnregisterComponent: (/Engine/Transient.EditorFloorComp) Not registered. Aborting.
[2015.12.19-03.38.11:107][826]LogActorComponent: UnregisterComponent: (/Engine/Transient.EditorFloorComp) Not registered. Aborting.
[2015.12.19-03.38.11:568][827]Cmd: QUIT_EDITOR
[2015.12.19-03.38.12:149][827]LogExit: Preparing to exit.
[2015.12.19-03.38.13:215][827]LogExit: Editor shut down
[2015.12.19-03.38.13:216][827]LogExit: Transaction tracking system shut down
[2015.12.19-03.38.13:266][827]LogParticles: Destroying 0 GPU particle simulations for FXSystem 0x0000000033852700
[2015.12.19-03.38.13:269][827]LogParticles: Destroying 0 GPU particle simulations for FXSystem 0x0000000037DAA660
[2015.12.19-03.38.13:269][827]LogParticles: Destroying 0 GPU particle simulations for FXSystem 0x000000003996BF60
[2015.12.19-03.38.13:269][827]LogParticles: Destroying 0 GPU particle simulations for FXSystem 0x000000001F604680
[2015.12.19-03.38.13:271][827]LogParticles: Destroying 0 GPU particle simulations for FXSystem 0x00000000405A7920
[2015.12.19-03.38.13:271][827]LogParticles: Destroying 0 GPU particle simulations for FXSystem 0x0000000043FADB20
[2015.12.19-03.38.13:272][827]LogParticles: Destroying 0 GPU particle simulations for FXSystem 0x0000000045CAC540
[2015.12.19-03.38.13:272][827]LogParticles: Destroying 0 GPU particle simulations for FXSystem 0x00000000471D07C0
[2015.12.19-03.38.13:272][827]LogParticles: Destroying 0 GPU particle simulations for FXSystem 0x0000000048DC3E20
[2015.12.19-03.38.13:274][827]LogParticles: Destroying 0 GPU particle simulations for FXSystem 0x0000000037E2BD80
[2015.12.19-03.38.14:684][827]LogExit: Object subsystem successfully closed.
[2015.12.19-03.38.14:976][827]LogD3D11RHI: Shutdown
[2015.12.19-03.38.14:983][827]LogD3D11RHI: CleanupD3DDevice
[2015.12.19-03.38.15:207][827]LogD3D11RHI: ~FD3D11DynamicRHI
[2015.12.19-03.38.15:899][827]LogModuleManager: Shutting down and abandoning module CookingStats (203)
[2015.12.19-03.38.15:899][827]LogModuleManager: Shutting down and abandoning module BlueprintGraph (202)
[2015.12.19-03.38.15:899][827]LogModuleManager: Shutting down and abandoning module CrashTracker (201)
[2015.12.19-03.38.15:899][827]LogModuleManager: Shutting down and abandoning module SceneOutliner (200)
[2015.12.19-03.38.15:899][827]LogModuleManager: Shutting down and abandoning module SuperSearch (199)
[2015.12.19-03.38.15:914][827]LogModuleManager: Shutting down and abandoning module WidgetCarousel (198)
[2015.12.19-03.38.15:931][827]LogModuleManager: Shutting down and abandoning module AddContentDialog (197)
[2015.12.19-03.38.15:933][827]LogModuleManager: Shutting down and abandoning module EditorWidgets (196)
[2015.12.19-03.38.15:933][827]LogModuleManager: Shutting down and abandoning module CollectionManager (195)
[2015.12.19-03.38.15:958][827]LogModuleManager: Shutting down and abandoning module StatsViewer (194)
[2015.12.19-03.38.15:973][827]LogModuleManager: Shutting down and abandoning module FoliageEdit (193)
[2015.12.19-03.38.15:975][827]LogModuleManager: Shutting down and abandoning module LandscapeEditor (192)
[2015.12.19-03.38.15:993][827]LogModuleManager: Shutting down and abandoning module ActorPickerMode (191)
[2015.12.19-03.38.15:993][827]LogModuleManager: Shutting down and abandoning module GeometryMode (190)
[2015.12.19-03.38.15:993][827]LogModuleManager: Shutting down and abandoning module TextureAlignMode (189)
[2015.12.19-03.38.15:993][827]LogModuleManager: Shutting down and abandoning module BspMode (188)
[2015.12.19-03.38.15:993][827]LogModuleManager: Shutting down and abandoning module PlacementMode (187)
[2015.12.19-03.38.15:993][827]LogModuleManager: Shutting down and abandoning module AutomationWorker (186)
[2015.12.19-03.38.15:993][827]LogModuleManager: Shutting down and abandoning module CharacterAI (185)
[2015.12.19-03.38.15:993][827]LogModuleManager: Shutting down and abandoning module SmartSnapping (184)
[2015.12.19-03.38.15:993][827]LogModuleManager: Shutting down and abandoning module ViewportSnapping (183)
[2015.12.19-03.38.15:993][827]LogModuleManager: Shutting down and abandoning module LogVisualizer (182)
[2015.12.19-03.38.16:019][827]LogModuleManager: Shutting down and abandoning module GameProjectGeneration (181)
[2015.12.19-03.38.16:030][827]LogModuleManager: Shutting down and abandoning module IntroTutorials (180)
[2015.12.19-03.38.16:068][827]LogModuleManager: Shutting down and abandoning module EditorLiveStreaming (179)
[2015.12.19-03.38.16:068][827]LogModuleManager: Shutting down and abandoning module IOSPlatformEditor (178)
[2015.12.19-03.38.16:082][827]LogModuleManager: Shutting down and abandoning module HTML5PlatformEditor (177)
[2015.12.19-03.38.16:082][827]LogModuleManager: Shutting down and abandoning module AndroidDeviceDetection (176)
[2015.12.19-03.38.17:083][827]LogModuleManager: Shutting down and abandoning module AndroidPlatformEditor (175)
[2015.12.19-03.38.17:083][827]LogModuleManager: Shutting down and abandoning module IOSRuntimeSettings (174)
[2015.12.19-03.38.17:083][827]LogModuleManager: Shutting down and abandoning module AndroidRuntimeSettings (173)
[2015.12.19-03.38.17:083][827]LogModuleManager: Shutting down and abandoning module MergeActors (172)
[2015.12.19-03.38.17:121][827]LogModuleManager: Shutting down and abandoning module SizeMap (171)
[2015.12.19-03.38.17:121][827]LogModuleManager: Shutting down and abandoning module TreeMap (170)
[2015.12.19-03.38.17:169][827]LogModuleManager: Shutting down and abandoning module ReferenceViewer (169)
[2015.12.19-03.38.17:187][827]LogModuleManager: Shutting down and abandoning module LocalizationService (168)
[2015.12.19-03.38.17:215][827]LogModuleManager: Shutting down and abandoning module LocalizationDashboard (167)
[2015.12.19-03.38.17:267][827]LogModuleManager: Shutting down and abandoning module HardwareTargeting (166)
[2015.12.19-03.38.17:286][827]LogModuleManager: Shutting down and abandoning module DeviceProfileEditor (165)
[2015.12.19-03.38.17:337][827]LogModuleManager: Shutting down and abandoning module UndoHistory (164)
[2015.12.19-03.38.17:362][827]LogModuleManager: Shutting down and abandoning module GameplayTagsEditor (163)
[2015.12.19-03.38.17:384][827]LogModuleManager: Shutting down and abandoning module UserFeedback (162)
[2015.12.19-03.38.17:384][827]LogModuleManager: Shutting down and abandoning module XmlParser (161)
[2015.12.19-03.38.17:412][827]LogModuleManager: Shutting down and abandoning module Blutility (160)
[2015.12.19-03.38.17:412][827]LogModuleManager: Shutting down and abandoning module ProjectTargetPlatformEditor (159)
[2015.12.19-03.38.17:434][827]LogModuleManager: Shutting down and abandoning module ProjectSettingsViewer (158)
[2015.12.19-03.38.17:434][827]LogModuleManager: Shutting down and abandoning module InputBindingEditor (157)
[2015.12.19-03.38.17:544][827]LogModuleManager: Shutting down and abandoning module EditorSettingsViewer (156)
[2015.12.19-03.38.17:544][827]LogModuleManager: Shutting down and abandoning module SettingsEditor (155)
[2015.12.19-03.38.17:617][827]LogModuleManager: Shutting down and abandoning module ProjectLauncher (154)
[2015.12.19-03.38.17:667][827]LogModuleManager: Shutting down and abandoning module SessionFrontend (153)
[2015.12.19-03.38.17:717][827]LogModuleManager: Shutting down and abandoning module ProfilerClient (152)
[2015.12.19-03.38.17:777][827]LogModuleManager: Shutting down and abandoning module TargetDeviceServices (151)
[2015.12.19-03.38.17:777][827]LogModuleManager: Shutting down and abandoning module DeviceManager (150)
[2015.12.19-03.38.17:811][827]LogModuleManager: Shutting down and abandoning module AutomationController (149)
[2015.12.19-03.38.17:846][827]LogModuleManager: Shutting down and abandoning module AutomationWindow (148)
[2015.12.19-03.38.17:929][827]LogModuleManager: Shutting down and abandoning module Layers (147)
[2015.12.19-03.38.18:291][827]LogModuleManager: Shutting down and abandoning module ComponentVisualizers (146)
[2015.12.19-03.38.18:291][827]LogModuleManager: Shutting down and abandoning module DetailCustomizations (145)
[2015.12.19-03.38.18:291][827]LogModuleManager: Shutting down and abandoning module PackagesDialog (144)
[2015.12.19-03.38.18:291][827]LogModuleManager: Shutting down and abandoning module Persona (143)
[2015.12.19-03.38.18:558][827]LogModuleManager: Shutting down and abandoning module Kismet (142)
[2015.12.19-03.38.18:558][827]LogModuleManager: Shutting down and abandoning module GraphEditor (141)
[2015.12.19-03.38.18:558][827]LogModuleManager: Shutting down and abandoning module ClassViewer (140)
[2015.12.19-03.38.18:591][827]LogModuleManager: Shutting down and abandoning module Toolbox (139)
[2015.12.19-03.38.18:592][827]LogModuleManager: Shutting down and abandoning module ModuleUI (138)
[2015.12.19-03.38.18:661][827]LogModuleManager: Shutting down and abandoning module MovieSceneTools (137)
[2015.12.19-03.38.18:765][827]LogModuleManager: Shutting down and abandoning module OutputLog (136)
[2015.12.19-03.38.18:765][827]LogModuleManager: Shutting down and abandoning module GammaUI (135)
[2015.12.19-03.38.18:789][827]LogModuleManager: Shutting down and abandoning module Documentation (134)
[2015.12.19-03.38.18:789][827]LogModuleManager: Shutting down and abandoning module GameLiveStreaming (133)
[2015.12.19-03.38.18:842][827]LogModuleManager: Shutting down and abandoning module StreamingPauseRendering (132)
[2015.12.19-03.38.18:842][827]LogModuleManager: Shutting down and abandoning module AnalyticsET (131)
[2015.12.19-03.38.18:842][827]LogModuleManager: Shutting down and abandoning module Analytics (130)
[2015.12.19-03.38.18:842][827]LogModuleManager: Shutting down and abandoning module AITestSuite (129)
[2015.12.19-03.38.18:890][827]LogModuleManager: Shutting down and abandoning module GameplayDebugger (128)
[2015.12.19-03.38.18:927][827]LogModuleManager: Shutting down and abandoning module AIModule (127)
[2015.12.19-03.38.18:927][827]LogModuleManager: Shutting down and abandoning module ProfilerService (126)
[2015.12.19-03.38.18:985][827]LogModuleManager: Shutting down and abandoning module TaskGraph (125)
[2015.12.19-03.38.19:124][827]LogModuleManager: Shutting down and abandoning module SubstanceEditor (124)
[2015.12.19-03.38.19:150][827]LogModuleManager: Shutting down and abandoning module SlateRemote (123)
[2015.12.19-03.38.19:150][827]LogModuleManager: Shutting down and abandoning module SteamVRController (122)
[2015.12.19-03.38.19:150][827]LogModuleManager: Shutting down and abandoning module SteamVR (121)
[2015.12.19-03.38.19:150][827]LogModuleManager: Shutting down and abandoning module ProceduralMeshComponent (120)
[2015.12.19-03.38.19:150][827]LogModuleManager: Shutting down and abandoning module OculusLibrary (119)
[2015.12.19-03.38.19:150][827]LogModuleManager: Shutting down and abandoning module OculusInput (118)
[2015.12.19-03.38.19:150][827]LogModuleManager: Shutting down and abandoning module LeapMotionController (117)
[2015.12.19-03.38.19:346][827]LogModuleManager: Shutting down and abandoning module CustomMeshComponent (116)
[2015.12.19-03.38.19:346][827]LogModuleManager: Shutting down and abandoning module CableComponent (115)
[2015.12.19-03.38.19:385][827]LogModuleManager: Shutting down and abandoning module ArchVisCharacter (114)
[2015.12.19-03.38.19:385][827]LogModuleManager: Shutting down and abandoning module MessagingDebugger (113)
[2015.12.19-03.38.19:572][827]LogModuleManager: Shutting down and abandoning module MediaPlayerEditor (112)
[2015.12.19-03.38.19:683][827]LogModuleManager: Shutting down and abandoning module HTML5Networking (111)
[2015.12.19-03.38.19:683][827]LogModuleManager: Shutting down and abandoning module SpeedTreeImporter (110)
[2015.12.19-03.38.19:683][827]LogModuleManager: Shutting down and abandoning module PluginBrowser (109)
[2015.12.19-03.38.19:762][827]LogModuleManager: Shutting down and abandoning module EpicSurvey (108)
[2015.12.19-03.38.19:794][827]LogModuleManager: Shutting down and abandoning module DesktopPlatform (107)
[2015.12.19-03.38.19:853][827]LogModuleManager: Shutting down and abandoning module VisualStudioSourceCodeAccess (106)
[2015.12.19-03.38.19:878][827]LogModuleManager: Shutting down and abandoning module UObjectPlugin (105)
[2015.12.19-03.38.19:878][827]LogModuleManager: Shutting down and abandoning module SubversionSourceControl (104)
[2015.12.19-03.38.19:920][827]LogModuleManager: Shutting down and abandoning module PerforceSourceControl (103)
[2015.12.19-03.38.19:920][827]LogModuleManager: Shutting down and abandoning module SourceControl (102)
[2015.12.19-03.38.19:970][827]LogModuleManager: Shutting down and abandoning module GitSourceControl (101)
[2015.12.19-03.38.19:970][827]LogModuleManager: Shutting down and abandoning module LightPropagationVolumeEditor (100)
[2015.12.19-03.38.19:970][827]LogModuleManager: Shutting down and abandoning module PaperTiledImporter (99)
[2015.12.19-03.38.19:990][827]LogModuleManager: Shutting down and abandoning module PaperSpriteSheetImporter (98)
[2015.12.19-03.38.19:990][827]LogModuleManager: Shutting down and abandoning module MeshPaint (97)
[2015.12.19-03.38.19:990][827]LogModuleManager: Shutting down and abandoning module SlateReflector (96)
[2015.12.19-03.38.20:063][827]LogModuleManager: Shutting down and abandoning module HotReload (95)
[2015.12.19-03.38.20:111][827]LogModuleManager: Shutting down and abandoning module MainFrame (94)
[2015.12.19-03.38.20:111][827]LogModuleManager: Shutting down and abandoning module LevelEditor (93)
[2015.12.19-03.38.20:138][827]LogModuleManager: Shutting down and abandoning module ContentBrowser (92)
[2015.12.19-03.38.20:139][827]LogModuleManager: Shutting down and abandoning module Paper2DEditor (91)
[2015.12.19-03.38.20:228][827]LogModuleManager: Shutting down and abandoning module UdpMessaging (90)
[2015.12.19-03.38.20:328][827]LogModuleManager: Shutting down and abandoning module DirectoryWatcher (89)
[2015.12.19-03.38.20:328][827]LogModuleManager: Shutting down and abandoning module AssetRegistry (88)
[2015.12.19-03.38.20:439][827]LogModuleManager: Shutting down and abandoning module SubstanceCore (87)
[2015.12.19-03.38.20:623][827]LogModuleManager: Shutting down and abandoning module LightPropagationVolumeRuntime (86)
[2015.12.19-03.38.20:623][827]LogModuleManager: Shutting down and abandoning module Paper2D (85)
[2015.12.19-03.38.20:668][827]LogModuleManager: Shutting down and abandoning module WindowsMoviePlayer (84)
[2015.12.19-03.38.20:712][827]LogModuleManager: Shutting down and abandoning module Media (83)
[2015.12.19-03.38.20:712][827]LogModuleManager: Shutting down and abandoning module WmfMedia (82)
[2015.12.19-03.38.20:753][827]LogModuleManager: Shutting down and abandoning module OnlineBlueprintSupport (81)
[2015.12.19-03.38.20:753][827]LogModuleManager: Shutting down and abandoning module EnvironmentQueryEditor (80)
[2015.12.19-03.38.20:789][827]LogModuleManager: Shutting down and abandoning module GameplayTasksEditor (79)
[2015.12.19-03.38.20:789][827]LogModuleManager: Shutting down and abandoning module PropertyEditor (78)
[2015.12.19-03.38.20:789][827]LogModuleManager: Shutting down and abandoning module BehaviorTreeEditor (77)
[2015.12.19-03.38.20:789][827]LogModuleManager: Shutting down and abandoning module FunctionalTesting (76)
[2015.12.19-03.38.20:789][827]LogModuleManager: Shutting down and abandoning module CollisionAnalyzer (75)
[2015.12.19-03.38.20:809][827]LogModuleManager: Shutting down and abandoning module WorkspaceMenuStructure (74)
[2015.12.19-03.38.20:809][827]LogModuleManager: Shutting down and abandoning module MessageLog (73)
[2015.12.19-03.38.20:809][827]LogModuleManager: Shutting down and abandoning module Sequencer (72)
[2015.12.19-03.38.20:849][827]LogModuleManager: Shutting down and abandoning module AssetTools (71)
[2015.12.19-03.38.21:028][827]LogModuleManager: Shutting down and abandoning module UMGEditor (70)
[2015.12.19-03.38.21:058][827]LogModuleManager: Shutting down and abandoning module UMG (69)
[2015.12.19-03.38.21:058][827]LogModuleManager: Shutting down and abandoning module Slate (68)
[2015.12.19-03.38.21:058][827]LogModuleManager: Shutting down and abandoning module EditorStyle (67)
[2015.12.19-03.38.21:105][827]LogModuleManager: Shutting down and abandoning module SessionServices (66)
[2015.12.19-03.38.21:105][827]LogModuleManager: Shutting down and abandoning module SourceCodeAccess (65)
[2015.12.19-03.38.21:105][827]LogModuleManager: Shutting down and abandoning module HeadMountedDisplay (64)
[2015.12.19-03.38.21:105][827]LogModuleManager: Shutting down and abandoning module XAudio2 (63)
[2015.12.19-03.38.21:105][827]LogModuleManager: Shutting down and abandoning module Networking (61)
[2015.12.19-03.38.21:105][827]LogModuleManager: Shutting down and abandoning module Core (60)
[2015.12.19-03.38.21:105][827]LogModuleManager: Shutting down and abandoning module KismetCompiler (59)
[2015.12.19-03.38.21:105][827]LogModuleManager: Shutting down and abandoning module PhysXFormats (58)
[2015.12.19-03.38.21:119][827]LogModuleManager: Shutting down and abandoning module MeshUtilities (57)
[2015.12.19-03.38.21:199][827]LogModuleManager: Shutting down and abandoning module DerivedDataCache (56)
[2015.12.19-03.38.21:276][827]LogDerivedDataCache: Shutdown
[2015.12.19-03.38.21:276][827]LogModuleManager: Shutting down and abandoning module ShaderFormatOpenGL (55)
[2015.12.19-03.38.21:348][827]LogModuleManager: Shutting down and abandoning module ShaderFormatD3D (54)
[2015.12.19-03.38.21:378][827]LogModuleManager: Shutting down and abandoning module MetalShaderFormat (53)
[2015.12.19-03.38.21:437][827]LogModuleManager: Shutting down and abandoning module TextureFormatUncompressed (52)
[2015.12.19-03.38.21:437][827]LogModuleManager: Shutting down and abandoning module TextureFormatPVR (51)
[2015.12.19-03.38.21:467][827]LogModuleManager: Shutting down and abandoning module TextureFormatIntelISPCTexComp (50)
[2015.12.19-03.38.21:492][827]LogModuleManager: Shutting down and abandoning module TextureFormatDXT (49)
[2015.12.19-03.38.21:523][827]LogModuleManager: Shutting down and abandoning module ImageWrapper (48)
[2015.12.19-03.38.21:523][827]LogModuleManager: Shutting down and abandoning module TextureFormatASTC (47)
[2015.12.19-03.38.21:523][827]LogModuleManager: Shutting down and abandoning module TextureFormatAndroid (46)
[2015.12.19-03.38.21:523][827]LogModuleManager: Shutting down and abandoning module AudioFormatOpus (45)
[2015.12.19-03.38.21:528][827]LogModuleManager: Shutting down and abandoning module AudioFormatOgg (44)
[2015.12.19-03.38.21:538][827]LogModuleManager: Shutting down and abandoning module AudioFormatADPCM (43)
[2015.12.19-03.38.21:543][827]LogModuleManager: Shutting down and abandoning module LinuxTargetPlatform (42)
[2015.12.19-03.38.21:543][827]LogModuleManager: Shutting down and abandoning module LinuxServerTargetPlatform (41)
[2015.12.19-03.38.21:548][827]LogModuleManager: Shutting down and abandoning module LinuxNoEditorTargetPlatform (40)
[2015.12.19-03.38.21:553][827]LogModuleManager: Shutting down and abandoning module Messaging (39)
[2015.12.19-03.38.21:553][827]LogModuleManager: Shutting down and abandoning module IOSTargetPlatform (38)
[2015.12.19-03.38.21:553][827]LogModuleManager: Shutting down and abandoning module HTML5TargetPlatform (37)
[2015.12.19-03.38.21:553][827]LogModuleManager: Shutting down and abandoning module Android_PVRTCTargetPlatform (36)
[2015.12.19-03.38.21:553][827]LogModuleManager: Shutting down and abandoning module Android_MultiTargetPlatform (35)
[2015.12.19-03.38.21:553][827]LogModuleManager: Shutting down and abandoning module Android_ETC2TargetPlatform (34)
[2015.12.19-03.38.21:553][827]LogModuleManager: Shutting down and abandoning module Android_ETC1TargetPlatform (33)
[2015.12.19-03.38.21:553][827]LogModuleManager: Shutting down and abandoning module Android_DXTTargetPlatform (32)
[2015.12.19-03.38.21:553][827]LogModuleManager: Shutting down and abandoning module Android_ATCTargetPlatform (31)
[2015.12.19-03.38.21:553][827]LogModuleManager: Shutting down and abandoning module Android_ASTCTargetPlatform (30)
[2015.12.19-03.38.21:553][827]LogModuleManager: Shutting down and abandoning module AndroidTargetPlatform (29)
[2015.12.19-03.38.21:553][827]LogModuleManager: Shutting down and abandoning module WindowsTargetPlatform (28)
[2015.12.19-03.38.21:553][827]LogModuleManager: Shutting down and abandoning module WindowsServerTargetPlatform (27)
[2015.12.19-03.38.21:561][827]LogModuleManager: Shutting down and abandoning module WindowsNoEditorTargetPlatform (26)
[2015.12.19-03.38.21:570][827]LogModuleManager: Shutting down and abandoning module WindowsClientTargetPlatform (25)
[2015.12.19-03.38.21:574][827]LogModuleManager: Shutting down and abandoning module AllDesktopTargetPlatform (24)
[2015.12.19-03.38.21:574][827]LogModuleManager: Shutting down and abandoning module TargetPlatform (23)
[2015.12.19-03.38.21:574][827]LogModuleManager: Shutting down and abandoning module InputCore (22)
[2015.12.19-03.38.21:574][827]LogModuleManager: Shutting down and abandoning module Settings (21)
[2015.12.19-03.38.21:574][827]LogModuleManager: Shutting down and abandoning module OnlineSubsystem (19)
[2015.12.19-03.38.21:574][827]LogModuleManager: Shutting down and abandoning module HTTP (18)
[2015.12.19-03.38.23:574][827]LogModuleManager: Shutting down and abandoning module XMPP (17)
[2015.12.19-03.38.23:672][827]LogModuleManager: Shutting down and abandoning module OculusRift (16)
[2015.12.19-03.38.23:809][827]LogModuleManager: Shutting down and abandoning module ExampleDeviceProfileSelector (15)
[2015.12.19-03.38.23:809][827]LogModuleManager: Shutting down and abandoning module TextureCompressor (14)
[2015.12.19-03.38.23:877][827]LogModuleManager: Shutting down and abandoning module ShaderCore (13)
[2015.12.19-03.38.23:877][827]LogModuleManager: Shutting down and abandoning module Landscape (12)
[2015.12.19-03.38.23:877][827]LogModuleManager: Shutting down and abandoning module SlateRHIRenderer (11)
[2015.12.19-03.38.23:919][827]LogModuleManager: Shutting down and abandoning module OpenGLDrv (10)
[2015.12.19-03.38.23:976][827]LogModuleManager: Shutting down and abandoning module D3D11RHI (9)
[2015.12.19-03.38.23:977][827]LogModuleManager: Shutting down and abandoning module AnimGraphRuntime (8)
[2015.12.19-03.38.23:977][827]LogModuleManager: Shutting down and abandoning module Renderer (7)
[2015.12.19-03.38.23:977][827]LogModuleManager: Shutting down and abandoning module Engine (6)
[2015.12.19-03.38.23:977][827]LogModuleManager: Shutting down and abandoning module CoreUObject (5)
[2015.12.19-03.38.23:977][827]LogModuleManager: Shutting down and abandoning module NetworkFile (4)
[2015.12.19-03.38.23:994][827]LogModuleManager: Shutting down and abandoning module StreamingFile (3)
[2015.12.19-03.38.24:018][827]LogModuleManager: Shutting down and abandoning module SandboxFile (2)
[2015.12.19-03.38.24:042][827]LogModuleManager: Shutting down and abandoning module PakFile (1)
[2015.12.19-03.38.24:171][827]LogExit: Exiting.
[2015.12.19-03.38.24:246][827]Log file closed, 12/18/15 19:38:24
