[2015.10.06-03.22.38:309][  0]Log file open, 10/05/15 20:22:38
[2015.10.06-03.22.38:309][  0]LogInit:Display: Running engine for game: MyRTS_TropicoStyle
[2015.10.06-03.22.38:309][  0]LogInit:Display: RandInit(1960390650) SRandInit(1960390651).
[2015.10.06-03.22.38:309][  0]LogTaskGraph: Started task graph with 4 named threads and 7 total threads.
[2015.10.06-03.22.38:309][  0]LogStats: Stats thread started at 1.381614
[2015.10.06-03.22.38:309][  0]LogInit: Version: 4.9.2-2707645+++depot+UE4-Releases+4.9
[2015.10.06-03.22.38:309][  0]LogInit: API Version: 2672455
[2015.10.06-03.22.38:309][  0]LogInit: Compiled (64-bit): Sep 28 2015 10:25:44
[2015.10.06-03.22.38:309][  0]LogInit: Compiled with Visual C++: 18.00.21005.01
[2015.10.06-03.22.38:309][  0]LogInit: Build Configuration: Development
[2015.10.06-03.22.38:309][  0]LogInit: Branch Name: ++depot+UE4-Releases+4.9
[2015.10.06-03.22.38:309][  0]LogInit: Command line:  
[2015.10.06-03.22.38:309][  0]LogInit: Base directory: C:/Program Files/Epic Games/4.9/Engine/Binaries/Win64/
[2015.10.06-03.22.38:309][  0]LogInit: Rocket: 1
[2015.10.06-03.22.38:362][  0]LogInit: Using libcurl 7.41.0
[2015.10.06-03.22.38:362][  0]LogInit:  - built for x86_64-pc-win32
[2015.10.06-03.22.38:362][  0]LogInit:  - supports SSL with WinSSL
[2015.10.06-03.22.38:362][  0]LogInit:  - other features:
[2015.10.06-03.22.38:367][  0]LogInit:      CURL_VERSION_SSL
[2015.10.06-03.22.38:367][  0]LogInit:      CURL_VERSION_IPV6
[2015.10.06-03.22.38:367][  0]LogInit:      CURL_VERSION_ASYNCHDNS
[2015.10.06-03.22.38:367][  0]LogInit:      CURL_VERSION_LARGEFILE
[2015.10.06-03.22.38:367][  0]LogInit:      CURL_VERSION_IDN
[2015.10.06-03.22.38:367][  0]LogInit:  CurlRequestOptions (configurable via config and command line):
[2015.10.06-03.22.38:367][  0]LogInit:  - bVerifyPeer = true  - Libcurl will verify peer certificate
[2015.10.06-03.22.38:367][  0]LogInit:  - bUseHttpProxy = false  - Libcurl will NOT use HTTP proxy
[2015.10.06-03.22.38:367][  0]LogInit:  - bDontReuseConnections = false  - Libcurl will reuse connections
[2015.10.06-03.22.38:367][  0]LogInit:  - CertBundlePath = nullptr  - Libcurl will use whatever was configured at build time.
[2015.10.06-03.22.38:482][  0]LogInit: Presizing for 0 objects not considered by GC, pre-allocating 0 bytes.
[2015.10.06-03.22.38:526][  0]LogInit: Object subsystem initialized
[2015.10.06-03.22.38:579][  0]LogInit: Selected Device Profile: [Windows]
[2015.10.06-03.22.38:579][  0]LogInit: Applying CVar settings loaded from the selected device profile: [Windows]
[2015.10.06-03.22.38:689][  0]LogInit: Computer: JTSMITHFS111
[2015.10.06-03.22.38:689][  0]LogInit: User: jtsmith
[2015.10.06-03.22.38:689][  0]LogInit: CPU Page size=4096, Cores=4
[2015.10.06-03.22.38:689][  0]LogInit: High frequency timer resolution =3.312929 MHz
[2015.10.06-03.22.38:689][  0]LogMemory: Memory total: Physical=8.0GB (8GB approx)
[2015.10.06-03.22.38:693][  0]LogMemory: Platform Memory Stats for Windows
[2015.10.06-03.22.38:693][  0]LogMemory: Process Physical Memory: 56.34 MB used, 56.34 MB peak
[2015.10.06-03.22.38:693][  0]LogMemory: Process Virtual Memory: 58.15 MB used, 58.15 MB peak
[2015.10.06-03.22.38:693][  0]LogMemory: Physical Memory: 3579.44 MB used, 8146.45 MB total
[2015.10.06-03.22.38:693][  0]LogMemory: Virtual Memory: 336.15 MB used, 8388608.00 MB total
[2015.10.06-03.22.39:287][  0]LogTextLocalizationManager: No specific translations for ('en-US') exist, so ('en') translations will be used.
[2015.10.06-03.22.40:455][  0]LogD3D11RHI: Found D3D11 adapter 0: AMD Radeon HD 7570 (Feature Level 11_0)
[2015.10.06-03.22.40:455][  0]LogD3D11RHI: Adapter has 1008MB of dedicated video memory, 0MB of dedicated system memory, and 3817MB of shared system memory, 1 output[s]
[2015.10.06-03.22.40:455][  0]LogD3D11RHI: Chosen D3D11 Adapter Id = 0
[2015.10.06-03.22.40:460][  0]LogD3D11RHI: !Direct3DDevice
[2015.10.06-03.22.40:460][  0]LogRHI: Texture pool is 705 MB (70% of 1008 MB)
[2015.10.06-03.22.40:467][  0]LogD3D11RHI: Async texture creation disabled: no driver support
[2015.10.06-03.22.40:605][  0]LogShaderCompilers: Guid format shader working directory is 14 characters bigger than the processId version (../../../../../../Users/jtsmith/Desktop/Unreal/MyRTS_TropicoStyle 4.9/Intermediate/Shaders/WorkingDirectory/21608/).
[2015.10.06-03.22.40:606][  0]LogShaderCompilers: Cleaned the shader compiler working directory '../../../../../../Users/jtsmith/Desktop/Unreal/MyRTS_TropicoStyle 4.9/Intermediate/Shaders/tmp/618FBD184EBB4A97080955B5B145DEAD/'.
[2015.10.06-03.22.40:606][  0]LogShaderCompilers:Display: Using Local Shader Compiler.
[2015.10.06-03.22.44:741][  0]LogTemp:Display: Loaded TP AllDesktopTargetPlatform
[2015.10.06-03.22.44:773][  0]LogTemp:Display: Loaded TP WindowsClientTargetPlatform
[2015.10.06-03.22.44:788][  0]LogTemp:Display: Loaded TP WindowsNoEditorTargetPlatform
[2015.10.06-03.22.44:803][  0]LogTemp:Display: Loaded TP WindowsServerTargetPlatform
[2015.10.06-03.22.44:809][  0]LogTemp:Display: Loaded TP WindowsTargetPlatform
[2015.10.06-03.22.44:834][  0]LogTemp:Display: Loaded TP AndroidTargetPlatform
[2015.10.06-03.22.44:855][  0]LogTemp:Display: Loaded TP Android_ASTCTargetPlatform
[2015.10.06-03.22.44:860][  0]LogTemp:Display: Loaded TP Android_ATCTargetPlatform
[2015.10.06-03.22.44:880][  0]LogTemp:Display: Loaded TP Android_DXTTargetPlatform
[2015.10.06-03.22.44:900][  0]LogTemp:Display: Loaded TP Android_ETC1TargetPlatform
[2015.10.06-03.22.44:919][  0]LogTemp:Display: Loaded TP Android_ETC2TargetPlatform
[2015.10.06-03.22.44:938][  0]LogTemp:Display: Loaded TP Android_PVRTCTargetPlatform
[2015.10.06-03.22.44:939][  0]LogTemp:Display: Loaded TP HTML5TargetPlatform
[2015.10.06-03.22.44:987][  0]LogTemp:Display: Loaded TP IOSTargetPlatform
[2015.10.06-03.22.45:002][  0]LogTemp:Display: Loaded TP LinuxNoEditorTargetPlatform
[2015.10.06-03.22.45:012][  0]LogTemp:Display: Loaded TP LinuxServerTargetPlatform
[2015.10.06-03.22.45:020][  0]LogTemp:Display: Loaded TP LinuxTargetPlatform
[2015.10.06-03.22.45:020][  0]LogTargetPlatformManager:Display: Building Assets For Windows
[2015.10.06-03.22.45:938][  0]LogDerivedDataCache:Display: Max Cache Size: 512 MB
[2015.10.06-03.22.46:467][  0]LogDerivedDataCache: Loaded boot cache 0.53s 41MB C:/Users/jtsmith/AppData/Local/UnrealEngine/4.9/DerivedDataCache/Boot.ddc.
[2015.10.06-03.22.46:467][  0]LogDerivedDataCache:Display: Loaded Boot cache: C:/Users/jtsmith/AppData/Local/UnrealEngine/4.9/DerivedDataCache/Boot.ddc
[2015.10.06-03.22.46:467][  0]LogDerivedDataCache: FDerivedDataBackendGraph:  Pak pak cache file ../../../../../../Users/jtsmith/Desktop/Unreal/MyRTS_TropicoStyle 4.9/DerivedDataCache/DDC.ddp not found, will not use a pak cache.
[2015.10.06-03.22.46:467][  0]LogDerivedDataCache: Unable to find inner node Pak for hierarchical cache Hierarchy.
[2015.10.06-03.22.46:467][  0]LogDerivedDataCache: FDerivedDataBackendGraph:  CompressedPak pak cache file ../../../../../../Users/jtsmith/Desktop/Unreal/MyRTS_TropicoStyle 4.9/DerivedDataCache/Compressed.ddp not found, will not use a pak cache.
[2015.10.06-03.22.46:467][  0]LogDerivedDataCache: Unable to find inner node CompressedPak for hierarchical cache Hierarchy.
[2015.10.06-03.22.46:684][  0]LogDerivedDataCache:Display: Pak cache opened for reading ../../../Engine/DerivedDataCache/Compressed.ddp.
[2015.10.06-03.22.46:697][  0]LogDerivedDataCache: Using Local data cache path C:/Users/jtsmith/AppData/Local/UnrealEngine/Common/DerivedDataCache: Writable
[2015.10.06-03.22.53:961][  0]LogInit: Selected Device Profile: [Windows]
[2015.10.06-03.22.53:982][  0]LogContentStreaming: Texture pool size is 0.000000MB
[2015.10.06-03.22.54:123][  0]LogMeshUtilities: No automatic mesh reduction module available
[2015.10.06-03.22.54:124][  0]LogMeshUtilities: No automatic mesh merging module available
[2015.10.06-03.22.56:497][  0]LogInit: WinSock: version 1.1 (2.2), MaxSocks=32767, MaxUdp=65467
[2015.10.06-03.23.21:483][  0]UdpMessaging: Initializing bridge on interface 0.0.0.0:0 to multicast group 230.0.0.1:6666.
[2015.10.06-03.23.22:261][  0]LogAssetRegistry: FAssetRegistry took 0.0236 seconds to start up
[2015.10.06-03.23.25:236][  0]SourceControl: Info Source control is disabled
[2015.10.06-03.23.25:316][  0]SourceControl: Info Source control is disabled
[2015.10.06-03.23.25:500][  0]SourceControl: Info Source control is disabled
[2015.10.06-03.23.25:663][  0]SourceControl: Info Source control is disabled
[2015.10.06-03.23.30:314][  0]LogLinker:Warning: Asset '../../../Engine/Plugins/Runtime/LeapMotionController/Content/LM_PassthroughMaterial.uasset' has been saved with empty engine version. The asset will be loaded but may be incompatible.
[2015.10.06-03.23.32:464][  0]LogObj: 28380 objects as part of root set at end of initial load.
[2015.10.06-03.23.32:464][  0]LogUObjectAllocator: 6044392 out of 0 bytes used by permanent object pool.
[2015.10.06-03.23.35:293][  0]LogAutomationTest:Warning: Smoke tests took > 1s to run: 1.59s
[2015.10.06-03.23.35:368][  0]LogEngine: Initializing Engine...
[2015.10.06-03.23.35:576][  0]LogHMD: Can't find Oculus library dev build: is proper Runtime installed? Version: 0.7.0.0
[2015.10.06-03.23.35:641][  0]LogHMD: SteamVR failed to initialize.  Err: 110
[2015.10.06-03.23.37:031][  0]LogAIModule: Creating AISystem for world NewWorld
[2015.10.06-03.23.37:334][  0]LogInit: XAudio2 using 'Speakers (Realtek High Definition Audio)' : 2 channels at 48 kHz using 32 bits per sample (channel mask 0x3)
[2015.10.06-03.23.37:342][  0]LogInit: FAudioDevice initialized.
[2015.10.06-03.23.37:393][  0]LogDerivedDataCache: Saved boot cache 0.05s 41MB C:/Users/jtsmith/AppData/Local/UnrealEngine/4.9/DerivedDataCache/Boot.ddc.
[2015.10.06-03.23.37:397][  0]LogInit: Texture streaming: Enabled
[2015.10.06-03.23.37:471][  0]LogAnalytics: Creating configured Analytics provider AnalyticsET
[2015.10.06-03.23.37:471][  0]LogAnalytics: [UEEditor.Rocket.Release] APIServer = http://et2.epicgames.com/ET2/. AppVersion = 4.9.2-2707645+++depot+UE4-Releases+4.9
[2015.10.06-03.23.37:472][  0]LogAnalytics: [UEEditor.Rocket.Release] SetUserId 6fa6e3274a8d5d72a75cbcbef6d297a7|3b8075bc1ed94341b886f5e4c6e1b23d|13e13887-07aa-43da-a8ee-6e00c985f4a0
[2015.10.06-03.23.37:502][  0]LogAnalytics: [UEEditor.Rocket.Release] AnalyticsET::StartSession
[2015.10.06-03.23.38:025][  0]LogInit: Transaction tracking system initialized
[2015.10.06-03.23.39:043][  0]BlueprintLog: New page: Editor Load
[2015.10.06-03.23.49:220][  0]LocalizationService: Info Localization service is disabled
[2015.10.06-03.23.55:552][  0]LogConsoleResponse:Display: 
[2015.10.06-03.23.59:930][  0]LogCook:Display: Done creating registry. It took  0.00s.
[2015.10.06-03.24.04:918][  0]SourceControl: Info Source control is disabled
[2015.10.06-03.24.05:079][  0]Cmd: MAP LOAD FILE="../../../../../../Users/jtsmith/Desktop/Unreal/MyRTS_TropicoStyle 4.9/Content/TopDownBP/Maps/TopDownExampleMap.umap" TEMPLATE=0 SHOWPROGRESS=1 FEATURELEVEL=3
[2015.10.06-03.24.05:216][  0]LightingResults: New page: Lighting Build
[2015.10.06-03.24.05:542][  0]MapCheck: New page: Map Check
[2015.10.06-03.24.05:542][  0]LightingResults: New page: Lighting Build
[2015.10.06-03.24.05:551][  0]LogParticles: Destroying 0 GPU particle simulations for FXSystem 0x0000000021BFB420
[2015.10.06-03.24.07:152][  0]LogLinker:Warning: Can't find file '/Game/StarterContent/Materials/M_Metal_Copper'
[2015.10.06-03.24.07:152][  0]LoadErrors: Info Failed to load /Game/TopDownBP/Blueprints/AI/NewAICharacter_BP.NewAICharacter_BP_C Referenced by K2Node_MakeStruct_CharacterProfile_STRUCT
[2015.10.06-03.24.07:152][  0]LogLinker:Warning: Can't find file for asset '/Game/StarterContent/Materials/M_Metal_Copper' while loading ../../../../../../Users/jtsmith/Desktop/Unreal/MyRTS_TropicoStyle 4.9/Content/TopDownBP/Meshes/RestMesh.uasset.
[2015.10.06-03.24.07:153][  0]LoadErrors: Info Failed to load /Game/TopDownBP/Blueprints/AI/NewAICharacter_BP.NewAICharacter_BP_C Referenced by K2Node_MakeStruct_CharacterProfile_STRUCT
[2015.10.06-03.24.07:153][  0]LoadErrors:Error: Error /Game/TopDownBP/Meshes/RestMesh : Can't find file for asset. /Game/StarterContent/Materials/M_Metal_Copper
[2015.10.06-03.24.07:153][  0]LogLinker:Warning: Can't find file '/Game/StarterContent/Materials/M_Metal_Copper'
[2015.10.06-03.24.07:153][  0]LoadErrors: Info Failed to load /Game/TopDownBP/Blueprints/AI/NewAICharacter_BP.NewAICharacter_BP_C Referenced by K2Node_MakeStruct_CharacterProfile_STRUCT
[2015.10.06-03.24.07:153][  0]LogLinker:Warning: Can't find file for asset '/Game/StarterContent/Materials/M_Metal_Copper' while loading ../../../../../../Users/jtsmith/Desktop/Unreal/MyRTS_TropicoStyle 4.9/Content/TopDownBP/Meshes/RestMesh.uasset.
[2015.10.06-03.24.07:153][  0]LoadErrors: Info Failed to load /Game/TopDownBP/Blueprints/AI/NewAICharacter_BP.NewAICharacter_BP_C Referenced by K2Node_MakeStruct_CharacterProfile_STRUCT
[2015.10.06-03.24.07:153][  0]LoadErrors:Error: Error /Game/TopDownBP/Meshes/RestMesh : Can't find file for asset. /Game/StarterContent/Materials/M_Metal_Copper
[2015.10.06-03.24.10:751][  0]LogLinker:Warning: CreateExport: Failed to load Parent for Function /Game/TopDownBP/Blueprints/Buildings/Residential/Shack_BP.Shack_BP_C:UserConstructionScript; removing parent information, but keeping function
[2015.10.06-03.24.13:083][  0]LogLinker:Warning: Can't find file '/Game/StarterContent/Materials/M_Ground_Grass'
[2015.10.06-03.24.13:083][  0]LogLinker:Warning: Can't find file for asset '/Game/StarterContent/Materials/M_Ground_Grass' while loading ../../../../../../Users/jtsmith/Desktop/Unreal/MyRTS_TropicoStyle 4.9/Content/TopDownBP/Maps/TopDownExampleMap.umap.
[2015.10.06-03.24.13:083][  0]LoadErrors:Error: Error /Game/TopDownBP/Maps/TopDownExampleMap : Can't find file for asset. /Game/StarterContent/Materials/M_Ground_Grass
[2015.10.06-03.24.13:083][  0]LogLinker:Warning: Can't find file '/Game/StarterContent/Materials/M_Ground_Grass'
[2015.10.06-03.24.13:083][  0]LogLinker:Warning: Can't find file for asset '/Game/StarterContent/Materials/M_Ground_Grass' while loading ../../../../../../Users/jtsmith/Desktop/Unreal/MyRTS_TropicoStyle 4.9/Content/TopDownBP/Maps/TopDownExampleMap.umap.
[2015.10.06-03.24.13:083][  0]LoadErrors:Error: Error /Game/TopDownBP/Maps/TopDownExampleMap : Can't find file for asset. /Game/StarterContent/Materials/M_Ground_Grass
[2015.10.06-03.24.13:084][  0]LogLinker:Warning: Can't find file '/Game/StarterContent/Textures/T_Ground_Grass_D'
[2015.10.06-03.24.13:084][  0]LogLinker:Warning: Can't find file for asset '/Game/StarterContent/Textures/T_Ground_Grass_D' while loading ../../../../../../Users/jtsmith/Desktop/Unreal/MyRTS_TropicoStyle 4.9/Content/TopDownBP/Maps/TopDownExampleMap.umap.
[2015.10.06-03.24.13:084][  0]LoadErrors:Error: Error /Game/TopDownBP/Maps/TopDownExampleMap : Can't find file for asset. /Game/StarterContent/Textures/T_Ground_Grass_D
[2015.10.06-03.24.13:084][  0]LogLinker:Warning: Can't find file '/Game/StarterContent/Textures/T_Ground_Grass_N'
[2015.10.06-03.24.13:084][  0]LogLinker:Warning: Can't find file for asset '/Game/StarterContent/Textures/T_Ground_Grass_N' while loading ../../../../../../Users/jtsmith/Desktop/Unreal/MyRTS_TropicoStyle 4.9/Content/TopDownBP/Maps/TopDownExampleMap.umap.
[2015.10.06-03.24.13:084][  0]LoadErrors:Error: Error /Game/TopDownBP/Maps/TopDownExampleMap : Can't find file for asset. /Game/StarterContent/Textures/T_Ground_Grass_N
[2015.10.06-03.24.13:084][  0]LogLinker:Warning: Can't find file '/Game/StarterContent/Textures/T_MacroVariation'
[2015.10.06-03.24.13:084][  0]LogLinker:Warning: Can't find file for asset '/Game/StarterContent/Textures/T_MacroVariation' while loading ../../../../../../Users/jtsmith/Desktop/Unreal/MyRTS_TropicoStyle 4.9/Content/TopDownBP/Maps/TopDownExampleMap.umap.
[2015.10.06-03.24.13:084][  0]LoadErrors:Error: Error /Game/TopDownBP/Maps/TopDownExampleMap : Can't find file for asset. /Game/StarterContent/Textures/T_MacroVariation
[2015.10.06-03.24.13:084][  0]LogLinker:Warning: Can't find file '/Game/StarterContent/Textures/T_Perlin_Noise_M'
[2015.10.06-03.24.13:084][  0]LogLinker:Warning: Can't find file for asset '/Game/StarterContent/Textures/T_Perlin_Noise_M' while loading ../../../../../../Users/jtsmith/Desktop/Unreal/MyRTS_TropicoStyle 4.9/Content/TopDownBP/Maps/TopDownExampleMap.umap.
[2015.10.06-03.24.13:084][  0]LoadErrors:Error: Error /Game/TopDownBP/Maps/TopDownExampleMap : Can't find file for asset. /Game/StarterContent/Textures/T_Perlin_Noise_M
[2015.10.06-03.24.13:087][  0]LogLinker:Warning: Can't find file '/Game/StarterContent/Textures/T_Ground_Grass_D'
[2015.10.06-03.24.13:087][  0]LogLinker:Warning: Can't find file for asset '/Game/StarterContent/Textures/T_Ground_Grass_D' while loading ../../../../../../Users/jtsmith/Desktop/Unreal/MyRTS_TropicoStyle 4.9/Content/TopDownBP/Maps/TopDownExampleMap.umap.
[2015.10.06-03.24.13:087][  0]LoadErrors:Error: Error /Game/TopDownBP/Maps/TopDownExampleMap : Can't find file for asset. /Game/StarterContent/Textures/T_Ground_Grass_D
[2015.10.06-03.24.13:087][  0]LogLinker:Warning: Can't find file '/Game/StarterContent/Textures/T_Ground_Grass_N'
[2015.10.06-03.24.13:087][  0]LogLinker:Warning: Can't find file for asset '/Game/StarterContent/Textures/T_Ground_Grass_N' while loading ../../../../../../Users/jtsmith/Desktop/Unreal/MyRTS_TropicoStyle 4.9/Content/TopDownBP/Maps/TopDownExampleMap.umap.
[2015.10.06-03.24.13:087][  0]LoadErrors:Error: Error /Game/TopDownBP/Maps/TopDownExampleMap : Can't find file for asset. /Game/StarterContent/Textures/T_Ground_Grass_N
[2015.10.06-03.24.13:087][  0]LogLinker:Warning: Can't find file '/Game/StarterContent/Textures/T_MacroVariation'
[2015.10.06-03.24.13:087][  0]LogLinker:Warning: Can't find file for asset '/Game/StarterContent/Textures/T_MacroVariation' while loading ../../../../../../Users/jtsmith/Desktop/Unreal/MyRTS_TropicoStyle 4.9/Content/TopDownBP/Maps/TopDownExampleMap.umap.
[2015.10.06-03.24.13:087][  0]LoadErrors:Error: Error /Game/TopDownBP/Maps/TopDownExampleMap : Can't find file for asset. /Game/StarterContent/Textures/T_MacroVariation
[2015.10.06-03.24.13:087][  0]LogLinker:Warning: Can't find file '/Game/StarterContent/Textures/T_Perlin_Noise_M'
[2015.10.06-03.24.13:088][  0]LogLinker:Warning: Can't find file for asset '/Game/StarterContent/Textures/T_Perlin_Noise_M' while loading ../../../../../../Users/jtsmith/Desktop/Unreal/MyRTS_TropicoStyle 4.9/Content/TopDownBP/Maps/TopDownExampleMap.umap.
[2015.10.06-03.24.13:088][  0]LoadErrors:Error: Error /Game/TopDownBP/Maps/TopDownExampleMap : Can't find file for asset. /Game/StarterContent/Textures/T_Perlin_Noise_M
[2015.10.06-03.24.13:089][  0]LogLinker:Warning: Can't find file '/Game/StarterContent/Materials/M_Ground_Grass'
[2015.10.06-03.24.13:089][  0]LogLinker:Warning: Can't find file for asset '/Game/StarterContent/Materials/M_Ground_Grass' while loading NULL.
[2015.10.06-03.24.13:089][  0]LogLinker:Warning: Can't find file '/Game/StarterContent/Materials/M_Ground_Grass'
[2015.10.06-03.24.13:089][  0]LogLinker:Warning: Can't find file for asset '/Game/StarterContent/Materials/M_Ground_Grass' while loading NULL.
[2015.10.06-03.24.13:090][  0]LogLinker:Warning: Can't find file '/Game/StarterContent/Textures/T_Ground_Grass_D'
[2015.10.06-03.24.13:090][  0]LogLinker:Warning: Can't find file for asset '/Game/StarterContent/Textures/T_Ground_Grass_D' while loading NULL.
[2015.10.06-03.24.13:090][  0]LogLinker:Warning: Can't find file '/Game/StarterContent/Textures/T_Ground_Grass_N'
[2015.10.06-03.24.13:090][  0]LogLinker:Warning: Can't find file for asset '/Game/StarterContent/Textures/T_Ground_Grass_N' while loading NULL.
[2015.10.06-03.24.13:090][  0]LogLinker:Warning: Can't find file '/Game/StarterContent/Textures/T_MacroVariation'
[2015.10.06-03.24.13:090][  0]LogLinker:Warning: Can't find file for asset '/Game/StarterContent/Textures/T_MacroVariation' while loading NULL.
[2015.10.06-03.24.13:090][  0]LogLinker:Warning: Can't find file '/Game/StarterContent/Textures/T_Perlin_Noise_M'
[2015.10.06-03.24.13:090][  0]LogLinker:Warning: Can't find file for asset '/Game/StarterContent/Textures/T_Perlin_Noise_M' while loading NULL.
[2015.10.06-03.24.13:090][  0]LogLinker:Warning: Can't find file '/Game/StarterContent/Textures/T_Ground_Grass_D'
[2015.10.06-03.24.13:090][  0]LogLinker:Warning: Can't find file for asset '/Game/StarterContent/Textures/T_Ground_Grass_D' while loading NULL.
[2015.10.06-03.24.13:091][  0]LogLinker:Warning: Can't find file '/Game/StarterContent/Textures/T_Ground_Grass_N'
[2015.10.06-03.24.13:091][  0]LogLinker:Warning: Can't find file for asset '/Game/StarterContent/Textures/T_Ground_Grass_N' while loading NULL.
[2015.10.06-03.24.13:091][  0]LogLinker:Warning: Can't find file '/Game/StarterContent/Textures/T_MacroVariation'
[2015.10.06-03.24.13:091][  0]LogLinker:Warning: Can't find file for asset '/Game/StarterContent/Textures/T_MacroVariation' while loading NULL.
[2015.10.06-03.24.13:091][  0]LogLinker:Warning: Can't find file '/Game/StarterContent/Textures/T_Perlin_Noise_M'
[2015.10.06-03.24.13:091][  0]LogLinker:Warning: Can't find file for asset '/Game/StarterContent/Textures/T_Perlin_Noise_M' while loading NULL.
[2015.10.06-03.24.13:176][  0]LogLinker:Warning: Can't find file '/Game/StarterContent/Materials/M_Metal_Copper'
[2015.10.06-03.24.13:176][  0]LoadErrors: Info Failed to load /Game/StarterContent/Materials/M_Metal_Copper.M_Metal_Copper Referenced by RestMesh
[2015.10.06-03.24.13:176][  0]LogLinker:Warning: Can't find file for asset '/Game/StarterContent/Materials/M_Metal_Copper' while loading NULL.
[2015.10.06-03.24.13:176][  0]LoadErrors: Info Failed to load /Game/StarterContent/Materials/M_Metal_Copper.M_Metal_Copper Referenced by RestMesh
[2015.10.06-03.24.13:224][  0]LogLinker:Warning: Can't find file '/Game/StarterContent/Materials/M_Ground_Grass'
[2015.10.06-03.24.13:224][  0]LoadErrors: Info Failed to load /Game/StarterContent/Materials/M_Ground_Grass.M_Ground_Grass Referenced by Landscape_0
[2015.10.06-03.24.13:225][  0]LogLinker:Warning: Can't find file for asset '/Game/StarterContent/Materials/M_Ground_Grass' while loading NULL.
[2015.10.06-03.24.13:225][  0]LoadErrors: Info Failed to load /Game/StarterContent/Materials/M_Ground_Grass.M_Ground_Grass Referenced by Landscape_0
[2015.10.06-03.24.13:254][  0]LogLinker:Warning: Can't find file '/Game/StarterContent/Materials/M_Ground_Grass'
[2015.10.06-03.24.13:254][  0]LoadErrors: Info Failed to load /Game/StarterContent/Materials/M_Ground_Grass.M_Ground_Grass Referenced by LandscapeMaterialInstanceConstant_0
[2015.10.06-03.24.13:254][  0]LogLinker:Warning: Can't find file for asset '/Game/StarterContent/Materials/M_Ground_Grass' while loading NULL.
[2015.10.06-03.24.13:254][  0]LoadErrors: Info Failed to load /Game/StarterContent/Materials/M_Ground_Grass.M_Ground_Grass Referenced by LandscapeMaterialInstanceConstant_0
[2015.10.06-03.24.13:256][  0]LogLinker:Warning: Can't find file '/Game/StarterContent/Textures/T_Ground_Grass_N'
[2015.10.06-03.24.13:256][  0]LoadErrors: Info Failed to load /Game/StarterContent/Textures/T_Ground_Grass_N.T_Ground_Grass_N Referenced by PersistentLevel
[2015.10.06-03.24.13:256][  0]LogLinker:Warning: Can't find file for asset '/Game/StarterContent/Textures/T_Ground_Grass_N' while loading NULL.
[2015.10.06-03.24.13:256][  0]LoadErrors: Info Failed to load /Game/StarterContent/Textures/T_Ground_Grass_N.T_Ground_Grass_N Referenced by PersistentLevel
[2015.10.06-03.24.13:256][  0]LogLinker:Warning: Can't find file '/Game/StarterContent/Textures/T_Perlin_Noise_M'
[2015.10.06-03.24.13:256][  0]LoadErrors: Info Failed to load /Game/StarterContent/Textures/T_Perlin_Noise_M.T_Perlin_Noise_M Referenced by PersistentLevel
[2015.10.06-03.24.13:256][  0]LogLinker:Warning: Can't find file for asset '/Game/StarterContent/Textures/T_Perlin_Noise_M' while loading NULL.
[2015.10.06-03.24.13:256][  0]LoadErrors: Info Failed to load /Game/StarterContent/Textures/T_Perlin_Noise_M.T_Perlin_Noise_M Referenced by PersistentLevel
[2015.10.06-03.24.13:257][  0]LogLinker:Warning: Can't find file '/Game/StarterContent/Textures/T_Ground_Grass_D'
[2015.10.06-03.24.13:257][  0]LoadErrors: Info Failed to load /Game/StarterContent/Textures/T_Ground_Grass_D.T_Ground_Grass_D Referenced by PersistentLevel
[2015.10.06-03.24.13:257][  0]LogLinker:Warning: Can't find file for asset '/Game/StarterContent/Textures/T_Ground_Grass_D' while loading NULL.
[2015.10.06-03.24.13:257][  0]LoadErrors: Info Failed to load /Game/StarterContent/Textures/T_Ground_Grass_D.T_Ground_Grass_D Referenced by PersistentLevel
[2015.10.06-03.24.13:257][  0]LogLinker:Warning: Can't find file '/Game/StarterContent/Textures/T_MacroVariation'
[2015.10.06-03.24.13:257][  0]LoadErrors: Info Failed to load /Game/StarterContent/Textures/T_MacroVariation.T_MacroVariation Referenced by PersistentLevel
[2015.10.06-03.24.13:257][  0]LogLinker:Warning: Can't find file for asset '/Game/StarterContent/Textures/T_MacroVariation' while loading NULL.
[2015.10.06-03.24.13:257][  0]LoadErrors: Info Failed to load /Game/StarterContent/Textures/T_MacroVariation.T_MacroVariation Referenced by PersistentLevel
[2015.10.06-03.24.21:063][  0]LogAIModule: Creating AISystem for world TopDownExampleMap
[2015.10.06-03.24.22:771][  0]LogEditorServer: Finished looking for orphan Actors (0.016 secs)
[2015.10.06-03.24.22:803][  0]Cmd: MAP CHECKDEP NOCLEARLOG
[2015.10.06-03.24.22:903][  0]MapCheck: Info Map check complete: 0 Error(s), 0 Warning(s), took 99.711ms to complete.
[2015.10.06-03.24.22:903][  0]LogFileHelpers: Loading map 'TopDownExampleMap' took 17.891
[2015.10.06-03.24.23:640][  0]LogCollectionManager: Loaded 0 collections in 0.002596 seconds
[2015.10.06-03.24.23:731][  0]LogFileCache: Scanning file cache for directory 'C:/Users/jtsmith/Desktop/Unreal/MyRTS_TropicoStyle 4.9/Saved/Collections/' took 0.01s
[2015.10.06-03.24.23:731][  0]LogFileCache: Scanning file cache for directory 'C:/Users/jtsmith/Desktop/Unreal/MyRTS_TropicoStyle 4.9/Content/Developers/jtsmith/Collections/' took 0.01s
[2015.10.06-03.24.23:731][  0]LogFileCache: Scanning file cache for directory 'C:/Users/jtsmith/Desktop/Unreal/MyRTS_TropicoStyle 4.9/Content/Collections/' took 0.01s
[2015.10.06-03.24.23:731][  0]LogContentBrowser: Native class hierarchy populated in 0.0299 seconds. Added 1874 classes and 335 folders.
[2015.10.06-03.24.23:751][  0]LogCollectionManager: Rebuilt the GUID cache for 0 collections in 0.000002 seconds
[2015.10.06-03.24.23:776][  0]LogContentBrowser: Native class hierarchy updated for 'WidgetCarousel' in 0.0003 seconds. Added 0 classes and 0 folders.
[2015.10.06-03.24.25:675][  0]LogContentBrowser: Native class hierarchy updated for 'AddContentDialog' in 0.0006 seconds. Added 0 classes and 0 folders.
[2015.10.06-03.24.25:730][  0]LogContentBrowser: Native class hierarchy updated for 'SceneOutliner' in 0.0008 seconds. Added 1 classes and 2 folders.
[2015.10.06-03.24.25:938][  0]LogCrashTracker: Crashtracker disabled due to settings.
[2015.10.06-03.24.25:993][  0]LogUObjectGlobals:Warning: Failed to find object 'Class None.'
[2015.10.06-03.24.26:046][  0]LogLoad: Full Startup: 111.31 seconds (BP compile: 2.76 seconds)
[2015.10.06-03.24.26:730][  0]LogContentStreaming: Texture pool size now 400 MB
[2015.10.06-03.24.26:972][  0]LogRenderer: Reallocating scene render targets to support 1100x676 (Frame:2).
[2015.10.06-03.24.27:181][  1]Cmd: UpdateLandscapeEditorData -warnings
[2015.10.06-03.24.28:399][  2]LogContentBrowser: Native class hierarchy updated for 'BlueprintGraph' in 0.0075 seconds. Added 107 classes and 0 folders.
[2015.10.06-03.24.30:445][  2]LogScript:Warning: Accessed None 'Camera_Pawn'
	CameraPawnController_C /Engine/Transient.World_4:PersistentLevel.CameraPawnController_C_0
	Function /Game/TopDownBP/Blueprints/CameraPawnController.CameraPawnController_C:ExecuteUbergraph_CameraPawnController:1217
[2015.10.06-03.24.30:445][  2]LogScript:Warning: Accessed None 'Camera_Pawn'
	CameraPawnController_C /Engine/Transient.World_4:PersistentLevel.CameraPawnController_C_0
	Function /Game/TopDownBP/Blueprints/CameraPawnController.CameraPawnController_C:MovementSpeedCalculation:0028
[2015.10.06-03.24.30:445][  2]LogScript:Warning: Accessed None
	CameraPawnController_C /Engine/Transient.World_4:PersistentLevel.CameraPawnController_C_0
	Function /Game/TopDownBP/Blueprints/CameraPawnController.CameraPawnController_C:MovementSpeedCalculation:003D
[2015.10.06-03.24.30:446][  2]LogScript:Warning: Accessed None 'Camera_Pawn'
	CameraPawnController_C /Engine/Transient.World_4:PersistentLevel.CameraPawnController_C_0
	Function /Game/TopDownBP/Blueprints/CameraPawnController.CameraPawnController_C:ExecuteUbergraph_CameraPawnController:146B
[2015.10.06-03.24.30:446][  2]LogScript:Warning: Accessed None 'Camera_Pawn'
	CameraPawnController_C /Engine/Transient.World_4:PersistentLevel.CameraPawnController_C_0
	Function /Game/TopDownBP/Blueprints/CameraPawnController.CameraPawnController_C:ExecuteUbergraph_CameraPawnController:0ADA
[2015.10.06-03.24.30:446][  2]LogScript:Warning: Accessed None 'Camera_Pawn'
	CameraPawnController_C /Engine/Transient.World_4:PersistentLevel.CameraPawnController_C_0
	Function /Game/TopDownBP/Blueprints/CameraPawnController.CameraPawnController_C:MovementSpeedCalculation:0028
[2015.10.06-03.24.30:446][  2]LogScript:Warning: Accessed None
	CameraPawnController_C /Engine/Transient.World_4:PersistentLevel.CameraPawnController_C_0
	Function /Game/TopDownBP/Blueprints/CameraPawnController.CameraPawnController_C:MovementSpeedCalculation:003D
[2015.10.06-03.24.30:446][  2]LogScript:Warning: Accessed None 'Camera_Pawn'
	CameraPawnController_C /Engine/Transient.World_4:PersistentLevel.CameraPawnController_C_0
	Function /Game/TopDownBP/Blueprints/CameraPawnController.CameraPawnController_C:ExecuteUbergraph_CameraPawnController:0C68
[2015.10.06-03.24.30:446][  2]LogScript:Warning: Accessed None 'Camera_Pawn'
	CameraPawnController_C /Engine/Transient.World_4:PersistentLevel.CameraPawnController_C_0
	Function /Game/TopDownBP/Blueprints/CameraPawnController.CameraPawnController_C:ExecuteUbergraph_CameraPawnController:1BBB
[2015.10.06-03.24.30:446][  2]LogScript:Warning: Accessed None 'Camera_Pawn'
	CameraPawnController_C /Engine/Transient.World_4:PersistentLevel.CameraPawnController_C_0
	Function /Game/TopDownBP/Blueprints/CameraPawnController.CameraPawnController_C:ExecuteUbergraph_CameraPawnController:1BBB
[2015.10.06-03.24.30:597][  3]LogScript:Warning: Accessed None 'Camera_Pawn'
	CameraPawnController_C /Engine/Transient.World_4:PersistentLevel.CameraPawnController_C_0
	Function /Game/TopDownBP/Blueprints/CameraPawnController.CameraPawnController_C:ExecuteUbergraph_CameraPawnController:1217
[2015.10.06-03.24.30:597][  3]LogScript:Warning: Accessed None 'Camera_Pawn'
	CameraPawnController_C /Engine/Transient.World_4:PersistentLevel.CameraPawnController_C_0
	Function /Game/TopDownBP/Blueprints/CameraPawnController.CameraPawnController_C:MovementSpeedCalculation:0028
[2015.10.06-03.24.30:597][  3]LogScript:Warning: Accessed None
	CameraPawnController_C /Engine/Transient.World_4:PersistentLevel.CameraPawnController_C_0
	Function /Game/TopDownBP/Blueprints/CameraPawnController.CameraPawnController_C:MovementSpeedCalculation:003D
[2015.10.06-03.24.30:597][  3]LogScript:Warning: Accessed None 'Camera_Pawn'
	CameraPawnController_C /Engine/Transient.World_4:PersistentLevel.CameraPawnController_C_0
	Function /Game/TopDownBP/Blueprints/CameraPawnController.CameraPawnController_C:ExecuteUbergraph_CameraPawnController:146B
[2015.10.06-03.24.30:597][  3]LogScript:Warning: Accessed None 'Camera_Pawn'
	CameraPawnController_C /Engine/Transient.World_4:PersistentLevel.CameraPawnController_C_0
	Function /Game/TopDownBP/Blueprints/CameraPawnController.CameraPawnController_C:ExecuteUbergraph_CameraPawnController:0ADA
[2015.10.06-03.24.30:597][  3]LogScript:Warning: Accessed None 'Camera_Pawn'
	CameraPawnController_C /Engine/Transient.World_4:PersistentLevel.CameraPawnController_C_0
	Function /Game/TopDownBP/Blueprints/CameraPawnController.CameraPawnController_C:MovementSpeedCalculation:0028
[2015.10.06-03.24.30:597][  3]LogScript:Warning: Accessed None
	CameraPawnController_C /Engine/Transient.World_4:PersistentLevel.CameraPawnController_C_0
	Function /Game/TopDownBP/Blueprints/CameraPawnController.CameraPawnController_C:MovementSpeedCalculation:003D
[2015.10.06-03.24.31:437][ 28]LogAssetRegistry: Asset discovery search completed in 69.1940 seconds
[2015.10.06-03.24.31:437][ 28]LogCollectionManager: Rebuilt the object cache for 0 collections in 0.000001 seconds (found 0 objects)
[2015.10.06-03.24.31:437][ 28]LogCollectionManager: Fixed up redirectors for 0 collections in 0.000034 seconds (updated 0 objects)
[2015.10.06-03.24.32:966][146]LogActorComponent: UnregisterComponent: (/Engine/Transient.CharMoveComp) Not registered. Aborting.
[2015.10.06-03.24.33:422][146]LogActorComponent: UnregisterComponent: (/Engine/Transient.EditorFloorComp) Not registered. Aborting.
[2015.10.06-03.24.33:853][147]Cmd: QUIT_EDITOR
[2015.10.06-03.24.34:174][147]LogExit: Preparing to exit.
[2015.10.06-03.24.34:682][147]LogExit: Editor shut down
[2015.10.06-03.24.34:683][147]LogExit: Transaction tracking system shut down
[2015.10.06-03.24.34:687][147]LogParticles: Destroying 0 GPU particle simulations for FXSystem 0x000000002E1D8360
[2015.10.06-03.24.34:688][147]LogParticles: Destroying 0 GPU particle simulations for FXSystem 0x00000000331B7880
[2015.10.06-03.24.34:688][147]LogParticles: Destroying 0 GPU particle simulations for FXSystem 0x0000000033D1DEE0
[2015.10.06-03.24.34:688][147]LogParticles: Destroying 0 GPU particle simulations for FXSystem 0x00000000356C14E0
[2015.10.06-03.24.34:688][147]LogParticles: Destroying 0 GPU particle simulations for FXSystem 0x000000003546B6A0
[2015.10.06-03.24.34:690][147]LogParticles: Destroying 0 GPU particle simulations for FXSystem 0x000000003D1B5620
[2015.10.06-03.24.34:690][147]LogParticles: Destroying 0 GPU particle simulations for FXSystem 0x000000003E77F2E0
[2015.10.06-03.24.34:691][147]LogParticles: Destroying 0 GPU particle simulations for FXSystem 0x000000003ECED580
[2015.10.06-03.24.34:691][147]LogParticles: Destroying 0 GPU particle simulations for FXSystem 0x000000003ECEEF20
[2015.10.06-03.24.34:691][147]LogParticles: Destroying 0 GPU particle simulations for FXSystem 0x00000000401B3B00
[2015.10.06-03.24.35:093][147]LogExit: Object subsystem successfully closed.
[2015.10.06-03.24.35:174][147]LogD3D11RHI: Shutdown
[2015.10.06-03.24.35:174][147]LogD3D11RHI: CleanupD3DDevice
[2015.10.06-03.24.35:246][147]LogD3D11RHI: ~FD3D11DynamicRHI
[2015.10.06-03.24.35:523][147]LogModuleManager: Shutting down and abandoning module MaterialEditor (200)
[2015.10.06-03.24.35:523][147]LogModuleManager: Shutting down and abandoning module BlueprintGraph (199)
[2015.10.06-03.24.35:523][147]LogModuleManager: Shutting down and abandoning module CrashTracker (198)
[2015.10.06-03.24.35:523][147]LogModuleManager: Shutting down and abandoning module SceneOutliner (197)
[2015.10.06-03.24.35:523][147]LogModuleManager: Shutting down and abandoning module SuperSearch (196)
[2015.10.06-03.24.35:523][147]LogModuleManager: Shutting down and abandoning module WidgetCarousel (195)
[2015.10.06-03.24.35:523][147]LogModuleManager: Shutting down and abandoning module AddContentDialog (194)
[2015.10.06-03.24.35:541][147]LogModuleManager: Shutting down and abandoning module EditorWidgets (193)
[2015.10.06-03.24.35:541][147]LogModuleManager: Shutting down and abandoning module CollectionManager (192)
[2015.10.06-03.24.35:542][147]LogModuleManager: Shutting down and abandoning module StatsViewer (191)
[2015.10.06-03.24.35:553][147]LogModuleManager: Shutting down and abandoning module FoliageEdit (190)
[2015.10.06-03.24.35:554][147]LogModuleManager: Shutting down and abandoning module LandscapeEditor (189)
[2015.10.06-03.24.35:676][147]LogModuleManager: Shutting down and abandoning module ActorPickerMode (188)
[2015.10.06-03.24.35:676][147]LogModuleManager: Shutting down and abandoning module GeometryMode (187)
[2015.10.06-03.24.35:676][147]LogModuleManager: Shutting down and abandoning module TextureAlignMode (186)
[2015.10.06-03.24.35:676][147]LogModuleManager: Shutting down and abandoning module BspMode (185)
[2015.10.06-03.24.35:676][147]LogModuleManager: Shutting down and abandoning module PlacementMode (184)
[2015.10.06-03.24.35:676][147]LogModuleManager: Shutting down and abandoning module AutomationWorker (183)
[2015.10.06-03.24.35:676][147]LogModuleManager: Shutting down and abandoning module CharacterAI (182)
[2015.10.06-03.24.35:676][147]LogModuleManager: Shutting down and abandoning module SmartSnapping (181)
[2015.10.06-03.24.35:676][147]LogModuleManager: Shutting down and abandoning module ViewportSnapping (180)
[2015.10.06-03.24.35:676][147]LogModuleManager: Shutting down and abandoning module LogVisualizer (179)
[2015.10.06-03.24.35:702][147]LogModuleManager: Shutting down and abandoning module GameProjectGeneration (178)
[2015.10.06-03.24.35:745][147]LogModuleManager: Shutting down and abandoning module IntroTutorials (177)
[2015.10.06-03.24.35:760][147]LogModuleManager: Shutting down and abandoning module EditorLiveStreaming (176)
[2015.10.06-03.24.35:760][147]LogModuleManager: Shutting down and abandoning module IOSPlatformEditor (175)
[2015.10.06-03.24.35:760][147]LogModuleManager: Shutting down and abandoning module HTML5PlatformEditor (174)
[2015.10.06-03.24.35:760][147]LogModuleManager: Shutting down and abandoning module AndroidDeviceDetection (173)
[2015.10.06-03.24.36:720][147]LogModuleManager: Shutting down and abandoning module AndroidPlatformEditor (172)
[2015.10.06-03.24.36:720][147]LogModuleManager: Shutting down and abandoning module IOSRuntimeSettings (171)
[2015.10.06-03.24.36:720][147]LogModuleManager: Shutting down and abandoning module AndroidRuntimeSettings (170)
[2015.10.06-03.24.36:720][147]LogModuleManager: Shutting down and abandoning module MergeActors (169)
[2015.10.06-03.24.36:726][147]LogModuleManager: Shutting down and abandoning module SizeMap (168)
[2015.10.06-03.24.36:726][147]LogModuleManager: Shutting down and abandoning module TreeMap (167)
[2015.10.06-03.24.36:726][147]LogModuleManager: Shutting down and abandoning module ReferenceViewer (166)
[2015.10.06-03.24.36:726][147]LogModuleManager: Shutting down and abandoning module LocalizationService (165)
[2015.10.06-03.24.36:726][147]LogModuleManager: Shutting down and abandoning module LocalizationDashboard (164)
[2015.10.06-03.24.36:728][147]LogModuleManager: Shutting down and abandoning module HardwareTargeting (163)
[2015.10.06-03.24.36:728][147]LogModuleManager: Shutting down and abandoning module DeviceProfileEditor (162)
[2015.10.06-03.24.36:728][147]LogModuleManager: Shutting down and abandoning module UndoHistory (161)
[2015.10.06-03.24.36:728][147]LogModuleManager: Shutting down and abandoning module GameplayTagsEditor (160)
[2015.10.06-03.24.36:728][147]LogModuleManager: Shutting down and abandoning module UserFeedback (159)
[2015.10.06-03.24.36:728][147]LogModuleManager: Shutting down and abandoning module XmlParser (158)
[2015.10.06-03.24.36:729][147]LogModuleManager: Shutting down and abandoning module Blutility (157)
[2015.10.06-03.24.36:729][147]LogModuleManager: Shutting down and abandoning module ProjectTargetPlatformEditor (156)
[2015.10.06-03.24.36:729][147]LogModuleManager: Shutting down and abandoning module ProjectSettingsViewer (155)
[2015.10.06-03.24.36:729][147]LogModuleManager: Shutting down and abandoning module InputBindingEditor (154)
[2015.10.06-03.24.36:734][147]LogModuleManager: Shutting down and abandoning module EditorSettingsViewer (153)
[2015.10.06-03.24.36:734][147]LogModuleManager: Shutting down and abandoning module SettingsEditor (152)
[2015.10.06-03.24.36:734][147]LogModuleManager: Shutting down and abandoning module ProjectLauncher (151)
[2015.10.06-03.24.36:734][147]LogModuleManager: Shutting down and abandoning module SessionFrontend (150)
[2015.10.06-03.24.36:734][147]LogModuleManager: Shutting down and abandoning module ProfilerClient (149)
[2015.10.06-03.24.36:743][147]LogModuleManager: Shutting down and abandoning module TargetDeviceServices (148)
[2015.10.06-03.24.36:743][147]LogModuleManager: Shutting down and abandoning module DeviceManager (147)
[2015.10.06-03.24.36:743][147]LogModuleManager: Shutting down and abandoning module AutomationController (146)
[2015.10.06-03.24.36:743][147]LogModuleManager: Shutting down and abandoning module AutomationWindow (145)
[2015.10.06-03.24.36:747][147]LogModuleManager: Shutting down and abandoning module Layers (144)
[2015.10.06-03.24.36:754][147]LogModuleManager: Shutting down and abandoning module ComponentVisualizers (143)
[2015.10.06-03.24.36:754][147]LogModuleManager: Shutting down and abandoning module DetailCustomizations (142)
[2015.10.06-03.24.36:769][147]LogModuleManager: Shutting down and abandoning module PackagesDialog (141)
[2015.10.06-03.24.36:769][147]LogModuleManager: Shutting down and abandoning module Persona (140)
[2015.10.06-03.24.36:775][147]LogModuleManager: Shutting down and abandoning module Kismet (139)
[2015.10.06-03.24.36:775][147]LogModuleManager: Shutting down and abandoning module GraphEditor (138)
[2015.10.06-03.24.36:775][147]LogModuleManager: Shutting down and abandoning module ClassViewer (137)
[2015.10.06-03.24.36:775][147]LogModuleManager: Shutting down and abandoning module Toolbox (136)
[2015.10.06-03.24.36:775][147]LogModuleManager: Shutting down and abandoning module ModuleUI (135)
[2015.10.06-03.24.36:785][147]LogModuleManager: Shutting down and abandoning module MovieSceneTools (134)
[2015.10.06-03.24.36:789][147]LogModuleManager: Shutting down and abandoning module OutputLog (133)
[2015.10.06-03.24.36:789][147]LogModuleManager: Shutting down and abandoning module GammaUI (132)
[2015.10.06-03.24.36:807][147]LogModuleManager: Shutting down and abandoning module Documentation (131)
[2015.10.06-03.24.36:807][147]LogModuleManager: Shutting down and abandoning module GameLiveStreaming (130)
[2015.10.06-03.24.36:810][147]LogModuleManager: Shutting down and abandoning module StreamingPauseRendering (129)
[2015.10.06-03.24.36:810][147]LogModuleManager: Shutting down and abandoning module AnalyticsET (128)
[2015.10.06-03.24.36:810][147]LogModuleManager: Shutting down and abandoning module Analytics (127)
[2015.10.06-03.24.36:810][147]LogModuleManager: Shutting down and abandoning module AITestSuite (126)
[2015.10.06-03.24.36:810][147]LogModuleManager: Shutting down and abandoning module GameplayDebugger (125)
[2015.10.06-03.24.36:810][147]LogModuleManager: Shutting down and abandoning module AIModule (124)
[2015.10.06-03.24.36:810][147]LogModuleManager: Shutting down and abandoning module ProfilerService (123)
[2015.10.06-03.24.36:963][147]LogModuleManager: Shutting down and abandoning module TaskGraph (122)
[2015.10.06-03.24.36:975][147]LogModuleManager: Shutting down and abandoning module SlateRemote (121)
[2015.10.06-03.24.36:975][147]LogModuleManager: Shutting down and abandoning module SteamVRController (120)
[2015.10.06-03.24.36:975][147]LogModuleManager: Shutting down and abandoning module SteamVR (119)
[2015.10.06-03.24.36:975][147]LogModuleManager: Shutting down and abandoning module ProceduralMeshComponent (118)
[2015.10.06-03.24.36:975][147]LogModuleManager: Shutting down and abandoning module OculusRift (117)
[2015.10.06-03.24.36:975][147]LogModuleManager: Shutting down and abandoning module OculusLibrary (116)
[2015.10.06-03.24.36:975][147]LogModuleManager: Shutting down and abandoning module LeapMotionController (115)
[2015.10.06-03.24.36:982][147]LogModuleManager: Shutting down and abandoning module CustomMeshComponent (114)
[2015.10.06-03.24.36:988][147]LogModuleManager: Shutting down and abandoning module CableComponent (113)
[2015.10.06-03.24.36:988][147]LogModuleManager: Shutting down and abandoning module ArchVisCharacter (112)
[2015.10.06-03.24.36:988][147]LogModuleManager: Shutting down and abandoning module MessagingDebugger (111)
[2015.10.06-03.24.36:997][147]LogModuleManager: Shutting down and abandoning module MediaPlayerEditor (110)
[2015.10.06-03.24.37:000][147]LogModuleManager: Shutting down and abandoning module HTML5Networking (109)
[2015.10.06-03.24.37:000][147]LogModuleManager: Shutting down and abandoning module SpeedTreeImporter (108)
[2015.10.06-03.24.37:000][147]LogModuleManager: Shutting down and abandoning module PluginBrowser (107)
[2015.10.06-03.24.37:000][147]LogModuleManager: Shutting down and abandoning module EpicSurvey (106)
[2015.10.06-03.24.37:000][147]LogModuleManager: Shutting down and abandoning module DesktopPlatform (105)
[2015.10.06-03.24.37:000][147]LogModuleManager: Shutting down and abandoning module VisualStudioSourceCodeAccess (104)
[2015.10.06-03.24.37:000][147]LogModuleManager: Shutting down and abandoning module UObjectPlugin (103)
[2015.10.06-03.24.37:000][147]LogModuleManager: Shutting down and abandoning module SubversionSourceControl (102)
[2015.10.06-03.24.37:000][147]LogModuleManager: Shutting down and abandoning module PerforceSourceControl (101)
[2015.10.06-03.24.37:000][147]LogModuleManager: Shutting down and abandoning module SourceControl (100)
[2015.10.06-03.24.37:000][147]LogModuleManager: Shutting down and abandoning module GitSourceControl (99)
[2015.10.06-03.24.37:000][147]LogModuleManager: Shutting down and abandoning module LightPropagationVolumeEditor (98)
[2015.10.06-03.24.37:000][147]LogModuleManager: Shutting down and abandoning module PaperTiledImporter (97)
[2015.10.06-03.24.37:000][147]LogModuleManager: Shutting down and abandoning module PaperSpriteSheetImporter (96)
[2015.10.06-03.24.37:000][147]LogModuleManager: Shutting down and abandoning module MeshPaint (95)
[2015.10.06-03.24.37:000][147]LogModuleManager: Shutting down and abandoning module SlateReflector (94)
[2015.10.06-03.24.37:016][147]LogModuleManager: Shutting down and abandoning module HotReload (93)
[2015.10.06-03.24.37:016][147]LogModuleManager: Shutting down and abandoning module MainFrame (92)
[2015.10.06-03.24.37:016][147]LogModuleManager: Shutting down and abandoning module LevelEditor (91)
[2015.10.06-03.24.37:017][147]LogModuleManager: Shutting down and abandoning module DirectoryWatcher (90)
[2015.10.06-03.24.37:017][147]LogModuleManager: Shutting down and abandoning module AssetRegistry (89)
[2015.10.06-03.24.37:097][147]LogModuleManager: Shutting down and abandoning module ContentBrowser (88)
[2015.10.06-03.24.37:098][147]LogModuleManager: Shutting down and abandoning module Paper2DEditor (87)
[2015.10.06-03.24.37:111][147]LogModuleManager: Shutting down and abandoning module UdpMessaging (86)
[2015.10.06-03.24.37:211][147]LogModuleManager: Shutting down and abandoning module LightPropagationVolumeRuntime (85)
[2015.10.06-03.24.37:211][147]LogModuleManager: Shutting down and abandoning module Paper2D (84)
[2015.10.06-03.24.37:211][147]LogModuleManager: Shutting down and abandoning module WindowsMoviePlayer (83)
[2015.10.06-03.24.37:223][147]LogModuleManager: Shutting down and abandoning module Media (82)
[2015.10.06-03.24.37:223][147]LogModuleManager: Shutting down and abandoning module WmfMedia (81)
[2015.10.06-03.24.37:224][147]LogModuleManager: Shutting down and abandoning module OnlineBlueprintSupport (80)
[2015.10.06-03.24.37:224][147]LogModuleManager: Shutting down and abandoning module EnvironmentQueryEditor (79)
[2015.10.06-03.24.37:272][147]LogModuleManager: Shutting down and abandoning module GameplayTasksEditor (78)
[2015.10.06-03.24.37:272][147]LogModuleManager: Shutting down and abandoning module PropertyEditor (77)
[2015.10.06-03.24.37:272][147]LogModuleManager: Shutting down and abandoning module BehaviorTreeEditor (76)
[2015.10.06-03.24.37:272][147]LogModuleManager: Shutting down and abandoning module FunctionalTesting (75)
[2015.10.06-03.24.37:273][147]LogModuleManager: Shutting down and abandoning module CollisionAnalyzer (74)
[2015.10.06-03.24.37:273][147]LogModuleManager: Shutting down and abandoning module WorkspaceMenuStructure (73)
[2015.10.06-03.24.37:273][147]LogModuleManager: Shutting down and abandoning module MessageLog (72)
[2015.10.06-03.24.37:273][147]LogModuleManager: Shutting down and abandoning module Sequencer (71)
[2015.10.06-03.24.37:378][147]LogModuleManager: Shutting down and abandoning module AssetTools (70)
[2015.10.06-03.24.37:471][147]LogModuleManager: Shutting down and abandoning module UMGEditor (69)
[2015.10.06-03.24.37:471][147]LogModuleManager: Shutting down and abandoning module UMG (68)
[2015.10.06-03.24.37:471][147]LogModuleManager: Shutting down and abandoning module Slate (67)
[2015.10.06-03.24.37:471][147]LogModuleManager: Shutting down and abandoning module EditorStyle (66)
[2015.10.06-03.24.37:473][147]LogModuleManager: Shutting down and abandoning module SessionServices (65)
[2015.10.06-03.24.37:473][147]LogModuleManager: Shutting down and abandoning module SourceCodeAccess (64)
[2015.10.06-03.24.37:473][147]LogModuleManager: Shutting down and abandoning module HeadMountedDisplay (63)
[2015.10.06-03.24.37:473][147]LogModuleManager: Shutting down and abandoning module XAudio2 (62)
[2015.10.06-03.24.37:473][147]LogModuleManager: Shutting down and abandoning module Networking (60)
[2015.10.06-03.24.37:473][147]LogModuleManager: Shutting down and abandoning module Core (59)
[2015.10.06-03.24.37:473][147]LogModuleManager: Shutting down and abandoning module KismetCompiler (58)
[2015.10.06-03.24.37:473][147]LogModuleManager: Shutting down and abandoning module PhysXFormats (57)
[2015.10.06-03.24.37:473][147]LogModuleManager: Shutting down and abandoning module MeshUtilities (56)
[2015.10.06-03.24.37:481][147]LogModuleManager: Shutting down and abandoning module CookingStats (55)
[2015.10.06-03.24.37:482][147]LogModuleManager: Shutting down and abandoning module DerivedDataCache (54)
[2015.10.06-03.24.37:701][147]LogDerivedDataCache: Shutdown
[2015.10.06-03.24.37:701][147]LogModuleManager: Shutting down and abandoning module ShaderFormatOpenGL (53)
[2015.10.06-03.24.37:712][147]LogModuleManager: Shutting down and abandoning module ShaderFormatD3D (52)
[2015.10.06-03.24.37:712][147]LogModuleManager: Shutting down and abandoning module MetalShaderFormat (51)
[2015.10.06-03.24.37:718][147]LogModuleManager: Shutting down and abandoning module TextureFormatUncompressed (50)
[2015.10.06-03.24.37:719][147]LogModuleManager: Shutting down and abandoning module TextureFormatPVR (49)
[2015.10.06-03.24.37:719][147]LogModuleManager: Shutting down and abandoning module TextureFormatIntelISPCTexComp (48)
[2015.10.06-03.24.37:719][147]LogModuleManager: Shutting down and abandoning module TextureFormatDXT (47)
[2015.10.06-03.24.37:719][147]LogModuleManager: Shutting down and abandoning module ImageWrapper (46)
[2015.10.06-03.24.37:719][147]LogModuleManager: Shutting down and abandoning module TextureFormatASTC (45)
[2015.10.06-03.24.37:719][147]LogModuleManager: Shutting down and abandoning module TextureFormatAndroid (44)
[2015.10.06-03.24.37:719][147]LogModuleManager: Shutting down and abandoning module AudioFormatOpus (43)
[2015.10.06-03.24.37:719][147]LogModuleManager: Shutting down and abandoning module AudioFormatOgg (42)
[2015.10.06-03.24.37:719][147]LogModuleManager: Shutting down and abandoning module AudioFormatADPCM (41)
[2015.10.06-03.24.37:719][147]LogModuleManager: Shutting down and abandoning module LinuxTargetPlatform (40)
[2015.10.06-03.24.37:719][147]LogModuleManager: Shutting down and abandoning module LinuxServerTargetPlatform (39)
[2015.10.06-03.24.37:719][147]LogModuleManager: Shutting down and abandoning module LinuxNoEditorTargetPlatform (38)
[2015.10.06-03.24.37:719][147]LogModuleManager: Shutting down and abandoning module Messaging (37)
[2015.10.06-03.24.37:719][147]LogModuleManager: Shutting down and abandoning module IOSTargetPlatform (36)
[2015.10.06-03.24.37:719][147]LogModuleManager: Shutting down and abandoning module HTML5TargetPlatform (35)
[2015.10.06-03.24.37:719][147]LogModuleManager: Shutting down and abandoning module Android_PVRTCTargetPlatform (34)
[2015.10.06-03.24.37:727][147]LogModuleManager: Shutting down and abandoning module Android_ETC2TargetPlatform (33)
[2015.10.06-03.24.37:727][147]LogModuleManager: Shutting down and abandoning module Android_ETC1TargetPlatform (32)
[2015.10.06-03.24.37:727][147]LogModuleManager: Shutting down and abandoning module Android_DXTTargetPlatform (31)
[2015.10.06-03.24.37:727][147]LogModuleManager: Shutting down and abandoning module Android_ATCTargetPlatform (30)
[2015.10.06-03.24.37:780][147]LogModuleManager: Shutting down and abandoning module Android_ASTCTargetPlatform (29)
[2015.10.06-03.24.37:780][147]LogModuleManager: Shutting down and abandoning module AndroidTargetPlatform (28)
[2015.10.06-03.24.37:804][147]LogModuleManager: Shutting down and abandoning module WindowsTargetPlatform (27)
[2015.10.06-03.24.37:804][147]LogModuleManager: Shutting down and abandoning module WindowsServerTargetPlatform (26)
[2015.10.06-03.24.37:804][147]LogModuleManager: Shutting down and abandoning module WindowsNoEditorTargetPlatform (25)
[2015.10.06-03.24.37:804][147]LogModuleManager: Shutting down and abandoning module WindowsClientTargetPlatform (24)
[2015.10.06-03.24.37:804][147]LogModuleManager: Shutting down and abandoning module AllDesktopTargetPlatform (23)
[2015.10.06-03.24.37:804][147]LogModuleManager: Shutting down and abandoning module TargetPlatform (22)
[2015.10.06-03.24.37:804][147]LogModuleManager: Shutting down and abandoning module InputCore (21)
[2015.10.06-03.24.37:804][147]LogModuleManager: Shutting down and abandoning module Settings (20)
[2015.10.06-03.24.37:804][147]LogModuleManager: Shutting down and abandoning module OnlineSubsystem (18)
[2015.10.06-03.24.37:804][147]LogModuleManager: Shutting down and abandoning module HTTP (17)
[2015.10.06-03.24.39:804][147]LogModuleManager: Shutting down and abandoning module XMPP (16)
[2015.10.06-03.24.39:804][147]LogModuleManager: Shutting down and abandoning module ExampleDeviceProfileSelector (15)
[2015.10.06-03.24.39:804][147]LogModuleManager: Shutting down and abandoning module TextureCompressor (14)
[2015.10.06-03.24.39:804][147]LogModuleManager: Shutting down and abandoning module ShaderCore (13)
[2015.10.06-03.24.39:804][147]LogModuleManager: Shutting down and abandoning module Landscape (12)
[2015.10.06-03.24.39:804][147]LogModuleManager: Shutting down and abandoning module SlateRHIRenderer (11)
[2015.10.06-03.24.39:832][147]LogModuleManager: Shutting down and abandoning module OpenGLDrv (10)
[2015.10.06-03.24.39:836][147]LogModuleManager: Shutting down and abandoning module D3D11RHI (9)
[2015.10.06-03.24.39:836][147]LogModuleManager: Shutting down and abandoning module AnimGraphRuntime (8)
[2015.10.06-03.24.39:836][147]LogModuleManager: Shutting down and abandoning module Renderer (7)
[2015.10.06-03.24.39:836][147]LogModuleManager: Shutting down and abandoning module Engine (6)
[2015.10.06-03.24.39:836][147]LogModuleManager: Shutting down and abandoning module CoreUObject (5)
[2015.10.06-03.24.39:836][147]LogModuleManager: Shutting down and abandoning module NetworkFile (4)
[2015.10.06-03.24.39:848][147]LogModuleManager: Shutting down and abandoning module StreamingFile (3)
[2015.10.06-03.24.39:848][147]LogModuleManager: Shutting down and abandoning module SandboxFile (2)
[2015.10.06-03.24.39:856][147]LogModuleManager: Shutting down and abandoning module PakFile (1)
[2015.10.06-03.24.39:861][147]LogExit: Exiting.
[2015.10.06-03.24.39:892][147]Log file closed, 10/05/15 20:24:39
