[2015.09.27-06.23.59:534][  0]Log file open, 09/26/15 23:23:59
[2015.09.27-06.23.59:534][  0]LogInit:Display: Running engine for game: MyRTS_TropicoStyle
[2015.09.27-06.23.59:534][  0]LogInit:Display: RandInit(-2078585086) SRandInit(-2078585086).
[2015.09.27-06.23.59:534][  0]LogTaskGraph: Started task graph with 4 named threads and 5 total threads.
[2015.09.27-06.23.59:534][  0]LogStats: Stats thread started at 0.151049
[2015.09.27-06.23.59:534][  0]LogInit: Version: 4.9.1-2689999+++depot+UE4-Releases+4.9
[2015.09.27-06.23.59:534][  0]LogInit: API Version: 2672455
[2015.09.27-06.23.59:534][  0]LogInit: Compiled (64-bit): Sep 14 2015 04:12:03
[2015.09.27-06.23.59:534][  0]LogInit: Compiled with Visual C++: 18.00.21005.01
[2015.09.27-06.23.59:534][  0]LogInit: Build Configuration: Development
[2015.09.27-06.23.59:534][  0]LogInit: Branch Name: ++depot+UE4-Releases+4.9
[2015.09.27-06.23.59:534][  0]LogInit: Command line:  
[2015.09.27-06.23.59:534][  0]LogInit: Base directory: C:/Program Files/Epic Games/4.9/Engine/Binaries/Win64/
[2015.09.27-06.23.59:534][  0]LogInit: Rocket: 1
[2015.09.27-06.23.59:554][  0]LogInit: Using libcurl 7.41.0
[2015.09.27-06.23.59:554][  0]LogInit:  - built for x86_64-pc-win32
[2015.09.27-06.23.59:554][  0]LogInit:  - supports SSL with WinSSL
[2015.09.27-06.23.59:554][  0]LogInit:  - other features:
[2015.09.27-06.23.59:554][  0]LogInit:      CURL_VERSION_SSL
[2015.09.27-06.23.59:554][  0]LogInit:      CURL_VERSION_IPV6
[2015.09.27-06.23.59:554][  0]LogInit:      CURL_VERSION_ASYNCHDNS
[2015.09.27-06.23.59:554][  0]LogInit:      CURL_VERSION_LARGEFILE
[2015.09.27-06.23.59:554][  0]LogInit:      CURL_VERSION_IDN
[2015.09.27-06.23.59:554][  0]LogInit:  CurlRequestOptions (configurable via config and command line):
[2015.09.27-06.23.59:554][  0]LogInit:  - bVerifyPeer = true  - Libcurl will verify peer certificate
[2015.09.27-06.23.59:554][  0]LogInit:  - bUseHttpProxy = false  - Libcurl will NOT use HTTP proxy
[2015.09.27-06.23.59:554][  0]LogInit:  - bDontReuseConnections = false  - Libcurl will reuse connections
[2015.09.27-06.23.59:554][  0]LogInit:  - CertBundlePath = nullptr  - Libcurl will use whatever was configured at build time.
[2015.09.27-06.23.59:562][  0]LogInit: Presizing for 0 objects not considered by GC, pre-allocating 0 bytes.
[2015.09.27-06.23.59:570][  0]LogInit: Object subsystem initialized
[2015.09.27-06.23.59:571][  0]LogInit: Selected Device Profile: [Windows]
[2015.09.27-06.23.59:571][  0]LogInit: Applying CVar settings loaded from the selected device profile: [Windows]
[2015.09.27-06.23.59:582][  0]LogInit: Computer: LIVINGROOM-PC
[2015.09.27-06.23.59:582][  0]LogInit: User: Jesse
[2015.09.27-06.23.59:582][  0]LogInit: CPU Page size=4096, Cores=2
[2015.09.27-06.23.59:582][  0]LogInit: High frequency timer resolution =3.215357 MHz
[2015.09.27-06.23.59:582][  0]LogMemory: Memory total: Physical=13.9GB (14GB approx)
[2015.09.27-06.23.59:582][  0]LogMemory: Platform Memory Stats for Windows
[2015.09.27-06.23.59:582][  0]LogMemory: Process Physical Memory: 53.39 MB used, 53.39 MB peak
[2015.09.27-06.23.59:582][  0]LogMemory: Process Virtual Memory: 55.45 MB used, 55.45 MB peak
[2015.09.27-06.23.59:582][  0]LogMemory: Physical Memory: 2746.75 MB used, 14272.97 MB total
[2015.09.27-06.23.59:582][  0]LogMemory: Virtual Memory: 353.12 MB used, 134217728.00 MB total
[2015.09.27-06.23.59:625][  0]LogTextLocalizationManager: No specific translations for ('en-US') exist, so ('en') translations will be used.
[2015.09.27-06.24.00:446][  0]LogD3D11RHI: Found D3D11 adapter 0: NVIDIA GeForce GTX 660   (Feature Level 11_0)
[2015.09.27-06.24.00:446][  0]LogD3D11RHI: Adapter has 1984MB of dedicated video memory, 0MB of dedicated system memory, and 2048MB of shared system memory, 2 output[s]
[2015.09.27-06.24.00:448][  0]LogD3D11RHI: Found D3D11 adapter 1: Microsoft Basic Render Driver (Feature Level 11_0)
[2015.09.27-06.24.00:448][  0]LogD3D11RHI: Adapter has 0MB of dedicated video memory, 0MB of dedicated system memory, and 256MB of shared system memory, 0 output[s]
[2015.09.27-06.24.00:448][  0]LogD3D11RHI: Chosen D3D11 Adapter Id = 0
[2015.09.27-06.24.00:453][  0]LogD3D11RHI: !Direct3DDevice
[2015.09.27-06.24.00:453][  0]LogRHI: Texture pool is 1361 MB (70% of 1945 MB)
[2015.09.27-06.24.00:467][  0]LogD3D11RHI: Async texture creation enabled
[2015.09.27-06.24.00:483][  0]LogShaderCompilers: Guid format shader working directory is 15 characters bigger than the processId version (../../../../../../Users/Jesse/Desktop/Unreal/MyRTS_TropicoStyle 4.9/Intermediate/Shaders/WorkingDirectory/2684/).
[2015.09.27-06.24.00:483][  0]LogShaderCompilers: Cleaned the shader compiler working directory '../../../../../../Users/Jesse/Desktop/Unreal/MyRTS_TropicoStyle 4.9/Intermediate/Shaders/tmp/93657E9E4BAB5194201E799D86449D10/'.
[2015.09.27-06.24.00:483][  0]LogShaderCompilers:Display: Using Local Shader Compiler.
[2015.09.27-06.24.02:250][  0]LogTemp:Display: Loaded TP AllDesktopTargetPlatform
[2015.09.27-06.24.02:255][  0]LogTemp:Display: Loaded TP WindowsClientTargetPlatform
[2015.09.27-06.24.02:261][  0]LogTemp:Display: Loaded TP WindowsNoEditorTargetPlatform
[2015.09.27-06.24.02:267][  0]LogTemp:Display: Loaded TP WindowsServerTargetPlatform
[2015.09.27-06.24.02:273][  0]LogTemp:Display: Loaded TP WindowsTargetPlatform
[2015.09.27-06.24.02:277][  0]LogTemp:Display: Loaded TP AndroidTargetPlatform
[2015.09.27-06.24.02:281][  0]LogTemp:Display: Loaded TP Android_ASTCTargetPlatform
[2015.09.27-06.24.02:285][  0]LogTemp:Display: Loaded TP Android_ATCTargetPlatform
[2015.09.27-06.24.02:289][  0]LogTemp:Display: Loaded TP Android_DXTTargetPlatform
[2015.09.27-06.24.02:293][  0]LogTemp:Display: Loaded TP Android_ETC1TargetPlatform
[2015.09.27-06.24.02:297][  0]LogTemp:Display: Loaded TP Android_ETC2TargetPlatform
[2015.09.27-06.24.02:302][  0]LogTemp:Display: Loaded TP Android_PVRTCTargetPlatform
[2015.09.27-06.24.02:303][  0]LogTemp:Display: Loaded TP HTML5TargetPlatform
[2015.09.27-06.24.02:321][  0]LogTemp:Display: Loaded TP IOSTargetPlatform
[2015.09.27-06.24.02:325][  0]LogTemp:Display: Loaded TP LinuxNoEditorTargetPlatform
[2015.09.27-06.24.02:329][  0]LogTemp:Display: Loaded TP LinuxServerTargetPlatform
[2015.09.27-06.24.02:333][  0]LogTemp:Display: Loaded TP LinuxTargetPlatform
[2015.09.27-06.24.02:333][  0]LogTargetPlatformManager:Display: Building Assets For Windows
[2015.09.27-06.24.02:429][  0]LogDerivedDataCache:Display: Max Cache Size: 512 MB
[2015.09.27-06.24.02:860][  0]LogDerivedDataCache: Loaded boot cache 0.43s 41MB C:/Users/Jesse/AppData/Local/UnrealEngine/4.9/DerivedDataCache/Boot.ddc.
[2015.09.27-06.24.02:860][  0]LogDerivedDataCache:Display: Loaded Boot cache: C:/Users/Jesse/AppData/Local/UnrealEngine/4.9/DerivedDataCache/Boot.ddc
[2015.09.27-06.24.02:861][  0]LogDerivedDataCache: FDerivedDataBackendGraph:  Pak pak cache file ../../../../../../Users/Jesse/Desktop/Unreal/MyRTS_TropicoStyle 4.9/DerivedDataCache/DDC.ddp not found, will not use a pak cache.
[2015.09.27-06.24.02:861][  0]LogDerivedDataCache: Unable to find inner node Pak for hierarchical cache Hierarchy.
[2015.09.27-06.24.02:861][  0]LogDerivedDataCache: FDerivedDataBackendGraph:  CompressedPak pak cache file ../../../../../../Users/Jesse/Desktop/Unreal/MyRTS_TropicoStyle 4.9/DerivedDataCache/Compressed.ddp not found, will not use a pak cache.
[2015.09.27-06.24.02:861][  0]LogDerivedDataCache: Unable to find inner node CompressedPak for hierarchical cache Hierarchy.
[2015.09.27-06.24.03:025][  0]LogDerivedDataCache:Display: Pak cache opened for reading ../../../Engine/DerivedDataCache/Compressed.ddp.
[2015.09.27-06.24.03:052][  0]LogDerivedDataCache: Using Local data cache path C:/Users/Jesse/AppData/Local/UnrealEngine/Common/DerivedDataCache: Writable
[2015.09.27-06.24.06:198][  0]LogInit: Selected Device Profile: [Windows]
[2015.09.27-06.24.06:205][  0]LogContentStreaming: Texture pool size is 0.000000MB
[2015.09.27-06.24.06:541][  0]LogMeshUtilities: No automatic mesh reduction module available
[2015.09.27-06.24.06:541][  0]LogMeshUtilities: No automatic mesh merging module available
[2015.09.27-06.24.08:250][  0]LogInit: WinSock: version 1.1 (2.2), MaxSocks=32767, MaxUdp=65467
[2015.09.27-06.24.29:202][  0]UdpMessaging: Initializing bridge on interface 0.0.0.0:0 to multicast group 230.0.0.1:6666.
[2015.09.27-06.24.29:693][  0]LogAssetRegistry: FAssetRegistry took 0.0108 seconds to start up
[2015.09.27-06.24.30:964][  0]SourceControl: Info Source control is disabled
[2015.09.27-06.24.31:110][  0]SourceControl: Info Source control is disabled
[2015.09.27-06.24.31:122][  0]SourceControl: Info Source control is disabled
[2015.09.27-06.24.31:344][  0]SourceControl: Info Source control is disabled
[2015.09.27-06.24.32:739][  0]LogLinker:Warning: Asset '../../../Engine/Plugins/Runtime/LeapMotionController/Content/LM_PassthroughMaterial.uasset' has been saved with empty engine version. The asset will be loaded but may be incompatible.
[2015.09.27-06.24.33:052][  0]LogObj: 28380 objects as part of root set at end of initial load.
[2015.09.27-06.24.33:053][  0]LogUObjectAllocator: 6044392 out of 0 bytes used by permanent object pool.
[2015.09.27-06.24.33:260][  0]LogEngine: Initializing Engine...
[2015.09.27-06.24.33:312][  0]LogHMD: Can't find Oculus library dev build: is proper Runtime installed? Version: 0.7.0.0
[2015.09.27-06.24.33:365][  0]LogHMD: SteamVR failed to initialize.  Err: 110
[2015.09.27-06.24.34:256][  0]LogAIModule: Creating AISystem for world NewWorld
[2015.09.27-06.24.34:276][  0]LogInit: XAudio2 using 'Speakers (Realtek High Definition Audio)' : 2 channels at 48 kHz using 32 bits per sample (channel mask 0x3)
[2015.09.27-06.24.34:456][  0]LogInit: FAudioDevice initialized.
[2015.09.27-06.24.34:478][  0]LogDerivedDataCache: Saved boot cache 0.02s 41MB C:/Users/Jesse/AppData/Local/UnrealEngine/4.9/DerivedDataCache/Boot.ddc.
[2015.09.27-06.24.34:481][  0]LogInit: Texture streaming: Enabled
[2015.09.27-06.24.34:487][  0]LogAnalytics: Creating configured Analytics provider AnalyticsET
[2015.09.27-06.24.34:487][  0]LogAnalytics: [UEEditor.Rocket.Release] APIServer = http://et2.epicgames.com/ET2/. AppVersion = 4.9.1-2689999+++depot+UE4-Releases+4.9
[2015.09.27-06.24.34:487][  0]LogAnalytics: [UEEditor.Rocket.Release] SetUserId bde184f9425f135229c5dbbb428340e3|3b8075bc1ed94341b886f5e4c6e1b23d|8e16a760-2030-4f56-a98c-f31bd1df95e0
[2015.09.27-06.24.34:487][  0]LogAnalytics: [UEEditor.Rocket.Release] AnalyticsET::StartSession
[2015.09.27-06.24.34:613][  0]LogInit: Transaction tracking system initialized
[2015.09.27-06.24.34:804][  0]BlueprintLog: New page: Editor Load
[2015.09.27-06.24.36:651][  0]LocalizationService: Info Localization service is disabled
[2015.09.27-06.24.38:004][  0]LogConsoleResponse:Display: 
[2015.09.27-06.24.41:454][  0]LogCook:Display: Done creating registry. It took  0.00s.
[2015.09.27-06.24.41:982][  0]SourceControl: Info Source control is disabled
[2015.09.27-06.24.41:982][  0]Cmd: MAP LOAD FILE="../../../../../../Users/Jesse/Desktop/Unreal/MyRTS_TropicoStyle 4.9/Content/TopDownBP/Maps/TopDownExampleMap.umap" TEMPLATE=0 SHOWPROGRESS=1 FEATURELEVEL=3
[2015.09.27-06.24.41:986][  0]LightingResults: New page: Lighting Build
[2015.09.27-06.24.41:992][  0]MapCheck: New page: Map Check
[2015.09.27-06.24.41:992][  0]LightingResults: New page: Lighting Build
[2015.09.27-06.24.42:013][  0]LogParticles: Destroying 0 GPU particle simulations for FXSystem 0x000000D7CA623CE0
[2015.09.27-06.24.44:506][  0]LogLinker:Warning: CreateExport: Failed to load Parent for Function /Game/TopDownBP/Blueprints/Buildings/Commercial/Restaurant_BP.Restaurant_BP_C:UserConstructionScript; removing parent information, but keeping function
[2015.09.27-06.24.59:149][  0]LogAIModule: Creating AISystem for world TopDownExampleMap
[2015.09.27-06.25.03:572][  0]LogEditorServer: Finished looking for orphan Actors (0.000 secs)
[2015.09.27-06.25.03:583][  0]Cmd: MAP CHECKDEP NOCLEARLOG
[2015.09.27-06.25.03:701][  0]MapCheck: Info Map check complete: 0 Error(s), 0 Warning(s), took 117.65ms to complete.
[2015.09.27-06.25.03:701][  0]LogFileHelpers: Loading map 'TopDownExampleMap' took 21.719
[2015.09.27-06.25.03:986][  0]LogCollectionManager: Loaded 0 collections in 0.002509 seconds
[2015.09.27-06.25.04:037][  0]LogFileCache: Scanning file cache for directory 'C:/Users/Jesse/Desktop/Unreal/MyRTS_TropicoStyle 4.9/Saved/Collections/' took 0.01s
[2015.09.27-06.25.04:037][  0]LogFileCache: Scanning file cache for directory 'C:/Users/Jesse/Desktop/Unreal/MyRTS_TropicoStyle 4.9/Content/Developers/Jesse/Collections/' took 0.01s
[2015.09.27-06.25.04:037][  0]LogFileCache: Scanning file cache for directory 'C:/Users/Jesse/Desktop/Unreal/MyRTS_TropicoStyle 4.9/Content/Collections/' took 0.01s
[2015.09.27-06.25.04:037][  0]LogContentBrowser: Native class hierarchy populated in 0.0164 seconds. Added 1874 classes and 335 folders.
[2015.09.27-06.25.04:049][  0]LogCollectionManager: Rebuilt the GUID cache for 0 collections in 0.000003 seconds
[2015.09.27-06.25.04:057][  0]LogContentBrowser: Native class hierarchy updated for 'WidgetCarousel' in 0.0004 seconds. Added 0 classes and 0 folders.
[2015.09.27-06.25.05:991][  0]LogContentBrowser: Native class hierarchy updated for 'AddContentDialog' in 0.0004 seconds. Added 0 classes and 0 folders.
[2015.09.27-06.25.06:002][  0]LogContentBrowser: Native class hierarchy updated for 'SceneOutliner' in 0.0004 seconds. Added 1 classes and 2 folders.
[2015.09.27-06.25.06:096][  0]LogCrashTracker: Crashtracker disabled due to settings.
[2015.09.27-06.25.06:101][  0]LogUObjectGlobals:Warning: Failed to find object 'Class None.'
[2015.09.27-06.25.06:123][  0]LogLoad: Full Startup: 67.60 seconds (BP compile: 2.00 seconds)
[2015.09.27-06.25.06:796][  0]LogContentStreaming: Texture pool size now 1000 MB
[2015.09.27-06.25.06:971][  0]LogRenderer: Reallocating scene render targets to support 1208x600 (Frame:2).
[2015.09.27-06.25.07:062][  1]Cmd: UpdateLandscapeEditorData -warnings
[2015.09.27-06.25.08:349][  3]LogContentBrowser: Native class hierarchy updated for 'BlueprintGraph' in 0.0013 seconds. Added 107 classes and 0 folders.
[2015.09.27-06.25.12:016][  3]LogScript:Warning: Accessed None 'Camera_Pawn'
	CameraPawnController_C /Engine/Transient.World_7:PersistentLevel.CameraPawnController_C_0
	Function /Game/TopDownBP/Blueprints/CameraPawnController.CameraPawnController_C:ExecuteUbergraph_CameraPawnController:21B9
[2015.09.27-06.25.12:017][  3]LogScript:Warning: Accessed None 'Camera_Pawn'
	CameraPawnController_C /Engine/Transient.World_7:PersistentLevel.CameraPawnController_C_0
	Function /Game/TopDownBP/Blueprints/CameraPawnController.CameraPawnController_C:MovementSpeedCalculation:0028
[2015.09.27-06.25.12:017][  3]LogScript:Warning: Accessed None
	CameraPawnController_C /Engine/Transient.World_7:PersistentLevel.CameraPawnController_C_0
	Function /Game/TopDownBP/Blueprints/CameraPawnController.CameraPawnController_C:MovementSpeedCalculation:003D
[2015.09.27-06.25.12:017][  3]LogScript:Warning: Accessed None 'Camera_Pawn'
	CameraPawnController_C /Engine/Transient.World_7:PersistentLevel.CameraPawnController_C_0
	Function /Game/TopDownBP/Blueprints/CameraPawnController.CameraPawnController_C:ExecuteUbergraph_CameraPawnController:240D
[2015.09.27-06.25.12:017][  3]LogScript:Warning: Accessed None 'Camera_Pawn'
	CameraPawnController_C /Engine/Transient.World_7:PersistentLevel.CameraPawnController_C_0
	Function /Game/TopDownBP/Blueprints/CameraPawnController.CameraPawnController_C:ExecuteUbergraph_CameraPawnController:1A43
[2015.09.27-06.25.12:017][  3]LogScript:Warning: Accessed None 'Camera_Pawn'
	CameraPawnController_C /Engine/Transient.World_7:PersistentLevel.CameraPawnController_C_0
	Function /Game/TopDownBP/Blueprints/CameraPawnController.CameraPawnController_C:MovementSpeedCalculation:0028
[2015.09.27-06.25.12:017][  3]LogScript:Warning: Accessed None
	CameraPawnController_C /Engine/Transient.World_7:PersistentLevel.CameraPawnController_C_0
	Function /Game/TopDownBP/Blueprints/CameraPawnController.CameraPawnController_C:MovementSpeedCalculation:003D
[2015.09.27-06.25.12:017][  3]LogScript:Warning: Accessed None 'Camera_Pawn'
	CameraPawnController_C /Engine/Transient.World_7:PersistentLevel.CameraPawnController_C_0
	Function /Game/TopDownBP/Blueprints/CameraPawnController.CameraPawnController_C:ExecuteUbergraph_CameraPawnController:1BD1
[2015.09.27-06.25.12:017][  3]LogScript:Warning: Accessed None 'Camera_Pawn'
	CameraPawnController_C /Engine/Transient.World_7:PersistentLevel.CameraPawnController_C_0
	Function /Game/TopDownBP/Blueprints/CameraPawnController.CameraPawnController_C:ExecuteUbergraph_CameraPawnController:0AEB
[2015.09.27-06.25.12:017][  3]LogScript:Warning: Accessed None 'Camera_Pawn'
	CameraPawnController_C /Engine/Transient.World_7:PersistentLevel.CameraPawnController_C_0
	Function /Game/TopDownBP/Blueprints/CameraPawnController.CameraPawnController_C:ExecuteUbergraph_CameraPawnController:0AEB
[2015.09.27-06.25.12:351][  4]LogScript:Warning: Accessed None 'Camera_Pawn'
	CameraPawnController_C /Engine/Transient.World_7:PersistentLevel.CameraPawnController_C_0
	Function /Game/TopDownBP/Blueprints/CameraPawnController.CameraPawnController_C:ExecuteUbergraph_CameraPawnController:21B9
[2015.09.27-06.25.12:351][  4]LogScript:Warning: Accessed None 'Camera_Pawn'
	CameraPawnController_C /Engine/Transient.World_7:PersistentLevel.CameraPawnController_C_0
	Function /Game/TopDownBP/Blueprints/CameraPawnController.CameraPawnController_C:MovementSpeedCalculation:0028
[2015.09.27-06.25.12:351][  4]LogScript:Warning: Accessed None
	CameraPawnController_C /Engine/Transient.World_7:PersistentLevel.CameraPawnController_C_0
	Function /Game/TopDownBP/Blueprints/CameraPawnController.CameraPawnController_C:MovementSpeedCalculation:003D
[2015.09.27-06.25.12:351][  4]LogScript:Warning: Accessed None 'Camera_Pawn'
	CameraPawnController_C /Engine/Transient.World_7:PersistentLevel.CameraPawnController_C_0
	Function /Game/TopDownBP/Blueprints/CameraPawnController.CameraPawnController_C:ExecuteUbergraph_CameraPawnController:240D
[2015.09.27-06.25.12:351][  4]LogScript:Warning: Accessed None 'Camera_Pawn'
	CameraPawnController_C /Engine/Transient.World_7:PersistentLevel.CameraPawnController_C_0
	Function /Game/TopDownBP/Blueprints/CameraPawnController.CameraPawnController_C:ExecuteUbergraph_CameraPawnController:1A43
[2015.09.27-06.25.12:351][  4]LogScript:Warning: Accessed None 'Camera_Pawn'
	CameraPawnController_C /Engine/Transient.World_7:PersistentLevel.CameraPawnController_C_0
	Function /Game/TopDownBP/Blueprints/CameraPawnController.CameraPawnController_C:MovementSpeedCalculation:0028
[2015.09.27-06.25.12:351][  4]LogScript:Warning: Accessed None
	CameraPawnController_C /Engine/Transient.World_7:PersistentLevel.CameraPawnController_C_0
	Function /Game/TopDownBP/Blueprints/CameraPawnController.CameraPawnController_C:MovementSpeedCalculation:003D
[2015.09.27-06.25.24:948][ 42]LogAssetRegistry: Asset discovery search completed in 55.2667 seconds
[2015.09.27-06.25.24:948][ 42]LogCollectionManager: Rebuilt the object cache for 0 collections in 0.000001 seconds (found 0 objects)
[2015.09.27-06.25.24:948][ 42]LogCollectionManager: Fixed up redirectors for 0 collections in 0.000070 seconds (updated 0 objects)
[2015.09.27-06.43.02:213][314]BlueprintLog: New page: Compile ConstructionManager_BP
[2015.09.27-06.43.02:464][314]LogActorComponent: UnregisterComponent: (/Engine/Transient.CharMoveComp) Not registered. Aborting.
[2015.09.27-06.43.02:715][314]BlueprintEditorCompileResults: Info [1144.19] Compile of ConstructionManager_BP successful! [in 500 ms]
[2015.09.27-06.43.03:885][391]LogSavePackage: Save=352.771729ms
[2015.09.27-06.43.03:885][391]LogSavePackage: Moving '../../../../../../Users/Jesse/Desktop/Unreal/MyRTS_TropicoStyle 4.9/Saved/ConstructionManager_BP0267CA4F4208E7902670FCB3CD4AB1CF.tmp' to '../../../../../../Users/Jesse/Desktop/Unreal/MyRTS_TropicoStyle 4.9/Content/TopDownBP/Blueprints/Construction/ConstructionManager_BP.uasset'
[2015.09.27-06.43.03:891][391]LogSavePackage: Total save time: 428.259443ms
[2015.09.27-06.43.03:891][391]LogSavePackage:Warning: Finished SavePackage ../../../../../../Users/Jesse/Desktop/Unreal/MyRTS_TropicoStyle 4.9/Content/TopDownBP/Blueprints/Construction/ConstructionManager_BP.uasset
[2015.09.27-08.05.20:484][935]LogSavePackage: Save=96.282928ms
[2015.09.27-08.05.20:484][935]LogSavePackage: Moving '../../../../../../Users/Jesse/Desktop/Unreal/MyRTS_TropicoStyle 4.9/Saved/ConstructionOffice_BPAB61D03948E55547CE7E22A6EBF23A0B.tmp' to '../../../../../../Users/Jesse/Desktop/Unreal/MyRTS_TropicoStyle 4.9/Content/TopDownBP/Blueprints/Buildings/Commercial/ConstructionOffice_BP.uasset'
[2015.09.27-08.05.20:488][935]LogSavePackage: Total save time: 126.335580ms
[2015.09.27-08.05.20:488][935]LogSavePackage:Warning: Finished SavePackage ../../../../../../Users/Jesse/Desktop/Unreal/MyRTS_TropicoStyle 4.9/Content/TopDownBP/Blueprints/Buildings/Commercial/ConstructionOffice_BP.uasset
[2015.09.27-08.14.12:991][466]LogBlueprintUserMessages: CustomizeDetails for Blueprint 'ConstructionProxy_BP', cached variable property's owner is '/Game/TopDownBP/Blueprints/Construction/ConstructionProxy_BP.SKEL_ConstructionProxy_BP_C'
[2015.09.27-08.14.19:703][261]LogBlueprintUserMessages: CustomizeDetails for Blueprint 'ConstructionProxy_BP', cached variable property's owner is '/Game/TopDownBP/Blueprints/Construction/ConstructionProxy_BP.SKEL_ConstructionProxy_BP_C'
[2015.09.27-08.14.30:844][567]LogBlueprintUserMessages: PostEditorRefresh for Blueprint 'ConstructionProxy_BP', cached variable property's owner is '/Game/TopDownBP/Blueprints/Construction/ConstructionProxy_BP.SKEL_ConstructionProxy_BP_C'
[2015.09.27-08.14.30:887][567]LogBlueprintUserMessages: PostEditorRefresh for Blueprint 'ConstructionProxy_BP', cached variable property's owner is '/Game/TopDownBP/Blueprints/Construction/ConstructionProxy_BP.SKEL_ConstructionProxy_BP_C'
[2015.09.27-08.14.30:927][567]LogBlueprintUserMessages: PostEditorRefresh for Blueprint 'ConstructionProxy_BP', cached variable property's owner is '/Game/TopDownBP/Blueprints/Construction/ConstructionProxy_BP.SKEL_ConstructionProxy_BP_C'
[2015.09.27-08.14.30:964][567]LogBlueprintUserMessages: CustomizeDetails for Blueprint 'ConstructionProxy_BP', cached variable property's owner is '/Game/TopDownBP/Blueprints/Construction/ConstructionProxy_BP.SKEL_ConstructionProxy_BP_C'
[2015.09.27-08.14.33:116][821]BlueprintLog: New page: Compile ConstructionProxy_BP
[2015.09.27-08.14.33:879][821]LogBlueprintUserMessages: PostEditorRefresh for Blueprint 'ConstructionProxy_BP', cached variable property's owner is '/Game/TopDownBP/Blueprints/Construction/ConstructionProxy_BP.SKEL_ConstructionProxy_BP_C'
[2015.09.27-08.14.34:025][821]LogBlueprintUserMessages: PostEditorRefresh for Blueprint 'ConstructionProxy_BP', cached variable property's owner is '/Game/TopDownBP/Blueprints/Construction/ConstructionProxy_BP.SKEL_ConstructionProxy_BP_C'
[2015.09.27-08.14.34:030][821]BlueprintEditorCompileResults: Info [6635.51] Compile of ConstructionProxy_BP successful! [in 914 ms]
[2015.09.27-08.14.34:073][821]LogBlueprintUserMessages: CustomizeDetails for Blueprint 'ConstructionProxy_BP', cached variable property's owner is '/Game/TopDownBP/Blueprints/Construction/ConstructionProxy_BP.SKEL_ConstructionProxy_BP_C'
[2015.09.27-08.14.35:040][864]LogSavePackage: Save=470.702637ms
[2015.09.27-08.14.35:040][864]LogSavePackage: Moving '../../../../../../Users/Jesse/Desktop/Unreal/MyRTS_TropicoStyle 4.9/Saved/ConstructionProxy_BPCFE5EA1E4894AA628F2AE991A1B568DF.tmp' to '../../../../../../Users/Jesse/Desktop/Unreal/MyRTS_TropicoStyle 4.9/Content/TopDownBP/Blueprints/Construction/ConstructionProxy_BP.uasset'
[2015.09.27-08.14.35:044][864]LogSavePackage: Total save time: 503.206331ms
[2015.09.27-08.14.35:044][864]LogSavePackage:Warning: Finished SavePackage ../../../../../../Users/Jesse/Desktop/Unreal/MyRTS_TropicoStyle 4.9/Content/TopDownBP/Blueprints/Construction/ConstructionProxy_BP.uasset
[2015.09.27-08.25.52:120][955]LogBlueprintUserMessages: CustomizeDetails for Blueprint 'ConstructionManager_BP', cached variable property's owner is '/Game/TopDownBP/Blueprints/Construction/ConstructionProxy_BP.ConstructionProxy_BP_C'
[2015.09.27-08.26.06:939][647]LogBlueprintUserMessages: CustomizeDetails for Blueprint 'ConstructionManager_BP', cached variable property's owner is '/Game/TopDownBP/Blueprints/Construction/ConstructionManager_BP.SKEL_ConstructionManager_BP_C'
[2015.09.27-08.26.08:425][814]LogBlueprintUserMessages: CustomizeDetails for Blueprint 'ConstructionManager_BP', cached variable property's owner is '/Game/TopDownBP/Blueprints/Construction/ConstructionManager_BP.SKEL_ConstructionManager_BP_C'
[2015.09.27-08.26.24:033][619]LogBlueprintUserMessages: CustomizeDetails for Blueprint 'ConstructionManager_BP', cached variable property's owner is '/Game/TopDownBP/Blueprints/Construction/ConstructionManager_BP.SKEL_ConstructionManager_BP_C'
[2015.09.27-08.26.26:653][921]LogBlueprintUserMessages: CustomizeDetails for Blueprint 'ConstructionManager_BP', cached variable property's owner is '/Game/TopDownBP/Blueprints/Construction/ConstructionManager_BP.SKEL_ConstructionManager_BP_C'
[2015.09.27-08.26.29:540][257]LogBlueprintUserMessages: CustomizeDetails for Blueprint 'ConstructionManager_BP', cached variable property's owner is '/Game/TopDownBP/Blueprints/Construction/ConstructionManager_BP.SKEL_ConstructionManager_BP_C'
[2015.09.27-08.26.45:825][123]LogBlueprintUserMessages: CustomizeDetails for Blueprint 'ConstructionManager_BP', cached variable property's owner is '/Game/TopDownBP/Blueprints/Construction/ConstructionManager_BP.SKEL_ConstructionManager_BP_C'
[2015.09.27-08.26.48:001][371]LogProperty:Warning: ObjectProperty /Script/Engine.EdGraphPin:LinkedTo.LinkedTo: unresolved reference to 'EdGraphPin'K2Node_VariableGet_1480.EdGraphPin_74792''
[2015.09.27-08.27.04:347][238]LogBlueprintUserMessages: CustomizeDetails for Blueprint 'ConstructionManager_BP', cached variable property's owner is '/Game/TopDownBP/Blueprints/Construction/ConstructionProxy_BP.ConstructionProxy_BP_C'
[2015.09.27-08.27.07:422][557]LogBlueprintUserMessages: CustomizeDetails for Blueprint 'ConstructionManager_BP', cached variable property's owner is '/Game/TopDownBP/Blueprints/Construction/ConstructionManager_BP.SKEL_ConstructionManager_BP_C'
[2015.09.27-08.27.43:164][575]BlueprintLog: New page: Compile ConstructionManager_BP
[2015.09.27-08.27.43:474][575]LogBlueprintUserMessages: PostEditorRefresh for Blueprint 'ConstructionManager_BP', cached variable property's owner is '/Game/TopDownBP/Blueprints/Construction/ConstructionManager_BP.SKEL_ConstructionManager_BP_C'
[2015.09.27-08.27.43:478][575]BlueprintEditorCompileResults: Info [7424.96] Compile of ConstructionManager_BP successful! [in 313 ms]
[2015.09.27-08.27.43:505][575]LogBlueprintUserMessages: CustomizeDetails for Blueprint 'ConstructionManager_BP', cached variable property's owner is '/Game/TopDownBP/Blueprints/Construction/ConstructionManager_BP.SKEL_ConstructionManager_BP_C'
[2015.09.27-08.27.44:395][619]LogSavePackage: Save=374.276642ms
[2015.09.27-08.27.44:395][619]LogSavePackage: Moving '../../../../../../Users/Jesse/Desktop/Unreal/MyRTS_TropicoStyle 4.9/Saved/ConstructionManager_BPE4AA547E4BEAEA293020158937583F25.tmp' to '../../../../../../Users/Jesse/Desktop/Unreal/MyRTS_TropicoStyle 4.9/Content/TopDownBP/Blueprints/Construction/ConstructionManager_BP.uasset'
[2015.09.27-08.27.44:399][619]LogSavePackage: Total save time: 408.267885ms
[2015.09.27-08.27.44:399][619]LogSavePackage:Warning: Finished SavePackage ../../../../../../Users/Jesse/Desktop/Unreal/MyRTS_TropicoStyle 4.9/Content/TopDownBP/Blueprints/Construction/ConstructionManager_BP.uasset
[2015.09.27-08.28.12:873][958]LogBlueprintUserMessages: CustomizeDetails for Blueprint 'ConstructionManager_BP', cached variable property's owner is '/Game/TopDownBP/Blueprints/Construction/ConstructionManager_BP.SKEL_ConstructionManager_BP_C'
[2015.09.27-08.28.24:821][297]LogBlueprintUserMessages: CustomizeDetails for Blueprint 'ConstructionManager_BP', cached variable property's owner is '/Game/TopDownBP/Blueprints/Construction/ConstructionProxy_BP.ConstructionProxy_BP_C'
[2015.09.27-08.28.50:230][173]LogBlueprintUserMessages: CustomizeDetails for Blueprint 'ConstructionManager_BP', cached variable property's owner is '/Game/TopDownBP/Blueprints/Construction/ConstructionManager_BP.SKEL_ConstructionManager_BP_C'
[2015.09.27-08.29.15:493][996]LogBlueprintUserMessages: CustomizeDetails for Blueprint 'ConstructionManager_BP', cached variable property's owner is '/Game/TopDownBP/Blueprints/Construction/ConstructionManager_BP.SKEL_ConstructionManager_BP_C'
[2015.09.27-08.29.22:288][727]LogUObjectHash:Warning: Ambiguous search, could be K2Node_VariableSet /Game/TopDownBP/Blueprints/Construction/ConstructionManager_BP.ConstructionManager_BP:EdGraph_938.K2Node_VariableSet_779 or K2Node_VariableSet /Game/TopDownBP/Blueprints/Construction/ConstructionManager_BP.ConstructionManager_BP:InitialJobSearch.K2Node_VariableSet_779
[2015.09.27-08.29.22:288][727]LogUObjectHash:Warning: Ambiguous search, could be K2Node_FunctionResult /Game/TopDownBP/Blueprints/AI/NewAICharacter_BP.NewAICharacter_BP:AssignCurrentTask.K2Node_FunctionResult_8 or K2Node_FunctionResult /Game/TopDownBP/Blueprints/Construction/ConstructionManager_BP.ConstructionManager_BP:InitialJobSearch.K2Node_FunctionResult_8
[2015.09.27-08.29.22:288][727]LogUObjectHash:Warning: Ambiguous search, could be K2Node_FunctionResult /Game/TopDownBP/Blueprints/AI/NewAICharacter_BP.NewAICharacter_BP:AssignCurrentTask.K2Node_FunctionResult_8 or K2Node_FunctionResult /Game/TopDownBP/Blueprints/Construction/ConstructionManager_BP.ConstructionManager_BP:JobDelegate.K2Node_FunctionResult_8
[2015.09.27-08.29.22:289][727]LogUObjectHash:Warning: Ambiguous search, could be K2Node_FunctionResult /Game/TopDownBP/Blueprints/AI/NewAICharacter_BP.NewAICharacter_BP:AssignCurrentTask.K2Node_FunctionResult_8 or K2Node_FunctionResult /Game/TopDownBP/HUDs/Commander_HUD.Commander_HUD:SetHudClock.K2Node_FunctionResult_8
[2015.09.27-08.29.22:289][727]LogUObjectHash:Warning: Ambiguous search, could be K2Node_FunctionResult /Game/TopDownBP/Blueprints/AI/NewAICharacter_BP.NewAICharacter_BP:AssignCurrentTask.K2Node_FunctionResult_8 or K2Node_FunctionResult /Game/TopDownBP/Blueprints/Construction/ConstructionManager_BP.ConstructionManager_BP:EdGraph_938.K2Node_FunctionResult_8
[2015.09.27-08.29.22:289][727]LogUObjectHash:Warning: Ambiguous search, could be K2Node_FunctionResult /Game/TopDownBP/Blueprints/AI/NewAICharacter_BP.NewAICharacter_BP:AssignCurrentTask.K2Node_FunctionResult_8 or K2Node_FunctionResult /Game/TopDownBP/Blueprints/Construction/ConstructionManager_BP.ConstructionManager_BP:EdGraph_937.K2Node_FunctionResult_8
[2015.09.27-08.29.22:289][727]LogUObjectHash:Warning: Ambiguous search, could be K2Node_VariableSet /Game/TopDownBP/Blueprints/Construction/ConstructionManager_BP.ConstructionManager_BP:EdGraph_938.K2Node_VariableSet_779 or K2Node_VariableSet /Game/TopDownBP/Blueprints/Construction/ConstructionManager_BP.ConstructionManager_BP:InitialJobSearch.K2Node_VariableSet_779
[2015.09.27-08.29.22:289][727]LogUObjectHash:Warning: Ambiguous search, could be K2Node_Knot /Game/TopDownBP/Blueprints/Construction/ConstructionManager_BP.ConstructionManager_BP:InitialJobSearch.K2Node_Knot_744 or K2Node_Knot /Game/TopDownBP/Blueprints/Construction/ConstructionManager_BP.ConstructionManager_BP:EdGraph_938.K2Node_Knot_744
[2015.09.27-08.29.22:289][727]LogUObjectHash:Warning: Ambiguous search, could be K2Node_VariableSet /Game/TopDownBP/Blueprints/Construction/ConstructionManager_BP.ConstructionManager_BP:EdGraph_938.K2Node_VariableSet_779 or K2Node_VariableSet /Game/TopDownBP/Blueprints/Construction/ConstructionManager_BP.ConstructionManager_BP:InitialJobSearch.K2Node_VariableSet_779
[2015.09.27-08.29.22:289][727]LogUObjectHash:Warning: Ambiguous search, could be K2Node_Knot /Game/TopDownBP/Blueprints/Construction/ConstructionManager_BP.ConstructionManager_BP:InitialJobSearch.K2Node_Knot_744 or K2Node_Knot /Game/TopDownBP/Blueprints/Construction/ConstructionManager_BP.ConstructionManager_BP:EdGraph_938.K2Node_Knot_744
[2015.09.27-08.29.53:610][ 73]LogSavePackage: Save=373.911194ms
[2015.09.27-08.29.53:610][ 73]LogSavePackage: Moving '../../../../../../Users/Jesse/Desktop/Unreal/MyRTS_TropicoStyle 4.9/Saved/ConstructionManager_BP48C691374D6A4BAFB39F27ADAD988346.tmp' to '../../../../../../Users/Jesse/Desktop/Unreal/MyRTS_TropicoStyle 4.9/Content/TopDownBP/Blueprints/Construction/ConstructionManager_BP.uasset'
[2015.09.27-08.29.53:619][ 73]LogSavePackage: Total save time: 414.049204ms
[2015.09.27-08.29.53:619][ 73]LogSavePackage:Warning: Finished SavePackage ../../../../../../Users/Jesse/Desktop/Unreal/MyRTS_TropicoStyle 4.9/Content/TopDownBP/Blueprints/Construction/ConstructionManager_BP.uasset
[2015.09.27-08.29.54:166][125]BlueprintLog: New page: Compile ConstructionManager_BP
[2015.09.27-08.29.54:472][125]BlueprintEditorCompileResults: Info [7555.95] Compile of ConstructionManager_BP successful! [in 305 ms]
[2015.09.27-08.29.55:826][208]LogSavePackage: Save=362.333954ms
[2015.09.27-08.29.55:826][208]LogSavePackage: Moving '../../../../../../Users/Jesse/Desktop/Unreal/MyRTS_TropicoStyle 4.9/Saved/ConstructionManager_BP0B27D59F438B336237407F8DC73450B3.tmp' to '../../../../../../Users/Jesse/Desktop/Unreal/MyRTS_TropicoStyle 4.9/Content/TopDownBP/Blueprints/Construction/ConstructionManager_BP.uasset'
[2015.09.27-08.29.55:829][208]LogSavePackage: Total save time: 389.790621ms
[2015.09.27-08.29.55:829][208]LogSavePackage:Warning: Finished SavePackage ../../../../../../Users/Jesse/Desktop/Unreal/MyRTS_TropicoStyle 4.9/Content/TopDownBP/Blueprints/Construction/ConstructionManager_BP.uasset
[2015.09.27-08.40.48:784][502]LogUObjectHash:Warning: Ambiguous search, could be K2Node_VariableSet /Game/TopDownBP/Blueprints/Construction/ConstructionManager_BP.ConstructionManager_BP:EdGraph_947.K2Node_VariableSet_779 or K2Node_VariableSet /Game/TopDownBP/Blueprints/Construction/ConstructionManager_BP.ConstructionManager_BP:EdGraph_938.K2Node_VariableSet_779
[2015.09.27-08.40.48:784][502]LogUObjectHash:Warning: Ambiguous search, could be K2Node_VariableSet /Game/TopDownBP/Blueprints/Construction/ConstructionManager_BP.ConstructionManager_BP:EdGraph_947.K2Node_VariableSet_779 or K2Node_VariableSet /Game/TopDownBP/Blueprints/Construction/ConstructionManager_BP.ConstructionManager_BP:InitialJobSearch.K2Node_VariableSet_779
[2015.09.27-08.40.48:784][502]LogUObjectHash:Warning: Ambiguous search, could be K2Node_FunctionResult /Game/TopDownBP/Blueprints/AI/NewAICharacter_BP.NewAICharacter_BP:AssignCurrentTask.K2Node_FunctionResult_8 or K2Node_FunctionResult /Game/TopDownBP/Blueprints/Construction/ConstructionManager_BP.ConstructionManager_BP:InitialJobSearch.K2Node_FunctionResult_8
[2015.09.27-08.40.48:784][502]LogUObjectHash:Warning: Ambiguous search, could be K2Node_FunctionResult /Game/TopDownBP/Blueprints/AI/NewAICharacter_BP.NewAICharacter_BP:AssignCurrentTask.K2Node_FunctionResult_8 or K2Node_FunctionResult /Game/TopDownBP/Blueprints/Construction/ConstructionManager_BP.ConstructionManager_BP:JobDelegate.K2Node_FunctionResult_8
[2015.09.27-08.40.48:784][502]LogUObjectHash:Warning: Ambiguous search, could be K2Node_FunctionResult /Game/TopDownBP/Blueprints/AI/NewAICharacter_BP.NewAICharacter_BP:AssignCurrentTask.K2Node_FunctionResult_8 or K2Node_FunctionResult /Game/TopDownBP/HUDs/Commander_HUD.Commander_HUD:SetHudClock.K2Node_FunctionResult_8
[2015.09.27-08.40.48:784][502]LogUObjectHash:Warning: Ambiguous search, could be K2Node_FunctionResult /Game/TopDownBP/Blueprints/AI/NewAICharacter_BP.NewAICharacter_BP:AssignCurrentTask.K2Node_FunctionResult_8 or K2Node_FunctionResult /Game/TopDownBP/Blueprints/Construction/ConstructionManager_BP.ConstructionManager_BP:EdGraph_947.K2Node_FunctionResult_8
[2015.09.27-08.40.48:784][502]LogUObjectHash:Warning: Ambiguous search, could be K2Node_FunctionResult /Game/TopDownBP/Blueprints/AI/NewAICharacter_BP.NewAICharacter_BP:AssignCurrentTask.K2Node_FunctionResult_8 or K2Node_FunctionResult /Game/TopDownBP/Blueprints/Construction/ConstructionManager_BP.ConstructionManager_BP:EdGraph_946.K2Node_FunctionResult_8
[2015.09.27-08.40.48:785][502]LogUObjectHash:Warning: Ambiguous search, could be K2Node_FunctionResult /Game/TopDownBP/Blueprints/AI/NewAICharacter_BP.NewAICharacter_BP:AssignCurrentTask.K2Node_FunctionResult_8 or K2Node_FunctionResult /Game/TopDownBP/Blueprints/Construction/ConstructionManager_BP.ConstructionManager_BP:EdGraph_938.K2Node_FunctionResult_8
[2015.09.27-08.40.48:785][502]LogUObjectHash:Warning: Ambiguous search, could be K2Node_FunctionResult /Game/TopDownBP/Blueprints/AI/NewAICharacter_BP.NewAICharacter_BP:AssignCurrentTask.K2Node_FunctionResult_8 or K2Node_FunctionResult /Game/TopDownBP/Blueprints/Construction/ConstructionManager_BP.ConstructionManager_BP:EdGraph_937.K2Node_FunctionResult_8
[2015.09.27-08.40.48:785][502]LogUObjectHash:Warning: Ambiguous search, could be K2Node_VariableSet /Game/TopDownBP/Blueprints/Construction/ConstructionManager_BP.ConstructionManager_BP:EdGraph_947.K2Node_VariableSet_779 or K2Node_VariableSet /Game/TopDownBP/Blueprints/Construction/ConstructionManager_BP.ConstructionManager_BP:EdGraph_938.K2Node_VariableSet_779
[2015.09.27-08.40.48:785][502]LogUObjectHash:Warning: Ambiguous search, could be K2Node_VariableSet /Game/TopDownBP/Blueprints/Construction/ConstructionManager_BP.ConstructionManager_BP:EdGraph_947.K2Node_VariableSet_779 or K2Node_VariableSet /Game/TopDownBP/Blueprints/Construction/ConstructionManager_BP.ConstructionManager_BP:InitialJobSearch.K2Node_VariableSet_779
[2015.09.27-08.40.48:785][502]LogUObjectHash:Warning: Ambiguous search, could be K2Node_Knot /Game/TopDownBP/Blueprints/Construction/ConstructionManager_BP.ConstructionManager_BP:InitialJobSearch.K2Node_Knot_744 or K2Node_Knot /Game/TopDownBP/Blueprints/Construction/ConstructionManager_BP.ConstructionManager_BP:EdGraph_938.K2Node_Knot_744
[2015.09.27-08.40.48:785][502]LogUObjectHash:Warning: Ambiguous search, could be K2Node_Knot /Game/TopDownBP/Blueprints/Construction/ConstructionManager_BP.ConstructionManager_BP:InitialJobSearch.K2Node_Knot_744 or K2Node_Knot /Game/TopDownBP/Blueprints/Construction/ConstructionManager_BP.ConstructionManager_BP:EdGraph_947.K2Node_Knot_744
[2015.09.27-08.40.48:785][502]LogUObjectHash:Warning: Ambiguous search, could be K2Node_VariableSet /Game/TopDownBP/Blueprints/Construction/ConstructionManager_BP.ConstructionManager_BP:EdGraph_947.K2Node_VariableSet_779 or K2Node_VariableSet /Game/TopDownBP/Blueprints/Construction/ConstructionManager_BP.ConstructionManager_BP:EdGraph_938.K2Node_VariableSet_779
[2015.09.27-08.40.48:785][502]LogUObjectHash:Warning: Ambiguous search, could be K2Node_VariableSet /Game/TopDownBP/Blueprints/Construction/ConstructionManager_BP.ConstructionManager_BP:EdGraph_947.K2Node_VariableSet_779 or K2Node_VariableSet /Game/TopDownBP/Blueprints/Construction/ConstructionManager_BP.ConstructionManager_BP:InitialJobSearch.K2Node_VariableSet_779
[2015.09.27-08.40.48:786][502]LogUObjectHash:Warning: Ambiguous search, could be K2Node_Knot /Game/TopDownBP/Blueprints/Construction/ConstructionManager_BP.ConstructionManager_BP:InitialJobSearch.K2Node_Knot_744 or K2Node_Knot /Game/TopDownBP/Blueprints/Construction/ConstructionManager_BP.ConstructionManager_BP:EdGraph_938.K2Node_Knot_744
[2015.09.27-08.40.48:786][502]LogUObjectHash:Warning: Ambiguous search, could be K2Node_Knot /Game/TopDownBP/Blueprints/Construction/ConstructionManager_BP.ConstructionManager_BP:InitialJobSearch.K2Node_Knot_744 or K2Node_Knot /Game/TopDownBP/Blueprints/Construction/ConstructionManager_BP.ConstructionManager_BP:EdGraph_947.K2Node_Knot_744
[2015.09.27-08.41.22:798][  5]LogSavePackage: Save=412.653076ms
[2015.09.27-08.41.22:798][  5]LogSavePackage: Moving '../../../../../../Users/Jesse/Desktop/Unreal/MyRTS_TropicoStyle 4.9/Saved/ConstructionManager_BP5F2D7C7044D84A51F80352BE884563EE.tmp' to '../../../../../../Users/Jesse/Desktop/Unreal/MyRTS_TropicoStyle 4.9/Content/TopDownBP/Blueprints/Construction/ConstructionManager_BP.uasset'
[2015.09.27-08.41.22:802][  5]LogSavePackage: Total save time: 452.024765ms
[2015.09.27-08.41.22:802][  5]LogSavePackage:Warning: Finished SavePackage ../../../../../../Users/Jesse/Desktop/Unreal/MyRTS_TropicoStyle 4.9/Content/TopDownBP/Blueprints/Construction/ConstructionManager_BP.uasset
[2015.09.27-08.54.28:165][643]BlueprintLog: New page: Compile ConstructionManager_BP
[2015.09.27-08.54.28:484][643]BlueprintEditorCompileResults: Info [9029.96] Compile of ConstructionManager_BP successful! [in 318 ms]
[2015.09.27-08.54.29:382][685]LogSavePackage: Save=392.365753ms
[2015.09.27-08.54.29:382][685]LogSavePackage: Moving '../../../../../../Users/Jesse/Desktop/Unreal/MyRTS_TropicoStyle 4.9/Saved/ConstructionManager_BP03BBA34A45BF80AB63FFC0AB1E6E249C.tmp' to '../../../../../../Users/Jesse/Desktop/Unreal/MyRTS_TropicoStyle 4.9/Content/TopDownBP/Blueprints/Construction/ConstructionManager_BP.uasset'
[2015.09.27-08.54.29:386][685]LogSavePackage: Total save time: 427.068908ms
[2015.09.27-08.54.29:386][685]LogSavePackage:Warning: Finished SavePackage ../../../../../../Users/Jesse/Desktop/Unreal/MyRTS_TropicoStyle 4.9/Content/TopDownBP/Blueprints/Construction/ConstructionManager_BP.uasset
[2015.09.27-09.03.21:779][173]BlueprintLog: New page: Compile NewAICharacter_BP
[2015.09.27-09.03.22:586][173]LogBlueprintUserMessages: PostEditorRefresh for Blueprint 'ConstructionProxy_BP', cached variable property's owner is '/Game/TopDownBP/Blueprints/Construction/ConstructionProxy_BP.SKEL_ConstructionProxy_BP_C'
[2015.09.27-09.03.22:608][173]LogBlueprintUserMessages: PostEditorRefresh for Blueprint 'ConstructionProxy_BP', cached variable property's owner is '/Game/TopDownBP/Blueprints/Construction/ConstructionProxy_BP.SKEL_ConstructionProxy_BP_C'
[2015.09.27-09.03.22:784][173]BlueprintEditorCompileResults: Info [9564.26] Compile of NewAICharacter_BP successful! [in 1,004 ms]
[2015.09.27-09.03.23:729][212]LogSavePackage: Save=416.735077ms
[2015.09.27-09.03.23:729][212]LogSavePackage: Moving '../../../../../../Users/Jesse/Desktop/Unreal/MyRTS_TropicoStyle 4.9/Saved/NewAICharacter_BPAD390F5D4BAD1DA571390E93A44D90A2.tmp' to '../../../../../../Users/Jesse/Desktop/Unreal/MyRTS_TropicoStyle 4.9/Content/TopDownBP/Blueprints/AI/NewAICharacter_BP.uasset'
[2015.09.27-09.03.23:734][212]LogSavePackage: Total save time: 450.293388ms
[2015.09.27-09.03.23:735][212]LogSavePackage:Warning: Finished SavePackage ../../../../../../Users/Jesse/Desktop/Unreal/MyRTS_TropicoStyle 4.9/Content/TopDownBP/Blueprints/AI/NewAICharacter_BP.uasset
[2015.09.27-09.03.42:343][353]LogActorComponent: UnregisterComponent: (/Engine/Transient.CharMoveComp) Not registered. Aborting.
[2015.09.27-09.03.42:911][353]LogSavePackage: Save=390.282013ms
[2015.09.27-09.03.42:911][353]LogSavePackage: Moving '../../../../../../Users/Jesse/Desktop/Unreal/MyRTS_TropicoStyle 4.9/Saved/NewAICharacter_BPF8E440694F507C217E21538DE5FF0BD1.tmp' to '../../../../../../Users/Jesse/Desktop/Unreal/MyRTS_TropicoStyle 4.9/Content/TopDownBP/Blueprints/AI/NewAICharacter_BP.uasset'
[2015.09.27-09.03.42:915][353]LogSavePackage: Total save time: 420.450356ms
[2015.09.27-09.03.42:915][353]LogSavePackage:Warning: Finished SavePackage ../../../../../../Users/Jesse/Desktop/Unreal/MyRTS_TropicoStyle 4.9/Content/TopDownBP/Blueprints/AI/NewAICharacter_BP.uasset
[2015.09.27-09.03.43:679][439]BlueprintLog: New page: Compile NewAICharacter_BP
[2015.09.27-09.03.43:926][439]LogActorComponent: UnregisterComponent: (/Engine/Transient.CharMoveComp) Not registered. Aborting.
[2015.09.27-09.03.43:930][439]LogBlueprintUserMessages: PostEditorRefresh for Blueprint 'ConstructionProxy_BP', cached variable property's owner is '/Game/TopDownBP/Blueprints/Construction/ConstructionProxy_BP.SKEL_ConstructionProxy_BP_C'
[2015.09.27-09.03.44:054][439]BlueprintEditorCompileResults: Info [9585.53] Compile of NewAICharacter_BP successful! [in 374 ms]
[2015.09.27-09.05.45:514][500]LogSavePackage: Save=387.388397ms
[2015.09.27-09.05.45:514][500]LogSavePackage: Moving '../../../../../../Users/Jesse/Desktop/Unreal/MyRTS_TropicoStyle 4.9/Saved/NewAICharacter_BPC5828B5C4692E89EFEE43E9FFF498545.tmp' to '../../../../../../Users/Jesse/Desktop/Unreal/MyRTS_TropicoStyle 4.9/Content/TopDownBP/Blueprints/AI/NewAICharacter_BP.uasset'
[2015.09.27-09.05.45:522][500]LogSavePackage: Total save time: 427.656714ms
[2015.09.27-09.05.45:522][500]LogSavePackage:Warning: Finished SavePackage ../../../../../../Users/Jesse/Desktop/Unreal/MyRTS_TropicoStyle 4.9/Content/TopDownBP/Blueprints/AI/NewAICharacter_BP.uasset
[2015.09.27-09.30.21:316][685]BlueprintLog: New page: Compile NewAICharacter_BP
[2015.09.27-09.30.21:574][685]LogActorComponent: UnregisterComponent: (/Engine/Transient.CharMoveComp) Not registered. Aborting.
[2015.09.27-09.30.21:578][685]LogBlueprintUserMessages: PostEditorRefresh for Blueprint 'ConstructionProxy_BP', cached variable property's owner is '/Game/TopDownBP/Blueprints/Construction/ConstructionProxy_BP.SKEL_ConstructionProxy_BP_C'
[2015.09.27-09.30.21:698][685]BlueprintEditorCompileResults: Info [1183.18] Compile of NewAICharacter_BP successful! [in 382 ms]
[2015.09.27-09.30.22:648][736]LogSavePackage: Save=380.907928ms
[2015.09.27-09.30.22:648][736]LogSavePackage: Moving '../../../../../../Users/Jesse/Desktop/Unreal/MyRTS_TropicoStyle 4.9/Saved/NewAICharacter_BP7EAD15CA4DE0C6F0E4D3148C4066BC69.tmp' to '../../../../../../Users/Jesse/Desktop/Unreal/MyRTS_TropicoStyle 4.9/Content/TopDownBP/Blueprints/AI/NewAICharacter_BP.uasset'
[2015.09.27-09.30.22:653][736]LogSavePackage: Total save time: 416.763674ms
[2015.09.27-09.30.22:653][736]LogSavePackage:Warning: Finished SavePackage ../../../../../../Users/Jesse/Desktop/Unreal/MyRTS_TropicoStyle 4.9/Content/TopDownBP/Blueprints/AI/NewAICharacter_BP.uasset
[2015.09.27-09.30.36:956][346]LogSavePackage: Save=398.168854ms
[2015.09.27-09.30.36:956][346]LogSavePackage: Moving '../../../../../../Users/Jesse/Desktop/Unreal/MyRTS_TropicoStyle 4.9/Saved/NewAICharacter_BPB8951687409B4E091B19539E6E969EDA.tmp' to '../../../../../../Users/Jesse/Desktop/Unreal/MyRTS_TropicoStyle 4.9/Content/TopDownBP/Blueprints/AI/NewAICharacter_BP.uasset'
[2015.09.27-09.30.36:960][346]LogSavePackage: Total save time: 429.756634ms
[2015.09.27-09.30.36:960][346]LogSavePackage:Warning: Finished SavePackage ../../../../../../Users/Jesse/Desktop/Unreal/MyRTS_TropicoStyle 4.9/Content/TopDownBP/Blueprints/AI/NewAICharacter_BP.uasset
[2015.09.27-09.34.19:770][682]LogActorComponent: UnregisterComponent: (/Engine/Transient.CharMoveComp) Not registered. Aborting.
[2015.09.27-09.38.06:262][  5]BlueprintLog: New page: Compile NewAICharacter_BP
[2015.09.27-09.38.06:614][  5]LogBlueprintUserMessages: PostEditorRefresh for Blueprint 'ConstructionProxy_BP', cached variable property's owner is '/Game/TopDownBP/Blueprints/Construction/ConstructionProxy_BP.SKEL_ConstructionProxy_BP_C'
[2015.09.27-09.38.06:755][  5]BlueprintEditorCompileResults: Info [1648.23] Compile of NewAICharacter_BP successful! [in 493 ms]
[2015.09.27-09.38.07:858][ 52]LogSavePackage: Save=405.455444ms
[2015.09.27-09.38.07:858][ 52]LogSavePackage: Moving '../../../../../../Users/Jesse/Desktop/Unreal/MyRTS_TropicoStyle 4.9/Saved/NewAICharacter_BP128C655E4986D30CFFFC39A1D4A3D929.tmp' to '../../../../../../Users/Jesse/Desktop/Unreal/MyRTS_TropicoStyle 4.9/Content/TopDownBP/Blueprints/AI/NewAICharacter_BP.uasset'
[2015.09.27-09.38.07:862][ 52]LogSavePackage: Total save time: 442.093987ms
[2015.09.27-09.38.07:862][ 52]LogSavePackage:Warning: Finished SavePackage ../../../../../../Users/Jesse/Desktop/Unreal/MyRTS_TropicoStyle 4.9/Content/TopDownBP/Blueprints/AI/NewAICharacter_BP.uasset
[2015.09.27-09.38.09:890][274]LogActorComponent: UnregisterComponent: (/Engine/Transient.CharMoveComp) Not registered. Aborting.
[2015.09.27-09.38.10:356][274]LogActorComponent: UnregisterComponent: (/Engine/Transient.EditorFloorComp) Not registered. Aborting.
[2015.09.27-09.38.10:409][274]LogActorComponent: UnregisterComponent: (/Engine/Transient.EditorFloorComp) Not registered. Aborting.
[2015.09.27-09.38.10:461][274]LogActorComponent: UnregisterComponent: (/Engine/Transient.EditorFloorComp) Not registered. Aborting.
[2015.09.27-09.38.10:514][274]LogActorComponent: UnregisterComponent: (/Engine/Transient.EditorFloorComp) Not registered. Aborting.
[2015.09.27-09.38.10:568][274]LogActorComponent: UnregisterComponent: (/Engine/Transient.EditorFloorComp) Not registered. Aborting.
[2015.09.27-09.38.10:622][274]LogActorComponent: UnregisterComponent: (/Engine/Transient.EditorFloorComp) Not registered. Aborting.
[2015.09.27-09.38.11:051][275]Cmd: QUIT_EDITOR
[2015.09.27-09.38.11:257][275]LogWindowsTextInputMethodSystem:Display: IME system now deactivated.
[2015.09.27-09.38.11:392][275]LogExit: Preparing to exit.
[2015.09.27-09.38.12:248][275]LogExit: Editor shut down
[2015.09.27-09.38.12:249][275]LogExit: Transaction tracking system shut down
[2015.09.27-09.38.12:282][275]LogParticles: Destroying 0 GPU particle simulations for FXSystem 0x000000D7D81AB240
[2015.09.27-09.38.12:284][275]LogParticles: Destroying 0 GPU particle simulations for FXSystem 0x000000D7E1014860
[2015.09.27-09.38.12:284][275]LogParticles: Destroying 0 GPU particle simulations for FXSystem 0x000000D7E221F600
[2015.09.27-09.38.12:284][275]LogParticles: Destroying 0 GPU particle simulations for FXSystem 0x000000D7F0B2FCE0
[2015.09.27-09.38.12:286][275]LogParticles: Destroying 0 GPU particle simulations for FXSystem 0x000000D7F0A87380
[2015.09.27-09.38.12:286][275]LogParticles: Destroying 0 GPU particle simulations for FXSystem 0x000000D7EB44BB00
[2015.09.27-09.38.12:289][275]LogParticles: Destroying 0 GPU particle simulations for FXSystem 0x000000D7801DB1A0
[2015.09.27-09.38.12:290][275]LogParticles: Destroying 0 GPU particle simulations for FXSystem 0x000000D79562A520
[2015.09.27-09.38.12:292][275]LogParticles: Destroying 0 GPU particle simulations for FXSystem 0x000000D79A51BC40
[2015.09.27-09.38.12:293][275]LogParticles: Destroying 0 GPU particle simulations for FXSystem 0x000000D79F06B2E0
[2015.09.27-09.38.12:295][275]LogParticles: Destroying 0 GPU particle simulations for FXSystem 0x000000D7A41C6840
[2015.09.27-09.38.12:296][275]LogParticles: Destroying 0 GPU particle simulations for FXSystem 0x000000D7C2496480
[2015.09.27-09.38.12:961][275]LogExit: Object subsystem successfully closed.
[2015.09.27-09.38.13:101][275]LogD3D11RHI: Shutdown
[2015.09.27-09.38.13:101][275]LogD3D11RHI: CleanupD3DDevice
[2015.09.27-09.38.13:223][275]LogD3D11RHI: ~FD3D11DynamicRHI
[2015.09.27-09.38.13:598][275]LogModuleManager: Shutting down and abandoning module BlueprintGraph (199)
[2015.09.27-09.38.13:598][275]LogModuleManager: Shutting down and abandoning module CrashTracker (198)
[2015.09.27-09.38.13:598][275]LogModuleManager: Shutting down and abandoning module SceneOutliner (197)
[2015.09.27-09.38.13:598][275]LogModuleManager: Shutting down and abandoning module SuperSearch (196)
[2015.09.27-09.38.13:598][275]LogModuleManager: Shutting down and abandoning module WidgetCarousel (195)
[2015.09.27-09.38.13:598][275]LogModuleManager: Shutting down and abandoning module AddContentDialog (194)
[2015.09.27-09.38.13:612][275]LogModuleManager: Shutting down and abandoning module EditorWidgets (193)
[2015.09.27-09.38.13:612][275]LogModuleManager: Shutting down and abandoning module CollectionManager (192)
[2015.09.27-09.38.13:612][275]LogModuleManager: Shutting down and abandoning module StatsViewer (191)
[2015.09.27-09.38.13:618][275]LogModuleManager: Shutting down and abandoning module FoliageEdit (190)
[2015.09.27-09.38.13:618][275]LogModuleManager: Shutting down and abandoning module LandscapeEditor (189)
[2015.09.27-09.38.13:628][275]LogModuleManager: Shutting down and abandoning module ActorPickerMode (188)
[2015.09.27-09.38.13:628][275]LogModuleManager: Shutting down and abandoning module GeometryMode (187)
[2015.09.27-09.38.13:628][275]LogModuleManager: Shutting down and abandoning module TextureAlignMode (186)
[2015.09.27-09.38.13:628][275]LogModuleManager: Shutting down and abandoning module BspMode (185)
[2015.09.27-09.38.13:628][275]LogModuleManager: Shutting down and abandoning module PlacementMode (184)
[2015.09.27-09.38.13:628][275]LogModuleManager: Shutting down and abandoning module AutomationWorker (183)
[2015.09.27-09.38.13:628][275]LogModuleManager: Shutting down and abandoning module CharacterAI (182)
[2015.09.27-09.38.13:628][275]LogModuleManager: Shutting down and abandoning module SmartSnapping (181)
[2015.09.27-09.38.13:628][275]LogModuleManager: Shutting down and abandoning module ViewportSnapping (180)
[2015.09.27-09.38.13:628][275]LogModuleManager: Shutting down and abandoning module LogVisualizer (179)
[2015.09.27-09.38.13:637][275]LogModuleManager: Shutting down and abandoning module GameProjectGeneration (178)
[2015.09.27-09.38.13:645][275]LogModuleManager: Shutting down and abandoning module IntroTutorials (177)
[2015.09.27-09.38.13:658][275]LogModuleManager: Shutting down and abandoning module EditorLiveStreaming (176)
[2015.09.27-09.38.13:658][275]LogModuleManager: Shutting down and abandoning module IOSPlatformEditor (175)
[2015.09.27-09.38.13:658][275]LogModuleManager: Shutting down and abandoning module HTML5PlatformEditor (174)
[2015.09.27-09.38.13:658][275]LogModuleManager: Shutting down and abandoning module AndroidDeviceDetection (173)
[2015.09.27-09.38.13:815][275]LogModuleManager: Shutting down and abandoning module AndroidPlatformEditor (172)
[2015.09.27-09.38.13:815][275]LogModuleManager: Shutting down and abandoning module IOSRuntimeSettings (171)
[2015.09.27-09.38.13:815][275]LogModuleManager: Shutting down and abandoning module AndroidRuntimeSettings (170)
[2015.09.27-09.38.13:815][275]LogModuleManager: Shutting down and abandoning module MergeActors (169)
[2015.09.27-09.38.13:827][275]LogModuleManager: Shutting down and abandoning module SizeMap (168)
[2015.09.27-09.38.13:827][275]LogModuleManager: Shutting down and abandoning module TreeMap (167)
[2015.09.27-09.38.13:828][275]LogModuleManager: Shutting down and abandoning module ReferenceViewer (166)
[2015.09.27-09.38.13:828][275]LogModuleManager: Shutting down and abandoning module LocalizationService (165)
[2015.09.27-09.38.13:828][275]LogModuleManager: Shutting down and abandoning module LocalizationDashboard (164)
[2015.09.27-09.38.13:847][275]LogModuleManager: Shutting down and abandoning module HardwareTargeting (163)
[2015.09.27-09.38.13:847][275]LogModuleManager: Shutting down and abandoning module DeviceProfileEditor (162)
[2015.09.27-09.38.13:847][275]LogModuleManager: Shutting down and abandoning module UndoHistory (161)
[2015.09.27-09.38.13:847][275]LogModuleManager: Shutting down and abandoning module GameplayTagsEditor (160)
[2015.09.27-09.38.13:847][275]LogModuleManager: Shutting down and abandoning module UserFeedback (159)
[2015.09.27-09.38.13:847][275]LogModuleManager: Shutting down and abandoning module XmlParser (158)
[2015.09.27-09.38.13:847][275]LogModuleManager: Shutting down and abandoning module Blutility (157)
[2015.09.27-09.38.13:847][275]LogModuleManager: Shutting down and abandoning module ProjectTargetPlatformEditor (156)
[2015.09.27-09.38.13:847][275]LogModuleManager: Shutting down and abandoning module ProjectSettingsViewer (155)
[2015.09.27-09.38.13:848][275]LogModuleManager: Shutting down and abandoning module InputBindingEditor (154)
[2015.09.27-09.38.13:864][275]LogModuleManager: Shutting down and abandoning module EditorSettingsViewer (153)
[2015.09.27-09.38.13:864][275]LogModuleManager: Shutting down and abandoning module SettingsEditor (152)
[2015.09.27-09.38.13:887][275]LogModuleManager: Shutting down and abandoning module ProjectLauncher (151)
[2015.09.27-09.38.13:887][275]LogModuleManager: Shutting down and abandoning module SessionFrontend (150)
[2015.09.27-09.38.13:887][275]LogModuleManager: Shutting down and abandoning module ProfilerClient (149)
[2015.09.27-09.38.13:887][275]LogModuleManager: Shutting down and abandoning module TargetDeviceServices (148)
[2015.09.27-09.38.13:887][275]LogModuleManager: Shutting down and abandoning module DeviceManager (147)
[2015.09.27-09.38.13:887][275]LogModuleManager: Shutting down and abandoning module AutomationController (146)
[2015.09.27-09.38.13:887][275]LogModuleManager: Shutting down and abandoning module AutomationWindow (145)
[2015.09.27-09.38.13:900][275]LogModuleManager: Shutting down and abandoning module Layers (144)
[2015.09.27-09.38.13:918][275]LogModuleManager: Shutting down and abandoning module ComponentVisualizers (143)
[2015.09.27-09.38.13:918][275]LogModuleManager: Shutting down and abandoning module DetailCustomizations (142)
[2015.09.27-09.38.13:943][275]LogModuleManager: Shutting down and abandoning module PackagesDialog (141)
[2015.09.27-09.38.13:943][275]LogModuleManager: Shutting down and abandoning module Persona (140)
[2015.09.27-09.38.13:970][275]LogModuleManager: Shutting down and abandoning module Kismet (139)
[2015.09.27-09.38.13:970][275]LogModuleManager: Shutting down and abandoning module GraphEditor (138)
[2015.09.27-09.38.13:970][275]LogModuleManager: Shutting down and abandoning module ClassViewer (137)
[2015.09.27-09.38.13:982][275]LogModuleManager: Shutting down and abandoning module Toolbox (136)
[2015.09.27-09.38.13:982][275]LogModuleManager: Shutting down and abandoning module ModuleUI (135)
[2015.09.27-09.38.13:993][275]LogModuleManager: Shutting down and abandoning module MovieSceneTools (134)
[2015.09.27-09.38.13:993][275]LogModuleManager: Shutting down and abandoning module OutputLog (133)
[2015.09.27-09.38.13:993][275]LogModuleManager: Shutting down and abandoning module GammaUI (132)
[2015.09.27-09.38.14:002][275]LogModuleManager: Shutting down and abandoning module Documentation (131)
[2015.09.27-09.38.14:002][275]LogModuleManager: Shutting down and abandoning module GameLiveStreaming (130)
[2015.09.27-09.38.14:022][275]LogModuleManager: Shutting down and abandoning module StreamingPauseRendering (129)
[2015.09.27-09.38.14:022][275]LogModuleManager: Shutting down and abandoning module AnalyticsET (128)
[2015.09.27-09.38.14:022][275]LogModuleManager: Shutting down and abandoning module Analytics (127)
[2015.09.27-09.38.14:022][275]LogModuleManager: Shutting down and abandoning module AITestSuite (126)
[2015.09.27-09.38.14:022][275]LogModuleManager: Shutting down and abandoning module GameplayDebugger (125)
[2015.09.27-09.38.14:022][275]LogModuleManager: Shutting down and abandoning module AIModule (124)
[2015.09.27-09.38.14:022][275]LogModuleManager: Shutting down and abandoning module ProfilerService (123)
[2015.09.27-09.38.14:074][275]LogModuleManager: Shutting down and abandoning module TaskGraph (122)
[2015.09.27-09.38.14:083][275]LogModuleManager: Shutting down and abandoning module SlateRemote (121)
[2015.09.27-09.38.14:083][275]LogModuleManager: Shutting down and abandoning module SteamVRController (120)
[2015.09.27-09.38.14:083][275]LogModuleManager: Shutting down and abandoning module SteamVR (119)
[2015.09.27-09.38.14:083][275]LogModuleManager: Shutting down and abandoning module ProceduralMeshComponent (118)
[2015.09.27-09.38.14:083][275]LogModuleManager: Shutting down and abandoning module OculusRift (117)
[2015.09.27-09.38.14:083][275]LogModuleManager: Shutting down and abandoning module OculusLibrary (116)
[2015.09.27-09.38.14:083][275]LogModuleManager: Shutting down and abandoning module LeapMotionController (115)
[2015.09.27-09.38.14:100][275]LogModuleManager: Shutting down and abandoning module CustomMeshComponent (114)
[2015.09.27-09.38.14:100][275]LogModuleManager: Shutting down and abandoning module CableComponent (113)
[2015.09.27-09.38.14:100][275]LogModuleManager: Shutting down and abandoning module ArchVisCharacter (112)
[2015.09.27-09.38.14:100][275]LogModuleManager: Shutting down and abandoning module MessagingDebugger (111)
[2015.09.27-09.38.14:107][275]LogModuleManager: Shutting down and abandoning module MediaPlayerEditor (110)
[2015.09.27-09.38.14:107][275]LogModuleManager: Shutting down and abandoning module HTML5Networking (109)
[2015.09.27-09.38.14:107][275]LogModuleManager: Shutting down and abandoning module SpeedTreeImporter (108)
[2015.09.27-09.38.14:107][275]LogModuleManager: Shutting down and abandoning module PluginBrowser (107)
[2015.09.27-09.38.14:107][275]LogModuleManager: Shutting down and abandoning module EpicSurvey (106)
[2015.09.27-09.38.14:107][275]LogModuleManager: Shutting down and abandoning module DesktopPlatform (105)
[2015.09.27-09.38.14:107][275]LogModuleManager: Shutting down and abandoning module VisualStudioSourceCodeAccess (104)
[2015.09.27-09.38.14:107][275]LogModuleManager: Shutting down and abandoning module UObjectPlugin (103)
[2015.09.27-09.38.14:107][275]LogModuleManager: Shutting down and abandoning module SubversionSourceControl (102)
[2015.09.27-09.38.14:107][275]LogModuleManager: Shutting down and abandoning module PerforceSourceControl (101)
[2015.09.27-09.38.14:126][275]LogModuleManager: Shutting down and abandoning module SourceControl (100)
[2015.09.27-09.38.14:126][275]LogModuleManager: Shutting down and abandoning module GitSourceControl (99)
[2015.09.27-09.38.14:126][275]LogModuleManager: Shutting down and abandoning module LightPropagationVolumeEditor (98)
[2015.09.27-09.38.14:126][275]LogModuleManager: Shutting down and abandoning module PaperTiledImporter (97)
[2015.09.27-09.38.14:126][275]LogModuleManager: Shutting down and abandoning module PaperSpriteSheetImporter (96)
[2015.09.27-09.38.14:126][275]LogModuleManager: Shutting down and abandoning module MeshPaint (95)
[2015.09.27-09.38.14:126][275]LogModuleManager: Shutting down and abandoning module SlateReflector (94)
[2015.09.27-09.38.14:131][275]LogModuleManager: Shutting down and abandoning module HotReload (93)
[2015.09.27-09.38.14:131][275]LogModuleManager: Shutting down and abandoning module MainFrame (92)
[2015.09.27-09.38.14:131][275]LogModuleManager: Shutting down and abandoning module LevelEditor (91)
[2015.09.27-09.38.14:132][275]LogModuleManager: Shutting down and abandoning module DirectoryWatcher (90)
[2015.09.27-09.38.14:135][275]LogModuleManager: Shutting down and abandoning module AssetRegistry (89)
[2015.09.27-09.38.14:298][275]LogModuleManager: Shutting down and abandoning module ContentBrowser (88)
[2015.09.27-09.38.14:300][275]LogModuleManager: Shutting down and abandoning module Paper2DEditor (87)
[2015.09.27-09.38.14:311][275]LogModuleManager: Shutting down and abandoning module UdpMessaging (86)
[2015.09.27-09.38.14:412][275]LogModuleManager: Shutting down and abandoning module LightPropagationVolumeRuntime (85)
[2015.09.27-09.38.14:412][275]LogModuleManager: Shutting down and abandoning module Paper2D (84)
[2015.09.27-09.38.14:412][275]LogModuleManager: Shutting down and abandoning module WindowsMoviePlayer (83)
[2015.09.27-09.38.14:430][275]LogModuleManager: Shutting down and abandoning module Media (82)
[2015.09.27-09.38.14:430][275]LogModuleManager: Shutting down and abandoning module WmfMedia (81)
[2015.09.27-09.38.14:430][275]LogModuleManager: Shutting down and abandoning module OnlineBlueprintSupport (80)
[2015.09.27-09.38.14:430][275]LogModuleManager: Shutting down and abandoning module EnvironmentQueryEditor (79)
[2015.09.27-09.38.14:430][275]LogModuleManager: Shutting down and abandoning module GameplayTasksEditor (78)
[2015.09.27-09.38.14:430][275]LogModuleManager: Shutting down and abandoning module PropertyEditor (77)
[2015.09.27-09.38.14:431][275]LogModuleManager: Shutting down and abandoning module BehaviorTreeEditor (76)
[2015.09.27-09.38.14:450][275]LogModuleManager: Shutting down and abandoning module FunctionalTesting (75)
[2015.09.27-09.38.14:450][275]LogModuleManager: Shutting down and abandoning module CollisionAnalyzer (74)
[2015.09.27-09.38.14:453][275]LogModuleManager: Shutting down and abandoning module WorkspaceMenuStructure (73)
[2015.09.27-09.38.14:453][275]LogModuleManager: Shutting down and abandoning module MessageLog (72)
[2015.09.27-09.38.14:453][275]LogModuleManager: Shutting down and abandoning module Sequencer (71)
[2015.09.27-09.38.14:463][275]LogModuleManager: Shutting down and abandoning module AssetTools (70)
[2015.09.27-09.38.14:464][275]LogModuleManager: Shutting down and abandoning module UMGEditor (69)
[2015.09.27-09.38.14:464][275]LogModuleManager: Shutting down and abandoning module UMG (68)
[2015.09.27-09.38.14:464][275]LogModuleManager: Shutting down and abandoning module Slate (67)
[2015.09.27-09.38.14:464][275]LogModuleManager: Shutting down and abandoning module EditorStyle (66)
[2015.09.27-09.38.14:472][275]LogModuleManager: Shutting down and abandoning module SessionServices (65)
[2015.09.27-09.38.14:472][275]LogModuleManager: Shutting down and abandoning module SourceCodeAccess (64)
[2015.09.27-09.38.14:472][275]LogModuleManager: Shutting down and abandoning module HeadMountedDisplay (63)
[2015.09.27-09.38.14:472][275]LogModuleManager: Shutting down and abandoning module XAudio2 (62)
[2015.09.27-09.38.14:472][275]LogModuleManager: Shutting down and abandoning module Networking (60)
[2015.09.27-09.38.14:472][275]LogModuleManager: Shutting down and abandoning module Core (59)
[2015.09.27-09.38.14:472][275]LogModuleManager: Shutting down and abandoning module KismetCompiler (58)
[2015.09.27-09.38.14:472][275]LogModuleManager: Shutting down and abandoning module PhysXFormats (57)
[2015.09.27-09.38.14:472][275]LogModuleManager: Shutting down and abandoning module MeshUtilities (56)
[2015.09.27-09.38.14:483][275]LogModuleManager: Shutting down and abandoning module CookingStats (55)
[2015.09.27-09.38.14:486][275]LogModuleManager: Shutting down and abandoning module DerivedDataCache (54)
[2015.09.27-09.38.14:498][275]LogDerivedDataCache: Shutdown
[2015.09.27-09.38.14:498][275]LogModuleManager: Shutting down and abandoning module ShaderFormatOpenGL (53)
[2015.09.27-09.38.14:498][275]LogModuleManager: Shutting down and abandoning module ShaderFormatD3D (52)
[2015.09.27-09.38.14:514][275]LogModuleManager: Shutting down and abandoning module MetalShaderFormat (51)
[2015.09.27-09.38.14:529][275]LogModuleManager: Shutting down and abandoning module TextureFormatUncompressed (50)
[2015.09.27-09.38.14:529][275]LogModuleManager: Shutting down and abandoning module TextureFormatPVR (49)
[2015.09.27-09.38.14:529][275]LogModuleManager: Shutting down and abandoning module TextureFormatIntelISPCTexComp (48)
[2015.09.27-09.38.14:529][275]LogModuleManager: Shutting down and abandoning module TextureFormatDXT (47)
[2015.09.27-09.38.14:529][275]LogModuleManager: Shutting down and abandoning module ImageWrapper (46)
[2015.09.27-09.38.14:529][275]LogModuleManager: Shutting down and abandoning module TextureFormatASTC (45)
[2015.09.27-09.38.14:529][275]LogModuleManager: Shutting down and abandoning module TextureFormatAndroid (44)
[2015.09.27-09.38.14:529][275]LogModuleManager: Shutting down and abandoning module AudioFormatOpus (43)
[2015.09.27-09.38.14:542][275]LogModuleManager: Shutting down and abandoning module AudioFormatOgg (42)
[2015.09.27-09.38.14:542][275]LogModuleManager: Shutting down and abandoning module AudioFormatADPCM (41)
[2015.09.27-09.38.14:542][275]LogModuleManager: Shutting down and abandoning module LinuxTargetPlatform (40)
[2015.09.27-09.38.14:542][275]LogModuleManager: Shutting down and abandoning module LinuxServerTargetPlatform (39)
[2015.09.27-09.38.14:542][275]LogModuleManager: Shutting down and abandoning module LinuxNoEditorTargetPlatform (38)
[2015.09.27-09.38.14:542][275]LogModuleManager: Shutting down and abandoning module Messaging (37)
[2015.09.27-09.38.14:542][275]LogModuleManager: Shutting down and abandoning module IOSTargetPlatform (36)
[2015.09.27-09.38.14:542][275]LogModuleManager: Shutting down and abandoning module HTML5TargetPlatform (35)
[2015.09.27-09.38.14:542][275]LogModuleManager: Shutting down and abandoning module Android_PVRTCTargetPlatform (34)
[2015.09.27-09.38.14:542][275]LogModuleManager: Shutting down and abandoning module Android_ETC2TargetPlatform (33)
[2015.09.27-09.38.14:542][275]LogModuleManager: Shutting down and abandoning module Android_ETC1TargetPlatform (32)
[2015.09.27-09.38.14:542][275]LogModuleManager: Shutting down and abandoning module Android_DXTTargetPlatform (31)
[2015.09.27-09.38.14:542][275]LogModuleManager: Shutting down and abandoning module Android_ATCTargetPlatform (30)
[2015.09.27-09.38.14:542][275]LogModuleManager: Shutting down and abandoning module Android_ASTCTargetPlatform (29)
[2015.09.27-09.38.14:542][275]LogModuleManager: Shutting down and abandoning module AndroidTargetPlatform (28)
[2015.09.27-09.38.14:542][275]LogModuleManager: Shutting down and abandoning module WindowsTargetPlatform (27)
[2015.09.27-09.38.14:542][275]LogModuleManager: Shutting down and abandoning module WindowsServerTargetPlatform (26)
[2015.09.27-09.38.14:542][275]LogModuleManager: Shutting down and abandoning module WindowsNoEditorTargetPlatform (25)
[2015.09.27-09.38.14:542][275]LogModuleManager: Shutting down and abandoning module WindowsClientTargetPlatform (24)
[2015.09.27-09.38.14:542][275]LogModuleManager: Shutting down and abandoning module AllDesktopTargetPlatform (23)
[2015.09.27-09.38.14:542][275]LogModuleManager: Shutting down and abandoning module TargetPlatform (22)
[2015.09.27-09.38.14:542][275]LogModuleManager: Shutting down and abandoning module InputCore (21)
[2015.09.27-09.38.14:542][275]LogModuleManager: Shutting down and abandoning module Settings (20)
[2015.09.27-09.38.14:542][275]LogModuleManager: Shutting down and abandoning module OnlineSubsystem (18)
[2015.09.27-09.38.14:542][275]LogModuleManager: Shutting down and abandoning module HTTP (17)
[2015.09.27-09.38.16:044][275]LogModuleManager: Shutting down and abandoning module XMPP (16)
[2015.09.27-09.38.16:063][275]LogModuleManager: Shutting down and abandoning module ExampleDeviceProfileSelector (15)
[2015.09.27-09.38.16:063][275]LogModuleManager: Shutting down and abandoning module TextureCompressor (14)
[2015.09.27-09.38.16:063][275]LogModuleManager: Shutting down and abandoning module ShaderCore (13)
[2015.09.27-09.38.16:063][275]LogModuleManager: Shutting down and abandoning module Landscape (12)
[2015.09.27-09.38.16:063][275]LogModuleManager: Shutting down and abandoning module SlateRHIRenderer (11)
[2015.09.27-09.38.16:084][275]LogModuleManager: Shutting down and abandoning module OpenGLDrv (10)
[2015.09.27-09.38.16:096][275]LogModuleManager: Shutting down and abandoning module D3D11RHI (9)
[2015.09.27-09.38.16:096][275]LogModuleManager: Shutting down and abandoning module AnimGraphRuntime (8)
[2015.09.27-09.38.16:096][275]LogModuleManager: Shutting down and abandoning module Renderer (7)
[2015.09.27-09.38.16:096][275]LogModuleManager: Shutting down and abandoning module Engine (6)
[2015.09.27-09.38.16:096][275]LogModuleManager: Shutting down and abandoning module CoreUObject (5)
[2015.09.27-09.38.16:096][275]LogModuleManager: Shutting down and abandoning module NetworkFile (4)
[2015.09.27-09.38.16:113][275]LogModuleManager: Shutting down and abandoning module StreamingFile (3)
[2015.09.27-09.38.16:113][275]LogModuleManager: Shutting down and abandoning module SandboxFile (2)
[2015.09.27-09.38.16:133][275]LogModuleManager: Shutting down and abandoning module PakFile (1)
[2015.09.27-09.38.16:134][275]LogExit: Exiting.
[2015.09.27-09.38.16:178][275]Log file closed, 09/27/15 02:38:16
