[2015.09.11-00.44.08:328][  0]Log file open, 09/10/15 17:44:08
[2015.09.11-00.44.08:328][  0]LogInit:Display: Running engine for game: MyRTS_TropicoStyle
[2015.09.11-00.44.08:328][  0]LogInit:Display: RandInit(229867988) SRandInit(229867989).
[2015.09.11-00.44.08:328][  0]LogTaskGraph: Started task graph with 4 named threads and 7 total threads.
[2015.09.11-00.44.08:328][  0]LogStats: Stats thread started at 0.069300
[2015.09.11-00.44.08:328][  0]LogInit: Version: 4.9.0-2672455+++depot+UE4-Releases+4.9
[2015.09.11-00.44.08:328][  0]LogInit: API Version: 2672455
[2015.09.11-00.44.08:328][  0]LogInit: Compiled (64-bit): Aug 28 2015 12:33:01
[2015.09.11-00.44.08:328][  0]LogInit: Compiled with Visual C++: 18.00.21005.01
[2015.09.11-00.44.08:328][  0]LogInit: Build Configuration: Development
[2015.09.11-00.44.08:328][  0]LogInit: Branch Name: ++depot+UE4-Releases+4.9
[2015.09.11-00.44.08:328][  0]LogInit: Command line:  
[2015.09.11-00.44.08:328][  0]LogInit: Base directory: C:/Program Files/Epic Games/4.9/Engine/Binaries/Win64/
[2015.09.11-00.44.08:328][  0]LogInit: Rocket: 1
[2015.09.11-00.44.08:336][  0]LogInit: Using libcurl 7.41.0
[2015.09.11-00.44.08:336][  0]LogInit:  - built for x86_64-pc-win32
[2015.09.11-00.44.08:336][  0]LogInit:  - supports SSL with WinSSL
[2015.09.11-00.44.08:336][  0]LogInit:  - other features:
[2015.09.11-00.44.08:336][  0]LogInit:      CURL_VERSION_SSL
[2015.09.11-00.44.08:336][  0]LogInit:      CURL_VERSION_IPV6
[2015.09.11-00.44.08:336][  0]LogInit:      CURL_VERSION_ASYNCHDNS
[2015.09.11-00.44.08:336][  0]LogInit:      CURL_VERSION_LARGEFILE
[2015.09.11-00.44.08:336][  0]LogInit:      CURL_VERSION_IDN
[2015.09.11-00.44.08:336][  0]LogInit:  CurlRequestOptions (configurable via config and command line):
[2015.09.11-00.44.08:336][  0]LogInit:  - bVerifyPeer = true  - Libcurl will verify peer certificate
[2015.09.11-00.44.08:336][  0]LogInit:  - bUseHttpProxy = false  - Libcurl will NOT use HTTP proxy
[2015.09.11-00.44.08:336][  0]LogInit:  - bDontReuseConnections = false  - Libcurl will reuse connections
[2015.09.11-00.44.08:336][  0]LogInit:  - CertBundlePath = nullptr  - Libcurl will use whatever was configured at build time.
[2015.09.11-00.44.08:343][  0]LogInit: Presizing for 0 objects not considered by GC, pre-allocating 0 bytes.
[2015.09.11-00.44.08:351][  0]LogInit: Object subsystem initialized
[2015.09.11-00.44.08:352][  0]LogInit: Selected Device Profile: [Windows]
[2015.09.11-00.44.08:352][  0]LogInit: Applying CVar settings loaded from the selected device profile: [Windows]
[2015.09.11-00.44.08:359][  0]LogInit: Computer: JTSMITHFS111
[2015.09.11-00.44.08:359][  0]LogInit: User: jtsmith
[2015.09.11-00.44.08:359][  0]LogInit: CPU Page size=4096, Cores=4
[2015.09.11-00.44.08:359][  0]LogInit: High frequency timer resolution =3.312851 MHz
[2015.09.11-00.44.08:360][  0]LogMemory: Memory total: Physical=8.0GB (8GB approx)
[2015.09.11-00.44.08:360][  0]LogMemory: Platform Memory Stats for Windows
[2015.09.11-00.44.08:360][  0]LogMemory: Process Physical Memory: 56.47 MB used, 56.47 MB peak
[2015.09.11-00.44.08:360][  0]LogMemory: Process Virtual Memory: 58.11 MB used, 58.11 MB peak
[2015.09.11-00.44.08:360][  0]LogMemory: Physical Memory: 3860.51 MB used, 8146.45 MB total
[2015.09.11-00.44.08:360][  0]LogMemory: Virtual Memory: 340.05 MB used, 8388608.00 MB total
[2015.09.11-00.44.08:394][  0]LogTextLocalizationManager: No specific translations for ('en-US') exist, so ('en') translations will be used.
[2015.09.11-00.44.09:096][  0]LogD3D11RHI: Found D3D11 adapter 0: AMD Radeon HD 7570 (Feature Level 11_0)
[2015.09.11-00.44.09:096][  0]LogD3D11RHI: Adapter has 1008MB of dedicated video memory, 0MB of dedicated system memory, and 3817MB of shared system memory, 1 output[s]
[2015.09.11-00.44.09:096][  0]LogD3D11RHI: Chosen D3D11 Adapter Id = 0
[2015.09.11-00.44.09:110][  0]LogD3D11RHI: !Direct3DDevice
[2015.09.11-00.44.09:110][  0]LogRHI: Texture pool is 705 MB (70% of 1008 MB)
[2015.09.11-00.44.09:120][  0]LogD3D11RHI: Async texture creation disabled: no driver support
[2015.09.11-00.44.09:129][  0]LogShaderCompilers: Guid format shader working directory is 14 characters bigger than the processId version (../../../../../../Users/jtsmith/Desktop/Unreal/MyRTS_TropicoStyle 4.9/Intermediate/Shaders/WorkingDirectory/17196/).
[2015.09.11-00.44.09:129][  0]LogShaderCompilers: Cleaned the shader compiler working directory '../../../../../../Users/jtsmith/Desktop/Unreal/MyRTS_TropicoStyle 4.9/Intermediate/Shaders/tmp/C4F65512466541D85D56E284AEE553F8/'.
[2015.09.11-00.44.09:129][  0]LogShaderCompilers:Display: Using Local Shader Compiler.
[2015.09.11-00.44.10:438][  0]LogTemp:Display: Loaded TP AllDesktopTargetPlatform
[2015.09.11-00.44.10:443][  0]LogTemp:Display: Loaded TP WindowsClientTargetPlatform
[2015.09.11-00.44.10:447][  0]LogTemp:Display: Loaded TP WindowsNoEditorTargetPlatform
[2015.09.11-00.44.10:452][  0]LogTemp:Display: Loaded TP WindowsServerTargetPlatform
[2015.09.11-00.44.10:457][  0]LogTemp:Display: Loaded TP WindowsTargetPlatform
[2015.09.11-00.44.10:461][  0]LogTemp:Display: Loaded TP AndroidTargetPlatform
[2015.09.11-00.44.10:464][  0]LogTemp:Display: Loaded TP Android_ASTCTargetPlatform
[2015.09.11-00.44.10:467][  0]LogTemp:Display: Loaded TP Android_ATCTargetPlatform
[2015.09.11-00.44.10:471][  0]LogTemp:Display: Loaded TP Android_DXTTargetPlatform
[2015.09.11-00.44.10:475][  0]LogTemp:Display: Loaded TP Android_ETC1TargetPlatform
[2015.09.11-00.44.10:478][  0]LogTemp:Display: Loaded TP Android_ETC2TargetPlatform
[2015.09.11-00.44.10:482][  0]LogTemp:Display: Loaded TP Android_PVRTCTargetPlatform
[2015.09.11-00.44.10:482][  0]LogTemp:Display: Loaded TP HTML5TargetPlatform
[2015.09.11-00.44.10:499][  0]LogTemp:Display: Loaded TP IOSTargetPlatform
[2015.09.11-00.44.10:502][  0]LogTemp:Display: Loaded TP LinuxNoEditorTargetPlatform
[2015.09.11-00.44.10:505][  0]LogTemp:Display: Loaded TP LinuxServerTargetPlatform
[2015.09.11-00.44.10:509][  0]LogTemp:Display: Loaded TP LinuxTargetPlatform
[2015.09.11-00.44.10:509][  0]LogTargetPlatformManager:Display: Building Assets For Windows
[2015.09.11-00.44.10:586][  0]LogDerivedDataCache:Display: Max Cache Size: 512 MB
[2015.09.11-00.44.10:621][  0]LogDerivedDataCache: Loaded boot cache 0.03s 41MB C:/Users/jtsmith/AppData/Local/UnrealEngine/4.9/DerivedDataCache/Boot.ddc.
[2015.09.11-00.44.10:621][  0]LogDerivedDataCache:Display: Loaded Boot cache: C:/Users/jtsmith/AppData/Local/UnrealEngine/4.9/DerivedDataCache/Boot.ddc
[2015.09.11-00.44.10:621][  0]LogDerivedDataCache: FDerivedDataBackendGraph:  Pak pak cache file ../../../../../../Users/jtsmith/Desktop/Unreal/MyRTS_TropicoStyle 4.9/DerivedDataCache/DDC.ddp not found, will not use a pak cache.
[2015.09.11-00.44.10:621][  0]LogDerivedDataCache: Unable to find inner node Pak for hierarchical cache Hierarchy.
[2015.09.11-00.44.10:621][  0]LogDerivedDataCache: FDerivedDataBackendGraph:  CompressedPak pak cache file ../../../../../../Users/jtsmith/Desktop/Unreal/MyRTS_TropicoStyle 4.9/DerivedDataCache/Compressed.ddp not found, will not use a pak cache.
[2015.09.11-00.44.10:621][  0]LogDerivedDataCache: Unable to find inner node CompressedPak for hierarchical cache Hierarchy.
[2015.09.11-00.44.10:760][  0]LogDerivedDataCache:Display: Pak cache opened for reading ../../../Engine/DerivedDataCache/Compressed.ddp.
[2015.09.11-00.44.10:771][  0]LogDerivedDataCache: Using Local data cache path C:/Users/jtsmith/AppData/Local/UnrealEngine/Common/DerivedDataCache: Writable
[2015.09.11-00.44.10:939][  0]LogInit: Selected Device Profile: [Windows]
[2015.09.11-00.44.10:939][  0]LogContentStreaming: Texture pool size is 0.000000MB
[2015.09.11-00.44.10:964][  0]LogMeshUtilities: No automatic mesh reduction module available
[2015.09.11-00.44.10:964][  0]LogMeshUtilities: No automatic mesh merging module available
[2015.09.11-00.44.11:282][  0]LogInit: WinSock: version 1.1 (2.2), MaxSocks=32767, MaxUdp=65467
[2015.09.11-00.44.11:899][  0]UdpMessaging: Initializing bridge on interface 0.0.0.0:0 to multicast group 230.0.0.1:6666.
[2015.09.11-00.44.11:989][  0]LogAssetRegistry: FAssetRegistry took 0.0096 seconds to start up
[2015.09.11-00.44.12:144][  0]SourceControl: Info Source control is disabled
[2015.09.11-00.44.12:171][  0]SourceControl: Info Source control is disabled
[2015.09.11-00.44.12:183][  0]SourceControl: Info Source control is disabled
[2015.09.11-00.44.12:194][  0]SourceControl: Info Source control is disabled
[2015.09.11-00.44.12:346][  0]LogLinker:Warning: Asset '../../../Engine/Plugins/Runtime/LeapMotionController/Content/LM_PassthroughMaterial.uasset' has been saved with empty engine version. The asset will be loaded but may be incompatible.
[2015.09.11-00.44.12:417][  0]LogObj: 28380 objects as part of root set at end of initial load.
[2015.09.11-00.44.12:417][  0]LogUObjectAllocator: 6044392 out of 0 bytes used by permanent object pool.
[2015.09.11-00.44.12:469][  0]LogEngine: Initializing Engine...
[2015.09.11-00.44.12:471][  0]LogHMD: Can't find Oculus library dev build: is proper Runtime installed? Version: 0.6.0.0
[2015.09.11-00.44.12:472][  0]LogHMD: SteamVR failed to initialize.  Err: 110
[2015.09.11-00.44.12:582][  0]LogAIModule: Creating AISystem for world NewWorld
[2015.09.11-00.44.12:586][  0]LogInit: XAudio2 using 'Speakers (Realtek High Definition Audio)' : 2 channels at 48 kHz using 32 bits per sample (channel mask 0x3)
[2015.09.11-00.44.12:603][  0]LogInit: FAudioDevice initialized.
[2015.09.11-00.44.12:623][  0]LogDerivedDataCache: Saved boot cache 0.02s 41MB C:/Users/jtsmith/AppData/Local/UnrealEngine/4.9/DerivedDataCache/Boot.ddc.
[2015.09.11-00.44.12:626][  0]LogInit: Texture streaming: Enabled
[2015.09.11-00.44.12:631][  0]LogAnalytics: Creating configured Analytics provider AnalyticsET
[2015.09.11-00.44.12:631][  0]LogAnalytics: [UEEditor.Rocket.Release] APIServer = http://et2.epicgames.com/ET2/. AppVersion = 4.9.0-2672455+++depot+UE4-Releases+4.9
[2015.09.11-00.44.12:631][  0]LogAnalytics: [UEEditor.Rocket.Release] SetUserId 6fa6e3274a8d5d72a75cbcbef6d297a7|3b8075bc1ed94341b886f5e4c6e1b23d|13e13887-07aa-43da-a8ee-6e00c985f4a0
[2015.09.11-00.44.12:631][  0]LogAnalytics: [UEEditor.Rocket.Release] AnalyticsET::StartSession
[2015.09.11-00.44.12:648][  0]LogInit: Transaction tracking system initialized
[2015.09.11-00.44.12:674][  0]BlueprintLog: New page: Editor Load
[2015.09.11-00.44.12:755][  0]LocalizationService: Info Localization service is disabled
[2015.09.11-00.44.12:983][  0]LogConsoleResponse:Display: 
[2015.09.11-00.44.13:080][  0]LogCook:Display: Done creating registry. It took  0.00s.
[2015.09.11-00.44.13:131][  0]SourceControl: Info Source control is disabled
[2015.09.11-00.44.13:132][  0]Cmd: MAP LOAD FILE="../../../../../../Users/jtsmith/Desktop/Unreal/MyRTS_TropicoStyle 4.9/Content/TopDownBP/Maps/TopDownExampleMap.umap" TEMPLATE=0 SHOWPROGRESS=1 FEATURELEVEL=3
[2015.09.11-00.44.13:132][  0]LightingResults: New page: Lighting Build
[2015.09.11-00.44.13:135][  0]MapCheck: New page: Map Check
[2015.09.11-00.44.13:135][  0]LightingResults: New page: Lighting Build
[2015.09.11-00.44.13:144][  0]LogParticles: Destroying 0 GPU particle simulations for FXSystem 0x000000001DF5F6A0
[2015.09.11-00.44.14:714][  0]LogBlueprint:Warning: [StartConstruction_TASK] CreatePinForVariable: 'WorkerQueue' variable not found. Base class was probably changed.
[2015.09.11-00.44.14:727][  0]LogBlueprint:Warning: [compiler StartConstruction_TASK] Warning Could not find a variable named "WorkerQueue" in 'ConstructionProxy_BP_C'.
Make sure 'ConstructionProxy_BP_C' has been compiled for  Get WorkerQueue 
[2015.09.11-00.44.14:727][  0]LogBlueprint:Error: [compiler StartConstruction_TASK] Error The property associated with  Worker Queue  could not be found
[2015.09.11-00.44.14:732][  0]LogBlueprint:Warning: [compiler StartConstruction_TASK] Warning [0006.92] Compile of StartConstruction_TASK failed. 1 Fatal Issue(s) 1 Warning(s) [in 17 ms]
[2015.09.11-00.44.14:732][  0]LogBlueprint:Warning: [compiler StartConstruction_TASK] Warning [0006.92] Compile of StartConstruction_TASK failed. 1 Fatal Issue(s) 2 Warning(s) [in 0 ms]
[2015.09.11-00.44.14:733][  0]LogBlueprint:Warning: [compiler StartConstruction_TASK] Warning [0006.92] Compile of StartConstruction_TASK failed. 1 Fatal Issue(s) 3 Warning(s) [in 0 ms]
[2015.09.11-00.44.14:826][  0]LogBlueprint:Warning: [AssignWork_TASK] CreatePinForVariable: 'WorkerQueue' variable not found. Base class was probably changed.
[2015.09.11-00.44.14:832][  0]LogBlueprint:Warning: [compiler AssignWork_TASK] Warning Could not find a variable named "WorkerQueue" in 'ConstructionProxy_BP_C'.
Make sure 'ConstructionProxy_BP_C' has been compiled for  Get WorkerQueue 
[2015.09.11-00.44.14:833][  0]LogBlueprint:Error: [compiler AssignWork_TASK] Error The property associated with  Worker Queue  could not be found
[2015.09.11-00.44.14:838][  0]LogBlueprint:Warning: [compiler AssignWork_TASK] Warning [0007.02] Compile of AssignWork_TASK failed. 1 Fatal Issue(s) 1 Warning(s) [in 11 ms]
[2015.09.11-00.44.14:838][  0]LogBlueprint:Warning: [compiler AssignWork_TASK] Warning [0007.02] Compile of AssignWork_TASK failed. 1 Fatal Issue(s) 2 Warning(s) [in 0 ms]
[2015.09.11-00.44.14:838][  0]LogBlueprint:Warning: [compiler AssignWork_TASK] Warning [0007.02] Compile of AssignWork_TASK failed. 1 Fatal Issue(s) 3 Warning(s) [in 0 ms]
[2015.09.11-00.44.15:014][  0]LogBlueprint:Warning: [NewAICharacter_BP] CreatePinForVariable: 'CurrentEmployees' variable not found. Base class was probably changed.
[2015.09.11-00.44.15:017][  0]LogBlueprint:Warning: [NewAICharacter_BP] CreatePinForVariable: 'CurrentEmployees' variable not found. Base class was probably changed.
[2015.09.11-00.44.15:040][  0]LogBlueprint:Warning: [compiler NewAICharacter_BP] Warning Could not find a variable named "CurrentEmployees" in 'BuildingMaster_BP_C'.
Make sure 'BuildingMaster_BP_C' has been compiled for  Get CurrentEmployees 
[2015.09.11-00.44.15:040][  0]LogBlueprint:Warning: [compiler NewAICharacter_BP] Warning Could not find a variable named "CurrentEmployees" in 'BuildingMaster_BP_C'.
Make sure 'BuildingMaster_BP_C' has been compiled for  Get CurrentEmployees 
[2015.09.11-00.44.15:043][  0]LogBlueprint:Error: [compiler NewAICharacter_BP] Error This blueprint (self) is not a BuildingMaster_BP_C, therefore ' Target ' must have a connection.
[2015.09.11-00.44.15:043][  0]LogBlueprint:Error: [compiler NewAICharacter_BP] Error This blueprint (self) is not a BuildingMaster_BP_C, therefore ' Target ' must have a connection.
[2015.09.11-00.44.15:043][  0]LogBlueprint:Error: [compiler NewAICharacter_BP] Error Variable node  Get CurrentEmployees  uses an invalid target.  It may depend on a node that is not connected to the execution chain, and got purged.
[2015.09.11-00.44.15:043][  0]LogBlueprint:Error: [compiler NewAICharacter_BP] Error The property associated with  Current Employees  could not be found
[2015.09.11-00.44.15:043][  0]LogBlueprint:Error: [compiler NewAICharacter_BP] Error The current value of the ' My Profile Occupation Type ' pin is invalid: '' is not a valid enumerant of '<OccupationType_ENUM>'
[2015.09.11-00.44.15:043][  0]LogBlueprint:Error: [compiler NewAICharacter_BP] Error The current value of the ' My Profile Occupation Type ' pin is invalid: '' is not a valid enumerant of '<OccupationType_ENUM>'
[2015.09.11-00.44.15:044][  0]LogBlueprint:Error: [compiler NewAICharacter_BP] Error Variable node  Get CurrentEmployees  uses an invalid target.  It may depend on a node that is not connected to the execution chain, and got purged.
[2015.09.11-00.44.15:044][  0]LogBlueprint:Error: [compiler NewAICharacter_BP] Error The property associated with  Current Employees  could not be found
[2015.09.11-00.44.15:061][  0]LogBlueprint:Warning: [compiler NewAICharacter_BP] Warning [0007.25] Compile of NewAICharacter_BP failed. 8 Fatal Issue(s) 2 Warning(s) [in 40 ms]
[2015.09.11-00.44.15:062][  0]LogBlueprint:Warning: [compiler NewAICharacter_BP] Warning [0007.25] Compile of NewAICharacter_BP failed. 8 Fatal Issue(s) 3 Warning(s) [in 1 ms]
[2015.09.11-00.44.15:062][  0]LogBlueprint:Warning: [compiler NewAICharacter_BP] Warning [0007.25] Compile of NewAICharacter_BP failed. 8 Fatal Issue(s) 4 Warning(s) [in 0 ms]
[2015.09.11-00.44.15:324][  0]LogBlueprint:Warning: [NewAICharacter_BP] CreatePinForVariable: 'CurrentEmployees' variable not found. Base class was probably changed.
[2015.09.11-00.44.15:325][  0]LogBlueprint:Warning: [NewAICharacter_BP] CreatePinForVariable: 'CurrentEmployees' variable not found. Base class was probably changed.
[2015.09.11-00.44.15:432][  0]LogBlueprint:Warning: [AssignWork_TASK] CreatePinForVariable: 'WorkerQueue' variable not found. Base class was probably changed.
[2015.09.11-00.44.15:778][  0]LogBlueprint:Warning: [StartConstruction_TASK] CreatePinForVariable: 'WorkerQueue' variable not found. Base class was probably changed.
[2015.09.11-00.44.16:885][  0]LogAIModule: Creating AISystem for world TopDownExampleMap
[2015.09.11-00.44.16:920][  0]LogEditorServer: Finished looking for orphan Actors (0.000 secs)
[2015.09.11-00.44.16:921][  0]Cmd: MAP CHECKDEP NOCLEARLOG
[2015.09.11-00.44.17:003][  0]MapCheck: Info Map check complete: 0 Error(s), 0 Warning(s), took 82.161ms to complete.
[2015.09.11-00.44.17:004][  0]LogFileHelpers: Loading map 'TopDownExampleMap' took 3.867
[2015.09.11-00.44.17:098][  0]LogCollectionManager: Loaded 0 collections in 0.002007 seconds
[2015.09.11-00.44.17:136][  0]LogFileCache: Scanning file cache for directory 'C:/Users/jtsmith/Desktop/Unreal/MyRTS_TropicoStyle 4.9/Saved/Collections/' took 0.01s
[2015.09.11-00.44.17:136][  0]LogFileCache: Scanning file cache for directory 'C:/Users/jtsmith/Desktop/Unreal/MyRTS_TropicoStyle 4.9/Content/Developers/jtsmith/Collections/' took 0.01s
[2015.09.11-00.44.17:136][  0]LogFileCache: Scanning file cache for directory 'C:/Users/jtsmith/Desktop/Unreal/MyRTS_TropicoStyle 4.9/Content/Collections/' took 0.01s
[2015.09.11-00.44.17:136][  0]LogContentBrowser: Native class hierarchy populated in 0.0072 seconds. Added 1874 classes and 335 folders.
[2015.09.11-00.44.17:141][  0]LogCollectionManager: Rebuilt the GUID cache for 0 collections in 0.000003 seconds
[2015.09.11-00.44.17:147][  0]LogContentBrowser: Native class hierarchy updated for 'WidgetCarousel' in 0.0004 seconds. Added 0 classes and 0 folders.
[2015.09.11-00.44.17:188][  0]LogContentBrowser: Native class hierarchy updated for 'AddContentDialog' in 0.0003 seconds. Added 0 classes and 0 folders.
[2015.09.11-00.44.17:197][  0]LogContentBrowser: Native class hierarchy updated for 'SceneOutliner' in 0.0003 seconds. Added 1 classes and 2 folders.
[2015.09.11-00.44.17:302][  0]LogCrashTracker: Crashtracker disabled due to settings.
[2015.09.11-00.44.17:305][  0]LogUObjectGlobals:Warning: Failed to find object 'Class None.'
[2015.09.11-00.44.17:325][  0]LogLoad: Full Startup: 9.51 seconds (BP compile: 1.22 seconds)
[2015.09.11-00.44.17:334][  0]LoadErrors:Error: Error /Game/TopDownBP/Blueprints/AI/AssignWork_TASK : Failed import for ArrayProperty /Game/TopDownBP/Blueprints/Construction/ConstructionProxy_BP.ConstructionProxy_BP_C:WorkerQueue
[2015.09.11-00.44.17:392][  0]LoadErrors:Error: Error /Game/TopDownBP/Blueprints/AI/StartConstruction_TASK : Failed import for ArrayProperty /Game/TopDownBP/Blueprints/Construction/ConstructionProxy_BP.ConstructionProxy_BP_C:WorkerQueue
[2015.09.11-00.44.17:392][  0]LoadErrors:Error: Error /Game/TopDownBP/Blueprints/AI/NewAICharacter_BP : Failed import for ArrayProperty /Game/TopDownBP/Blueprints/BuildingMaster_BP.BuildingMaster_BP_C:CurrentEmployees
[2015.09.11-00.44.17:393][  0]LoadErrors:Error: Error /Game/TopDownBP/Blueprints/AI/NewAICharacter_BP : Failed import for ByteProperty /Game/TopDownBP/Structs/Building_STRUCT.Building_STRUCT:OccupationType_25_FC9469FA49D94DA2C26144BC7D06A9A2
[2015.09.11-00.44.17:393][  0]LoadErrors:Error: Error /Game/TopDownBP/Blueprints/AI/NewAICharacter_BP : Failed import for IntProperty /Game/TopDownBP/Structs/Building_STRUCT.Building_STRUCT:MaxEmployees_28_1FB1045F4EEA53265B7834A033291E35
[2015.09.11-00.44.17:393][  0]LoadErrors:Error: Error /Game/TopDownBP/Blueprints/AI/NewAICharacter_BP : Failed import for ObjectProperty /Game/TopDownBP/Structs/Building_STRUCT.Building_STRUCT:BuildingInstance_21_7431910243089904FFB29CB7F3F25645
[2015.09.11-00.44.17:453][  0]LogContentStreaming: Texture pool size now 400 MB
[2015.09.11-00.44.17:574][  0]LogRenderer: Reallocating scene render targets to support 1100x676 (Frame:2).
[2015.09.11-00.44.17:695][  1]Cmd: UpdateLandscapeEditorData -warnings
[2015.09.11-00.44.18:482][ 12]LogLinker:Warning: Asset '../../../Engine/Content/ArtTools/RenderToTexture/Macros/RenderToTextureMacros.uasset' has been saved with empty engine version. The asset will be loaded but may be incompatible.
[2015.09.11-00.44.19:003][ 12]LogContentBrowser: Native class hierarchy updated for 'BlueprintGraph' in 0.0007 seconds. Added 107 classes and 0 folders.
[2015.09.11-00.44.19:612][ 15]LogAssetRegistry: Asset discovery search completed in 7.6239 seconds
[2015.09.11-00.44.19:612][ 15]LogCollectionManager: Rebuilt the object cache for 0 collections in 0.000002 seconds (found 0 objects)
[2015.09.11-00.44.19:612][ 15]LogCollectionManager: Fixed up redirectors for 0 collections in 0.000035 seconds (updated 0 objects)
[2015.09.11-00.45.19:939][894]BlueprintLog: New page: Compile NewAICharacter_BP
[2015.09.11-00.45.19:995][894]LogBlueprint:Warning: [compiler NewAICharacter_BP] Warning Could not find a variable named "CurrentEmployees" in 'BuildingMaster_BP_C'.
Make sure 'BuildingMaster_BP_C' has been compiled for  Get CurrentEmployees 
[2015.09.11-00.45.19:996][894]LogBlueprint:Warning: [compiler NewAICharacter_BP] Warning Could not find a variable named "CurrentEmployees" in 'BuildingMaster_BP_C'.
Make sure 'BuildingMaster_BP_C' has been compiled for  Get CurrentEmployees 
[2015.09.11-00.45.19:998][894]LogBlueprint:Error: [compiler NewAICharacter_BP] Error This blueprint (self) is not a BuildingMaster_BP_C, therefore ' Target ' must have a connection.
[2015.09.11-00.45.19:998][894]LogBlueprint:Error: [compiler NewAICharacter_BP] Error This blueprint (self) is not a BuildingMaster_BP_C, therefore ' Target ' must have a connection.
[2015.09.11-00.45.19:999][894]LogBlueprint:Error: [compiler NewAICharacter_BP] Error Variable node  Get CurrentEmployees  uses an invalid target.  It may depend on a node that is not connected to the execution chain, and got purged.
[2015.09.11-00.45.19:999][894]LogBlueprint:Error: [compiler NewAICharacter_BP] Error The property associated with  Current Employees  could not be found
[2015.09.11-00.45.19:999][894]LogBlueprint:Error: [compiler NewAICharacter_BP] Error The current value of the ' My Profile Occupation Type ' pin is invalid: '' is not a valid enumerant of '<OccupationType_ENUM>'
[2015.09.11-00.45.19:999][894]LogBlueprint:Error: [compiler NewAICharacter_BP] Error The current value of the ' My Profile Occupation Type ' pin is invalid: '' is not a valid enumerant of '<OccupationType_ENUM>'
[2015.09.11-00.45.19:999][894]LogBlueprint:Error: [compiler NewAICharacter_BP] Error Variable node  Get CurrentEmployees  uses an invalid target.  It may depend on a node that is not connected to the execution chain, and got purged.
[2015.09.11-00.45.20:000][894]LogBlueprint:Error: [compiler NewAICharacter_BP] Error The property associated with  Current Employees  could not be found
[2015.09.11-00.45.20:293][894]LogActorComponent: UnregisterComponent: (/Engine/Transient.CharMoveComp) Not registered. Aborting.
[2015.09.11-00.45.20:293][894]LogActorComponent: UnregisterComponent: (/Engine/Transient.CharacterMovementComponent_0) Not registered. Aborting.
[2015.09.11-00.45.20:435][894]LogBlueprint:Warning: [compiler NewAICharacter_BP] Warning [0072.54] Compile of NewAICharacter_BP failed. 8 Fatal Issue(s) 2 Warning(s) [in 494 ms]
[2015.09.11-00.45.20:435][894]BlueprintEditorCompileResults:Warning: Warning Could not find a variable named "CurrentEmployees" in 'BuildingMaster_BP_C'.
Make sure 'BuildingMaster_BP_C' has been compiled for  Get CurrentEmployees 
[2015.09.11-00.45.20:435][894]BlueprintEditorCompileResults:Warning: Warning Could not find a variable named "CurrentEmployees" in 'BuildingMaster_BP_C'.
Make sure 'BuildingMaster_BP_C' has been compiled for  Get CurrentEmployees 
[2015.09.11-00.45.20:435][894]BlueprintEditorCompileResults:Error: Error This blueprint (self) is not a BuildingMaster_BP_C, therefore ' Target ' must have a connection.
[2015.09.11-00.45.20:435][894]BlueprintEditorCompileResults:Error: Error This blueprint (self) is not a BuildingMaster_BP_C, therefore ' Target ' must have a connection.
[2015.09.11-00.45.20:435][894]BlueprintEditorCompileResults:Error: Error Variable node  Get CurrentEmployees  uses an invalid target.  It may depend on a node that is not connected to the execution chain, and got purged.
[2015.09.11-00.45.20:435][894]BlueprintEditorCompileResults:Error: Error The property associated with  Current Employees  could not be found
[2015.09.11-00.45.20:435][894]BlueprintEditorCompileResults:Error: Error The current value of the ' My Profile Occupation Type ' pin is invalid: '' is not a valid enumerant of '<OccupationType_ENUM>'
[2015.09.11-00.45.20:435][894]BlueprintEditorCompileResults:Error: Error The current value of the ' My Profile Occupation Type ' pin is invalid: '' is not a valid enumerant of '<OccupationType_ENUM>'
[2015.09.11-00.45.20:435][894]BlueprintEditorCompileResults:Error: Error Variable node  Get CurrentEmployees  uses an invalid target.  It may depend on a node that is not connected to the execution chain, and got purged.
[2015.09.11-00.45.20:435][894]BlueprintEditorCompileResults:Error: Error The property associated with  Current Employees  could not be found
[2015.09.11-00.45.20:435][894]BlueprintEditorCompileResults:Warning: Warning [0072.54] Compile of NewAICharacter_BP failed. 8 Fatal Issue(s) 2 Warning(s) [in 494 ms]
[2015.09.11-00.46.13:971][732]LogActorComponent: UnregisterComponent: (/Engine/Transient.CharMoveComp) Not registered. Aborting.
[2015.09.11-00.46.16:328][732]LogActorComponent: UnregisterComponent: (/Engine/Transient.EditorFloorComp) Not registered. Aborting.
[2015.09.11-00.46.16:620][733]Cmd: QUIT_EDITOR
[2015.09.11-00.46.16:869][733]LogExit: Preparing to exit.
[2015.09.11-00.46.17:201][733]LogExit: Editor shut down
[2015.09.11-00.46.17:202][733]LogExit: Transaction tracking system shut down
[2015.09.11-00.46.17:205][733]LogParticles: Destroying 0 GPU particle simulations for FXSystem 0x0000000029818FE0
[2015.09.11-00.46.17:206][733]LogParticles: Destroying 0 GPU particle simulations for FXSystem 0x000000002EC21440
[2015.09.11-00.46.17:207][733]LogParticles: Destroying 0 GPU particle simulations for FXSystem 0x000000002F7F98A0
[2015.09.11-00.46.17:207][733]LogParticles: Destroying 0 GPU particle simulations for FXSystem 0x000000002E7FF2E0
[2015.09.11-00.46.17:207][733]LogParticles: Destroying 0 GPU particle simulations for FXSystem 0x000000002E7FED40
[2015.09.11-00.46.17:207][733]LogParticles: Destroying 0 GPU particle simulations for FXSystem 0x000000001D9B9580
[2015.09.11-00.46.17:211][733]LogParticles: Destroying 0 GPU particle simulations for FXSystem 0x0000000031692700
[2015.09.11-00.46.17:390][733]LogExit: Object subsystem successfully closed.
[2015.09.11-00.46.17:408][733]LogD3D11RHI: Shutdown
[2015.09.11-00.46.17:408][733]LogD3D11RHI: CleanupD3DDevice
[2015.09.11-00.46.17:456][733]LogD3D11RHI: ~FD3D11DynamicRHI
[2015.09.11-00.46.17:476][733]LogModuleManager: Shutting down and abandoning module BlueprintGraph (199)
[2015.09.11-00.46.17:476][733]LogModuleManager: Shutting down and abandoning module CrashTracker (198)
[2015.09.11-00.46.17:476][733]LogModuleManager: Shutting down and abandoning module SceneOutliner (197)
[2015.09.11-00.46.17:476][733]LogModuleManager: Shutting down and abandoning module SuperSearch (196)
[2015.09.11-00.46.17:476][733]LogModuleManager: Shutting down and abandoning module WidgetCarousel (195)
[2015.09.11-00.46.17:476][733]LogModuleManager: Shutting down and abandoning module AddContentDialog (194)
[2015.09.11-00.46.17:477][733]LogModuleManager: Shutting down and abandoning module EditorWidgets (193)
[2015.09.11-00.46.17:477][733]LogModuleManager: Shutting down and abandoning module CollectionManager (192)
[2015.09.11-00.46.17:477][733]LogModuleManager: Shutting down and abandoning module StatsViewer (191)
[2015.09.11-00.46.17:477][733]LogModuleManager: Shutting down and abandoning module FoliageEdit (190)
[2015.09.11-00.46.17:477][733]LogModuleManager: Shutting down and abandoning module LandscapeEditor (189)
[2015.09.11-00.46.17:478][733]LogModuleManager: Shutting down and abandoning module ActorPickerMode (188)
[2015.09.11-00.46.17:478][733]LogModuleManager: Shutting down and abandoning module GeometryMode (187)
[2015.09.11-00.46.17:478][733]LogModuleManager: Shutting down and abandoning module TextureAlignMode (186)
[2015.09.11-00.46.17:478][733]LogModuleManager: Shutting down and abandoning module BspMode (185)
[2015.09.11-00.46.17:478][733]LogModuleManager: Shutting down and abandoning module PlacementMode (184)
[2015.09.11-00.46.17:478][733]LogModuleManager: Shutting down and abandoning module AutomationWorker (183)
[2015.09.11-00.46.17:478][733]LogModuleManager: Shutting down and abandoning module CharacterAI (182)
[2015.09.11-00.46.17:478][733]LogModuleManager: Shutting down and abandoning module SmartSnapping (181)
[2015.09.11-00.46.17:478][733]LogModuleManager: Shutting down and abandoning module ViewportSnapping (180)
[2015.09.11-00.46.17:478][733]LogModuleManager: Shutting down and abandoning module LogVisualizer (179)
[2015.09.11-00.46.17:478][733]LogModuleManager: Shutting down and abandoning module GameProjectGeneration (178)
[2015.09.11-00.46.17:478][733]LogModuleManager: Shutting down and abandoning module IntroTutorials (177)
[2015.09.11-00.46.17:478][733]LogModuleManager: Shutting down and abandoning module EditorLiveStreaming (176)
[2015.09.11-00.46.17:478][733]LogModuleManager: Shutting down and abandoning module IOSPlatformEditor (175)
[2015.09.11-00.46.17:478][733]LogModuleManager: Shutting down and abandoning module HTML5PlatformEditor (174)
[2015.09.11-00.46.17:478][733]LogModuleManager: Shutting down and abandoning module AndroidDeviceDetection (173)
[2015.09.11-00.46.17:940][733]LogModuleManager: Shutting down and abandoning module AndroidPlatformEditor (172)
[2015.09.11-00.46.17:940][733]LogModuleManager: Shutting down and abandoning module IOSRuntimeSettings (171)
[2015.09.11-00.46.17:940][733]LogModuleManager: Shutting down and abandoning module AndroidRuntimeSettings (170)
[2015.09.11-00.46.17:940][733]LogModuleManager: Shutting down and abandoning module MergeActors (169)
[2015.09.11-00.46.17:940][733]LogModuleManager: Shutting down and abandoning module SizeMap (168)
[2015.09.11-00.46.17:940][733]LogModuleManager: Shutting down and abandoning module TreeMap (167)
[2015.09.11-00.46.17:940][733]LogModuleManager: Shutting down and abandoning module ReferenceViewer (166)
[2015.09.11-00.46.17:940][733]LogModuleManager: Shutting down and abandoning module LocalizationService (165)
[2015.09.11-00.46.17:940][733]LogModuleManager: Shutting down and abandoning module LocalizationDashboard (164)
[2015.09.11-00.46.17:940][733]LogModuleManager: Shutting down and abandoning module HardwareTargeting (163)
[2015.09.11-00.46.17:940][733]LogModuleManager: Shutting down and abandoning module DeviceProfileEditor (162)
[2015.09.11-00.46.17:940][733]LogModuleManager: Shutting down and abandoning module UndoHistory (161)
[2015.09.11-00.46.17:940][733]LogModuleManager: Shutting down and abandoning module GameplayTagsEditor (160)
[2015.09.11-00.46.17:940][733]LogModuleManager: Shutting down and abandoning module UserFeedback (159)
[2015.09.11-00.46.17:940][733]LogModuleManager: Shutting down and abandoning module XmlParser (158)
[2015.09.11-00.46.17:940][733]LogModuleManager: Shutting down and abandoning module Blutility (157)
[2015.09.11-00.46.17:940][733]LogModuleManager: Shutting down and abandoning module ProjectTargetPlatformEditor (156)
[2015.09.11-00.46.17:940][733]LogModuleManager: Shutting down and abandoning module ProjectSettingsViewer (155)
[2015.09.11-00.46.17:940][733]LogModuleManager: Shutting down and abandoning module InputBindingEditor (154)
[2015.09.11-00.46.17:940][733]LogModuleManager: Shutting down and abandoning module EditorSettingsViewer (153)
[2015.09.11-00.46.17:940][733]LogModuleManager: Shutting down and abandoning module SettingsEditor (152)
[2015.09.11-00.46.17:940][733]LogModuleManager: Shutting down and abandoning module ProjectLauncher (151)
[2015.09.11-00.46.17:940][733]LogModuleManager: Shutting down and abandoning module SessionFrontend (150)
[2015.09.11-00.46.17:940][733]LogModuleManager: Shutting down and abandoning module ProfilerClient (149)
[2015.09.11-00.46.17:940][733]LogModuleManager: Shutting down and abandoning module TargetDeviceServices (148)
[2015.09.11-00.46.17:940][733]LogModuleManager: Shutting down and abandoning module DeviceManager (147)
[2015.09.11-00.46.17:941][733]LogModuleManager: Shutting down and abandoning module AutomationController (146)
[2015.09.11-00.46.17:941][733]LogModuleManager: Shutting down and abandoning module AutomationWindow (145)
[2015.09.11-00.46.17:941][733]LogModuleManager: Shutting down and abandoning module Layers (144)
[2015.09.11-00.46.17:941][733]LogModuleManager: Shutting down and abandoning module ComponentVisualizers (143)
[2015.09.11-00.46.17:941][733]LogModuleManager: Shutting down and abandoning module DetailCustomizations (142)
[2015.09.11-00.46.17:941][733]LogModuleManager: Shutting down and abandoning module PackagesDialog (141)
[2015.09.11-00.46.17:941][733]LogModuleManager: Shutting down and abandoning module Persona (140)
[2015.09.11-00.46.17:941][733]LogModuleManager: Shutting down and abandoning module Kismet (139)
[2015.09.11-00.46.17:941][733]LogModuleManager: Shutting down and abandoning module GraphEditor (138)
[2015.09.11-00.46.17:941][733]LogModuleManager: Shutting down and abandoning module ClassViewer (137)
[2015.09.11-00.46.17:941][733]LogModuleManager: Shutting down and abandoning module Toolbox (136)
[2015.09.11-00.46.17:941][733]LogModuleManager: Shutting down and abandoning module ModuleUI (135)
[2015.09.11-00.46.17:941][733]LogModuleManager: Shutting down and abandoning module MovieSceneTools (134)
[2015.09.11-00.46.17:941][733]LogModuleManager: Shutting down and abandoning module OutputLog (133)
[2015.09.11-00.46.17:941][733]LogModuleManager: Shutting down and abandoning module GammaUI (132)
[2015.09.11-00.46.17:941][733]LogModuleManager: Shutting down and abandoning module Documentation (131)
[2015.09.11-00.46.17:941][733]LogModuleManager: Shutting down and abandoning module GameLiveStreaming (130)
[2015.09.11-00.46.17:941][733]LogModuleManager: Shutting down and abandoning module StreamingPauseRendering (129)
[2015.09.11-00.46.17:941][733]LogModuleManager: Shutting down and abandoning module AnalyticsET (128)
[2015.09.11-00.46.17:941][733]LogModuleManager: Shutting down and abandoning module Analytics (127)
[2015.09.11-00.46.17:941][733]LogModuleManager: Shutting down and abandoning module AITestSuite (126)
[2015.09.11-00.46.17:941][733]LogModuleManager: Shutting down and abandoning module GameplayDebugger (125)
[2015.09.11-00.46.17:941][733]LogModuleManager: Shutting down and abandoning module AIModule (124)
[2015.09.11-00.46.17:941][733]LogModuleManager: Shutting down and abandoning module ProfilerService (123)
[2015.09.11-00.46.18:075][733]LogModuleManager: Shutting down and abandoning module TaskGraph (122)
[2015.09.11-00.46.18:075][733]LogModuleManager: Shutting down and abandoning module SlateRemote (121)
[2015.09.11-00.46.18:075][733]LogModuleManager: Shutting down and abandoning module SteamVRController (120)
[2015.09.11-00.46.18:075][733]LogModuleManager: Shutting down and abandoning module SteamVR (119)
[2015.09.11-00.46.18:075][733]LogModuleManager: Shutting down and abandoning module ProceduralMeshComponent (118)
[2015.09.11-00.46.18:075][733]LogModuleManager: Shutting down and abandoning module OculusRift (117)
[2015.09.11-00.46.18:075][733]LogModuleManager: Shutting down and abandoning module OculusLibrary (116)
[2015.09.11-00.46.18:075][733]LogModuleManager: Shutting down and abandoning module LeapMotionController (115)
[2015.09.11-00.46.18:082][733]LogModuleManager: Shutting down and abandoning module CustomMeshComponent (114)
[2015.09.11-00.46.18:082][733]LogModuleManager: Shutting down and abandoning module CableComponent (113)
[2015.09.11-00.46.18:082][733]LogModuleManager: Shutting down and abandoning module ArchVisCharacter (112)
[2015.09.11-00.46.18:082][733]LogModuleManager: Shutting down and abandoning module MessagingDebugger (111)
[2015.09.11-00.46.18:082][733]LogModuleManager: Shutting down and abandoning module MediaPlayerEditor (110)
[2015.09.11-00.46.18:082][733]LogModuleManager: Shutting down and abandoning module HTML5Networking (109)
[2015.09.11-00.46.18:082][733]LogModuleManager: Shutting down and abandoning module SpeedTreeImporter (108)
[2015.09.11-00.46.18:082][733]LogModuleManager: Shutting down and abandoning module PluginBrowser (107)
[2015.09.11-00.46.18:082][733]LogModuleManager: Shutting down and abandoning module EpicSurvey (106)
[2015.09.11-00.46.18:082][733]LogModuleManager: Shutting down and abandoning module DesktopPlatform (105)
[2015.09.11-00.46.18:082][733]LogModuleManager: Shutting down and abandoning module VisualStudioSourceCodeAccess (104)
[2015.09.11-00.46.18:082][733]LogModuleManager: Shutting down and abandoning module UObjectPlugin (103)
[2015.09.11-00.46.18:082][733]LogModuleManager: Shutting down and abandoning module SubversionSourceControl (102)
[2015.09.11-00.46.18:082][733]LogModuleManager: Shutting down and abandoning module PerforceSourceControl (101)
[2015.09.11-00.46.18:082][733]LogModuleManager: Shutting down and abandoning module SourceControl (100)
[2015.09.11-00.46.18:082][733]LogModuleManager: Shutting down and abandoning module GitSourceControl (99)
[2015.09.11-00.46.18:082][733]LogModuleManager: Shutting down and abandoning module LightPropagationVolumeEditor (98)
[2015.09.11-00.46.18:082][733]LogModuleManager: Shutting down and abandoning module PaperTiledImporter (97)
[2015.09.11-00.46.18:082][733]LogModuleManager: Shutting down and abandoning module PaperSpriteSheetImporter (96)
[2015.09.11-00.46.18:082][733]LogModuleManager: Shutting down and abandoning module MeshPaint (95)
[2015.09.11-00.46.18:082][733]LogModuleManager: Shutting down and abandoning module SlateReflector (94)
[2015.09.11-00.46.18:082][733]LogModuleManager: Shutting down and abandoning module HotReload (93)
[2015.09.11-00.46.18:082][733]LogModuleManager: Shutting down and abandoning module MainFrame (92)
[2015.09.11-00.46.18:082][733]LogModuleManager: Shutting down and abandoning module LevelEditor (91)
[2015.09.11-00.46.18:083][733]LogModuleManager: Shutting down and abandoning module DirectoryWatcher (90)
[2015.09.11-00.46.18:084][733]LogModuleManager: Shutting down and abandoning module AssetRegistry (89)
[2015.09.11-00.46.18:233][733]LogModuleManager: Shutting down and abandoning module ContentBrowser (88)
[2015.09.11-00.46.18:233][733]LogModuleManager: Shutting down and abandoning module Paper2DEditor (87)
[2015.09.11-00.46.18:233][733]LogModuleManager: Shutting down and abandoning module UdpMessaging (86)
[2015.09.11-00.46.18:333][733]LogModuleManager: Shutting down and abandoning module LightPropagationVolumeRuntime (85)
[2015.09.11-00.46.18:333][733]LogModuleManager: Shutting down and abandoning module Paper2D (84)
[2015.09.11-00.46.18:333][733]LogModuleManager: Shutting down and abandoning module WindowsMoviePlayer (83)
[2015.09.11-00.46.18:336][733]LogModuleManager: Shutting down and abandoning module Media (82)
[2015.09.11-00.46.18:336][733]LogModuleManager: Shutting down and abandoning module WmfMedia (81)
[2015.09.11-00.46.18:336][733]LogModuleManager: Shutting down and abandoning module OnlineBlueprintSupport (80)
[2015.09.11-00.46.18:336][733]LogModuleManager: Shutting down and abandoning module EnvironmentQueryEditor (79)
[2015.09.11-00.46.18:336][733]LogModuleManager: Shutting down and abandoning module GameplayTasksEditor (78)
[2015.09.11-00.46.18:336][733]LogModuleManager: Shutting down and abandoning module PropertyEditor (77)
[2015.09.11-00.46.18:336][733]LogModuleManager: Shutting down and abandoning module BehaviorTreeEditor (76)
[2015.09.11-00.46.18:336][733]LogModuleManager: Shutting down and abandoning module FunctionalTesting (75)
[2015.09.11-00.46.18:337][733]LogModuleManager: Shutting down and abandoning module CollisionAnalyzer (74)
[2015.09.11-00.46.18:337][733]LogModuleManager: Shutting down and abandoning module WorkspaceMenuStructure (73)
[2015.09.11-00.46.18:337][733]LogModuleManager: Shutting down and abandoning module MessageLog (72)
[2015.09.11-00.46.18:337][733]LogModuleManager: Shutting down and abandoning module Sequencer (71)
[2015.09.11-00.46.18:337][733]LogModuleManager: Shutting down and abandoning module AssetTools (70)
[2015.09.11-00.46.18:337][733]LogModuleManager: Shutting down and abandoning module UMGEditor (69)
[2015.09.11-00.46.18:337][733]LogModuleManager: Shutting down and abandoning module UMG (68)
[2015.09.11-00.46.18:337][733]LogModuleManager: Shutting down and abandoning module Slate (67)
[2015.09.11-00.46.18:337][733]LogModuleManager: Shutting down and abandoning module EditorStyle (66)
[2015.09.11-00.46.18:339][733]LogModuleManager: Shutting down and abandoning module SessionServices (65)
[2015.09.11-00.46.18:339][733]LogModuleManager: Shutting down and abandoning module SourceCodeAccess (64)
[2015.09.11-00.46.18:339][733]LogModuleManager: Shutting down and abandoning module HeadMountedDisplay (63)
[2015.09.11-00.46.18:339][733]LogModuleManager: Shutting down and abandoning module XAudio2 (62)
[2015.09.11-00.46.18:339][733]LogModuleManager: Shutting down and abandoning module Networking (60)
[2015.09.11-00.46.18:339][733]LogModuleManager: Shutting down and abandoning module Core (59)
[2015.09.11-00.46.18:339][733]LogModuleManager: Shutting down and abandoning module KismetCompiler (58)
[2015.09.11-00.46.18:339][733]LogModuleManager: Shutting down and abandoning module PhysXFormats (57)
[2015.09.11-00.46.18:339][733]LogModuleManager: Shutting down and abandoning module MeshUtilities (56)
[2015.09.11-00.46.18:339][733]LogModuleManager: Shutting down and abandoning module CookingStats (55)
[2015.09.11-00.46.18:340][733]LogModuleManager: Shutting down and abandoning module DerivedDataCache (54)
[2015.09.11-00.46.18:429][733]LogDerivedDataCache: Shutdown
[2015.09.11-00.46.18:429][733]LogModuleManager: Shutting down and abandoning module ShaderFormatOpenGL (53)
[2015.09.11-00.46.18:429][733]LogModuleManager: Shutting down and abandoning module ShaderFormatD3D (52)
[2015.09.11-00.46.18:429][733]LogModuleManager: Shutting down and abandoning module MetalShaderFormat (51)
[2015.09.11-00.46.18:429][733]LogModuleManager: Shutting down and abandoning module TextureFormatUncompressed (50)
[2015.09.11-00.46.18:429][733]LogModuleManager: Shutting down and abandoning module TextureFormatPVR (49)
[2015.09.11-00.46.18:429][733]LogModuleManager: Shutting down and abandoning module TextureFormatIntelISPCTexComp (48)
[2015.09.11-00.46.18:429][733]LogModuleManager: Shutting down and abandoning module TextureFormatDXT (47)
[2015.09.11-00.46.18:429][733]LogModuleManager: Shutting down and abandoning module ImageWrapper (46)
[2015.09.11-00.46.18:429][733]LogModuleManager: Shutting down and abandoning module TextureFormatASTC (45)
[2015.09.11-00.46.18:429][733]LogModuleManager: Shutting down and abandoning module TextureFormatAndroid (44)
[2015.09.11-00.46.18:429][733]LogModuleManager: Shutting down and abandoning module AudioFormatOpus (43)
[2015.09.11-00.46.18:429][733]LogModuleManager: Shutting down and abandoning module AudioFormatOgg (42)
[2015.09.11-00.46.18:429][733]LogModuleManager: Shutting down and abandoning module AudioFormatADPCM (41)
[2015.09.11-00.46.18:429][733]LogModuleManager: Shutting down and abandoning module LinuxTargetPlatform (40)
[2015.09.11-00.46.18:429][733]LogModuleManager: Shutting down and abandoning module LinuxServerTargetPlatform (39)
[2015.09.11-00.46.18:429][733]LogModuleManager: Shutting down and abandoning module LinuxNoEditorTargetPlatform (38)
[2015.09.11-00.46.18:429][733]LogModuleManager: Shutting down and abandoning module Messaging (37)
[2015.09.11-00.46.18:429][733]LogModuleManager: Shutting down and abandoning module IOSTargetPlatform (36)
[2015.09.11-00.46.18:429][733]LogModuleManager: Shutting down and abandoning module HTML5TargetPlatform (35)
[2015.09.11-00.46.18:429][733]LogModuleManager: Shutting down and abandoning module Android_PVRTCTargetPlatform (34)
[2015.09.11-00.46.18:429][733]LogModuleManager: Shutting down and abandoning module Android_ETC2TargetPlatform (33)
[2015.09.11-00.46.18:429][733]LogModuleManager: Shutting down and abandoning module Android_ETC1TargetPlatform (32)
[2015.09.11-00.46.18:429][733]LogModuleManager: Shutting down and abandoning module Android_DXTTargetPlatform (31)
[2015.09.11-00.46.18:429][733]LogModuleManager: Shutting down and abandoning module Android_ATCTargetPlatform (30)
[2015.09.11-00.46.18:429][733]LogModuleManager: Shutting down and abandoning module Android_ASTCTargetPlatform (29)
[2015.09.11-00.46.18:429][733]LogModuleManager: Shutting down and abandoning module AndroidTargetPlatform (28)
[2015.09.11-00.46.18:429][733]LogModuleManager: Shutting down and abandoning module WindowsTargetPlatform (27)
[2015.09.11-00.46.18:429][733]LogModuleManager: Shutting down and abandoning module WindowsServerTargetPlatform (26)
[2015.09.11-00.46.18:429][733]LogModuleManager: Shutting down and abandoning module WindowsNoEditorTargetPlatform (25)
[2015.09.11-00.46.18:429][733]LogModuleManager: Shutting down and abandoning module WindowsClientTargetPlatform (24)
[2015.09.11-00.46.18:429][733]LogModuleManager: Shutting down and abandoning module AllDesktopTargetPlatform (23)
[2015.09.11-00.46.18:429][733]LogModuleManager: Shutting down and abandoning module TargetPlatform (22)
[2015.09.11-00.46.18:429][733]LogModuleManager: Shutting down and abandoning module InputCore (21)
[2015.09.11-00.46.18:429][733]LogModuleManager: Shutting down and abandoning module Settings (20)
[2015.09.11-00.46.18:429][733]LogModuleManager: Shutting down and abandoning module OnlineSubsystem (18)
[2015.09.11-00.46.18:429][733]LogModuleManager: Shutting down and abandoning module HTTP (17)
[2015.09.11-00.46.20:433][733]LogModuleManager: Shutting down and abandoning module XMPP (16)
[2015.09.11-00.46.20:433][733]LogModuleManager: Shutting down and abandoning module ExampleDeviceProfileSelector (15)
[2015.09.11-00.46.20:433][733]LogModuleManager: Shutting down and abandoning module TextureCompressor (14)
[2015.09.11-00.46.20:433][733]LogModuleManager: Shutting down and abandoning module ShaderCore (13)
[2015.09.11-00.46.20:433][733]LogModuleManager: Shutting down and abandoning module Landscape (12)
[2015.09.11-00.46.20:433][733]LogModuleManager: Shutting down and abandoning module SlateRHIRenderer (11)
[2015.09.11-00.46.20:434][733]LogModuleManager: Shutting down and abandoning module OpenGLDrv (10)
[2015.09.11-00.46.20:434][733]LogModuleManager: Shutting down and abandoning module D3D11RHI (9)
[2015.09.11-00.46.20:434][733]LogModuleManager: Shutting down and abandoning module AnimGraphRuntime (8)
[2015.09.11-00.46.20:434][733]LogModuleManager: Shutting down and abandoning module Renderer (7)
[2015.09.11-00.46.20:434][733]LogModuleManager: Shutting down and abandoning module Engine (6)
[2015.09.11-00.46.20:434][733]LogModuleManager: Shutting down and abandoning module CoreUObject (5)
[2015.09.11-00.46.20:434][733]LogModuleManager: Shutting down and abandoning module NetworkFile (4)
[2015.09.11-00.46.20:434][733]LogModuleManager: Shutting down and abandoning module StreamingFile (3)
[2015.09.11-00.46.20:434][733]LogModuleManager: Shutting down and abandoning module SandboxFile (2)
[2015.09.11-00.46.20:434][733]LogModuleManager: Shutting down and abandoning module PakFile (1)
[2015.09.11-00.46.20:435][733]LogExit: Exiting.
[2015.09.11-00.46.20:436][733]Log file closed, 09/10/15 17:46:20
