[2015.10.09-02.28.17:787][  0]Log file open, 10/08/15 19:28:17
[2015.10.09-02.28.17:787][  0]LogInit:Display: Running engine for game: MyRTS_TropicoStyle
[2015.10.09-02.28.17:787][  0]LogInit:Display: RandInit(556979810) SRandInit(556979811).
[2015.10.09-02.28.17:787][  0]LogTaskGraph: Started task graph with 4 named threads and 7 total threads.
[2015.10.09-02.28.17:787][  0]LogStats: Stats thread started at 0.091850
[2015.10.09-02.28.17:787][  0]LogInit: Version: 4.9.2-2707645+++depot+UE4-Releases+4.9
[2015.10.09-02.28.17:787][  0]LogInit: API Version: 2672455
[2015.10.09-02.28.17:787][  0]LogInit: Compiled (64-bit): Sep 28 2015 10:25:44
[2015.10.09-02.28.17:787][  0]LogInit: Compiled with Visual C++: 18.00.21005.01
[2015.10.09-02.28.17:787][  0]LogInit: Build Configuration: Development
[2015.10.09-02.28.17:787][  0]LogInit: Branch Name: ++depot+UE4-Releases+4.9
[2015.10.09-02.28.17:787][  0]LogInit: Command line: 
[2015.10.09-02.28.17:787][  0]LogInit: Base directory: C:/Program Files/Epic Games/4.9/Engine/Binaries/Win64/
[2015.10.09-02.28.17:787][  0]LogInit: Rocket: 1
[2015.10.09-02.28.17:801][  0]LogInit: Using libcurl 7.41.0
[2015.10.09-02.28.17:801][  0]LogInit:  - built for x86_64-pc-win32
[2015.10.09-02.28.17:801][  0]LogInit:  - supports SSL with WinSSL
[2015.10.09-02.28.17:801][  0]LogInit:  - other features:
[2015.10.09-02.28.17:801][  0]LogInit:      CURL_VERSION_SSL
[2015.10.09-02.28.17:801][  0]LogInit:      CURL_VERSION_IPV6
[2015.10.09-02.28.17:801][  0]LogInit:      CURL_VERSION_ASYNCHDNS
[2015.10.09-02.28.17:801][  0]LogInit:      CURL_VERSION_LARGEFILE
[2015.10.09-02.28.17:801][  0]LogInit:      CURL_VERSION_IDN
[2015.10.09-02.28.17:801][  0]LogInit:  CurlRequestOptions (configurable via config and command line):
[2015.10.09-02.28.17:801][  0]LogInit:  - bVerifyPeer = true  - Libcurl will verify peer certificate
[2015.10.09-02.28.17:801][  0]LogInit:  - bUseHttpProxy = false  - Libcurl will NOT use HTTP proxy
[2015.10.09-02.28.17:801][  0]LogInit:  - bDontReuseConnections = false  - Libcurl will reuse connections
[2015.10.09-02.28.17:801][  0]LogInit:  - CertBundlePath = nullptr  - Libcurl will use whatever was configured at build time.
[2015.10.09-02.28.17:813][  0]LogInit: Presizing for 0 objects not considered by GC, pre-allocating 0 bytes.
[2015.10.09-02.28.17:820][  0]LogInit: Object subsystem initialized
[2015.10.09-02.28.17:822][  0]LogInit: Selected Device Profile: [Windows]
[2015.10.09-02.28.17:822][  0]LogInit: Applying CVar settings loaded from the selected device profile: [Windows]
[2015.10.09-02.28.17:831][  0]LogInit: Computer: JTSMITHFS111
[2015.10.09-02.28.17:831][  0]LogInit: User: jtsmith
[2015.10.09-02.28.17:831][  0]LogInit: CPU Page size=4096, Cores=4
[2015.10.09-02.28.17:831][  0]LogInit: High frequency timer resolution =3.312919 MHz
[2015.10.09-02.28.17:831][  0]LogMemory: Memory total: Physical=8.0GB (8GB approx)
[2015.10.09-02.28.17:831][  0]LogMemory: Platform Memory Stats for Windows
[2015.10.09-02.28.17:831][  0]LogMemory: Process Physical Memory: 56.66 MB used, 56.66 MB peak
[2015.10.09-02.28.17:831][  0]LogMemory: Process Virtual Memory: 58.24 MB used, 58.24 MB peak
[2015.10.09-02.28.17:831][  0]LogMemory: Physical Memory: 4995.30 MB used, 8146.45 MB total
[2015.10.09-02.28.17:831][  0]LogMemory: Virtual Memory: 339.49 MB used, 8388608.00 MB total
[2015.10.09-02.28.17:871][  0]LogTextLocalizationManager: No specific translations for ('en-US') exist, so ('en') translations will be used.
[2015.10.09-02.28.18:700][  0]LogD3D11RHI: Found D3D11 adapter 0: AMD Radeon HD 7570 (Feature Level 11_0)
[2015.10.09-02.28.18:700][  0]LogD3D11RHI: Adapter has 1008MB of dedicated video memory, 0MB of dedicated system memory, and 3817MB of shared system memory, 1 output[s]
[2015.10.09-02.28.18:700][  0]LogD3D11RHI: Chosen D3D11 Adapter Id = 0
[2015.10.09-02.28.18:706][  0]LogD3D11RHI: !Direct3DDevice
[2015.10.09-02.28.18:706][  0]LogRHI: Texture pool is 705 MB (70% of 1008 MB)
[2015.10.09-02.28.18:715][  0]LogD3D11RHI: Async texture creation disabled: no driver support
[2015.10.09-02.28.18:726][  0]LogShaderCompilers: Guid format shader working directory is 14 characters bigger than the processId version (../../../../../../Users/jtsmith/Documents/GitHub/RTS_Trop/MyRTS_TropicoStyle 4.9 - GIT/Intermediate/Shaders/WorkingDirectory/23560/).
[2015.10.09-02.28.18:726][  0]LogShaderCompilers: Cleaned the shader compiler working directory '../../../../../../Users/jtsmith/Documents/GitHub/RTS_Trop/MyRTS_TropicoStyle 4.9 - GIT/Intermediate/Shaders/tmp/FBB1349A417F85646148C58AF44700B0/'.
[2015.10.09-02.28.18:726][  0]LogShaderCompilers:Display: Using Local Shader Compiler.
[2015.10.09-02.28.20:079][  0]LogTemp:Display: Loaded TP AllDesktopTargetPlatform
[2015.10.09-02.28.20:084][  0]LogTemp:Display: Loaded TP WindowsClientTargetPlatform
[2015.10.09-02.28.20:089][  0]LogTemp:Display: Loaded TP WindowsNoEditorTargetPlatform
[2015.10.09-02.28.20:095][  0]LogTemp:Display: Loaded TP WindowsServerTargetPlatform
[2015.10.09-02.28.20:099][  0]LogTemp:Display: Loaded TP WindowsTargetPlatform
[2015.10.09-02.28.20:103][  0]LogTemp:Display: Loaded TP AndroidTargetPlatform
[2015.10.09-02.28.20:106][  0]LogTemp:Display: Loaded TP Android_ASTCTargetPlatform
[2015.10.09-02.28.20:109][  0]LogTemp:Display: Loaded TP Android_ATCTargetPlatform
[2015.10.09-02.28.20:113][  0]LogTemp:Display: Loaded TP Android_DXTTargetPlatform
[2015.10.09-02.28.20:116][  0]LogTemp:Display: Loaded TP Android_ETC1TargetPlatform
[2015.10.09-02.28.20:120][  0]LogTemp:Display: Loaded TP Android_ETC2TargetPlatform
[2015.10.09-02.28.20:123][  0]LogTemp:Display: Loaded TP Android_PVRTCTargetPlatform
[2015.10.09-02.28.20:124][  0]LogTemp:Display: Loaded TP HTML5TargetPlatform
[2015.10.09-02.28.20:141][  0]LogTemp:Display: Loaded TP IOSTargetPlatform
[2015.10.09-02.28.20:152][  0]LogTemp:Display: Loaded TP LinuxNoEditorTargetPlatform
[2015.10.09-02.28.20:156][  0]LogTemp:Display: Loaded TP LinuxServerTargetPlatform
[2015.10.09-02.28.20:160][  0]LogTemp:Display: Loaded TP LinuxTargetPlatform
[2015.10.09-02.28.20:160][  0]LogTargetPlatformManager:Display: Building Assets For Windows
[2015.10.09-02.28.20:241][  0]LogDerivedDataCache:Display: Max Cache Size: 512 MB
[2015.10.09-02.28.20:287][  0]LogDerivedDataCache: Loaded boot cache 0.05s 41MB C:/Users/jtsmith/AppData/Local/UnrealEngine/4.9/DerivedDataCache/Boot.ddc.
[2015.10.09-02.28.20:288][  0]LogDerivedDataCache:Display: Loaded Boot cache: C:/Users/jtsmith/AppData/Local/UnrealEngine/4.9/DerivedDataCache/Boot.ddc
[2015.10.09-02.28.20:288][  0]LogDerivedDataCache: FDerivedDataBackendGraph:  Pak pak cache file ../../../../../../Users/jtsmith/Documents/GitHub/RTS_Trop/MyRTS_TropicoStyle 4.9 - GIT/DerivedDataCache/DDC.ddp not found, will not use a pak cache.
[2015.10.09-02.28.20:288][  0]LogDerivedDataCache: Unable to find inner node Pak for hierarchical cache Hierarchy.
[2015.10.09-02.28.20:288][  0]LogDerivedDataCache: FDerivedDataBackendGraph:  CompressedPak pak cache file ../../../../../../Users/jtsmith/Documents/GitHub/RTS_Trop/MyRTS_TropicoStyle 4.9 - GIT/DerivedDataCache/Compressed.ddp not found, will not use a pak cache.
[2015.10.09-02.28.20:288][  0]LogDerivedDataCache: Unable to find inner node CompressedPak for hierarchical cache Hierarchy.
[2015.10.09-02.28.20:433][  0]LogDerivedDataCache:Display: Pak cache opened for reading ../../../Engine/DerivedDataCache/Compressed.ddp.
[2015.10.09-02.28.20:445][  0]LogDerivedDataCache: Using Local data cache path C:/Users/jtsmith/AppData/Local/UnrealEngine/Common/DerivedDataCache: Writable
[2015.10.09-02.28.20:808][  0]LogInit: Selected Device Profile: [Windows]
[2015.10.09-02.28.20:808][  0]LogContentStreaming: Texture pool size is 0.000000MB
[2015.10.09-02.28.20:848][  0]LogMeshUtilities: No automatic mesh reduction module available
[2015.10.09-02.28.20:848][  0]LogMeshUtilities: No automatic mesh merging module available
[2015.10.09-02.28.21:260][  0]LogInit: WinSock: version 1.1 (2.2), MaxSocks=32767, MaxUdp=65467
[2015.10.09-02.28.22:100][  0]UdpMessaging: Initializing bridge on interface 0.0.0.0:0 to multicast group 230.0.0.1:6666.
[2015.10.09-02.28.22:223][  0]LogAssetRegistry: FAssetRegistry took 0.0103 seconds to start up
[2015.10.09-02.28.22:524][  0]SourceControl: Info Source control is disabled
[2015.10.09-02.28.22:566][  0]SourceControl: Info Source control is disabled
[2015.10.09-02.28.22:605][  0]SourceControl: Info Source control is disabled
[2015.10.09-02.28.22:627][  0]SourceControl: Info Source control is disabled
[2015.10.09-02.28.22:859][  0]LogLinker:Warning: Asset '../../../Engine/Plugins/Runtime/LeapMotionController/Content/LM_PassthroughMaterial.uasset' has been saved with empty engine version. The asset will be loaded but may be incompatible.
[2015.10.09-02.28.23:006][  0]LogObj: 28380 objects as part of root set at end of initial load.
[2015.10.09-02.28.23:006][  0]LogUObjectAllocator: 6044392 out of 0 bytes used by permanent object pool.
[2015.10.09-02.28.23:085][  0]LogEngine: Initializing Engine...
[2015.10.09-02.28.23:088][  0]LogHMD: Can't find Oculus library dev build: is proper Runtime installed? Version: 0.7.0.0
[2015.10.09-02.28.23:093][  0]LogHMD: SteamVR failed to initialize.  Err: 110
[2015.10.09-02.28.23:225][  0]LogAIModule: Creating AISystem for world NewWorld
[2015.10.09-02.28.23:229][  0]LogInit: XAudio2 using 'Speakers (Realtek High Definition Audio)' : 2 channels at 48 kHz using 32 bits per sample (channel mask 0x3)
[2015.10.09-02.28.23:249][  0]LogInit: FAudioDevice initialized.
[2015.10.09-02.28.23:269][  0]LogDerivedDataCache: Saved boot cache 0.02s 41MB C:/Users/jtsmith/AppData/Local/UnrealEngine/4.9/DerivedDataCache/Boot.ddc.
[2015.10.09-02.28.23:273][  0]LogInit: Texture streaming: Enabled
[2015.10.09-02.28.23:278][  0]LogAnalytics: Creating configured Analytics provider AnalyticsET
[2015.10.09-02.28.23:278][  0]LogAnalytics: [UEEditor.Rocket.Release] APIServer = http://et2.epicgames.com/ET2/. AppVersion = 4.9.2-2707645+++depot+UE4-Releases+4.9
[2015.10.09-02.28.23:278][  0]LogAnalytics: [UEEditor.Rocket.Release] SetUserId 6fa6e3274a8d5d72a75cbcbef6d297a7|3b8075bc1ed94341b886f5e4c6e1b23d|13e13887-07aa-43da-a8ee-6e00c985f4a0
[2015.10.09-02.28.23:278][  0]LogAnalytics: [UEEditor.Rocket.Release] AnalyticsET::StartSession
[2015.10.09-02.28.23:306][  0]LogInit: Transaction tracking system initialized
[2015.10.09-02.28.23:370][  0]BlueprintLog: New page: Editor Load
[2015.10.09-02.28.23:666][  0]LocalizationService: Info Localization service is disabled
[2015.10.09-02.28.24:005][  0]LogConsoleResponse:Display: 
[2015.10.09-02.28.24:175][  0]LogCook:Display: Done creating registry. It took  0.00s.
[2015.10.09-02.28.24:313][  0]SourceControl: Info Source control is disabled
[2015.10.09-02.28.24:313][  0]Cmd: MAP LOAD FILE="../../../../../../Users/jtsmith/Documents/GitHub/RTS_Trop/MyRTS_TropicoStyle 4.9 - GIT/Content/TopDownBP/Maps/TopDownExampleMap.umap" TEMPLATE=0 SHOWPROGRESS=1 FEATURELEVEL=3
[2015.10.09-02.28.24:313][  0]LightingResults: New page: Lighting Build
[2015.10.09-02.28.24:316][  0]MapCheck: New page: Map Check
[2015.10.09-02.28.24:316][  0]LightingResults: New page: Lighting Build
[2015.10.09-02.28.24:327][  0]LogParticles: Destroying 0 GPU particle simulations for FXSystem 0x0000000021CB99E0
[2015.10.09-02.28.25:440][  0]LogProperty:Error: UStructProperty::Serialize Loading: Property 'StructProperty /Game/TopDownBP/Blueprints/MyGameState.MyGameState_C:CommercialBuildings.CommercialBuildings'. Unknown structure.
[2015.10.09-02.28.25:440][  0]LogProperty:Error: UStructProperty::Serialize Loading: Property 'StructProperty /Game/TopDownBP/Blueprints/MyGameState.MyGameState_C:IndustrialBuildings.IndustrialBuildings'. Unknown structure.
[2015.10.09-02.28.25:804][  0]LogProperty:Error: UStructProperty::Serialize Loading: Property 'StructProperty /Game/TopDownBP/Blueprints/TopDownCharacter.TopDownCharacter_C:RandomFeatures.K2Node_MakeStruct_CharacterProfile_STRUCT'. Unknown structure.
[2015.10.09-02.28.25:804][  0]LogProperty:Error: UStructProperty::Serialize Loading: Property 'StructProperty /Game/TopDownBP/Blueprints/TopDownCharacter.TopDownCharacter_C:RandomFeatures.K2Node_MakeStruct_CharacterProfile_STRUCT2'. Unknown structure.
[2015.10.09-02.28.25:806][  0]LogProperty:Error: UStructProperty::Serialize Loading: Property 'StructProperty /Game/TopDownBP/Blueprints/TopDownCharacter.TopDownCharacter_C:MyProfile'. Unknown structure.
[2015.10.09-02.28.27:976][  0]LogBlueprint:Error: [compiler ConstructionManager_BP] Error The current value of the ' Target Array ' pin is invalid: Array inputs (like 'Target Array') must have an input wired into them (try connecting a MakeArray node).
[2015.10.09-02.28.27:976][  0]LogBlueprint:Error: [compiler ConstructionManager_BP] Error The current value of the ' Target Array ' pin is invalid: Array inputs (like 'Target Array') must have an input wired into them (try connecting a MakeArray node).
[2015.10.09-02.28.28:019][  0]LogBlueprint:Warning: [compiler ConstructionManager_BP] Warning [0010.82] Compile of ConstructionManager_BP failed. 2 Fatal Issue(s) 0 Warning(s) [in 47 ms]
[2015.10.09-02.28.28:019][  0]LogBlueprint:Warning: [compiler ConstructionManager_BP] Warning [0010.84] Compile of ConstructionManager_BP failed. 2 Fatal Issue(s) 1 Warning(s) [in 0 ms]
[2015.10.09-02.28.28:019][  0]LogBlueprint:Warning: [compiler ConstructionManager_BP] Warning [0010.84] Compile of ConstructionManager_BP failed. 2 Fatal Issue(s) 2 Warning(s) [in 0 ms]
[2015.10.09-02.28.28:202][  0]LogLinker:Warning: CreateExport: Failed to load Parent for Function /Game/TopDownBP/Blueprints/Buildings/Residential/Shack_BP.Shack_BP_C:UserConstructionScript; removing parent information, but keeping function
[2015.10.09-02.28.29:398][  0]LogClass:Warning: Property MyProfile of TopDownCharacter_C has a struct type mismatch (tag STRUCT_REINST_CharacterProfile_STRUCT_0 != prop FallbackStruct) in package:  ../../../../../../Users/jtsmith/Documents/GitHub/RTS_Trop/MyRTS_TropicoStyle 4.9 - GIT/Content/TopDownBP/Blueprints/TopDownCharacter.uasset. If that struct got renamed, add an entry to ActiveStructRedirects.
[2015.10.09-02.28.29:485][  0]LogClass:Warning: Property MyProfile of TopDownCharacter_C has a struct type mismatch (tag FallbackStruct != prop CharacterProfile_STRUCT) in package:  FObjectReader. If that struct got renamed, add an entry to ActiveStructRedirects.
[2015.10.09-02.28.30:074][  0]LogBlueprint:Error: [compiler ConstructionManager_BP] Error The current value of the ' Target Array ' pin is invalid: Array inputs (like 'Target Array') must have an input wired into them (try connecting a MakeArray node).
[2015.10.09-02.28.30:074][  0]LogBlueprint:Error: [compiler ConstructionManager_BP] Error The current value of the ' Target Array ' pin is invalid: Array inputs (like 'Target Array') must have an input wired into them (try connecting a MakeArray node).
[2015.10.09-02.28.30:095][  0]LogBlueprint:Warning: [compiler ConstructionManager_BP] Warning [0012.92] Compile of ConstructionManager_BP failed. 2 Fatal Issue(s) 0 Warning(s) [in 47 ms]
[2015.10.09-02.28.30:095][  0]LogBlueprint:Warning: [compiler ConstructionManager_BP] Warning [0012.92] Compile of ConstructionManager_BP failed. 2 Fatal Issue(s) 1 Warning(s) [in 0 ms]
[2015.10.09-02.28.30:097][  0]LogBlueprint:Warning: [compiler ConstructionManager_BP] Warning [0012.92] Compile of ConstructionManager_BP failed. 2 Fatal Issue(s) 2 Warning(s) [in 1 ms]
[2015.10.09-02.28.37:046][  0]LogAIModule: Creating AISystem for world TopDownExampleMap
[2015.10.09-02.28.38:591][  0]LogEditorServer: Finished looking for orphan Actors (0.000 secs)
[2015.10.09-02.28.38:610][  0]Cmd: MAP CHECKDEP NOCLEARLOG
[2015.10.09-02.28.38:744][  0]MapCheck: Info Map check complete: 0 Error(s), 0 Warning(s), took 133.084ms to complete.
[2015.10.09-02.28.38:744][  0]LogFileHelpers: Loading map 'TopDownExampleMap' took 14.429
[2015.10.09-02.28.39:160][  0]LogCollectionManager: Loaded 0 collections in 0.004463 seconds
[2015.10.09-02.28.39:226][  0]LogFileCache: Scanning file cache for directory 'C:/Users/jtsmith/Documents/GitHub/RTS_Trop/MyRTS_TropicoStyle 4.9 - GIT/Saved/Collections/' took 0.01s
[2015.10.09-02.28.39:226][  0]LogFileCache: Scanning file cache for directory 'C:/Users/jtsmith/Documents/GitHub/RTS_Trop/MyRTS_TropicoStyle 4.9 - GIT/Content/Developers/jtsmith/Collections/' took 0.01s
[2015.10.09-02.28.39:226][  0]LogFileCache: Scanning file cache for directory 'C:/Users/jtsmith/Documents/GitHub/RTS_Trop/MyRTS_TropicoStyle 4.9 - GIT/Content/Collections/' took 0.01s
[2015.10.09-02.28.39:226][  0]LogContentBrowser: Native class hierarchy populated in 0.0131 seconds. Added 1874 classes and 335 folders.
[2015.10.09-02.28.39:251][  0]LogCollectionManager: Rebuilt the GUID cache for 0 collections in 0.000003 seconds
[2015.10.09-02.28.39:308][  0]LogContentBrowser: Native class hierarchy updated for 'WidgetCarousel' in 0.0003 seconds. Added 0 classes and 0 folders.
[2015.10.09-02.28.41:053][  0]LogContentBrowser: Native class hierarchy updated for 'AddContentDialog' in 0.0003 seconds. Added 0 classes and 0 folders.
[2015.10.09-02.28.41:104][  0]LogContentBrowser: Native class hierarchy updated for 'SceneOutliner' in 0.0003 seconds. Added 1 classes and 2 folders.
[2015.10.09-02.28.41:345][  0]LogCrashTracker: Crashtracker disabled due to settings.
[2015.10.09-02.28.41:357][  0]LogUObjectGlobals:Warning: Failed to find object 'Class None.'
[2015.10.09-02.28.41:386][  0]LogLoad: Full Startup: 24.21 seconds (BP compile: 2.36 seconds)
[2015.10.09-02.28.41:764][  0]LogContentStreaming: Texture pool size now 400 MB
[2015.10.09-02.28.41:948][  0]LogRenderer: Reallocating scene render targets to support 1280x716 (Frame:2).
[2015.10.09-02.28.42:129][  1]Cmd: UpdateLandscapeEditorData -warnings
[2015.10.09-02.28.42:711][  4]LogLinker:Warning: Asset '../../../Engine/Content/ArtTools/RenderToTexture/Macros/RenderToTextureMacros.uasset' has been saved with empty engine version. The asset will be loaded but may be incompatible.
[2015.10.09-02.28.43:453][  4]LogContentBrowser: Native class hierarchy updated for 'BlueprintGraph' in 0.0077 seconds. Added 107 classes and 0 folders.
[2015.10.09-02.28.45:577][  4]LogPackageName: SearchForPackageOnDisk took   0.000s to resolve /Game/TopDownBP/Blueprints/GhostBuilding_BP.
[2015.10.09-02.28.45:776][  5]LogPackageName: SearchForPackageOnDisk took   0.000s to resolve /Game/TopDownBP/Blueprints/MyAIController.
[2015.10.09-02.28.45:778][  5]LogPackageName: SearchForPackageOnDisk took   0.000s to resolve /Game/TopDownBP/Blueprints/MyGameMode.
[2015.10.09-02.28.45:778][  5]LogPackageName: SearchForPackageOnDisk took   0.000s to resolve /Game/TopDownBP/Blueprints/MyGameState.
[2015.10.09-02.28.45:780][  5]LogPackageName: SearchForPackageOnDisk took   0.000s to resolve /Game/TopDownBP/Blueprints/MyPlayerState.
[2015.10.09-02.28.45:782][  5]LogPackageName: SearchForPackageOnDisk took   0.000s to resolve /Game/TopDownBP/Blueprints/TopDownCharacter.
[2015.10.09-02.28.45:817][  6]LogPackageName: SearchForPackageOnDisk took   0.000s to resolve /Game/TopDownBP/Blueprints/AI/ConstructionCheck_SERVICE.
[2015.10.09-02.28.45:817][  6]LogPackageName: SearchForPackageOnDisk took   0.000s to resolve /Game/TopDownBP/Blueprints/AI/EndConstruction_TASK.
[2015.10.09-02.28.45:817][  6]LogPackageName: SearchForPackageOnDisk took   0.000s to resolve /Game/TopDownBP/Blueprints/AI/NewAICharacter_BP.
[2015.10.09-02.28.45:864][  7]LogPackageName: SearchForPackageOnDisk took   0.000s to resolve /Game/TopDownBP/Blueprints/AI/RandomWait_TASK.
[2015.10.09-02.28.45:866][  7]LogPackageName: SearchForPackageOnDisk took   0.000s to resolve /Game/TopDownBP/Blueprints/AI/ResetCharacterHidden_TASK.
[2015.10.09-02.28.45:868][  7]LogPackageName: SearchForPackageOnDisk took   0.000s to resolve /Game/TopDownBP/Blueprints/AI/Service_DEC.
[2015.10.09-02.28.45:868][  7]LogPackageName: SearchForPackageOnDisk took   0.000s to resolve /Game/TopDownBP/Blueprints/AI/S_AIState.
[2015.10.09-02.28.45:873][  7]LogPackageName: SearchForPackageOnDisk took   0.000s to resolve /Game/TopDownBP/Blueprints/AI/S_JobCheck.
[2015.10.09-02.28.45:879][  7]LogPackageName: SearchForPackageOnDisk took   0.000s to resolve /Game/TopDownBP/Blueprints/AI/TempDestroyAssignment_TASK.
[2015.10.09-02.28.45:889][  8]LogPackageName: SearchForPackageOnDisk took   0.000s to resolve /Game/TopDownBP/Blueprints/AI/TestAIController.
[2015.10.09-02.28.45:903][  8]LogPackageName: SearchForPackageOnDisk took   0.000s to resolve /Game/TopDownBP/Blueprints/AI/TestDoConstruction_TASK.
[2015.10.09-02.28.45:904][  8]LogPackageName: SearchForPackageOnDisk took   0.000s to resolve /Game/TopDownBP/Blueprints/AI/TestStartConstruction_TASK.
[2015.10.09-02.28.45:904][  8]LogPackageName: SearchForPackageOnDisk took   0.000s to resolve /Game/TopDownBP/Blueprints/AI/ConstructionWorker/AssignWork_TASK.
[2015.10.09-02.28.45:919][  9]LogPackageName: SearchForPackageOnDisk took   0.000s to resolve /Game/TopDownBP/Blueprints/AI/ConstructionWorker/CheckForWork_DEC.
[2015.10.09-02.28.45:919][  9]LogPackageName: SearchForPackageOnDisk took   0.000s to resolve /Game/TopDownBP/Blueprints/AI/ConstructionWorker/CheckIsWorking_DEC.
[2015.10.09-02.28.45:927][  9]LogPackageName: SearchForPackageOnDisk took   0.000s to resolve /Game/TopDownBP/Blueprints/AI/ConstructionWorker/CheckJobValid_DEC.
[2015.10.09-02.28.45:947][ 10]LogPackageName: SearchForPackageOnDisk took   0.000s to resolve /Game/TopDownBP/Blueprints/AI/ConstructionWorker/CheckWorkValid_DEC.
[2015.10.09-02.28.45:951][ 10]LogPackageName: SearchForPackageOnDisk took   0.000s to resolve /Game/TopDownBP/Blueprints/AI/ConstructionWorker/IsAtOffice_DEC.
[2015.10.09-02.28.45:957][ 10]LogPackageName: SearchForPackageOnDisk took   0.000s to resolve /Game/TopDownBP/Blueprints/AI/ConstructionWorker/IsConstructionWorker_DEC.
[2015.10.09-02.28.45:957][ 10]LogPackageName: SearchForPackageOnDisk took   0.000s to resolve /Game/TopDownBP/Blueprints/AI/ConstructionWorker/MoveToConstructionOffice_TASK.
[2015.10.09-02.28.45:977][ 11]LogPackageName: SearchForPackageOnDisk took   0.000s to resolve /Game/TopDownBP/Blueprints/AI/ConstructionWorker/MoveToJobSite_TASK.
[2015.10.09-02.28.45:988][ 11]LogPackageName: SearchForPackageOnDisk took   0.000s to resolve /Game/TopDownBP/Blueprints/AI/ConstructionWorker/ReportForShift_TASK.
[2015.10.09-02.28.46:004][ 12]LogPackageName: SearchForPackageOnDisk took   0.000s to resolve /Game/TopDownBP/Blueprints/AI/ConstructionWorker/StartConstruction_TASK.
[2015.10.09-02.28.46:009][ 12]LogPackageName: SearchForPackageOnDisk took   0.000s to resolve /Game/TopDownBP/Blueprints/AI/ConstructionWorker/StopMoveToWork_TASK.
[2015.10.09-02.28.46:015][ 12]LogPackageName: SearchForPackageOnDisk took   0.000s to resolve /Game/TopDownBP/Blueprints/AI/Residential/AtHouse_TASK.
[2015.10.09-02.28.46:031][ 13]LogPackageName: SearchForPackageOnDisk took   0.000s to resolve /Game/TopDownBP/Blueprints/AI/Residential/AtNewHouse_TASK.
[2015.10.09-02.28.46:032][ 13]LogPackageName: SearchForPackageOnDisk took   0.000s to resolve /Game/TopDownBP/Blueprints/AI/Residential/BasicTick_SERV.
[2015.10.09-02.28.46:032][ 13]LogPackageName: SearchForPackageOnDisk took   0.000s to resolve /Game/TopDownBP/Blueprints/AI/Residential/FindHousingVacancy_TASK.
[2015.10.09-02.28.46:041][ 13]LogPackageName: SearchForPackageOnDisk took   0.000s to resolve /Game/TopDownBP/Blueprints/AI/Residential/GetRandomMoveToLocationLarge_TASK.
[2015.10.09-02.28.46:055][ 14]LogPackageName: SearchForPackageOnDisk took   0.000s to resolve /Game/TopDownBP/Blueprints/AI/Residential/GetRandomMoveToLocationSmall_TASK.
[2015.10.09-02.28.46:060][ 14]LogPackageName: SearchForPackageOnDisk took   0.000s to resolve /Game/TopDownBP/Blueprints/AI/Residential/Homeless_DEC.
[2015.10.09-02.28.46:060][ 14]LogPackageName: SearchForPackageOnDisk took   0.000s to resolve /Game/TopDownBP/Blueprints/AI/Residential/HouseDoesExist_DEC.
[2015.10.09-02.28.46:061][ 14]LogPackageName: SearchForPackageOnDisk took   0.000s to resolve /Game/TopDownBP/Blueprints/AI/Residential/MoveToLocation_TASK.
[2015.10.09-02.28.46:067][ 14]LogPackageName: SearchForPackageOnDisk took   0.000s to resolve /Game/TopDownBP/Blueprints/AI/Residential/PlaceTemporaryHouse_TASK.
[2015.10.09-02.28.46:088][ 15]LogPackageName: SearchForPackageOnDisk took   0.000s to resolve /Game/TopDownBP/Blueprints/AI/Residential/StopMoveToHouse_TASK.
[2015.10.09-02.28.46:093][ 15]LogPackageName: SearchForPackageOnDisk took   0.000s to resolve /Game/TopDownBP/Blueprints/Buildings/CommercialMaster_BP.
[2015.10.09-02.28.46:094][ 15]LogPackageName: SearchForPackageOnDisk took   0.000s to resolve /Game/TopDownBP/Blueprints/Buildings/IndustrialMaster_BP.
[2015.10.09-02.28.46:094][ 15]LogPackageName: SearchForPackageOnDisk took   0.000s to resolve /Game/TopDownBP/Blueprints/Buildings/OccupationalMaster_BP.
[2015.10.09-02.28.46:096][ 15]LogPackageName: SearchForPackageOnDisk took   0.000s to resolve /Game/TopDownBP/Blueprints/Buildings/ResidentialMaster_BP.
[2015.10.09-02.28.46:102][ 15]LogPackageName: SearchForPackageOnDisk took   0.000s to resolve /Game/TopDownBP/Blueprints/Buildings/Commercial/ConstructionOffice_BP.
[2015.10.09-02.28.46:121][ 16]LogPackageName: SearchForPackageOnDisk took   0.000s to resolve /Game/TopDownBP/Blueprints/Buildings/Commercial/Restaurant_BP.
[2015.10.09-02.28.46:125][ 16]LogPackageName: SearchForPackageOnDisk took   0.001s to resolve /Game/TopDownBP/Blueprints/Buildings/Industrial/BananaFarm_BP.
[2015.10.09-02.28.46:125][ 16]LogPackageName: SearchForPackageOnDisk took   0.000s to resolve /Game/TopDownBP/Blueprints/Buildings/Residential/Apartments_Sm_BP.
[2015.10.09-02.28.46:131][ 16]LogPackageName: SearchForPackageOnDisk took   0.001s to resolve /Game/TopDownBP/Blueprints/Buildings/Residential/Shack_BP.
[2015.10.09-02.28.46:151][ 17]LogPackageName: SearchForPackageOnDisk took   0.000s to resolve /Game/TopDownBP/Blueprints/Construction/ConstructionManager_BP.
[2015.10.09-02.28.46:195][ 18]LogPackageName: SearchForPackageOnDisk took   0.000s to resolve /Game/TopDownBP/Blueprints/Construction/ConstructionProxy_BP.
[2015.10.09-02.28.46:236][ 19]LogPackageName: SearchForPackageOnDisk took   0.000s to resolve /Game/TopDownBP/Blueprints/Libraries/Function_Library.
[2015.10.09-02.28.46:237][ 19]LogPackageName: SearchForPackageOnDisk took   0.000s to resolve /Game/TopDownBP/Blueprints/Libraries/Macro_Library.
[2015.10.09-02.28.46:237][ 19]LogPackageName: SearchForPackageOnDisk took   0.000s to resolve /Game/TopDownBP/Character/TopDownAnimBlueprint.
[2015.10.09-02.28.46:240][ 19]LogPackageName: SearchForPackageOnDisk took   0.000s to resolve /Engine/ArtTools/RenderToTexture/Blueprints/RenderToTexture_Game.
[2015.10.09-02.28.46:240][ 19]LogPackageName: SearchForPackageOnDisk took   0.000s to resolve /Engine/ArtTools/RenderToTexture/Blueprints/RenderToTexture_LevelBP.
[2015.10.09-02.28.46:251][ 19]LogPackageName: SearchForPackageOnDisk took   0.000s to resolve /Engine/ArtTools/RenderToTexture/Blueprints/RenderToTexture_Pawn.
[2015.10.09-02.28.46:266][ 20]LogPackageName: SearchForPackageOnDisk took   0.000s to resolve /Game/TopDownBP/HUDs/Building_HUD.
[2015.10.09-02.28.46:269][ 20]LogPackageName: SearchForPackageOnDisk took   0.000s to resolve /Game/TopDownBP/HUDs/ButtonField.
[2015.10.09-02.28.46:272][ 20]LogPackageName: SearchForPackageOnDisk took   0.000s to resolve /Game/TopDownBP/HUDs/Character_HUD.
[2015.10.09-02.28.46:298][ 21]LogPackageName: SearchForPackageOnDisk took   0.000s to resolve /Game/TopDownBP/HUDs/Commander_HUD.
[2015.10.09-02.28.46:333][ 22]LogPackageName: SearchForPackageOnDisk took   0.000s to resolve /Game/TopDownBP/HUDs/PauseMenu_PopUp.
[2015.10.09-02.28.46:336][ 22]LogPackageName: SearchForPackageOnDisk took   0.000s to resolve /Game/TopDownBP/HUDs/Proxy_HUD.
[2015.10.09-02.28.46:343][ 22]LogPackageName: SearchForPackageOnDisk took   0.000s to resolve /Game/TopDownBP/HUDs/TestBuilding_HUD.
[2015.10.09-02.28.46:369][ 23]LogPackageName: SearchForPackageOnDisk took   0.000s to resolve /Game/TopDownBP/HUDs/TextField.
[2015.10.09-02.28.46:370][ 23]LogPackageName: SearchForPackageOnDisk took   0.000s to resolve /Game/TopDownBP/Interfaces/I_Construction.
[2015.10.09-02.28.46:371][ 23]LogPackageName: SearchForPackageOnDisk took   0.000s to resolve /Game/TopDownBP/Interfaces/I_GameSettings.
[2015.10.09-02.28.46:372][ 23]LogPackageName: SearchForPackageOnDisk took   0.000s to resolve /Game/TopDownBP/Interfaces/I_HUD.
[2015.10.09-02.28.46:375][ 23]LogPackageName: SearchForPackageOnDisk took   0.000s to resolve /Game/TopDownBP/Interfaces/I_Interactions.
[2015.10.09-02.28.46:377][ 23]LogPackageName: SearchForPackageOnDisk took   0.000s to resolve /Game/TopDownBP/Libraries/Function_Library.
[2015.10.09-02.28.46:383][ 23]LogPackageName: SearchForPackageOnDisk took   0.000s to resolve /Game/TopDownBP/Libraries/Macro_Library.
[2015.10.09-02.28.46:396][ 24]LogPackageName: SearchForPackageOnDisk took   0.000s to resolve /Game/TopDownBP/Maps/TopDownExampleMap.
[2015.10.09-02.28.46:405][ 24]LogPackageName: SearchForPackageOnDisk took   0.000s to resolve /Game/TopDownBP/Meshes/TestShape.
[2015.10.09-02.28.46:410][ 24]LogPackageName: SearchForPackageOnDisk took   0.000s to resolve /Game/TopDownBP/NewCharAnimations/NewTopDown_AnimBP.
[2015.10.09-02.28.46:422][ 25]LogPackageName: SearchForPackageOnDisk took   0.000s to resolve /Game/TopDownBP/Sky/CustomSkySphere_BP.
[2015.10.09-02.28.46:456][ 26]LogPackageName: SearchForPackageOnDisk took   0.000s to resolve /Game/TopDownBP/Sky/DayNightCycle_BP.
[2015.10.09-02.28.46:540][ 27]LogAssetRegistry: Asset discovery search completed in 24.3256 seconds
[2015.10.09-02.28.46:542][ 27]LogCollectionManager: Rebuilt the object cache for 0 collections in 0.000001 seconds (found 0 objects)
[2015.10.09-02.28.46:542][ 27]LogCollectionManager: Fixed up redirectors for 0 collections in 0.000051 seconds (updated 0 objects)
[2015.10.09-02.29.03:293][917]LogBlueprintUserMessages: Early PlayInEditor Detection: Level '/Game/TopDownBP/Maps/TopDownExampleMap.TopDownExampleMap:PersistentLevel' has LevelScriptBlueprint '/Game/TopDownBP/Maps/TopDownExampleMap.TopDownExampleMap:PersistentLevel.TopDownExampleMap' with GeneratedClass '/Game/TopDownBP/Maps/TopDownExampleMap.TopDownExampleMap_C' with ClassGeneratedBy '/Game/TopDownBP/Maps/TopDownExampleMap.TopDownExampleMap:PersistentLevel.TopDownExampleMap'
[2015.10.09-02.29.03:295][917]LogPlayLevel: PlayLevel: No blueprints needed recompiling
[2015.10.09-02.29.22:755][896]LogD3D11RHI: Timed out while waiting for GPU to catch up. (0.5 s)
[2015.10.09-02.29.23:270][897]LogD3D11RHI: Timed out while waiting for GPU to catch up. (0.5 s)
[2015.10.09-02.29.23:783][898]LogD3D11RHI: Timed out while waiting for GPU to catch up. (0.5 s)
[2015.10.09-02.29.30:736][499]LogBlueprintUserMessages: CustomizeDetails for Blueprint 'ConstructionManager_BP', cached variable property's owner is '/Game/TopDownBP/Blueprints/MyGameState.MyGameState_C'
[2015.10.09-02.29.36:224][918]LogBlueprintUserMessages: CustomizeDetails for Blueprint 'ConstructionManager_BP', cached variable property's owner is '/Game/TopDownBP/Blueprints/MyGameState.MyGameState_C'
[2015.10.09-02.29.37:980][ 66]LogBlueprintUserMessages: CustomizeDetails for Blueprint 'ConstructionManager_BP', cached variable property's owner is '/Game/TopDownBP/Blueprints/MyGameState.MyGameState_C'
[2015.10.09-02.29.40:162][229]LogBlueprintUserMessages: CustomizeDetails for Blueprint 'ConstructionManager_BP', cached variable property's owner is '/Game/TopDownBP/Blueprints/MyGameState.MyGameState_C'
[2015.10.09-02.29.45:118][626]LogBlueprintUserMessages: CustomizeDetails for Blueprint 'ConstructionManager_BP', cached variable property's owner is '/Game/TopDownBP/Blueprints/MyGameState.MyGameState_C'
[2015.10.09-02.29.52:414][139]LogD3D11RHI: Timed out while waiting for GPU to catch up. (0.5 s)
[2015.10.09-02.29.52:929][140]LogD3D11RHI: Timed out while waiting for GPU to catch up. (0.5 s)
[2015.10.09-02.29.53:446][141]LogD3D11RHI: Timed out while waiting for GPU to catch up. (0.5 s)
[2015.10.09-02.29.53:447][141]BlueprintLog: New page: Compile ConstructionManager_BP
[2015.10.09-02.29.53:732][141]LogActorComponent: UnregisterComponent: (/Engine/Transient.CharMoveComp) Not registered. Aborting.
[2015.10.09-02.29.53:921][141]LogBlueprintUserMessages: PostEditorRefresh for Blueprint 'ConstructionManager_BP', cached variable property's owner is '/Game/TopDownBP/Blueprints/MyGameState.MyGameState_C'
[2015.10.09-02.29.53:926][141]BlueprintEditorCompileResults: Info [0096.74] Compile of ConstructionManager_BP successful! [in 478 ms]
[2015.10.09-02.29.53:950][141]LogBlueprintUserMessages: CustomizeDetails for Blueprint 'ConstructionManager_BP', cached variable property's owner is '/Game/TopDownBP/Blueprints/MyGameState.MyGameState_C'
[2015.10.09-02.29.53:954][142]BlueprintLog: New page: Compile ConstructionManager_BP
[2015.10.09-02.29.54:154][142]LogBlueprintUserMessages: PostEditorRefresh for Blueprint 'ConstructionManager_BP', cached variable property's owner is '/Game/TopDownBP/Blueprints/MyGameState.MyGameState_C'
[2015.10.09-02.29.54:159][142]BlueprintEditorCompileResults: Info [0096.97] Compile of ConstructionManager_BP successful! [in 204 ms]
[2015.10.09-02.29.54:176][142]LogBlueprintUserMessages: CustomizeDetails for Blueprint 'ConstructionManager_BP', cached variable property's owner is '/Game/TopDownBP/Blueprints/MyGameState.MyGameState_C'
[2015.10.09-02.29.55:393][193]LogSavePackage: Save=321.210999ms
[2015.10.09-02.29.55:393][193]LogSavePackage: Moving '../../../../../../Users/jtsmith/Documents/GitHub/RTS_Trop/MyRTS_TropicoStyle 4.9 - GIT/Saved/ConstructionManager_BP58FF18B84252D9971410C6AF2C539DA8.tmp' to '../../../../../../Users/jtsmith/Documents/GitHub/RTS_Trop/MyRTS_TropicoStyle 4.9 - GIT/Content/TopDownBP/Blueprints/Construction/ConstructionManager_BP.uasset'
[2015.10.09-02.29.55:395][193]LogSavePackage: Total save time: 435.303733ms
[2015.10.09-02.29.55:395][193]LogSavePackage:Warning: Finished SavePackage ../../../../../../Users/jtsmith/Documents/GitHub/RTS_Trop/MyRTS_TropicoStyle 4.9 - GIT/Content/TopDownBP/Blueprints/Construction/ConstructionManager_BP.uasset
[2015.10.09-02.30.52:293][179]SourceControl: Info # On branch master
[2015.10.09-02.30.52:294][179]SourceControl: Info #
[2015.10.09-02.30.52:294][179]SourceControl: Info # Initial commit
[2015.10.09-02.30.52:294][179]SourceControl: Info #
[2015.10.09-02.30.52:294][179]SourceControl: Info # Untracked files:
[2015.10.09-02.30.52:294][179]SourceControl: Info #   (use "git add <file>..." to include in what will be committed)
[2015.10.09-02.30.52:294][179]SourceControl: Info #
[2015.10.09-02.30.52:294][179]SourceControl: Info #	Build/
[2015.10.09-02.30.52:294][179]SourceControl: Info #	Config/
[2015.10.09-02.30.52:294][179]SourceControl: Info #	Content/
[2015.10.09-02.30.52:294][179]SourceControl: Info #	Intermediate/
[2015.10.09-02.30.52:294][179]SourceControl: Info #	MyRTS_TropicoStyle.uproject
[2015.10.09-02.30.52:294][179]SourceControl: Info #	Saved/
[2015.10.09-02.30.52:294][179]SourceControl: Info nothing added to commit but untracked files present (use "git add" to track)
[2015.10.09-02.31.35:283][610]LogActorComponent: UnregisterComponent: (/Engine/Transient.EditorFloorComp) Not registered. Aborting.
[2015.10.09-02.31.35:332][610]LogActorComponent: UnregisterComponent: (/Engine/Transient.EditorFloorComp) Not registered. Aborting.
[2015.10.09-02.31.35:709][611]Cmd: QUIT_EDITOR
[2015.10.09-02.31.35:988][611]LogExit: Preparing to exit.
[2015.10.09-02.31.36:240][611]LogExit: Editor shut down
[2015.10.09-02.31.36:241][611]LogExit: Transaction tracking system shut down
[2015.10.09-02.31.36:247][611]LogParticles: Destroying 0 GPU particle simulations for FXSystem 0x000000002C5689A0
[2015.10.09-02.31.36:248][611]LogParticles: Destroying 0 GPU particle simulations for FXSystem 0x00000000312A7880
[2015.10.09-02.31.36:248][611]LogParticles: Destroying 0 GPU particle simulations for FXSystem 0x000000002D70D800
[2015.10.09-02.31.36:248][611]LogParticles: Destroying 0 GPU particle simulations for FXSystem 0x0000000033471260
[2015.10.09-02.31.36:249][611]LogParticles: Destroying 0 GPU particle simulations for FXSystem 0x00000000345B7A60
[2015.10.09-02.31.36:249][611]LogParticles: Destroying 0 GPU particle simulations for FXSystem 0x00000000345B7240
[2015.10.09-02.31.36:251][611]LogParticles: Destroying 0 GPU particle simulations for FXSystem 0x000000003B799800
[2015.10.09-02.31.36:252][611]LogParticles: Destroying 0 GPU particle simulations for FXSystem 0x000000003B799300
[2015.10.09-02.31.36:252][611]LogParticles: Destroying 0 GPU particle simulations for FXSystem 0x000000003D4AB880
[2015.10.09-02.31.36:253][611]LogParticles: Destroying 0 GPU particle simulations for FXSystem 0x000000003D4ABD80
[2015.10.09-02.31.36:253][611]LogParticles: Destroying 0 GPU particle simulations for FXSystem 0x000000003EDA7420
[2015.10.09-02.31.36:255][611]LogParticles: Destroying 0 GPU particle simulations for FXSystem 0x000000002C1318A0
[2015.10.09-02.31.36:256][611]LogParticles: Destroying 0 GPU particle simulations for FXSystem 0x00000000395C0F40
[2015.10.09-02.31.36:466][611]LogExit: Object subsystem successfully closed.
[2015.10.09-02.31.36:484][611]LogD3D11RHI: Shutdown
[2015.10.09-02.31.36:484][611]LogD3D11RHI: CleanupD3DDevice
[2015.10.09-02.31.36:545][611]LogD3D11RHI: ~FD3D11DynamicRHI
[2015.10.09-02.31.36:565][611]LogModuleManager: Shutting down and abandoning module BlueprintGraph (199)
[2015.10.09-02.31.36:565][611]LogModuleManager: Shutting down and abandoning module CrashTracker (198)
[2015.10.09-02.31.36:565][611]LogModuleManager: Shutting down and abandoning module SceneOutliner (197)
[2015.10.09-02.31.36:565][611]LogModuleManager: Shutting down and abandoning module SuperSearch (196)
[2015.10.09-02.31.36:565][611]LogModuleManager: Shutting down and abandoning module WidgetCarousel (195)
[2015.10.09-02.31.36:565][611]LogModuleManager: Shutting down and abandoning module AddContentDialog (194)
[2015.10.09-02.31.36:573][611]LogModuleManager: Shutting down and abandoning module EditorWidgets (193)
[2015.10.09-02.31.36:573][611]LogModuleManager: Shutting down and abandoning module CollectionManager (192)
[2015.10.09-02.31.36:573][611]LogModuleManager: Shutting down and abandoning module StatsViewer (191)
[2015.10.09-02.31.36:573][611]LogModuleManager: Shutting down and abandoning module FoliageEdit (190)
[2015.10.09-02.31.36:573][611]LogModuleManager: Shutting down and abandoning module LandscapeEditor (189)
[2015.10.09-02.31.36:573][611]LogModuleManager: Shutting down and abandoning module ActorPickerMode (188)
[2015.10.09-02.31.36:573][611]LogModuleManager: Shutting down and abandoning module GeometryMode (187)
[2015.10.09-02.31.36:573][611]LogModuleManager: Shutting down and abandoning module TextureAlignMode (186)
[2015.10.09-02.31.36:573][611]LogModuleManager: Shutting down and abandoning module BspMode (185)
[2015.10.09-02.31.36:573][611]LogModuleManager: Shutting down and abandoning module PlacementMode (184)
[2015.10.09-02.31.36:573][611]LogModuleManager: Shutting down and abandoning module AutomationWorker (183)
[2015.10.09-02.31.36:574][611]LogModuleManager: Shutting down and abandoning module CharacterAI (182)
[2015.10.09-02.31.36:574][611]LogModuleManager: Shutting down and abandoning module SmartSnapping (181)
[2015.10.09-02.31.36:574][611]LogModuleManager: Shutting down and abandoning module ViewportSnapping (180)
[2015.10.09-02.31.36:574][611]LogModuleManager: Shutting down and abandoning module LogVisualizer (179)
[2015.10.09-02.31.36:574][611]LogModuleManager: Shutting down and abandoning module GameProjectGeneration (178)
[2015.10.09-02.31.36:574][611]LogModuleManager: Shutting down and abandoning module IntroTutorials (177)
[2015.10.09-02.31.36:574][611]LogModuleManager: Shutting down and abandoning module EditorLiveStreaming (176)
[2015.10.09-02.31.36:574][611]LogModuleManager: Shutting down and abandoning module IOSPlatformEditor (175)
[2015.10.09-02.31.36:574][611]LogModuleManager: Shutting down and abandoning module HTML5PlatformEditor (174)
[2015.10.09-02.31.36:574][611]LogModuleManager: Shutting down and abandoning module AndroidDeviceDetection (173)
[2015.10.09-02.31.36:780][611]LogModuleManager: Shutting down and abandoning module AndroidPlatformEditor (172)
[2015.10.09-02.31.36:780][611]LogModuleManager: Shutting down and abandoning module IOSRuntimeSettings (171)
[2015.10.09-02.31.36:780][611]LogModuleManager: Shutting down and abandoning module AndroidRuntimeSettings (170)
[2015.10.09-02.31.36:780][611]LogModuleManager: Shutting down and abandoning module MergeActors (169)
[2015.10.09-02.31.36:780][611]LogModuleManager: Shutting down and abandoning module SizeMap (168)
[2015.10.09-02.31.36:780][611]LogModuleManager: Shutting down and abandoning module TreeMap (167)
[2015.10.09-02.31.36:780][611]LogModuleManager: Shutting down and abandoning module ReferenceViewer (166)
[2015.10.09-02.31.36:780][611]LogModuleManager: Shutting down and abandoning module LocalizationService (165)
[2015.10.09-02.31.36:780][611]LogModuleManager: Shutting down and abandoning module LocalizationDashboard (164)
[2015.10.09-02.31.36:780][611]LogModuleManager: Shutting down and abandoning module HardwareTargeting (163)
[2015.10.09-02.31.36:780][611]LogModuleManager: Shutting down and abandoning module DeviceProfileEditor (162)
[2015.10.09-02.31.36:780][611]LogModuleManager: Shutting down and abandoning module UndoHistory (161)
[2015.10.09-02.31.36:780][611]LogModuleManager: Shutting down and abandoning module GameplayTagsEditor (160)
[2015.10.09-02.31.36:780][611]LogModuleManager: Shutting down and abandoning module UserFeedback (159)
[2015.10.09-02.31.36:780][611]LogModuleManager: Shutting down and abandoning module XmlParser (158)
[2015.10.09-02.31.36:780][611]LogModuleManager: Shutting down and abandoning module Blutility (157)
[2015.10.09-02.31.36:780][611]LogModuleManager: Shutting down and abandoning module ProjectTargetPlatformEditor (156)
[2015.10.09-02.31.36:780][611]LogModuleManager: Shutting down and abandoning module ProjectSettingsViewer (155)
[2015.10.09-02.31.36:780][611]LogModuleManager: Shutting down and abandoning module InputBindingEditor (154)
[2015.10.09-02.31.36:780][611]LogModuleManager: Shutting down and abandoning module EditorSettingsViewer (153)
[2015.10.09-02.31.36:780][611]LogModuleManager: Shutting down and abandoning module SettingsEditor (152)
[2015.10.09-02.31.36:780][611]LogModuleManager: Shutting down and abandoning module ProjectLauncher (151)
[2015.10.09-02.31.36:780][611]LogModuleManager: Shutting down and abandoning module SessionFrontend (150)
[2015.10.09-02.31.36:780][611]LogModuleManager: Shutting down and abandoning module ProfilerClient (149)
[2015.10.09-02.31.36:780][611]LogModuleManager: Shutting down and abandoning module TargetDeviceServices (148)
[2015.10.09-02.31.36:780][611]LogModuleManager: Shutting down and abandoning module DeviceManager (147)
[2015.10.09-02.31.36:780][611]LogModuleManager: Shutting down and abandoning module AutomationController (146)
[2015.10.09-02.31.36:780][611]LogModuleManager: Shutting down and abandoning module AutomationWindow (145)
[2015.10.09-02.31.36:780][611]LogModuleManager: Shutting down and abandoning module Layers (144)
[2015.10.09-02.31.36:781][611]LogModuleManager: Shutting down and abandoning module ComponentVisualizers (143)
[2015.10.09-02.31.36:781][611]LogModuleManager: Shutting down and abandoning module DetailCustomizations (142)
[2015.10.09-02.31.36:781][611]LogModuleManager: Shutting down and abandoning module PackagesDialog (141)
[2015.10.09-02.31.36:781][611]LogModuleManager: Shutting down and abandoning module Persona (140)
[2015.10.09-02.31.36:781][611]LogModuleManager: Shutting down and abandoning module Kismet (139)
[2015.10.09-02.31.36:781][611]LogModuleManager: Shutting down and abandoning module GraphEditor (138)
[2015.10.09-02.31.36:781][611]LogModuleManager: Shutting down and abandoning module ClassViewer (137)
[2015.10.09-02.31.36:781][611]LogModuleManager: Shutting down and abandoning module Toolbox (136)
[2015.10.09-02.31.36:781][611]LogModuleManager: Shutting down and abandoning module ModuleUI (135)
[2015.10.09-02.31.36:781][611]LogModuleManager: Shutting down and abandoning module MovieSceneTools (134)
[2015.10.09-02.31.36:781][611]LogModuleManager: Shutting down and abandoning module OutputLog (133)
[2015.10.09-02.31.36:781][611]LogModuleManager: Shutting down and abandoning module GammaUI (132)
[2015.10.09-02.31.36:781][611]LogModuleManager: Shutting down and abandoning module Documentation (131)
[2015.10.09-02.31.36:781][611]LogModuleManager: Shutting down and abandoning module GameLiveStreaming (130)
[2015.10.09-02.31.36:781][611]LogModuleManager: Shutting down and abandoning module StreamingPauseRendering (129)
[2015.10.09-02.31.36:781][611]LogModuleManager: Shutting down and abandoning module AnalyticsET (128)
[2015.10.09-02.31.36:781][611]LogModuleManager: Shutting down and abandoning module Analytics (127)
[2015.10.09-02.31.36:781][611]LogModuleManager: Shutting down and abandoning module AITestSuite (126)
[2015.10.09-02.31.36:781][611]LogModuleManager: Shutting down and abandoning module GameplayDebugger (125)
[2015.10.09-02.31.36:781][611]LogModuleManager: Shutting down and abandoning module AIModule (124)
[2015.10.09-02.31.36:781][611]LogModuleManager: Shutting down and abandoning module ProfilerService (123)
[2015.10.09-02.31.36:802][611]LogModuleManager: Shutting down and abandoning module TaskGraph (122)
[2015.10.09-02.31.36:802][611]LogModuleManager: Shutting down and abandoning module SlateRemote (121)
[2015.10.09-02.31.36:802][611]LogModuleManager: Shutting down and abandoning module SteamVRController (120)
[2015.10.09-02.31.36:802][611]LogModuleManager: Shutting down and abandoning module SteamVR (119)
[2015.10.09-02.31.36:802][611]LogModuleManager: Shutting down and abandoning module ProceduralMeshComponent (118)
[2015.10.09-02.31.36:802][611]LogModuleManager: Shutting down and abandoning module OculusRift (117)
[2015.10.09-02.31.36:802][611]LogModuleManager: Shutting down and abandoning module OculusLibrary (116)
[2015.10.09-02.31.36:802][611]LogModuleManager: Shutting down and abandoning module LeapMotionController (115)
[2015.10.09-02.31.36:812][611]LogModuleManager: Shutting down and abandoning module CustomMeshComponent (114)
[2015.10.09-02.31.36:812][611]LogModuleManager: Shutting down and abandoning module CableComponent (113)
[2015.10.09-02.31.36:812][611]LogModuleManager: Shutting down and abandoning module ArchVisCharacter (112)
[2015.10.09-02.31.36:812][611]LogModuleManager: Shutting down and abandoning module MessagingDebugger (111)
[2015.10.09-02.31.36:812][611]LogModuleManager: Shutting down and abandoning module MediaPlayerEditor (110)
[2015.10.09-02.31.36:812][611]LogModuleManager: Shutting down and abandoning module HTML5Networking (109)
[2015.10.09-02.31.36:812][611]LogModuleManager: Shutting down and abandoning module SpeedTreeImporter (108)
[2015.10.09-02.31.36:812][611]LogModuleManager: Shutting down and abandoning module PluginBrowser (107)
[2015.10.09-02.31.36:812][611]LogModuleManager: Shutting down and abandoning module EpicSurvey (106)
[2015.10.09-02.31.36:812][611]LogModuleManager: Shutting down and abandoning module DesktopPlatform (105)
[2015.10.09-02.31.36:812][611]LogModuleManager: Shutting down and abandoning module VisualStudioSourceCodeAccess (104)
[2015.10.09-02.31.36:812][611]LogModuleManager: Shutting down and abandoning module UObjectPlugin (103)
[2015.10.09-02.31.36:812][611]LogModuleManager: Shutting down and abandoning module SubversionSourceControl (102)
[2015.10.09-02.31.36:812][611]LogModuleManager: Shutting down and abandoning module PerforceSourceControl (101)
[2015.10.09-02.31.36:812][611]LogModuleManager: Shutting down and abandoning module SourceControl (100)
[2015.10.09-02.31.36:812][611]LogModuleManager: Shutting down and abandoning module GitSourceControl (99)
[2015.10.09-02.31.36:812][611]LogModuleManager: Shutting down and abandoning module LightPropagationVolumeEditor (98)
[2015.10.09-02.31.36:812][611]LogModuleManager: Shutting down and abandoning module PaperTiledImporter (97)
[2015.10.09-02.31.36:812][611]LogModuleManager: Shutting down and abandoning module PaperSpriteSheetImporter (96)
[2015.10.09-02.31.36:812][611]LogModuleManager: Shutting down and abandoning module MeshPaint (95)
[2015.10.09-02.31.36:812][611]LogModuleManager: Shutting down and abandoning module SlateReflector (94)
[2015.10.09-02.31.36:812][611]LogModuleManager: Shutting down and abandoning module HotReload (93)
[2015.10.09-02.31.36:812][611]LogModuleManager: Shutting down and abandoning module MainFrame (92)
[2015.10.09-02.31.36:812][611]LogModuleManager: Shutting down and abandoning module LevelEditor (91)
[2015.10.09-02.31.36:813][611]LogModuleManager: Shutting down and abandoning module DirectoryWatcher (90)
[2015.10.09-02.31.36:814][611]LogModuleManager: Shutting down and abandoning module AssetRegistry (89)
[2015.10.09-02.31.36:908][611]LogModuleManager: Shutting down and abandoning module ContentBrowser (88)
[2015.10.09-02.31.36:909][611]LogModuleManager: Shutting down and abandoning module Paper2DEditor (87)
[2015.10.09-02.31.36:909][611]LogModuleManager: Shutting down and abandoning module UdpMessaging (86)
[2015.10.09-02.31.37:009][611]LogModuleManager: Shutting down and abandoning module LightPropagationVolumeRuntime (85)
[2015.10.09-02.31.37:009][611]LogModuleManager: Shutting down and abandoning module Paper2D (84)
[2015.10.09-02.31.37:009][611]LogModuleManager: Shutting down and abandoning module WindowsMoviePlayer (83)
[2015.10.09-02.31.37:011][611]LogModuleManager: Shutting down and abandoning module Media (82)
[2015.10.09-02.31.37:012][611]LogModuleManager: Shutting down and abandoning module WmfMedia (81)
[2015.10.09-02.31.37:012][611]LogModuleManager: Shutting down and abandoning module OnlineBlueprintSupport (80)
[2015.10.09-02.31.37:012][611]LogModuleManager: Shutting down and abandoning module EnvironmentQueryEditor (79)
[2015.10.09-02.31.37:063][611]LogModuleManager: Shutting down and abandoning module GameplayTasksEditor (78)
[2015.10.09-02.31.37:064][611]LogModuleManager: Shutting down and abandoning module PropertyEditor (77)
[2015.10.09-02.31.37:064][611]LogModuleManager: Shutting down and abandoning module BehaviorTreeEditor (76)
[2015.10.09-02.31.37:064][611]LogModuleManager: Shutting down and abandoning module FunctionalTesting (75)
[2015.10.09-02.31.37:064][611]LogModuleManager: Shutting down and abandoning module CollisionAnalyzer (74)
[2015.10.09-02.31.37:064][611]LogModuleManager: Shutting down and abandoning module WorkspaceMenuStructure (73)
[2015.10.09-02.31.37:064][611]LogModuleManager: Shutting down and abandoning module MessageLog (72)
[2015.10.09-02.31.37:064][611]LogModuleManager: Shutting down and abandoning module Sequencer (71)
[2015.10.09-02.31.37:064][611]LogModuleManager: Shutting down and abandoning module AssetTools (70)
[2015.10.09-02.31.37:064][611]LogModuleManager: Shutting down and abandoning module UMGEditor (69)
[2015.10.09-02.31.37:064][611]LogModuleManager: Shutting down and abandoning module UMG (68)
[2015.10.09-02.31.37:064][611]LogModuleManager: Shutting down and abandoning module Slate (67)
[2015.10.09-02.31.37:064][611]LogModuleManager: Shutting down and abandoning module EditorStyle (66)
[2015.10.09-02.31.37:066][611]LogModuleManager: Shutting down and abandoning module SessionServices (65)
[2015.10.09-02.31.37:066][611]LogModuleManager: Shutting down and abandoning module SourceCodeAccess (64)
[2015.10.09-02.31.37:066][611]LogModuleManager: Shutting down and abandoning module HeadMountedDisplay (63)
[2015.10.09-02.31.37:066][611]LogModuleManager: Shutting down and abandoning module XAudio2 (62)
[2015.10.09-02.31.37:066][611]LogModuleManager: Shutting down and abandoning module Networking (60)
[2015.10.09-02.31.37:066][611]LogModuleManager: Shutting down and abandoning module Core (59)
[2015.10.09-02.31.37:066][611]LogModuleManager: Shutting down and abandoning module KismetCompiler (58)
[2015.10.09-02.31.37:066][611]LogModuleManager: Shutting down and abandoning module PhysXFormats (57)
[2015.10.09-02.31.37:066][611]LogModuleManager: Shutting down and abandoning module MeshUtilities (56)
[2015.10.09-02.31.37:066][611]LogModuleManager: Shutting down and abandoning module CookingStats (55)
[2015.10.09-02.31.37:068][611]LogModuleManager: Shutting down and abandoning module DerivedDataCache (54)
[2015.10.09-02.31.37:123][611]LogDerivedDataCache: Shutdown
[2015.10.09-02.31.37:123][611]LogModuleManager: Shutting down and abandoning module ShaderFormatOpenGL (53)
[2015.10.09-02.31.37:123][611]LogModuleManager: Shutting down and abandoning module ShaderFormatD3D (52)
[2015.10.09-02.31.37:123][611]LogModuleManager: Shutting down and abandoning module MetalShaderFormat (51)
[2015.10.09-02.31.37:123][611]LogModuleManager: Shutting down and abandoning module TextureFormatUncompressed (50)
[2015.10.09-02.31.37:123][611]LogModuleManager: Shutting down and abandoning module TextureFormatPVR (49)
[2015.10.09-02.31.37:123][611]LogModuleManager: Shutting down and abandoning module TextureFormatIntelISPCTexComp (48)
[2015.10.09-02.31.37:123][611]LogModuleManager: Shutting down and abandoning module TextureFormatDXT (47)
[2015.10.09-02.31.37:123][611]LogModuleManager: Shutting down and abandoning module ImageWrapper (46)
[2015.10.09-02.31.37:123][611]LogModuleManager: Shutting down and abandoning module TextureFormatASTC (45)
[2015.10.09-02.31.37:123][611]LogModuleManager: Shutting down and abandoning module TextureFormatAndroid (44)
[2015.10.09-02.31.37:123][611]LogModuleManager: Shutting down and abandoning module AudioFormatOpus (43)
[2015.10.09-02.31.37:123][611]LogModuleManager: Shutting down and abandoning module AudioFormatOgg (42)
[2015.10.09-02.31.37:123][611]LogModuleManager: Shutting down and abandoning module AudioFormatADPCM (41)
[2015.10.09-02.31.37:123][611]LogModuleManager: Shutting down and abandoning module LinuxTargetPlatform (40)
[2015.10.09-02.31.37:123][611]LogModuleManager: Shutting down and abandoning module LinuxServerTargetPlatform (39)
[2015.10.09-02.31.37:123][611]LogModuleManager: Shutting down and abandoning module LinuxNoEditorTargetPlatform (38)
[2015.10.09-02.31.37:123][611]LogModuleManager: Shutting down and abandoning module Messaging (37)
[2015.10.09-02.31.37:123][611]LogModuleManager: Shutting down and abandoning module IOSTargetPlatform (36)
[2015.10.09-02.31.37:123][611]LogModuleManager: Shutting down and abandoning module HTML5TargetPlatform (35)
[2015.10.09-02.31.37:123][611]LogModuleManager: Shutting down and abandoning module Android_PVRTCTargetPlatform (34)
[2015.10.09-02.31.37:123][611]LogModuleManager: Shutting down and abandoning module Android_ETC2TargetPlatform (33)
[2015.10.09-02.31.37:123][611]LogModuleManager: Shutting down and abandoning module Android_ETC1TargetPlatform (32)
[2015.10.09-02.31.37:123][611]LogModuleManager: Shutting down and abandoning module Android_DXTTargetPlatform (31)
[2015.10.09-02.31.37:123][611]LogModuleManager: Shutting down and abandoning module Android_ATCTargetPlatform (30)
[2015.10.09-02.31.37:123][611]LogModuleManager: Shutting down and abandoning module Android_ASTCTargetPlatform (29)
[2015.10.09-02.31.37:123][611]LogModuleManager: Shutting down and abandoning module AndroidTargetPlatform (28)
[2015.10.09-02.31.37:123][611]LogModuleManager: Shutting down and abandoning module WindowsTargetPlatform (27)
[2015.10.09-02.31.37:123][611]LogModuleManager: Shutting down and abandoning module WindowsServerTargetPlatform (26)
[2015.10.09-02.31.37:123][611]LogModuleManager: Shutting down and abandoning module WindowsNoEditorTargetPlatform (25)
[2015.10.09-02.31.37:123][611]LogModuleManager: Shutting down and abandoning module WindowsClientTargetPlatform (24)
[2015.10.09-02.31.37:123][611]LogModuleManager: Shutting down and abandoning module AllDesktopTargetPlatform (23)
[2015.10.09-02.31.37:123][611]LogModuleManager: Shutting down and abandoning module TargetPlatform (22)
[2015.10.09-02.31.37:123][611]LogModuleManager: Shutting down and abandoning module InputCore (21)
[2015.10.09-02.31.37:123][611]LogModuleManager: Shutting down and abandoning module Settings (20)
[2015.10.09-02.31.37:123][611]LogModuleManager: Shutting down and abandoning module OnlineSubsystem (18)
[2015.10.09-02.31.37:123][611]LogModuleManager: Shutting down and abandoning module HTTP (17)
[2015.10.09-02.31.38:125][611]LogModuleManager: Shutting down and abandoning module XMPP (16)
[2015.10.09-02.31.38:125][611]LogModuleManager: Shutting down and abandoning module ExampleDeviceProfileSelector (15)
[2015.10.09-02.31.38:125][611]LogModuleManager: Shutting down and abandoning module TextureCompressor (14)
[2015.10.09-02.31.38:125][611]LogModuleManager: Shutting down and abandoning module ShaderCore (13)
[2015.10.09-02.31.38:125][611]LogModuleManager: Shutting down and abandoning module Landscape (12)
[2015.10.09-02.31.38:125][611]LogModuleManager: Shutting down and abandoning module SlateRHIRenderer (11)
[2015.10.09-02.31.38:126][611]LogModuleManager: Shutting down and abandoning module OpenGLDrv (10)
[2015.10.09-02.31.38:126][611]LogModuleManager: Shutting down and abandoning module D3D11RHI (9)
[2015.10.09-02.31.38:126][611]LogModuleManager: Shutting down and abandoning module AnimGraphRuntime (8)
[2015.10.09-02.31.38:126][611]LogModuleManager: Shutting down and abandoning module Renderer (7)
[2015.10.09-02.31.38:126][611]LogModuleManager: Shutting down and abandoning module Engine (6)
[2015.10.09-02.31.38:126][611]LogModuleManager: Shutting down and abandoning module CoreUObject (5)
[2015.10.09-02.31.38:126][611]LogModuleManager: Shutting down and abandoning module NetworkFile (4)
[2015.10.09-02.31.38:126][611]LogModuleManager: Shutting down and abandoning module StreamingFile (3)
[2015.10.09-02.31.38:126][611]LogModuleManager: Shutting down and abandoning module SandboxFile (2)
[2015.10.09-02.31.38:126][611]LogModuleManager: Shutting down and abandoning module PakFile (1)
[2015.10.09-02.31.38:126][611]LogExit: Exiting.
[2015.10.09-02.31.38:129][611]Log file closed, 10/08/15 19:31:38
