[2015.10.09-09.11.57:875][  0]Log file open, 10/09/15 02:11:57
[2015.10.09-09.11.57:875][  0]LogInit:Display: Running engine for game: MyRTS_TropicoStyle
[2015.10.09-09.11.57:875][  0]LogInit:Display: RandInit(-101049237) SRandInit(-101049236).
[2015.10.09-09.11.57:875][  0]LogTaskGraph: Started task graph with 4 named threads and 5 total threads.
[2015.10.09-09.11.57:875][  0]LogStats: Stats thread started at 0.066090
[2015.10.09-09.11.57:875][  0]LogInit: Version: 4.9.2-2707645+++depot+UE4-Releases+4.9
[2015.10.09-09.11.57:875][  0]LogInit: API Version: 2672455
[2015.10.09-09.11.57:875][  0]LogInit: Compiled (64-bit): Sep 28 2015 10:25:44
[2015.10.09-09.11.57:875][  0]LogInit: Compiled with Visual C++: 18.00.21005.01
[2015.10.09-09.11.57:875][  0]LogInit: Build Configuration: Development
[2015.10.09-09.11.57:875][  0]LogInit: Branch Name: ++depot+UE4-Releases+4.9
[2015.10.09-09.11.57:875][  0]LogInit: Command line: 
[2015.10.09-09.11.57:875][  0]LogInit: Base directory: C:/Program Files/Epic Games/4.9/Engine/Binaries/Win64/
[2015.10.09-09.11.57:875][  0]LogInit: Rocket: 1
[2015.10.09-09.11.57:890][  0]LogInit: Using libcurl 7.41.0
[2015.10.09-09.11.57:890][  0]LogInit:  - built for x86_64-pc-win32
[2015.10.09-09.11.57:890][  0]LogInit:  - supports SSL with WinSSL
[2015.10.09-09.11.57:890][  0]LogInit:  - other features:
[2015.10.09-09.11.57:890][  0]LogInit:      CURL_VERSION_SSL
[2015.10.09-09.11.57:890][  0]LogInit:      CURL_VERSION_IPV6
[2015.10.09-09.11.57:890][  0]LogInit:      CURL_VERSION_ASYNCHDNS
[2015.10.09-09.11.57:890][  0]LogInit:      CURL_VERSION_LARGEFILE
[2015.10.09-09.11.57:890][  0]LogInit:      CURL_VERSION_IDN
[2015.10.09-09.11.57:890][  0]LogInit:  CurlRequestOptions (configurable via config and command line):
[2015.10.09-09.11.57:890][  0]LogInit:  - bVerifyPeer = true  - Libcurl will verify peer certificate
[2015.10.09-09.11.57:890][  0]LogInit:  - bUseHttpProxy = false  - Libcurl will NOT use HTTP proxy
[2015.10.09-09.11.57:890][  0]LogInit:  - bDontReuseConnections = false  - Libcurl will reuse connections
[2015.10.09-09.11.57:890][  0]LogInit:  - CertBundlePath = nullptr  - Libcurl will use whatever was configured at build time.
[2015.10.09-09.11.57:899][  0]LogInit: Presizing for 0 objects not considered by GC, pre-allocating 0 bytes.
[2015.10.09-09.11.57:909][  0]LogInit: Object subsystem initialized
[2015.10.09-09.11.57:911][  0]LogInit: Selected Device Profile: [Windows]
[2015.10.09-09.11.57:911][  0]LogInit: Applying CVar settings loaded from the selected device profile: [Windows]
[2015.10.09-09.11.57:923][  0]LogInit: Computer: LIVINGROOM-PC
[2015.10.09-09.11.57:923][  0]LogInit: User: Jesse
[2015.10.09-09.11.57:923][  0]LogInit: CPU Page size=4096, Cores=2
[2015.10.09-09.11.57:923][  0]LogInit: High frequency timer resolution =3.215369 MHz
[2015.10.09-09.11.57:923][  0]LogMemory: Memory total: Physical=13.9GB (14GB approx)
[2015.10.09-09.11.57:923][  0]LogMemory: Platform Memory Stats for Windows
[2015.10.09-09.11.57:923][  0]LogMemory: Process Physical Memory: 53.68 MB used, 53.68 MB peak
[2015.10.09-09.11.57:923][  0]LogMemory: Process Virtual Memory: 55.47 MB used, 55.47 MB peak
[2015.10.09-09.11.57:923][  0]LogMemory: Physical Memory: 4236.30 MB used, 14272.97 MB total
[2015.10.09-09.11.57:923][  0]LogMemory: Virtual Memory: 353.14 MB used, 134217728.00 MB total
[2015.10.09-09.11.57:965][  0]LogTextLocalizationManager: No specific translations for ('en-US') exist, so ('en') translations will be used.
[2015.10.09-09.11.58:868][  0]LogD3D11RHI: Found D3D11 adapter 0: NVIDIA GeForce GTX 660   (Feature Level 11_0)
[2015.10.09-09.11.58:868][  0]LogD3D11RHI: Adapter has 1984MB of dedicated video memory, 0MB of dedicated system memory, and 2048MB of shared system memory, 2 output[s]
[2015.10.09-09.11.58:870][  0]LogD3D11RHI: Found D3D11 adapter 1: Microsoft Basic Render Driver (Feature Level 11_0)
[2015.10.09-09.11.58:870][  0]LogD3D11RHI: Adapter has 0MB of dedicated video memory, 0MB of dedicated system memory, and 256MB of shared system memory, 0 output[s]
[2015.10.09-09.11.58:870][  0]LogD3D11RHI: Chosen D3D11 Adapter Id = 0
[2015.10.09-09.11.58:875][  0]LogD3D11RHI: !Direct3DDevice
[2015.10.09-09.11.58:876][  0]LogRHI: Texture pool is 1361 MB (70% of 1945 MB)
[2015.10.09-09.11.58:890][  0]LogD3D11RHI: Async texture creation enabled
[2015.10.09-09.11.58:908][  0]LogShaderCompilers: Guid format shader working directory is 15 characters bigger than the processId version (../../../../../../Users/Jesse/Documents/GitHub/RTS_Trop/Git_RTS_Tropo/Intermediate/Shaders/WorkingDirectory/6932/).
[2015.10.09-09.11.58:908][  0]LogShaderCompilers: Cleaned the shader compiler working directory '../../../../../../Users/Jesse/Documents/GitHub/RTS_Trop/Git_RTS_Tropo/Intermediate/Shaders/tmp/60E0C7954426C69EE18C75A5BCF94DCC/'.
[2015.10.09-09.11.58:908][  0]LogShaderCompilers:Display: Using Local Shader Compiler.
[2015.10.09-09.12.00:328][  0]LogTemp:Display: Loaded TP AllDesktopTargetPlatform
[2015.10.09-09.12.00:335][  0]LogTemp:Display: Loaded TP WindowsClientTargetPlatform
[2015.10.09-09.12.00:343][  0]LogTemp:Display: Loaded TP WindowsNoEditorTargetPlatform
[2015.10.09-09.12.00:350][  0]LogTemp:Display: Loaded TP WindowsServerTargetPlatform
[2015.10.09-09.12.00:358][  0]LogTemp:Display: Loaded TP WindowsTargetPlatform
[2015.10.09-09.12.00:364][  0]LogTemp:Display: Loaded TP AndroidTargetPlatform
[2015.10.09-09.12.00:371][  0]LogTemp:Display: Loaded TP Android_ASTCTargetPlatform
[2015.10.09-09.12.00:376][  0]LogTemp:Display: Loaded TP Android_ATCTargetPlatform
[2015.10.09-09.12.00:382][  0]LogTemp:Display: Loaded TP Android_DXTTargetPlatform
[2015.10.09-09.12.00:387][  0]LogTemp:Display: Loaded TP Android_ETC1TargetPlatform
[2015.10.09-09.12.00:392][  0]LogTemp:Display: Loaded TP Android_ETC2TargetPlatform
[2015.10.09-09.12.00:396][  0]LogTemp:Display: Loaded TP Android_PVRTCTargetPlatform
[2015.10.09-09.12.00:397][  0]LogTemp:Display: Loaded TP HTML5TargetPlatform
[2015.10.09-09.12.00:416][  0]LogTemp:Display: Loaded TP IOSTargetPlatform
[2015.10.09-09.12.00:420][  0]LogTemp:Display: Loaded TP LinuxNoEditorTargetPlatform
[2015.10.09-09.12.00:424][  0]LogTemp:Display: Loaded TP LinuxServerTargetPlatform
[2015.10.09-09.12.00:429][  0]LogTemp:Display: Loaded TP LinuxTargetPlatform
[2015.10.09-09.12.00:429][  0]LogTargetPlatformManager:Display: Building Assets For Windows
[2015.10.09-09.12.00:538][  0]LogDerivedDataCache:Display: Max Cache Size: 512 MB
[2015.10.09-09.12.00:585][  0]LogDerivedDataCache: Loaded boot cache 0.05s 41MB C:/Users/Jesse/AppData/Local/UnrealEngine/4.9/DerivedDataCache/Boot.ddc.
[2015.10.09-09.12.00:586][  0]LogDerivedDataCache:Display: Loaded Boot cache: C:/Users/Jesse/AppData/Local/UnrealEngine/4.9/DerivedDataCache/Boot.ddc
[2015.10.09-09.12.00:586][  0]LogDerivedDataCache: FDerivedDataBackendGraph:  Pak pak cache file ../../../../../../Users/Jesse/Documents/GitHub/RTS_Trop/Git_RTS_Tropo/DerivedDataCache/DDC.ddp not found, will not use a pak cache.
[2015.10.09-09.12.00:586][  0]LogDerivedDataCache: Unable to find inner node Pak for hierarchical cache Hierarchy.
[2015.10.09-09.12.00:586][  0]LogDerivedDataCache: FDerivedDataBackendGraph:  CompressedPak pak cache file ../../../../../../Users/Jesse/Documents/GitHub/RTS_Trop/Git_RTS_Tropo/DerivedDataCache/Compressed.ddp not found, will not use a pak cache.
[2015.10.09-09.12.00:586][  0]LogDerivedDataCache: Unable to find inner node CompressedPak for hierarchical cache Hierarchy.
[2015.10.09-09.12.00:742][  0]LogDerivedDataCache:Display: Pak cache opened for reading ../../../Engine/DerivedDataCache/Compressed.ddp.
[2015.10.09-09.12.00:755][  0]LogDerivedDataCache: Using Local data cache path C:/Users/Jesse/AppData/Local/UnrealEngine/Common/DerivedDataCache: Writable
[2015.10.09-09.12.00:997][  0]LogInit: Selected Device Profile: [Windows]
[2015.10.09-09.12.01:001][  0]LogContentStreaming: Texture pool size is 0.000000MB
[2015.10.09-09.12.01:148][  0]LogMeshUtilities: No automatic mesh reduction module available
[2015.10.09-09.12.01:148][  0]LogMeshUtilities: No automatic mesh merging module available
[2015.10.09-09.12.01:450][  0]LogInit: WinSock: version 1.1 (2.2), MaxSocks=32767, MaxUdp=65467
[2015.10.09-09.12.02:266][  0]UdpMessaging: Initializing bridge on interface 0.0.0.0:0 to multicast group 230.0.0.1:6666.
[2015.10.09-09.12.02:370][  0]LogAssetRegistry: FAssetRegistry took 0.0105 seconds to start up
[2015.10.09-09.12.02:593][  0]SourceControl: Info Source control is disabled
[2015.10.09-09.12.03:093][  0]LogLinker:Warning: Asset '../../../Engine/Plugins/Runtime/LeapMotionController/Content/LM_PassthroughMaterial.uasset' has been saved with empty engine version. The asset will be loaded but may be incompatible.
[2015.10.09-09.12.03:192][  0]LogObj: 28380 objects as part of root set at end of initial load.
[2015.10.09-09.12.03:192][  0]LogUObjectAllocator: 6044392 out of 0 bytes used by permanent object pool.
[2015.10.09-09.12.03:256][  0]LogEngine: Initializing Engine...
[2015.10.09-09.12.03:260][  0]LogHMD: Can't find Oculus library dev build: is proper Runtime installed? Version: 0.7.0.0
[2015.10.09-09.12.03:260][  0]LogHMD: SteamVR failed to initialize.  Err: 110
[2015.10.09-09.12.03:409][  0]LogAIModule: Creating AISystem for world NewWorld
[2015.10.09-09.12.03:424][  0]LogInit: XAudio2 using 'Speakers (Realtek High Definition Audio)' : 2 channels at 48 kHz using 32 bits per sample (channel mask 0x3)
[2015.10.09-09.12.03:444][  0]LogInit: FAudioDevice initialized.
[2015.10.09-09.12.03:467][  0]LogDerivedDataCache: Saved boot cache 0.02s 41MB C:/Users/Jesse/AppData/Local/UnrealEngine/4.9/DerivedDataCache/Boot.ddc.
[2015.10.09-09.12.03:470][  0]LogInit: Texture streaming: Enabled
[2015.10.09-09.12.03:476][  0]LogAnalytics: Creating configured Analytics provider AnalyticsET
[2015.10.09-09.12.03:476][  0]LogAnalytics: [UEEditor.Rocket.Release] APIServer = http://et2.epicgames.com/ET2/. AppVersion = 4.9.2-2707645+++depot+UE4-Releases+4.9
[2015.10.09-09.12.03:476][  0]LogAnalytics: [UEEditor.Rocket.Release] SetUserId bde184f9425f135229c5dbbb428340e3|3b8075bc1ed94341b886f5e4c6e1b23d|8e16a760-2030-4f56-a98c-f31bd1df95e0
[2015.10.09-09.12.03:476][  0]LogAnalytics: [UEEditor.Rocket.Release] AnalyticsET::StartSession
[2015.10.09-09.12.03:508][  0]LogInit: Transaction tracking system initialized
[2015.10.09-09.12.03:550][  0]BlueprintLog: New page: Editor Load
[2015.10.09-09.12.03:683][  0]LocalizationService: Info Localization service is disabled
[2015.10.09-09.12.03:826][  0]LogConsoleResponse:Display: 
[2015.10.09-09.12.03:995][  0]LogCook:Display: Done creating registry. It took  0.00s.
[2015.10.09-09.12.04:192][  0]Cmd: MAP LOAD FILE="../../../../../../Users/Jesse/Documents/GitHub/RTS_Trop/Git_RTS_Tropo/Content/TopDownBP/Maps/TopDownExampleMap.umap" TEMPLATE=0 SHOWPROGRESS=1 FEATURELEVEL=3
[2015.10.09-09.12.04:195][  0]LightingResults: New page: Lighting Build
[2015.10.09-09.12.04:199][  0]MapCheck: New page: Map Check
[2015.10.09-09.12.04:199][  0]LightingResults: New page: Lighting Build
[2015.10.09-09.12.04:225][  0]LogParticles: Destroying 0 GPU particle simulations for FXSystem 0x0000009F2909B6A0
[2015.10.09-09.12.04:950][  0]LogProperty:Error: UStructProperty::Serialize Loading: Property 'StructProperty /Game/TopDownBP/Blueprints/MyGameState.MyGameState_C:CommercialBuildings.CommercialBuildings'. Unknown structure.
[2015.10.09-09.12.04:950][  0]LogProperty:Error: UStructProperty::Serialize Loading: Property 'StructProperty /Game/TopDownBP/Blueprints/MyGameState.MyGameState_C:IndustrialBuildings.IndustrialBuildings'. Unknown structure.
[2015.10.09-09.12.05:159][  0]LogProperty:Error: UStructProperty::Serialize Loading: Property 'StructProperty /Game/TopDownBP/Blueprints/TopDownCharacter.TopDownCharacter_C:RandomFeatures.K2Node_MakeStruct_CharacterProfile_STRUCT'. Unknown structure.
[2015.10.09-09.12.05:159][  0]LogProperty:Error: UStructProperty::Serialize Loading: Property 'StructProperty /Game/TopDownBP/Blueprints/TopDownCharacter.TopDownCharacter_C:RandomFeatures.K2Node_MakeStruct_CharacterProfile_STRUCT2'. Unknown structure.
[2015.10.09-09.12.05:162][  0]LogProperty:Error: UStructProperty::Serialize Loading: Property 'StructProperty /Game/TopDownBP/Blueprints/TopDownCharacter.TopDownCharacter_C:MyProfile'. Unknown structure.
[2015.10.09-09.12.07:250][  0]LogBlueprint:Error: [compiler ConstructionManager_BP] Error The current value of the ' Target Array ' pin is invalid: Array inputs (like 'Target Array') must have an input wired into them (try connecting a MakeArray node).
[2015.10.09-09.12.07:250][  0]LogBlueprint:Error: [compiler ConstructionManager_BP] Error The current value of the ' Target Array ' pin is invalid: Array inputs (like 'Target Array') must have an input wired into them (try connecting a MakeArray node).
[2015.10.09-09.12.07:320][  0]LogBlueprint:Warning: [compiler ConstructionManager_BP] Warning [0010.10] Compile of ConstructionManager_BP failed. 2 Fatal Issue(s) 0 Warning(s) [in 75 ms]
[2015.10.09-09.12.07:320][  0]LogBlueprint:Warning: [compiler ConstructionManager_BP] Warning [0010.14] Compile of ConstructionManager_BP failed. 2 Fatal Issue(s) 1 Warning(s) [in 0 ms]
[2015.10.09-09.12.07:320][  0]LogBlueprint:Warning: [compiler ConstructionManager_BP] Warning [0010.14] Compile of ConstructionManager_BP failed. 2 Fatal Issue(s) 2 Warning(s) [in 0 ms]
[2015.10.09-09.12.07:414][  0]LogLinker:Warning: CreateExport: Failed to load Parent for Function /Game/TopDownBP/Blueprints/Buildings/Residential/Shack_BP.Shack_BP_C:UserConstructionScript; removing parent information, but keeping function
[2015.10.09-09.12.09:003][  0]LogClass:Warning: Property MyProfile of TopDownCharacter_C has a struct type mismatch (tag STRUCT_REINST_CharacterProfile_STRUCT_0 != prop FallbackStruct) in package:  ../../../../../../Users/Jesse/Documents/GitHub/RTS_Trop/Git_RTS_Tropo/Content/TopDownBP/Blueprints/TopDownCharacter.uasset. If that struct got renamed, add an entry to ActiveStructRedirects.
[2015.10.09-09.12.09:129][  0]LogClass:Warning: Property MyProfile of TopDownCharacter_C has a struct type mismatch (tag FallbackStruct != prop CharacterProfile_STRUCT) in package:  FObjectReader. If that struct got renamed, add an entry to ActiveStructRedirects.
[2015.10.09-09.12.10:073][  0]LogBlueprint:Error: [compiler ConstructionManager_BP] Error The current value of the ' Target Array ' pin is invalid: Array inputs (like 'Target Array') must have an input wired into them (try connecting a MakeArray node).
[2015.10.09-09.12.10:073][  0]LogBlueprint:Error: [compiler ConstructionManager_BP] Error The current value of the ' Target Array ' pin is invalid: Array inputs (like 'Target Array') must have an input wired into them (try connecting a MakeArray node).
[2015.10.09-09.12.10:105][  0]LogBlueprint:Warning: [compiler ConstructionManager_BP] Warning [0012.92] Compile of ConstructionManager_BP failed. 2 Fatal Issue(s) 0 Warning(s) [in 71 ms]
[2015.10.09-09.12.10:105][  0]LogBlueprint:Warning: [compiler ConstructionManager_BP] Warning [0012.92] Compile of ConstructionManager_BP failed. 2 Fatal Issue(s) 1 Warning(s) [in 0 ms]
[2015.10.09-09.12.10:109][  0]LogBlueprint:Warning: [compiler ConstructionManager_BP] Warning [0012.92] Compile of ConstructionManager_BP failed. 2 Fatal Issue(s) 2 Warning(s) [in 3 ms]
[2015.10.09-09.12.25:199][  0]LogAIModule: Creating AISystem for world TopDownExampleMap
[2015.10.09-09.12.29:350][  0]LogEditorServer: Finished looking for orphan Actors (0.000 secs)
[2015.10.09-09.12.29:417][  0]Cmd: MAP CHECKDEP NOCLEARLOG
[2015.10.09-09.12.29:571][  0]MapCheck: Info Map check complete: 0 Error(s), 0 Warning(s), took 153.403ms to complete.
[2015.10.09-09.12.29:571][  0]LogFileHelpers: Loading map 'TopDownExampleMap' took 25.379
[2015.10.09-09.12.29:863][  0]LogCollectionManager: Loaded 0 collections in 0.002326 seconds
[2015.10.09-09.12.29:909][  0]LogFileCache: Scanning file cache for directory 'C:/Users/Jesse/Documents/GitHub/RTS_Trop/Git_RTS_Tropo/Saved/Collections/' took 0.01s
[2015.10.09-09.12.29:909][  0]LogFileCache: Scanning file cache for directory 'C:/Users/Jesse/Documents/GitHub/RTS_Trop/Git_RTS_Tropo/Content/Developers/Jesse/Collections/' took 0.01s
[2015.10.09-09.12.29:909][  0]LogFileCache: Scanning file cache for directory 'C:/Users/Jesse/Documents/GitHub/RTS_Trop/Git_RTS_Tropo/Content/Collections/' took 0.01s
[2015.10.09-09.12.29:909][  0]LogContentBrowser: Native class hierarchy populated in 0.0095 seconds. Added 1874 classes and 335 folders.
[2015.10.09-09.12.29:916][  0]LogCollectionManager: Rebuilt the GUID cache for 0 collections in 0.000003 seconds
[2015.10.09-09.12.29:924][  0]LogContentBrowser: Native class hierarchy updated for 'WidgetCarousel' in 0.0004 seconds. Added 0 classes and 0 folders.
[2015.10.09-09.12.32:248][  0]LogContentBrowser: Native class hierarchy updated for 'AddContentDialog' in 0.0008 seconds. Added 0 classes and 0 folders.
[2015.10.09-09.12.32:271][  0]LogContentBrowser: Native class hierarchy updated for 'SceneOutliner' in 0.0010 seconds. Added 1 classes and 2 folders.
[2015.10.09-09.12.32:481][  0]LogCrashTracker: Crashtracker disabled due to settings.
[2015.10.09-09.12.32:487][  0]LogUObjectGlobals:Warning: Failed to find object 'Class None.'
[2015.10.09-09.12.32:509][  0]LogLoad: Full Startup: 35.32 seconds (BP compile: 3.06 seconds)
[2015.10.09-09.12.33:040][  0]SourceControl: Info On branch master
[2015.10.09-09.12.33:041][  0]SourceControl: Info Your branch is up-to-date with 'origin/master'.
[2015.10.09-09.12.33:041][  0]SourceControl: Info Changes not staged for commit:
[2015.10.09-09.12.33:041][  0]SourceControl: Info   (use "git add <file>..." to update what will be committed)
[2015.10.09-09.12.33:041][  0]SourceControl: Info   (use "git checkout -- <file>..." to discard changes in working directory)
[2015.10.09-09.12.33:041][  0]SourceControl: Info 	modified:   Git_RTS_Tropo/Intermediate/Config/CoalescedSourceConfigs/Engine.ini
[2015.10.09-09.12.33:041][  0]SourceControl: Info 	modified:   Git_RTS_Tropo/Intermediate/Config/CoalescedSourceConfigs/Game.ini
[2015.10.09-09.12.33:041][  0]SourceControl: Info 	modified:   Git_RTS_Tropo/Saved/Config/Windows/Editor.ini
[2015.10.09-09.12.33:041][  0]SourceControl: Info 	modified:   Git_RTS_Tropo/Saved/Config/Windows/EditorPerProjectUserSettings.ini
[2015.10.09-09.12.33:041][  0]SourceControl: Info 	modified:   Git_RTS_Tropo/Saved/Config/Windows/Engine.ini
[2015.10.09-09.12.33:041][  0]SourceControl: Info 	modified:   Git_RTS_Tropo/Saved/Logs/MyRTS_TropicoStyle.log
[2015.10.09-09.12.33:041][  0]SourceControl: Info Untracked files:
[2015.10.09-09.12.33:041][  0]SourceControl: Info   (use "git add <file>..." to include in what will be committed)
[2015.10.09-09.12.33:041][  0]SourceControl: Info 	Git_RTS_Tropo/Saved/Logs/MyRTS_TropicoStyle-backup-2015.10.09-02.11.57.log
[2015.10.09-09.12.33:041][  0]SourceControl: Info no changes added to commit (use "git add" and/or "git commit -a")
[2015.10.09-09.12.33:041][  0]LogContentStreaming: Texture pool size now 1000 MB
[2015.10.09-09.12.33:222][  0]LogRenderer: Reallocating scene render targets to support 1208x600 (Frame:2).
[2015.10.09-09.12.33:530][  1]Cmd: UpdateLandscapeEditorData -warnings
[2015.10.09-09.12.33:828][  2]LogLinker:Warning: Asset '../../../Engine/Content/ArtTools/RenderToTexture/Macros/RenderToTextureMacros.uasset' has been saved with empty engine version. The asset will be loaded but may be incompatible.
[2015.10.09-09.12.34:637][  2]LogContentBrowser: Native class hierarchy updated for 'BlueprintGraph' in 0.0008 seconds. Added 107 classes and 0 folders.
[2015.10.09-09.12.39:256][  4]LogPropertyNode:Warning: Clamp Min (150) >= Clamp Max (150) for Ranged Numeric property /Game/TopDownBP/Blueprints/MyGameState.MyGameState_C:NormalGameSpeed
[2015.10.09-09.12.39:257][  4]LogPropertyNode:Warning: UI Min (150) >= UI Max (150) for Ranged Numeric property /Game/TopDownBP/Blueprints/MyGameState.MyGameState_C:NormalGameSpeed
[2015.10.09-09.12.40:465][ 35]LogAssetRegistry: Asset discovery search completed in 38.1063 seconds
[2015.10.09-09.12.40:465][ 35]LogCollectionManager: Rebuilt the object cache for 0 collections in 0.000002 seconds (found 0 objects)
[2015.10.09-09.12.40:465][ 35]LogCollectionManager: Fixed up redirectors for 0 collections in 0.000040 seconds (updated 0 objects)
[2015.10.09-09.12.46:285][614]LogBlueprintUserMessages: Early PlayInEditor Detection: Level '/Game/TopDownBP/Maps/TopDownExampleMap.TopDownExampleMap:PersistentLevel' has LevelScriptBlueprint '/Game/TopDownBP/Maps/TopDownExampleMap.TopDownExampleMap:PersistentLevel.TopDownExampleMap' with GeneratedClass '/Game/TopDownBP/Maps/TopDownExampleMap.TopDownExampleMap_C' with ClassGeneratedBy '/Game/TopDownBP/Maps/TopDownExampleMap.TopDownExampleMap:PersistentLevel.TopDownExampleMap'
[2015.10.09-09.12.46:286][614]LogPlayLevel: PlayLevel: No blueprints needed recompiling
[2015.10.09-09.13.19:634][850]BlueprintLog: New page: Compile ConstructionManager_BP
[2015.10.09-09.13.19:895][850]LogActorComponent: UnregisterComponent: (/Engine/Transient.CharMoveComp) Not registered. Aborting.
[2015.10.09-09.13.20:210][850]BlueprintEditorCompileResults: Info [0083.03] Compile of ConstructionManager_BP successful! [in 575 ms]
[2015.10.09-09.13.21:095][878]LogSavePackage: Save=381.332581ms
[2015.10.09-09.13.21:095][878]LogSavePackage: Moving '../../../../../../Users/Jesse/Documents/GitHub/RTS_Trop/Git_RTS_Tropo/Saved/ConstructionManager_BPDB29EDFC4CB98D4B090ED48B96EE0B7B.tmp' to '../../../../../../Users/Jesse/Documents/GitHub/RTS_Trop/Git_RTS_Tropo/Content/TopDownBP/Blueprints/Construction/ConstructionManager_BP.uasset'
[2015.10.09-09.13.21:100][878]LogSavePackage: Total save time: 401.525609ms
[2015.10.09-09.13.21:100][878]LogSavePackage:Warning: Finished SavePackage ../../../../../../Users/Jesse/Documents/GitHub/RTS_Trop/Git_RTS_Tropo/Content/TopDownBP/Blueprints/Construction/ConstructionManager_BP.uasset
[2015.10.09-09.13.25:840][396]LogBlueprintUserMessages: Early PlayInEditor Detection: Level '/Game/TopDownBP/Maps/TopDownExampleMap.TopDownExampleMap:PersistentLevel' has LevelScriptBlueprint '/Game/TopDownBP/Maps/TopDownExampleMap.TopDownExampleMap:PersistentLevel.TopDownExampleMap' with GeneratedClass '/Game/TopDownBP/Maps/TopDownExampleMap.TopDownExampleMap_C' with ClassGeneratedBy '/Game/TopDownBP/Maps/TopDownExampleMap.TopDownExampleMap:PersistentLevel.TopDownExampleMap'
[2015.10.09-09.13.25:840][396]LogPlayLevel: PlayLevel: No blueprints needed recompiling
[2015.10.09-09.13.25:840][396]PIE: New page: PIE session: TopDownExampleMap (Oct 8, 2015, 7:13:25 PM)
[2015.10.09-09.13.25:840][396]LogPlayLevel: Creating play world package: /Game/TopDownBP/Maps/UEDPIE_0_TopDownExampleMap
[2015.10.09-09.13.25:911][396]LogPlayLevel: PIE: StaticDuplicateObject took: (0.070652s)
[2015.10.09-09.13.25:912][396]LogAIModule: Creating AISystem for world TopDownExampleMap
[2015.10.09-09.13.25:913][396]LogPlayLevel: PIE: World Init took: (0.001538s)
[2015.10.09-09.13.25:913][396]LogPlayLevel: PIE: Created PIE world by copying editor world from /Game/TopDownBP/Maps/TopDownExampleMap.TopDownExampleMap to /Game/TopDownBP/Maps/UEDPIE_0_TopDownExampleMap.TopDownExampleMap (0.073031s)
[2015.10.09-09.13.26:002][396]LogInit: XAudio2 using 'Speakers (Realtek High Definition Audio)' : 2 channels at 48 kHz using 32 bits per sample (channel mask 0x3)
[2015.10.09-09.13.26:012][396]LogInit: FAudioDevice initialized.
[2015.10.09-09.13.26:130][396]LogWorld: Game class is 'MyGameMode_C'
[2015.10.09-09.13.26:156][396]LogWorld: Bringing World /Game/TopDownBP/Maps/UEDPIE_0_TopDownExampleMap.TopDownExampleMap up for play (max tick rate 0) at 2015.10.09-02.13.26
[2015.10.09-09.13.26:156][396]LogActor:Warning: GameSession /Game/TopDownBP/Maps/UEDPIE_0_TopDownExampleMap.TopDownExampleMap:PersistentLevel.GameSession_0 has natively added scene component(s), but none of them were set as the actor's RootComponent - picking one arbitrarily
[2015.10.09-09.13.26:156][396]LogActor:Warning: GameNetworkManager /Game/TopDownBP/Maps/UEDPIE_0_TopDownExampleMap.TopDownExampleMap:PersistentLevel.GameNetworkManager_0 has natively added scene component(s), but none of them were set as the actor's RootComponent - picking one arbitrarily
[2015.10.09-09.13.26:157][396]LogWorld: Bringing up level for play took: 0.022630
[2015.10.09-09.13.26:191][396]PIE: Info Play in editor start time for /Game/TopDownBP/Maps/UEDPIE_0_TopDownExampleMap 1.06
[2015.10.09-09.13.26:191][396]LogBlueprintUserMessages: Late PlayInEditor Detection: Level '/Game/TopDownBP/Maps/TopDownExampleMap.TopDownExampleMap:PersistentLevel' has LevelScriptBlueprint '/Game/TopDownBP/Maps/TopDownExampleMap.TopDownExampleMap:PersistentLevel.TopDownExampleMap' with GeneratedClass '/Game/TopDownBP/Maps/TopDownExampleMap.TopDownExampleMap_C' with ClassGeneratedBy '/Game/TopDownBP/Maps/TopDownExampleMap.TopDownExampleMap:PersistentLevel.TopDownExampleMap'
[2015.10.09-09.13.26:229][397]LogRenderer: Reallocating scene render targets to support 1280x720 (Frame:902).
[2015.10.09-09.15.06:274][465]LogBlueprintUserMessages: Early EndPlayMap Detection: Level '/Game/TopDownBP/Maps/TopDownExampleMap.TopDownExampleMap:PersistentLevel' has LevelScriptBlueprint '/Game/TopDownBP/Maps/TopDownExampleMap.TopDownExampleMap:PersistentLevel.TopDownExampleMap' with GeneratedClass '/Game/TopDownBP/Maps/TopDownExampleMap.TopDownExampleMap_C' with ClassGeneratedBy '/Game/TopDownBP/Maps/TopDownExampleMap.TopDownExampleMap:PersistentLevel.TopDownExampleMap'
[2015.10.09-09.15.06:728][465]LogBlueprintUserMessages: Late EndPlayMap Detection: Level '/Game/TopDownBP/Maps/TopDownExampleMap.TopDownExampleMap:PersistentLevel' has LevelScriptBlueprint '/Game/TopDownBP/Maps/TopDownExampleMap.TopDownExampleMap:PersistentLevel.TopDownExampleMap' with GeneratedClass '/Game/TopDownBP/Maps/TopDownExampleMap.TopDownExampleMap_C' with ClassGeneratedBy '/Game/TopDownBP/Maps/TopDownExampleMap.TopDownExampleMap:PersistentLevel.TopDownExampleMap'
[2015.10.09-09.15.06:971][465]LogParticles: Destroying 0 GPU particle simulations for FXSystem 0x0000009F37EB1DA0
[2015.10.09-09.15.22:542][ 93]LogActorComponent: UnregisterComponent: (/Engine/Transient.EditorFloorComp) Not registered. Aborting.
[2015.10.09-09.15.22:618][ 93]LogActorComponent: UnregisterComponent: (/Engine/Transient.EditorFloorComp) Not registered. Aborting.
[2015.10.09-09.15.22:668][ 93]LogActorComponent: UnregisterComponent: (/Engine/Transient.EditorFloorComp) Not registered. Aborting.
[2015.10.09-09.15.22:719][ 93]LogActorComponent: UnregisterComponent: (/Engine/Transient.EditorFloorComp) Not registered. Aborting.
[2015.10.09-09.15.22:773][ 93]LogActorComponent: UnregisterComponent: (/Engine/Transient.EditorFloorComp) Not registered. Aborting.
[2015.10.09-09.15.22:827][ 93]LogActorComponent: UnregisterComponent: (/Engine/Transient.EditorFloorComp) Not registered. Aborting.
[2015.10.09-09.15.22:876][ 93]LogWindowsTextInputMethodSystem:Display: IME system now deactivated.
[2015.10.09-09.15.23:294][ 94]Cmd: QUIT_EDITOR
[2015.10.09-09.15.24:456][ 94]LogExit: Preparing to exit.
[2015.10.09-09.15.25:682][ 94]LogExit: Editor shut down
[2015.10.09-09.15.25:682][ 94]LogExit: Transaction tracking system shut down
[2015.10.09-09.15.25:692][ 94]LogParticles: Destroying 0 GPU particle simulations for FXSystem 0x0000009F3CC9A7A0
[2015.10.09-09.15.25:693][ 94]LogParticles: Destroying 0 GPU particle simulations for FXSystem 0x0000009F42B13880
[2015.10.09-09.15.25:693][ 94]LogParticles: Destroying 0 GPU particle simulations for FXSystem 0x0000009F3A5FB4C0
[2015.10.09-09.15.25:694][ 94]LogParticles: Destroying 0 GPU particle simulations for FXSystem 0x0000009F1A376DE0
[2015.10.09-09.15.25:697][ 94]LogParticles: Destroying 0 GPU particle simulations for FXSystem 0x0000009F24CED3A0
[2015.10.09-09.15.25:698][ 94]LogParticles: Destroying 0 GPU particle simulations for FXSystem 0x0000009F24CED8A0
[2015.10.09-09.15.25:699][ 94]LogParticles: Destroying 0 GPU particle simulations for FXSystem 0x0000009F73C37240
[2015.10.09-09.15.25:699][ 94]LogParticles: Destroying 0 GPU particle simulations for FXSystem 0x0000009F78A77740
[2015.10.09-09.15.25:700][ 94]LogParticles: Destroying 0 GPU particle simulations for FXSystem 0x0000009F78A77240
[2015.10.09-09.15.25:701][ 94]LogParticles: Destroying 0 GPU particle simulations for FXSystem 0x0000009F015CAC00
[2015.10.09-09.15.25:702][ 94]LogParticles: Destroying 0 GPU particle simulations for FXSystem 0x0000009F061B2C00
[2015.10.09-09.15.25:702][ 94]LogParticles: Destroying 0 GPU particle simulations for FXSystem 0x0000009F81101BC0
[2015.10.09-09.15.25:703][ 94]LogParticles: Destroying 0 GPU particle simulations for FXSystem 0x0000009F85C5EFC0
[2015.10.09-09.15.25:703][ 94]LogParticles: Destroying 0 GPU particle simulations for FXSystem 0x0000009F8ACABEC0
[2015.10.09-09.15.25:706][ 94]LogParticles: Destroying 0 GPU particle simulations for FXSystem 0x0000009F932D9760
[2015.10.09-09.15.25:941][ 94]LogExit: Object subsystem successfully closed.
[2015.10.09-09.15.25:956][ 94]LogD3D11RHI: Shutdown
[2015.10.09-09.15.25:956][ 94]LogD3D11RHI: CleanupD3DDevice
[2015.10.09-09.15.26:036][ 94]LogD3D11RHI: ~FD3D11DynamicRHI
[2015.10.09-09.15.26:061][ 94]LogModuleManager: Shutting down and abandoning module BlueprintGraph (199)
[2015.10.09-09.15.26:061][ 94]LogModuleManager: Shutting down and abandoning module CrashTracker (198)
[2015.10.09-09.15.26:061][ 94]LogModuleManager: Shutting down and abandoning module SceneOutliner (197)
[2015.10.09-09.15.26:061][ 94]LogModuleManager: Shutting down and abandoning module SuperSearch (196)
[2015.10.09-09.15.26:061][ 94]LogModuleManager: Shutting down and abandoning module WidgetCarousel (195)
[2015.10.09-09.15.26:061][ 94]LogModuleManager: Shutting down and abandoning module AddContentDialog (194)
[2015.10.09-09.15.26:062][ 94]LogModuleManager: Shutting down and abandoning module EditorWidgets (193)
[2015.10.09-09.15.26:062][ 94]LogModuleManager: Shutting down and abandoning module CollectionManager (192)
[2015.10.09-09.15.26:063][ 94]LogModuleManager: Shutting down and abandoning module StatsViewer (191)
[2015.10.09-09.15.26:063][ 94]LogModuleManager: Shutting down and abandoning module FoliageEdit (190)
[2015.10.09-09.15.26:063][ 94]LogModuleManager: Shutting down and abandoning module LandscapeEditor (189)
[2015.10.09-09.15.26:063][ 94]LogModuleManager: Shutting down and abandoning module ActorPickerMode (188)
[2015.10.09-09.15.26:063][ 94]LogModuleManager: Shutting down and abandoning module GeometryMode (187)
[2015.10.09-09.15.26:063][ 94]LogModuleManager: Shutting down and abandoning module TextureAlignMode (186)
[2015.10.09-09.15.26:063][ 94]LogModuleManager: Shutting down and abandoning module BspMode (185)
[2015.10.09-09.15.26:063][ 94]LogModuleManager: Shutting down and abandoning module PlacementMode (184)
[2015.10.09-09.15.26:063][ 94]LogModuleManager: Shutting down and abandoning module AutomationWorker (183)
[2015.10.09-09.15.26:063][ 94]LogModuleManager: Shutting down and abandoning module CharacterAI (182)
[2015.10.09-09.15.26:063][ 94]LogModuleManager: Shutting down and abandoning module SmartSnapping (181)
[2015.10.09-09.15.26:063][ 94]LogModuleManager: Shutting down and abandoning module ViewportSnapping (180)
[2015.10.09-09.15.26:063][ 94]LogModuleManager: Shutting down and abandoning module LogVisualizer (179)
[2015.10.09-09.15.26:064][ 94]LogModuleManager: Shutting down and abandoning module GameProjectGeneration (178)
[2015.10.09-09.15.26:064][ 94]LogModuleManager: Shutting down and abandoning module IntroTutorials (177)
[2015.10.09-09.15.26:064][ 94]LogModuleManager: Shutting down and abandoning module EditorLiveStreaming (176)
[2015.10.09-09.15.26:064][ 94]LogModuleManager: Shutting down and abandoning module IOSPlatformEditor (175)
[2015.10.09-09.15.26:064][ 94]LogModuleManager: Shutting down and abandoning module HTML5PlatformEditor (174)
[2015.10.09-09.15.26:064][ 94]LogModuleManager: Shutting down and abandoning module AndroidDeviceDetection (173)
[2015.10.09-09.15.26:877][ 94]LogModuleManager: Shutting down and abandoning module AndroidPlatformEditor (172)
[2015.10.09-09.15.26:877][ 94]LogModuleManager: Shutting down and abandoning module IOSRuntimeSettings (171)
[2015.10.09-09.15.26:877][ 94]LogModuleManager: Shutting down and abandoning module AndroidRuntimeSettings (170)
[2015.10.09-09.15.26:877][ 94]LogModuleManager: Shutting down and abandoning module MergeActors (169)
[2015.10.09-09.15.26:877][ 94]LogModuleManager: Shutting down and abandoning module SizeMap (168)
[2015.10.09-09.15.26:877][ 94]LogModuleManager: Shutting down and abandoning module TreeMap (167)
[2015.10.09-09.15.26:877][ 94]LogModuleManager: Shutting down and abandoning module ReferenceViewer (166)
[2015.10.09-09.15.26:877][ 94]LogModuleManager: Shutting down and abandoning module LocalizationService (165)
[2015.10.09-09.15.26:877][ 94]LogModuleManager: Shutting down and abandoning module LocalizationDashboard (164)
[2015.10.09-09.15.26:877][ 94]LogModuleManager: Shutting down and abandoning module HardwareTargeting (163)
[2015.10.09-09.15.26:877][ 94]LogModuleManager: Shutting down and abandoning module DeviceProfileEditor (162)
[2015.10.09-09.15.26:878][ 94]LogModuleManager: Shutting down and abandoning module UndoHistory (161)
[2015.10.09-09.15.26:878][ 94]LogModuleManager: Shutting down and abandoning module GameplayTagsEditor (160)
[2015.10.09-09.15.26:878][ 94]LogModuleManager: Shutting down and abandoning module UserFeedback (159)
[2015.10.09-09.15.26:878][ 94]LogModuleManager: Shutting down and abandoning module XmlParser (158)
[2015.10.09-09.15.26:878][ 94]LogModuleManager: Shutting down and abandoning module Blutility (157)
[2015.10.09-09.15.26:878][ 94]LogModuleManager: Shutting down and abandoning module ProjectTargetPlatformEditor (156)
[2015.10.09-09.15.26:878][ 94]LogModuleManager: Shutting down and abandoning module ProjectSettingsViewer (155)
[2015.10.09-09.15.26:878][ 94]LogModuleManager: Shutting down and abandoning module InputBindingEditor (154)
[2015.10.09-09.15.26:878][ 94]LogModuleManager: Shutting down and abandoning module EditorSettingsViewer (153)
[2015.10.09-09.15.26:878][ 94]LogModuleManager: Shutting down and abandoning module SettingsEditor (152)
[2015.10.09-09.15.26:878][ 94]LogModuleManager: Shutting down and abandoning module ProjectLauncher (151)
[2015.10.09-09.15.26:878][ 94]LogModuleManager: Shutting down and abandoning module SessionFrontend (150)
[2015.10.09-09.15.26:878][ 94]LogModuleManager: Shutting down and abandoning module ProfilerClient (149)
[2015.10.09-09.15.26:878][ 94]LogModuleManager: Shutting down and abandoning module TargetDeviceServices (148)
[2015.10.09-09.15.26:879][ 94]LogModuleManager: Shutting down and abandoning module DeviceManager (147)
[2015.10.09-09.15.26:879][ 94]LogModuleManager: Shutting down and abandoning module AutomationController (146)
[2015.10.09-09.15.26:879][ 94]LogModuleManager: Shutting down and abandoning module AutomationWindow (145)
[2015.10.09-09.15.26:879][ 94]LogModuleManager: Shutting down and abandoning module Layers (144)
[2015.10.09-09.15.26:879][ 94]LogModuleManager: Shutting down and abandoning module ComponentVisualizers (143)
[2015.10.09-09.15.26:879][ 94]LogModuleManager: Shutting down and abandoning module DetailCustomizations (142)
[2015.10.09-09.15.26:879][ 94]LogModuleManager: Shutting down and abandoning module PackagesDialog (141)
[2015.10.09-09.15.26:879][ 94]LogModuleManager: Shutting down and abandoning module Persona (140)
[2015.10.09-09.15.26:879][ 94]LogModuleManager: Shutting down and abandoning module Kismet (139)
[2015.10.09-09.15.26:879][ 94]LogModuleManager: Shutting down and abandoning module GraphEditor (138)
[2015.10.09-09.15.26:879][ 94]LogModuleManager: Shutting down and abandoning module ClassViewer (137)
[2015.10.09-09.15.26:879][ 94]LogModuleManager: Shutting down and abandoning module Toolbox (136)
[2015.10.09-09.15.26:879][ 94]LogModuleManager: Shutting down and abandoning module ModuleUI (135)
[2015.10.09-09.15.26:880][ 94]LogModuleManager: Shutting down and abandoning module MovieSceneTools (134)
[2015.10.09-09.15.26:880][ 94]LogModuleManager: Shutting down and abandoning module OutputLog (133)
[2015.10.09-09.15.26:880][ 94]LogModuleManager: Shutting down and abandoning module GammaUI (132)
[2015.10.09-09.15.26:880][ 94]LogModuleManager: Shutting down and abandoning module Documentation (131)
[2015.10.09-09.15.26:880][ 94]LogModuleManager: Shutting down and abandoning module GameLiveStreaming (130)
[2015.10.09-09.15.26:880][ 94]LogModuleManager: Shutting down and abandoning module StreamingPauseRendering (129)
[2015.10.09-09.15.26:880][ 94]LogModuleManager: Shutting down and abandoning module AnalyticsET (128)
[2015.10.09-09.15.26:880][ 94]LogModuleManager: Shutting down and abandoning module Analytics (127)
[2015.10.09-09.15.26:880][ 94]LogModuleManager: Shutting down and abandoning module AITestSuite (126)
[2015.10.09-09.15.26:880][ 94]LogModuleManager: Shutting down and abandoning module GameplayDebugger (125)
[2015.10.09-09.15.26:880][ 94]LogModuleManager: Shutting down and abandoning module AIModule (124)
[2015.10.09-09.15.26:880][ 94]LogModuleManager: Shutting down and abandoning module ProfilerService (123)
[2015.10.09-09.15.27:091][ 94]LogModuleManager: Shutting down and abandoning module TaskGraph (122)
[2015.10.09-09.15.27:091][ 94]LogModuleManager: Shutting down and abandoning module SlateRemote (121)
[2015.10.09-09.15.27:091][ 94]LogModuleManager: Shutting down and abandoning module SteamVRController (120)
[2015.10.09-09.15.27:091][ 94]LogModuleManager: Shutting down and abandoning module SteamVR (119)
[2015.10.09-09.15.27:091][ 94]LogModuleManager: Shutting down and abandoning module ProceduralMeshComponent (118)
[2015.10.09-09.15.27:091][ 94]LogModuleManager: Shutting down and abandoning module OculusRift (117)
[2015.10.09-09.15.27:091][ 94]LogModuleManager: Shutting down and abandoning module OculusLibrary (116)
[2015.10.09-09.15.27:091][ 94]LogModuleManager: Shutting down and abandoning module LeapMotionController (115)
[2015.10.09-09.15.27:131][ 94]LogModuleManager: Shutting down and abandoning module CustomMeshComponent (114)
[2015.10.09-09.15.27:131][ 94]LogModuleManager: Shutting down and abandoning module CableComponent (113)
[2015.10.09-09.15.27:131][ 94]LogModuleManager: Shutting down and abandoning module ArchVisCharacter (112)
[2015.10.09-09.15.27:131][ 94]LogModuleManager: Shutting down and abandoning module MessagingDebugger (111)
[2015.10.09-09.15.27:131][ 94]LogModuleManager: Shutting down and abandoning module MediaPlayerEditor (110)
[2015.10.09-09.15.27:131][ 94]LogModuleManager: Shutting down and abandoning module HTML5Networking (109)
[2015.10.09-09.15.27:131][ 94]LogModuleManager: Shutting down and abandoning module SpeedTreeImporter (108)
[2015.10.09-09.15.27:131][ 94]LogModuleManager: Shutting down and abandoning module PluginBrowser (107)
[2015.10.09-09.15.27:131][ 94]LogModuleManager: Shutting down and abandoning module EpicSurvey (106)
[2015.10.09-09.15.27:131][ 94]LogModuleManager: Shutting down and abandoning module DesktopPlatform (105)
[2015.10.09-09.15.27:131][ 94]LogModuleManager: Shutting down and abandoning module VisualStudioSourceCodeAccess (104)
[2015.10.09-09.15.27:131][ 94]LogModuleManager: Shutting down and abandoning module UObjectPlugin (103)
[2015.10.09-09.15.27:131][ 94]LogModuleManager: Shutting down and abandoning module SubversionSourceControl (102)
[2015.10.09-09.15.27:131][ 94]LogModuleManager: Shutting down and abandoning module PerforceSourceControl (101)
[2015.10.09-09.15.27:131][ 94]LogModuleManager: Shutting down and abandoning module SourceControl (100)
[2015.10.09-09.15.27:131][ 94]LogModuleManager: Shutting down and abandoning module GitSourceControl (99)
[2015.10.09-09.15.27:131][ 94]LogModuleManager: Shutting down and abandoning module LightPropagationVolumeEditor (98)
[2015.10.09-09.15.27:132][ 94]LogModuleManager: Shutting down and abandoning module PaperTiledImporter (97)
[2015.10.09-09.15.27:132][ 94]LogModuleManager: Shutting down and abandoning module PaperSpriteSheetImporter (96)
[2015.10.09-09.15.27:132][ 94]LogModuleManager: Shutting down and abandoning module MeshPaint (95)
[2015.10.09-09.15.27:132][ 94]LogModuleManager: Shutting down and abandoning module SlateReflector (94)
[2015.10.09-09.15.27:132][ 94]LogModuleManager: Shutting down and abandoning module HotReload (93)
[2015.10.09-09.15.27:132][ 94]LogModuleManager: Shutting down and abandoning module MainFrame (92)
[2015.10.09-09.15.27:132][ 94]LogModuleManager: Shutting down and abandoning module LevelEditor (91)
[2015.10.09-09.15.27:134][ 94]LogModuleManager: Shutting down and abandoning module DirectoryWatcher (90)
[2015.10.09-09.15.27:135][ 94]LogModuleManager: Shutting down and abandoning module AssetRegistry (89)
[2015.10.09-09.15.27:310][ 94]LogModuleManager: Shutting down and abandoning module ContentBrowser (88)
[2015.10.09-09.15.27:311][ 94]LogModuleManager: Shutting down and abandoning module Paper2DEditor (87)
[2015.10.09-09.15.27:311][ 94]LogModuleManager: Shutting down and abandoning module UdpMessaging (86)
[2015.10.09-09.15.27:412][ 94]LogModuleManager: Shutting down and abandoning module LightPropagationVolumeRuntime (85)
[2015.10.09-09.15.27:412][ 94]LogModuleManager: Shutting down and abandoning module Paper2D (84)
[2015.10.09-09.15.27:412][ 94]LogModuleManager: Shutting down and abandoning module WindowsMoviePlayer (83)
[2015.10.09-09.15.27:415][ 94]LogModuleManager: Shutting down and abandoning module Media (82)
[2015.10.09-09.15.27:415][ 94]LogModuleManager: Shutting down and abandoning module WmfMedia (81)
[2015.10.09-09.15.27:415][ 94]LogModuleManager: Shutting down and abandoning module OnlineBlueprintSupport (80)
[2015.10.09-09.15.27:415][ 94]LogModuleManager: Shutting down and abandoning module EnvironmentQueryEditor (79)
[2015.10.09-09.15.27:415][ 94]LogModuleManager: Shutting down and abandoning module GameplayTasksEditor (78)
[2015.10.09-09.15.27:415][ 94]LogModuleManager: Shutting down and abandoning module PropertyEditor (77)
[2015.10.09-09.15.27:415][ 94]LogModuleManager: Shutting down and abandoning module BehaviorTreeEditor (76)
[2015.10.09-09.15.27:415][ 94]LogModuleManager: Shutting down and abandoning module FunctionalTesting (75)
[2015.10.09-09.15.27:415][ 94]LogModuleManager: Shutting down and abandoning module CollisionAnalyzer (74)
[2015.10.09-09.15.27:415][ 94]LogModuleManager: Shutting down and abandoning module WorkspaceMenuStructure (73)
[2015.10.09-09.15.27:415][ 94]LogModuleManager: Shutting down and abandoning module MessageLog (72)
[2015.10.09-09.15.27:415][ 94]LogModuleManager: Shutting down and abandoning module Sequencer (71)
[2015.10.09-09.15.27:415][ 94]LogModuleManager: Shutting down and abandoning module AssetTools (70)
[2015.10.09-09.15.27:415][ 94]LogModuleManager: Shutting down and abandoning module UMGEditor (69)
[2015.10.09-09.15.27:415][ 94]LogModuleManager: Shutting down and abandoning module UMG (68)
[2015.10.09-09.15.27:415][ 94]LogModuleManager: Shutting down and abandoning module Slate (67)
[2015.10.09-09.15.27:415][ 94]LogModuleManager: Shutting down and abandoning module EditorStyle (66)
[2015.10.09-09.15.27:418][ 94]LogModuleManager: Shutting down and abandoning module SessionServices (65)
[2015.10.09-09.15.27:418][ 94]LogModuleManager: Shutting down and abandoning module SourceCodeAccess (64)
[2015.10.09-09.15.27:418][ 94]LogModuleManager: Shutting down and abandoning module HeadMountedDisplay (63)
[2015.10.09-09.15.27:418][ 94]LogModuleManager: Shutting down and abandoning module XAudio2 (62)
[2015.10.09-09.15.27:418][ 94]LogModuleManager: Shutting down and abandoning module Networking (60)
[2015.10.09-09.15.27:418][ 94]LogModuleManager: Shutting down and abandoning module Core (59)
[2015.10.09-09.15.27:418][ 94]LogModuleManager: Shutting down and abandoning module KismetCompiler (58)
[2015.10.09-09.15.27:418][ 94]LogModuleManager: Shutting down and abandoning module PhysXFormats (57)
[2015.10.09-09.15.27:418][ 94]LogModuleManager: Shutting down and abandoning module MeshUtilities (56)
[2015.10.09-09.15.27:418][ 94]LogModuleManager: Shutting down and abandoning module CookingStats (55)
[2015.10.09-09.15.27:419][ 94]LogModuleManager: Shutting down and abandoning module DerivedDataCache (54)
[2015.10.09-09.15.27:456][ 94]LogDerivedDataCache: Shutdown
[2015.10.09-09.15.27:456][ 94]LogModuleManager: Shutting down and abandoning module ShaderFormatOpenGL (53)
[2015.10.09-09.15.27:456][ 94]LogModuleManager: Shutting down and abandoning module ShaderFormatD3D (52)
[2015.10.09-09.15.27:456][ 94]LogModuleManager: Shutting down and abandoning module MetalShaderFormat (51)
[2015.10.09-09.15.27:456][ 94]LogModuleManager: Shutting down and abandoning module TextureFormatUncompressed (50)
[2015.10.09-09.15.27:456][ 94]LogModuleManager: Shutting down and abandoning module TextureFormatPVR (49)
[2015.10.09-09.15.27:456][ 94]LogModuleManager: Shutting down and abandoning module TextureFormatIntelISPCTexComp (48)
[2015.10.09-09.15.27:456][ 94]LogModuleManager: Shutting down and abandoning module TextureFormatDXT (47)
[2015.10.09-09.15.27:456][ 94]LogModuleManager: Shutting down and abandoning module ImageWrapper (46)
[2015.10.09-09.15.27:456][ 94]LogModuleManager: Shutting down and abandoning module TextureFormatASTC (45)
[2015.10.09-09.15.27:456][ 94]LogModuleManager: Shutting down and abandoning module TextureFormatAndroid (44)
[2015.10.09-09.15.27:456][ 94]LogModuleManager: Shutting down and abandoning module AudioFormatOpus (43)
[2015.10.09-09.15.27:456][ 94]LogModuleManager: Shutting down and abandoning module AudioFormatOgg (42)
[2015.10.09-09.15.27:456][ 94]LogModuleManager: Shutting down and abandoning module AudioFormatADPCM (41)
[2015.10.09-09.15.27:456][ 94]LogModuleManager: Shutting down and abandoning module LinuxTargetPlatform (40)
[2015.10.09-09.15.27:456][ 94]LogModuleManager: Shutting down and abandoning module LinuxServerTargetPlatform (39)
[2015.10.09-09.15.27:456][ 94]LogModuleManager: Shutting down and abandoning module LinuxNoEditorTargetPlatform (38)
[2015.10.09-09.15.27:456][ 94]LogModuleManager: Shutting down and abandoning module Messaging (37)
[2015.10.09-09.15.27:456][ 94]LogModuleManager: Shutting down and abandoning module IOSTargetPlatform (36)
[2015.10.09-09.15.27:456][ 94]LogModuleManager: Shutting down and abandoning module HTML5TargetPlatform (35)
[2015.10.09-09.15.27:456][ 94]LogModuleManager: Shutting down and abandoning module Android_PVRTCTargetPlatform (34)
[2015.10.09-09.15.27:456][ 94]LogModuleManager: Shutting down and abandoning module Android_ETC2TargetPlatform (33)
[2015.10.09-09.15.27:456][ 94]LogModuleManager: Shutting down and abandoning module Android_ETC1TargetPlatform (32)
[2015.10.09-09.15.27:456][ 94]LogModuleManager: Shutting down and abandoning module Android_DXTTargetPlatform (31)
[2015.10.09-09.15.27:456][ 94]LogModuleManager: Shutting down and abandoning module Android_ATCTargetPlatform (30)
[2015.10.09-09.15.27:456][ 94]LogModuleManager: Shutting down and abandoning module Android_ASTCTargetPlatform (29)
[2015.10.09-09.15.27:456][ 94]LogModuleManager: Shutting down and abandoning module AndroidTargetPlatform (28)
[2015.10.09-09.15.27:456][ 94]LogModuleManager: Shutting down and abandoning module WindowsTargetPlatform (27)
[2015.10.09-09.15.27:456][ 94]LogModuleManager: Shutting down and abandoning module WindowsServerTargetPlatform (26)
[2015.10.09-09.15.27:456][ 94]LogModuleManager: Shutting down and abandoning module WindowsNoEditorTargetPlatform (25)
[2015.10.09-09.15.27:456][ 94]LogModuleManager: Shutting down and abandoning module WindowsClientTargetPlatform (24)
[2015.10.09-09.15.27:456][ 94]LogModuleManager: Shutting down and abandoning module AllDesktopTargetPlatform (23)
[2015.10.09-09.15.27:456][ 94]LogModuleManager: Shutting down and abandoning module TargetPlatform (22)
[2015.10.09-09.15.27:456][ 94]LogModuleManager: Shutting down and abandoning module InputCore (21)
[2015.10.09-09.15.27:456][ 94]LogModuleManager: Shutting down and abandoning module Settings (20)
[2015.10.09-09.15.27:456][ 94]LogModuleManager: Shutting down and abandoning module OnlineSubsystem (18)
[2015.10.09-09.15.27:456][ 94]LogModuleManager: Shutting down and abandoning module HTTP (17)
[2015.10.09-09.15.29:961][ 94]LogModuleManager: Shutting down and abandoning module XMPP (16)
[2015.10.09-09.15.29:961][ 94]LogModuleManager: Shutting down and abandoning module ExampleDeviceProfileSelector (15)
[2015.10.09-09.15.29:961][ 94]LogModuleManager: Shutting down and abandoning module TextureCompressor (14)
[2015.10.09-09.15.29:961][ 94]LogModuleManager: Shutting down and abandoning module ShaderCore (13)
[2015.10.09-09.15.29:961][ 94]LogModuleManager: Shutting down and abandoning module Landscape (12)
[2015.10.09-09.15.29:961][ 94]LogModuleManager: Shutting down and abandoning module SlateRHIRenderer (11)
[2015.10.09-09.15.29:964][ 94]LogModuleManager: Shutting down and abandoning module OpenGLDrv (10)
[2015.10.09-09.15.29:964][ 94]LogModuleManager: Shutting down and abandoning module D3D11RHI (9)
[2015.10.09-09.15.29:964][ 94]LogModuleManager: Shutting down and abandoning module AnimGraphRuntime (8)
[2015.10.09-09.15.29:964][ 94]LogModuleManager: Shutting down and abandoning module Renderer (7)
[2015.10.09-09.15.29:964][ 94]LogModuleManager: Shutting down and abandoning module Engine (6)
[2015.10.09-09.15.29:964][ 94]LogModuleManager: Shutting down and abandoning module CoreUObject (5)
[2015.10.09-09.15.29:964][ 94]LogModuleManager: Shutting down and abandoning module NetworkFile (4)
[2015.10.09-09.15.29:964][ 94]LogModuleManager: Shutting down and abandoning module StreamingFile (3)
[2015.10.09-09.15.29:964][ 94]LogModuleManager: Shutting down and abandoning module SandboxFile (2)
[2015.10.09-09.15.29:964][ 94]LogModuleManager: Shutting down and abandoning module PakFile (1)
[2015.10.09-09.15.29:965][ 94]LogExit: Exiting.
[2015.10.09-09.15.29:968][ 94]Log file closed, 10/09/15 02:15:29
