[2015.09.11-00.54.49:077][  0]Log file open, 09/10/15 17:54:49
[2015.09.11-00.54.49:077][  0]LogInit:Display: Running engine for game: MyRTS_TropicoStyle
[2015.09.11-00.54.49:077][  0]LogInit:Display: RandInit(-1943431490) SRandInit(-1943431489).
[2015.09.11-00.54.49:077][  0]LogTaskGraph: Started task graph with 4 named threads and 7 total threads.
[2015.09.11-00.54.49:077][  0]LogStats: Stats thread started at 0.068836
[2015.09.11-00.54.49:077][  0]LogInit: Version: 4.9.0-2672455+++depot+UE4-Releases+4.9
[2015.09.11-00.54.49:077][  0]LogInit: API Version: 2672455
[2015.09.11-00.54.49:077][  0]LogInit: Compiled (64-bit): Aug 28 2015 12:33:01
[2015.09.11-00.54.49:077][  0]LogInit: Compiled with Visual C++: 18.00.21005.01
[2015.09.11-00.54.49:077][  0]LogInit: Build Configuration: Development
[2015.09.11-00.54.49:077][  0]LogInit: Branch Name: ++depot+UE4-Releases+4.9
[2015.09.11-00.54.49:077][  0]LogInit: Command line:  
[2015.09.11-00.54.49:077][  0]LogInit: Base directory: C:/Program Files/Epic Games/4.9/Engine/Binaries/Win64/
[2015.09.11-00.54.49:077][  0]LogInit: Rocket: 1
[2015.09.11-00.54.49:086][  0]LogInit: Using libcurl 7.41.0
[2015.09.11-00.54.49:086][  0]LogInit:  - built for x86_64-pc-win32
[2015.09.11-00.54.49:086][  0]LogInit:  - supports SSL with WinSSL
[2015.09.11-00.54.49:086][  0]LogInit:  - other features:
[2015.09.11-00.54.49:086][  0]LogInit:      CURL_VERSION_SSL
[2015.09.11-00.54.49:086][  0]LogInit:      CURL_VERSION_IPV6
[2015.09.11-00.54.49:086][  0]LogInit:      CURL_VERSION_ASYNCHDNS
[2015.09.11-00.54.49:086][  0]LogInit:      CURL_VERSION_LARGEFILE
[2015.09.11-00.54.49:086][  0]LogInit:      CURL_VERSION_IDN
[2015.09.11-00.54.49:086][  0]LogInit:  CurlRequestOptions (configurable via config and command line):
[2015.09.11-00.54.49:086][  0]LogInit:  - bVerifyPeer = true  - Libcurl will verify peer certificate
[2015.09.11-00.54.49:086][  0]LogInit:  - bUseHttpProxy = false  - Libcurl will NOT use HTTP proxy
[2015.09.11-00.54.49:086][  0]LogInit:  - bDontReuseConnections = false  - Libcurl will reuse connections
[2015.09.11-00.54.49:086][  0]LogInit:  - CertBundlePath = nullptr  - Libcurl will use whatever was configured at build time.
[2015.09.11-00.54.49:093][  0]LogInit: Presizing for 0 objects not considered by GC, pre-allocating 0 bytes.
[2015.09.11-00.54.49:100][  0]LogInit: Object subsystem initialized
[2015.09.11-00.54.49:102][  0]LogInit: Selected Device Profile: [Windows]
[2015.09.11-00.54.49:102][  0]LogInit: Applying CVar settings loaded from the selected device profile: [Windows]
[2015.09.11-00.54.49:109][  0]LogInit: Computer: JTSMITHFS111
[2015.09.11-00.54.49:109][  0]LogInit: User: jtsmith
[2015.09.11-00.54.49:109][  0]LogInit: CPU Page size=4096, Cores=4
[2015.09.11-00.54.49:109][  0]LogInit: High frequency timer resolution =3.312851 MHz
[2015.09.11-00.54.49:109][  0]LogMemory: Memory total: Physical=8.0GB (8GB approx)
[2015.09.11-00.54.49:109][  0]LogMemory: Platform Memory Stats for Windows
[2015.09.11-00.54.49:109][  0]LogMemory: Process Physical Memory: 56.48 MB used, 56.48 MB peak
[2015.09.11-00.54.49:109][  0]LogMemory: Process Virtual Memory: 58.13 MB used, 58.13 MB peak
[2015.09.11-00.54.49:109][  0]LogMemory: Physical Memory: 4591.88 MB used, 8146.45 MB total
[2015.09.11-00.54.49:109][  0]LogMemory: Virtual Memory: 340.05 MB used, 8388608.00 MB total
[2015.09.11-00.54.49:143][  0]LogTextLocalizationManager: No specific translations for ('en-US') exist, so ('en') translations will be used.
[2015.09.11-00.54.49:855][  0]LogD3D11RHI: Found D3D11 adapter 0: AMD Radeon HD 7570 (Feature Level 11_0)
[2015.09.11-00.54.49:855][  0]LogD3D11RHI: Adapter has 1008MB of dedicated video memory, 0MB of dedicated system memory, and 3817MB of shared system memory, 1 output[s]
[2015.09.11-00.54.49:855][  0]LogD3D11RHI: Chosen D3D11 Adapter Id = 0
[2015.09.11-00.54.49:867][  0]LogD3D11RHI: !Direct3DDevice
[2015.09.11-00.54.49:868][  0]LogRHI: Texture pool is 705 MB (70% of 1008 MB)
[2015.09.11-00.54.49:878][  0]LogD3D11RHI: Async texture creation disabled: no driver support
[2015.09.11-00.54.49:888][  0]LogShaderCompilers: Guid format shader working directory is 15 characters bigger than the processId version (../../../../../../Users/jtsmith/Desktop/Unreal/MyRTS_TropicoStyle 4.9/Intermediate/Shaders/WorkingDirectory/4148/).
[2015.09.11-00.54.49:888][  0]LogShaderCompilers: Cleaned the shader compiler working directory '../../../../../../Users/jtsmith/Desktop/Unreal/MyRTS_TropicoStyle 4.9/Intermediate/Shaders/tmp/F5813B18491FA6CEEF8C439D948C868E/'.
[2015.09.11-00.54.49:888][  0]LogShaderCompilers:Display: Using Local Shader Compiler.
[2015.09.11-00.54.51:062][  0]LogTemp:Display: Loaded TP AllDesktopTargetPlatform
[2015.09.11-00.54.51:067][  0]LogTemp:Display: Loaded TP WindowsClientTargetPlatform
[2015.09.11-00.54.51:072][  0]LogTemp:Display: Loaded TP WindowsNoEditorTargetPlatform
[2015.09.11-00.54.51:078][  0]LogTemp:Display: Loaded TP WindowsServerTargetPlatform
[2015.09.11-00.54.51:083][  0]LogTemp:Display: Loaded TP WindowsTargetPlatform
[2015.09.11-00.54.51:087][  0]LogTemp:Display: Loaded TP AndroidTargetPlatform
[2015.09.11-00.54.51:090][  0]LogTemp:Display: Loaded TP Android_ASTCTargetPlatform
[2015.09.11-00.54.51:095][  0]LogTemp:Display: Loaded TP Android_ATCTargetPlatform
[2015.09.11-00.54.51:098][  0]LogTemp:Display: Loaded TP Android_DXTTargetPlatform
[2015.09.11-00.54.51:101][  0]LogTemp:Display: Loaded TP Android_ETC1TargetPlatform
[2015.09.11-00.54.51:105][  0]LogTemp:Display: Loaded TP Android_ETC2TargetPlatform
[2015.09.11-00.54.51:109][  0]LogTemp:Display: Loaded TP Android_PVRTCTargetPlatform
[2015.09.11-00.54.51:111][  0]LogTemp:Display: Loaded TP HTML5TargetPlatform
[2015.09.11-00.54.51:127][  0]LogTemp:Display: Loaded TP IOSTargetPlatform
[2015.09.11-00.54.51:130][  0]LogTemp:Display: Loaded TP LinuxNoEditorTargetPlatform
[2015.09.11-00.54.51:133][  0]LogTemp:Display: Loaded TP LinuxServerTargetPlatform
[2015.09.11-00.54.51:137][  0]LogTemp:Display: Loaded TP LinuxTargetPlatform
[2015.09.11-00.54.51:137][  0]LogTargetPlatformManager:Display: Building Assets For Windows
[2015.09.11-00.54.51:216][  0]LogDerivedDataCache:Display: Max Cache Size: 512 MB
[2015.09.11-00.54.51:255][  0]LogDerivedDataCache: Loaded boot cache 0.04s 41MB C:/Users/jtsmith/AppData/Local/UnrealEngine/4.9/DerivedDataCache/Boot.ddc.
[2015.09.11-00.54.51:255][  0]LogDerivedDataCache:Display: Loaded Boot cache: C:/Users/jtsmith/AppData/Local/UnrealEngine/4.9/DerivedDataCache/Boot.ddc
[2015.09.11-00.54.51:255][  0]LogDerivedDataCache: FDerivedDataBackendGraph:  Pak pak cache file ../../../../../../Users/jtsmith/Desktop/Unreal/MyRTS_TropicoStyle 4.9/DerivedDataCache/DDC.ddp not found, will not use a pak cache.
[2015.09.11-00.54.51:255][  0]LogDerivedDataCache: Unable to find inner node Pak for hierarchical cache Hierarchy.
[2015.09.11-00.54.51:255][  0]LogDerivedDataCache: FDerivedDataBackendGraph:  CompressedPak pak cache file ../../../../../../Users/jtsmith/Desktop/Unreal/MyRTS_TropicoStyle 4.9/DerivedDataCache/Compressed.ddp not found, will not use a pak cache.
[2015.09.11-00.54.51:255][  0]LogDerivedDataCache: Unable to find inner node CompressedPak for hierarchical cache Hierarchy.
[2015.09.11-00.54.51:400][  0]LogDerivedDataCache:Display: Pak cache opened for reading ../../../Engine/DerivedDataCache/Compressed.ddp.
[2015.09.11-00.54.51:411][  0]LogDerivedDataCache: Using Local data cache path C:/Users/jtsmith/AppData/Local/UnrealEngine/Common/DerivedDataCache: Writable
[2015.09.11-00.54.51:586][  0]LogInit: Selected Device Profile: [Windows]
[2015.09.11-00.54.51:587][  0]LogContentStreaming: Texture pool size is 0.000000MB
[2015.09.11-00.54.51:613][  0]LogMeshUtilities: No automatic mesh reduction module available
[2015.09.11-00.54.51:613][  0]LogMeshUtilities: No automatic mesh merging module available
[2015.09.11-00.54.51:958][  0]LogInit: WinSock: version 1.1 (2.2), MaxSocks=32767, MaxUdp=65467
[2015.09.11-00.54.52:606][  0]UdpMessaging: Initializing bridge on interface 0.0.0.0:0 to multicast group 230.0.0.1:6666.
[2015.09.11-00.54.52:696][  0]LogAssetRegistry: FAssetRegistry took 0.0097 seconds to start up
[2015.09.11-00.54.52:855][  0]SourceControl: Info Source control is disabled
[2015.09.11-00.54.52:884][  0]SourceControl: Info Source control is disabled
[2015.09.11-00.54.52:894][  0]SourceControl: Info Source control is disabled
[2015.09.11-00.54.52:905][  0]SourceControl: Info Source control is disabled
[2015.09.11-00.54.53:039][  0]LogLinker:Warning: Asset '../../../Engine/Plugins/Runtime/LeapMotionController/Content/LM_PassthroughMaterial.uasset' has been saved with empty engine version. The asset will be loaded but may be incompatible.
[2015.09.11-00.54.53:110][  0]LogObj: 28380 objects as part of root set at end of initial load.
[2015.09.11-00.54.53:110][  0]LogUObjectAllocator: 6044392 out of 0 bytes used by permanent object pool.
[2015.09.11-00.54.53:162][  0]LogEngine: Initializing Engine...
[2015.09.11-00.54.53:164][  0]LogHMD: Can't find Oculus library dev build: is proper Runtime installed? Version: 0.6.0.0
[2015.09.11-00.54.53:165][  0]LogHMD: SteamVR failed to initialize.  Err: 110
[2015.09.11-00.54.53:282][  0]LogAIModule: Creating AISystem for world NewWorld
[2015.09.11-00.54.53:286][  0]LogInit: XAudio2 using 'Speakers (Realtek High Definition Audio)' : 2 channels at 48 kHz using 32 bits per sample (channel mask 0x3)
[2015.09.11-00.54.53:303][  0]LogInit: FAudioDevice initialized.
[2015.09.11-00.54.53:323][  0]LogDerivedDataCache: Saved boot cache 0.02s 41MB C:/Users/jtsmith/AppData/Local/UnrealEngine/4.9/DerivedDataCache/Boot.ddc.
[2015.09.11-00.54.53:326][  0]LogInit: Texture streaming: Enabled
[2015.09.11-00.54.53:331][  0]LogAnalytics: Creating configured Analytics provider AnalyticsET
[2015.09.11-00.54.53:331][  0]LogAnalytics: [UEEditor.Rocket.Release] APIServer = http://et2.epicgames.com/ET2/. AppVersion = 4.9.0-2672455+++depot+UE4-Releases+4.9
[2015.09.11-00.54.53:331][  0]LogAnalytics: [UEEditor.Rocket.Release] SetUserId 6fa6e3274a8d5d72a75cbcbef6d297a7|3b8075bc1ed94341b886f5e4c6e1b23d|13e13887-07aa-43da-a8ee-6e00c985f4a0
[2015.09.11-00.54.53:331][  0]LogAnalytics: [UEEditor.Rocket.Release] AnalyticsET::StartSession
[2015.09.11-00.54.53:348][  0]LogInit: Transaction tracking system initialized
[2015.09.11-00.54.53:374][  0]BlueprintLog: New page: Editor Load
[2015.09.11-00.54.53:453][  0]LocalizationService: Info Localization service is disabled
[2015.09.11-00.54.53:680][  0]LogConsoleResponse:Display: 
[2015.09.11-00.54.53:789][  0]LogCook:Display: Done creating registry. It took  0.00s.
[2015.09.11-00.54.53:839][  0]SourceControl: Info Source control is disabled
[2015.09.11-00.54.53:839][  0]Cmd: MAP LOAD FILE="../../../../../../Users/jtsmith/Desktop/Unreal/MyRTS_TropicoStyle 4.9/Content/TopDownBP/Maps/TopDownExampleMap.umap" TEMPLATE=0 SHOWPROGRESS=1 FEATURELEVEL=3
[2015.09.11-00.54.53:839][  0]LightingResults: New page: Lighting Build
[2015.09.11-00.54.53:842][  0]MapCheck: New page: Map Check
[2015.09.11-00.54.53:842][  0]LightingResults: New page: Lighting Build
[2015.09.11-00.54.53:853][  0]LogParticles: Destroying 0 GPU particle simulations for FXSystem 0x000000002193F6A0
[2015.09.11-00.54.53:994][  0]LogLinker:Warning: Can't find file '/Game/TopDownBP/Blueprints/Buildings/Commercial/ConstructionOffice_BP'
[2015.09.11-00.54.53:994][  0]LoadErrors: Info Failed to load /Game/TopDownBP/Structs/CharacterProfile_STRUCT.CharacterProfile_STRUCT Referenced by K2Node_MakeStruct_CharacterProfile_STRUCT
[2015.09.11-00.54.53:994][  0]LogLinker:Warning: Can't find file for asset '/Game/TopDownBP/Blueprints/Buildings/Commercial/ConstructionOffice_BP' while loading ../../../../../../Users/jtsmith/Desktop/Unreal/MyRTS_TropicoStyle 4.9/Content/TopDownBP/HUDs/Commander_HUD.uasset.
[2015.09.11-00.54.53:994][  0]LoadErrors: Info Failed to load /Game/TopDownBP/Structs/CharacterProfile_STRUCT.CharacterProfile_STRUCT Referenced by K2Node_MakeStruct_CharacterProfile_STRUCT
[2015.09.11-00.54.53:994][  0]LoadErrors:Error: Error /Game/TopDownBP/HUDs/Commander_HUD : Can't find file for asset. /Game/TopDownBP/Blueprints/Buildings/Commercial/ConstructionOffice_BP
[2015.09.11-00.54.54:010][  0]LogLinker:Warning: Can't find file '/Game/TopDownBP/Blueprints/Buildings/Commercial/ConstructionOffice_BP'
[2015.09.11-00.54.54:010][  0]LoadErrors: Info Failed to load /Game/TopDownBP/Structs/CharacterProfile_STRUCT.CharacterProfile_STRUCT Referenced by K2Node_MakeStruct_CharacterProfile_STRUCT
[2015.09.11-00.54.54:010][  0]LogLinker:Warning: Can't find file for asset '/Game/TopDownBP/Blueprints/Buildings/Commercial/ConstructionOffice_BP' while loading ../../../../../../Users/jtsmith/Desktop/Unreal/MyRTS_TropicoStyle 4.9/Content/TopDownBP/HUDs/Commander_HUD.uasset.
[2015.09.11-00.54.54:010][  0]LoadErrors: Info Failed to load /Game/TopDownBP/Structs/CharacterProfile_STRUCT.CharacterProfile_STRUCT Referenced by K2Node_MakeStruct_CharacterProfile_STRUCT
[2015.09.11-00.54.54:010][  0]LoadErrors:Error: Error /Game/TopDownBP/HUDs/Commander_HUD : Can't find file for asset. /Game/TopDownBP/Blueprints/Buildings/Commercial/ConstructionOffice_BP
[2015.09.11-00.54.55:101][  0]LogLinker:Warning: Can't find file '/Game/TopDownBP/Blueprints/Buildings/Commercial/ConstructionOffice_BP'
[2015.09.11-00.54.55:102][  0]LogLinker:Warning: Can't find file for asset '/Game/TopDownBP/Blueprints/Buildings/Commercial/ConstructionOffice_BP' while loading ../../../../../../Users/jtsmith/Desktop/Unreal/MyRTS_TropicoStyle 4.9/Content/TopDownBP/Sky/DayNightCycle_BP.uasset.
[2015.09.11-00.54.55:102][  0]LoadErrors:Error: Error /Game/TopDownBP/Sky/DayNightCycle_BP : Can't find file for asset. /Game/TopDownBP/Blueprints/Buildings/Commercial/ConstructionOffice_BP
[2015.09.11-00.54.55:102][  0]LogLinker:Warning: Can't find file '/Game/TopDownBP/Blueprints/Buildings/Commercial/ConstructionOffice_BP'
[2015.09.11-00.54.55:102][  0]LogLinker:Warning: Can't find file for asset '/Game/TopDownBP/Blueprints/Buildings/Commercial/ConstructionOffice_BP' while loading ../../../../../../Users/jtsmith/Desktop/Unreal/MyRTS_TropicoStyle 4.9/Content/TopDownBP/Sky/DayNightCycle_BP.uasset.
[2015.09.11-00.54.55:102][  0]LoadErrors:Error: Error /Game/TopDownBP/Sky/DayNightCycle_BP : Can't find file for asset. /Game/TopDownBP/Blueprints/Buildings/Commercial/ConstructionOffice_BP
[2015.09.11-00.54.55:106][  0]LogLinker:Warning: Can't find file '/Game/TopDownBP/Blueprints/Buildings/Commercial/ConstructionOffice_BP'
[2015.09.11-00.54.55:106][  0]LoadErrors: Info Failed to load /Game/TopDownBP/Blueprints/BuildingMaster_BP.BuildingMaster_BP_C Referenced by EdGraphPin_38465
[2015.09.11-00.54.55:106][  0]LogLinker:Warning: Can't find file for asset '/Game/TopDownBP/Blueprints/Buildings/Commercial/ConstructionOffice_BP' while loading ../../../../../../Users/jtsmith/Desktop/Unreal/MyRTS_TropicoStyle 4.9/Content/TopDownBP/Sky/DayNightCycle_BP.uasset.
[2015.09.11-00.54.55:106][  0]LoadErrors: Info Failed to load /Game/TopDownBP/Blueprints/BuildingMaster_BP.BuildingMaster_BP_C Referenced by EdGraphPin_38465
[2015.09.11-00.54.55:106][  0]LoadErrors:Error: Error /Game/TopDownBP/Sky/DayNightCycle_BP : Can't find file for asset. /Game/TopDownBP/Blueprints/Buildings/Commercial/ConstructionOffice_BP
[2015.09.11-00.54.55:967][  0]LogBlueprint:Warning: [compiler CameraPawnController] Warning 'ReturnValue' is already a 'Building Master BP', you don't need  Cast To BuildingMaster_BP .
[2015.09.11-00.54.56:003][  0]LogBlueprint:Warning: [compiler CameraPawnController] Warning [0007.43] Compile of CameraPawnController successful, but with 1 Warning(s) [in 118 ms]
[2015.09.11-00.54.56:008][  0]LogBlueprint:Warning: [compiler CameraPawnController] Warning [0007.44] Compile of CameraPawnController successful, but with 2 Warning(s) [in 4 ms]
[2015.09.11-00.54.56:008][  0]LogBlueprint:Warning: [compiler CameraPawnController] Warning [0007.44] Compile of CameraPawnController successful, but with 3 Warning(s) [in 0 ms]
[2015.09.11-00.54.56:214][  0]LogBlueprint:Warning: [compiler CameraPawnController] Warning 'ReturnValue' is already a 'Building Master BP', you don't need  Cast To BuildingMaster_BP .
[2015.09.11-00.54.56:247][  0]LogBlueprint:Warning: [compiler CameraPawnController] Warning [0007.67] Compile of CameraPawnController successful, but with 1 Warning(s) [in 115 ms]
[2015.09.11-00.54.56:247][  0]LogBlueprint:Warning: [compiler CameraPawnController] Warning [0007.68] Compile of CameraPawnController successful, but with 2 Warning(s) [in 0 ms]
[2015.09.11-00.54.56:252][  0]LogBlueprint:Warning: [compiler CameraPawnController] Warning [0007.68] Compile of CameraPawnController successful, but with 3 Warning(s) [in 5 ms]
[2015.09.11-00.54.57:609][  0]LogAIModule: Creating AISystem for world TopDownExampleMap
[2015.09.11-00.54.57:645][  0]LogEditorServer: Finished looking for orphan Actors (0.000 secs)
[2015.09.11-00.54.57:646][  0]Cmd: MAP CHECKDEP NOCLEARLOG
[2015.09.11-00.54.57:724][  0]MapCheck: Info Map check complete: 0 Error(s), 0 Warning(s), took 77.572ms to complete.
[2015.09.11-00.54.57:724][  0]LogFileHelpers: Loading map 'TopDownExampleMap' took 3.885
[2015.09.11-00.54.57:811][  0]LogCollectionManager: Loaded 0 collections in 0.001993 seconds
[2015.09.11-00.54.57:849][  0]LogFileCache: Scanning file cache for directory 'C:/Users/jtsmith/Desktop/Unreal/MyRTS_TropicoStyle 4.9/Saved/Collections/' took 0.01s
[2015.09.11-00.54.57:849][  0]LogFileCache: Scanning file cache for directory 'C:/Users/jtsmith/Desktop/Unreal/MyRTS_TropicoStyle 4.9/Content/Developers/jtsmith/Collections/' took 0.01s
[2015.09.11-00.54.57:849][  0]LogFileCache: Scanning file cache for directory 'C:/Users/jtsmith/Desktop/Unreal/MyRTS_TropicoStyle 4.9/Content/Collections/' took 0.01s
[2015.09.11-00.54.57:849][  0]LogContentBrowser: Native class hierarchy populated in 0.0071 seconds. Added 1874 classes and 335 folders.
[2015.09.11-00.54.57:854][  0]LogCollectionManager: Rebuilt the GUID cache for 0 collections in 0.000002 seconds
[2015.09.11-00.54.57:860][  0]LogContentBrowser: Native class hierarchy updated for 'WidgetCarousel' in 0.0003 seconds. Added 0 classes and 0 folders.
[2015.09.11-00.54.57:901][  0]LogContentBrowser: Native class hierarchy updated for 'AddContentDialog' in 0.0003 seconds. Added 0 classes and 0 folders.
[2015.09.11-00.54.57:910][  0]LogContentBrowser: Native class hierarchy updated for 'SceneOutliner' in 0.0003 seconds. Added 1 classes and 2 folders.
[2015.09.11-00.54.58:022][  0]LogCrashTracker: Crashtracker disabled due to settings.
[2015.09.11-00.54.58:025][  0]LogUObjectGlobals:Warning: Failed to find object 'Class None.'
[2015.09.11-00.54.58:046][  0]LogLoad: Full Startup: 9.47 seconds (BP compile: 1.31 seconds)
[2015.09.11-00.54.58:116][  0]LogContentStreaming: Texture pool size now 400 MB
[2015.09.11-00.54.58:148][  1]Cmd: UpdateLandscapeEditorData -warnings
[2015.09.11-00.54.58:271][  3]LogRenderer: Reallocating scene render targets to support 32x32 (Frame:2).
[2015.09.11-00.54.58:271][  3]LogRenderer: Reallocating scene render targets to support 128x128 (Frame:6).
[2015.09.11-00.54.58:832][ 15]LogAssetRegistry: Asset discovery search completed in 6.1447 seconds
[2015.09.11-00.54.58:832][ 15]LogCollectionManager: Rebuilt the object cache for 0 collections in 0.000001 seconds (found 0 objects)
[2015.09.11-00.54.58:833][ 15]LogCollectionManager: Fixed up redirectors for 0 collections in 0.000027 seconds (updated 0 objects)
[2015.09.11-00.55.20:226][535]LogRenderer: Reallocating scene render targets to support 1100x676 (Frame:8).
[2015.09.11-00.55.32:723][890]LogActorComponent: UnregisterComponent: (/Engine/Transient.CharMoveComp) Not registered. Aborting.
[2015.09.11-00.55.33:236][891]Cmd: QUIT_EDITOR
[2015.09.11-00.55.33:483][891]LogExit: Preparing to exit.
[2015.09.11-00.55.33:701][891]LogExit: Editor shut down
[2015.09.11-00.55.33:701][891]LogExit: Transaction tracking system shut down
[2015.09.11-00.55.33:705][891]LogParticles: Destroying 0 GPU particle simulations for FXSystem 0x0000000028FF19E0
[2015.09.11-00.55.33:706][891]LogParticles: Destroying 0 GPU particle simulations for FXSystem 0x000000002F717880
[2015.09.11-00.55.33:706][891]LogParticles: Destroying 0 GPU particle simulations for FXSystem 0x000000002FE27600
[2015.09.11-00.55.33:707][891]LogParticles: Destroying 0 GPU particle simulations for FXSystem 0x00000000307A5DA0
[2015.09.11-00.55.33:707][891]LogParticles: Destroying 0 GPU particle simulations for FXSystem 0x00000000307A5580
[2015.09.11-00.55.33:851][891]LogExit: Object subsystem successfully closed.
[2015.09.11-00.55.33:863][891]LogD3D11RHI: Shutdown
[2015.09.11-00.55.33:863][891]LogD3D11RHI: CleanupD3DDevice
[2015.09.11-00.55.33:912][891]LogD3D11RHI: ~FD3D11DynamicRHI
[2015.09.11-00.55.33:930][891]LogModuleManager: Shutting down and abandoning module CrashTracker (198)
[2015.09.11-00.55.33:930][891]LogModuleManager: Shutting down and abandoning module SceneOutliner (197)
[2015.09.11-00.55.33:930][891]LogModuleManager: Shutting down and abandoning module SuperSearch (196)
[2015.09.11-00.55.33:930][891]LogModuleManager: Shutting down and abandoning module WidgetCarousel (195)
[2015.09.11-00.55.33:930][891]LogModuleManager: Shutting down and abandoning module AddContentDialog (194)
[2015.09.11-00.55.33:931][891]LogModuleManager: Shutting down and abandoning module EditorWidgets (193)
[2015.09.11-00.55.33:931][891]LogModuleManager: Shutting down and abandoning module CollectionManager (192)
[2015.09.11-00.55.33:931][891]LogModuleManager: Shutting down and abandoning module StatsViewer (191)
[2015.09.11-00.55.33:931][891]LogModuleManager: Shutting down and abandoning module FoliageEdit (190)
[2015.09.11-00.55.33:931][891]LogModuleManager: Shutting down and abandoning module LandscapeEditor (189)
[2015.09.11-00.55.33:931][891]LogModuleManager: Shutting down and abandoning module ActorPickerMode (188)
[2015.09.11-00.55.33:931][891]LogModuleManager: Shutting down and abandoning module GeometryMode (187)
[2015.09.11-00.55.33:931][891]LogModuleManager: Shutting down and abandoning module TextureAlignMode (186)
[2015.09.11-00.55.33:931][891]LogModuleManager: Shutting down and abandoning module BspMode (185)
[2015.09.11-00.55.33:931][891]LogModuleManager: Shutting down and abandoning module PlacementMode (184)
[2015.09.11-00.55.33:931][891]LogModuleManager: Shutting down and abandoning module AutomationWorker (183)
[2015.09.11-00.55.33:931][891]LogModuleManager: Shutting down and abandoning module CharacterAI (182)
[2015.09.11-00.55.33:931][891]LogModuleManager: Shutting down and abandoning module SmartSnapping (181)
[2015.09.11-00.55.33:931][891]LogModuleManager: Shutting down and abandoning module ViewportSnapping (180)
[2015.09.11-00.55.33:931][891]LogModuleManager: Shutting down and abandoning module LogVisualizer (179)
[2015.09.11-00.55.33:932][891]LogModuleManager: Shutting down and abandoning module GameProjectGeneration (178)
[2015.09.11-00.55.33:932][891]LogModuleManager: Shutting down and abandoning module IntroTutorials (177)
[2015.09.11-00.55.33:932][891]LogModuleManager: Shutting down and abandoning module EditorLiveStreaming (176)
[2015.09.11-00.55.33:932][891]LogModuleManager: Shutting down and abandoning module IOSPlatformEditor (175)
[2015.09.11-00.55.33:932][891]LogModuleManager: Shutting down and abandoning module HTML5PlatformEditor (174)
[2015.09.11-00.55.33:932][891]LogModuleManager: Shutting down and abandoning module AndroidDeviceDetection (173)
[2015.09.11-00.55.34:495][891]LogModuleManager: Shutting down and abandoning module AndroidPlatformEditor (172)
[2015.09.11-00.55.34:495][891]LogModuleManager: Shutting down and abandoning module IOSRuntimeSettings (171)
[2015.09.11-00.55.34:495][891]LogModuleManager: Shutting down and abandoning module AndroidRuntimeSettings (170)
[2015.09.11-00.55.34:495][891]LogModuleManager: Shutting down and abandoning module MergeActors (169)
[2015.09.11-00.55.34:495][891]LogModuleManager: Shutting down and abandoning module SizeMap (168)
[2015.09.11-00.55.34:495][891]LogModuleManager: Shutting down and abandoning module TreeMap (167)
[2015.09.11-00.55.34:495][891]LogModuleManager: Shutting down and abandoning module ReferenceViewer (166)
[2015.09.11-00.55.34:495][891]LogModuleManager: Shutting down and abandoning module LocalizationService (165)
[2015.09.11-00.55.34:495][891]LogModuleManager: Shutting down and abandoning module LocalizationDashboard (164)
[2015.09.11-00.55.34:495][891]LogModuleManager: Shutting down and abandoning module HardwareTargeting (163)
[2015.09.11-00.55.34:495][891]LogModuleManager: Shutting down and abandoning module DeviceProfileEditor (162)
[2015.09.11-00.55.34:495][891]LogModuleManager: Shutting down and abandoning module UndoHistory (161)
[2015.09.11-00.55.34:495][891]LogModuleManager: Shutting down and abandoning module GameplayTagsEditor (160)
[2015.09.11-00.55.34:495][891]LogModuleManager: Shutting down and abandoning module UserFeedback (159)
[2015.09.11-00.55.34:495][891]LogModuleManager: Shutting down and abandoning module XmlParser (158)
[2015.09.11-00.55.34:495][891]LogModuleManager: Shutting down and abandoning module Blutility (157)
[2015.09.11-00.55.34:495][891]LogModuleManager: Shutting down and abandoning module ProjectTargetPlatformEditor (156)
[2015.09.11-00.55.34:495][891]LogModuleManager: Shutting down and abandoning module ProjectSettingsViewer (155)
[2015.09.11-00.55.34:495][891]LogModuleManager: Shutting down and abandoning module InputBindingEditor (154)
[2015.09.11-00.55.34:495][891]LogModuleManager: Shutting down and abandoning module EditorSettingsViewer (153)
[2015.09.11-00.55.34:495][891]LogModuleManager: Shutting down and abandoning module SettingsEditor (152)
[2015.09.11-00.55.34:495][891]LogModuleManager: Shutting down and abandoning module ProjectLauncher (151)
[2015.09.11-00.55.34:495][891]LogModuleManager: Shutting down and abandoning module SessionFrontend (150)
[2015.09.11-00.55.34:495][891]LogModuleManager: Shutting down and abandoning module ProfilerClient (149)
[2015.09.11-00.55.34:495][891]LogModuleManager: Shutting down and abandoning module TargetDeviceServices (148)
[2015.09.11-00.55.34:495][891]LogModuleManager: Shutting down and abandoning module DeviceManager (147)
[2015.09.11-00.55.34:496][891]LogModuleManager: Shutting down and abandoning module AutomationController (146)
[2015.09.11-00.55.34:496][891]LogModuleManager: Shutting down and abandoning module AutomationWindow (145)
[2015.09.11-00.55.34:496][891]LogModuleManager: Shutting down and abandoning module Layers (144)
[2015.09.11-00.55.34:496][891]LogModuleManager: Shutting down and abandoning module ComponentVisualizers (143)
[2015.09.11-00.55.34:496][891]LogModuleManager: Shutting down and abandoning module DetailCustomizations (142)
[2015.09.11-00.55.34:496][891]LogModuleManager: Shutting down and abandoning module PackagesDialog (141)
[2015.09.11-00.55.34:496][891]LogModuleManager: Shutting down and abandoning module Persona (140)
[2015.09.11-00.55.34:496][891]LogModuleManager: Shutting down and abandoning module Kismet (139)
[2015.09.11-00.55.34:496][891]LogModuleManager: Shutting down and abandoning module GraphEditor (138)
[2015.09.11-00.55.34:496][891]LogModuleManager: Shutting down and abandoning module ClassViewer (137)
[2015.09.11-00.55.34:496][891]LogModuleManager: Shutting down and abandoning module Toolbox (136)
[2015.09.11-00.55.34:496][891]LogModuleManager: Shutting down and abandoning module ModuleUI (135)
[2015.09.11-00.55.34:496][891]LogModuleManager: Shutting down and abandoning module MovieSceneTools (134)
[2015.09.11-00.55.34:496][891]LogModuleManager: Shutting down and abandoning module OutputLog (133)
[2015.09.11-00.55.34:496][891]LogModuleManager: Shutting down and abandoning module GammaUI (132)
[2015.09.11-00.55.34:496][891]LogModuleManager: Shutting down and abandoning module Documentation (131)
[2015.09.11-00.55.34:496][891]LogModuleManager: Shutting down and abandoning module GameLiveStreaming (130)
[2015.09.11-00.55.34:496][891]LogModuleManager: Shutting down and abandoning module StreamingPauseRendering (129)
[2015.09.11-00.55.34:496][891]LogModuleManager: Shutting down and abandoning module AnalyticsET (128)
[2015.09.11-00.55.34:496][891]LogModuleManager: Shutting down and abandoning module Analytics (127)
[2015.09.11-00.55.34:496][891]LogModuleManager: Shutting down and abandoning module AITestSuite (126)
[2015.09.11-00.55.34:496][891]LogModuleManager: Shutting down and abandoning module GameplayDebugger (125)
[2015.09.11-00.55.34:496][891]LogModuleManager: Shutting down and abandoning module AIModule (124)
[2015.09.11-00.55.34:496][891]LogModuleManager: Shutting down and abandoning module ProfilerService (123)
[2015.09.11-00.55.34:626][891]LogModuleManager: Shutting down and abandoning module TaskGraph (122)
[2015.09.11-00.55.34:626][891]LogModuleManager: Shutting down and abandoning module SlateRemote (121)
[2015.09.11-00.55.34:626][891]LogModuleManager: Shutting down and abandoning module SteamVRController (120)
[2015.09.11-00.55.34:626][891]LogModuleManager: Shutting down and abandoning module SteamVR (119)
[2015.09.11-00.55.34:626][891]LogModuleManager: Shutting down and abandoning module ProceduralMeshComponent (118)
[2015.09.11-00.55.34:626][891]LogModuleManager: Shutting down and abandoning module OculusRift (117)
[2015.09.11-00.55.34:626][891]LogModuleManager: Shutting down and abandoning module OculusLibrary (116)
[2015.09.11-00.55.34:626][891]LogModuleManager: Shutting down and abandoning module LeapMotionController (115)
[2015.09.11-00.55.34:632][891]LogModuleManager: Shutting down and abandoning module CustomMeshComponent (114)
[2015.09.11-00.55.34:632][891]LogModuleManager: Shutting down and abandoning module CableComponent (113)
[2015.09.11-00.55.34:632][891]LogModuleManager: Shutting down and abandoning module ArchVisCharacter (112)
[2015.09.11-00.55.34:632][891]LogModuleManager: Shutting down and abandoning module MessagingDebugger (111)
[2015.09.11-00.55.34:632][891]LogModuleManager: Shutting down and abandoning module MediaPlayerEditor (110)
[2015.09.11-00.55.34:632][891]LogModuleManager: Shutting down and abandoning module HTML5Networking (109)
[2015.09.11-00.55.34:632][891]LogModuleManager: Shutting down and abandoning module SpeedTreeImporter (108)
[2015.09.11-00.55.34:632][891]LogModuleManager: Shutting down and abandoning module PluginBrowser (107)
[2015.09.11-00.55.34:632][891]LogModuleManager: Shutting down and abandoning module EpicSurvey (106)
[2015.09.11-00.55.34:632][891]LogModuleManager: Shutting down and abandoning module DesktopPlatform (105)
[2015.09.11-00.55.34:632][891]LogModuleManager: Shutting down and abandoning module VisualStudioSourceCodeAccess (104)
[2015.09.11-00.55.34:632][891]LogModuleManager: Shutting down and abandoning module UObjectPlugin (103)
[2015.09.11-00.55.34:632][891]LogModuleManager: Shutting down and abandoning module SubversionSourceControl (102)
[2015.09.11-00.55.34:632][891]LogModuleManager: Shutting down and abandoning module PerforceSourceControl (101)
[2015.09.11-00.55.34:632][891]LogModuleManager: Shutting down and abandoning module SourceControl (100)
[2015.09.11-00.55.34:632][891]LogModuleManager: Shutting down and abandoning module GitSourceControl (99)
[2015.09.11-00.55.34:632][891]LogModuleManager: Shutting down and abandoning module LightPropagationVolumeEditor (98)
[2015.09.11-00.55.34:632][891]LogModuleManager: Shutting down and abandoning module PaperTiledImporter (97)
[2015.09.11-00.55.34:632][891]LogModuleManager: Shutting down and abandoning module PaperSpriteSheetImporter (96)
[2015.09.11-00.55.34:632][891]LogModuleManager: Shutting down and abandoning module MeshPaint (95)
[2015.09.11-00.55.34:632][891]LogModuleManager: Shutting down and abandoning module SlateReflector (94)
[2015.09.11-00.55.34:632][891]LogModuleManager: Shutting down and abandoning module HotReload (93)
[2015.09.11-00.55.34:632][891]LogModuleManager: Shutting down and abandoning module MainFrame (92)
[2015.09.11-00.55.34:632][891]LogModuleManager: Shutting down and abandoning module LevelEditor (91)
[2015.09.11-00.55.34:633][891]LogModuleManager: Shutting down and abandoning module DirectoryWatcher (90)
[2015.09.11-00.55.34:633][891]LogModuleManager: Shutting down and abandoning module AssetRegistry (89)
[2015.09.11-00.55.34:677][891]LogModuleManager: Shutting down and abandoning module ContentBrowser (88)
[2015.09.11-00.55.34:677][891]LogModuleManager: Shutting down and abandoning module Paper2DEditor (87)
[2015.09.11-00.55.34:678][891]LogModuleManager: Shutting down and abandoning module UdpMessaging (86)
[2015.09.11-00.55.34:778][891]LogModuleManager: Shutting down and abandoning module LightPropagationVolumeRuntime (85)
[2015.09.11-00.55.34:778][891]LogModuleManager: Shutting down and abandoning module Paper2D (84)
[2015.09.11-00.55.34:778][891]LogModuleManager: Shutting down and abandoning module WindowsMoviePlayer (83)
[2015.09.11-00.55.34:781][891]LogModuleManager: Shutting down and abandoning module Media (82)
[2015.09.11-00.55.34:781][891]LogModuleManager: Shutting down and abandoning module WmfMedia (81)
[2015.09.11-00.55.34:793][891]LogModuleManager: Shutting down and abandoning module OnlineBlueprintSupport (80)
[2015.09.11-00.55.34:793][891]LogModuleManager: Shutting down and abandoning module EnvironmentQueryEditor (79)
[2015.09.11-00.55.34:793][891]LogModuleManager: Shutting down and abandoning module GameplayTasksEditor (78)
[2015.09.11-00.55.34:793][891]LogModuleManager: Shutting down and abandoning module PropertyEditor (77)
[2015.09.11-00.55.34:793][891]LogModuleManager: Shutting down and abandoning module BehaviorTreeEditor (76)
[2015.09.11-00.55.34:793][891]LogModuleManager: Shutting down and abandoning module FunctionalTesting (75)
[2015.09.11-00.55.34:793][891]LogModuleManager: Shutting down and abandoning module CollisionAnalyzer (74)
[2015.09.11-00.55.34:793][891]LogModuleManager: Shutting down and abandoning module WorkspaceMenuStructure (73)
[2015.09.11-00.55.34:793][891]LogModuleManager: Shutting down and abandoning module MessageLog (72)
[2015.09.11-00.55.34:793][891]LogModuleManager: Shutting down and abandoning module Sequencer (71)
[2015.09.11-00.55.34:793][891]LogModuleManager: Shutting down and abandoning module AssetTools (70)
[2015.09.11-00.55.34:793][891]LogModuleManager: Shutting down and abandoning module UMGEditor (69)
[2015.09.11-00.55.34:793][891]LogModuleManager: Shutting down and abandoning module UMG (68)
[2015.09.11-00.55.34:793][891]LogModuleManager: Shutting down and abandoning module Slate (67)
[2015.09.11-00.55.34:793][891]LogModuleManager: Shutting down and abandoning module EditorStyle (66)
[2015.09.11-00.55.34:796][891]LogModuleManager: Shutting down and abandoning module SessionServices (65)
[2015.09.11-00.55.34:796][891]LogModuleManager: Shutting down and abandoning module SourceCodeAccess (64)
[2015.09.11-00.55.34:796][891]LogModuleManager: Shutting down and abandoning module HeadMountedDisplay (63)
[2015.09.11-00.55.34:796][891]LogModuleManager: Shutting down and abandoning module XAudio2 (62)
[2015.09.11-00.55.34:796][891]LogModuleManager: Shutting down and abandoning module Networking (60)
[2015.09.11-00.55.34:796][891]LogModuleManager: Shutting down and abandoning module Core (59)
[2015.09.11-00.55.34:796][891]LogModuleManager: Shutting down and abandoning module KismetCompiler (58)
[2015.09.11-00.55.34:796][891]LogModuleManager: Shutting down and abandoning module PhysXFormats (57)
[2015.09.11-00.55.34:796][891]LogModuleManager: Shutting down and abandoning module MeshUtilities (56)
[2015.09.11-00.55.34:796][891]LogModuleManager: Shutting down and abandoning module CookingStats (55)
[2015.09.11-00.55.34:797][891]LogModuleManager: Shutting down and abandoning module DerivedDataCache (54)
[2015.09.11-00.55.34:910][891]LogDerivedDataCache: Shutdown
[2015.09.11-00.55.34:910][891]LogModuleManager: Shutting down and abandoning module ShaderFormatOpenGL (53)
[2015.09.11-00.55.34:910][891]LogModuleManager: Shutting down and abandoning module ShaderFormatD3D (52)
[2015.09.11-00.55.34:910][891]LogModuleManager: Shutting down and abandoning module MetalShaderFormat (51)
[2015.09.11-00.55.34:910][891]LogModuleManager: Shutting down and abandoning module TextureFormatUncompressed (50)
[2015.09.11-00.55.34:910][891]LogModuleManager: Shutting down and abandoning module TextureFormatPVR (49)
[2015.09.11-00.55.34:910][891]LogModuleManager: Shutting down and abandoning module TextureFormatIntelISPCTexComp (48)
[2015.09.11-00.55.34:910][891]LogModuleManager: Shutting down and abandoning module TextureFormatDXT (47)
[2015.09.11-00.55.34:910][891]LogModuleManager: Shutting down and abandoning module ImageWrapper (46)
[2015.09.11-00.55.34:910][891]LogModuleManager: Shutting down and abandoning module TextureFormatASTC (45)
[2015.09.11-00.55.34:910][891]LogModuleManager: Shutting down and abandoning module TextureFormatAndroid (44)
[2015.09.11-00.55.34:910][891]LogModuleManager: Shutting down and abandoning module AudioFormatOpus (43)
[2015.09.11-00.55.34:910][891]LogModuleManager: Shutting down and abandoning module AudioFormatOgg (42)
[2015.09.11-00.55.34:910][891]LogModuleManager: Shutting down and abandoning module AudioFormatADPCM (41)
[2015.09.11-00.55.34:910][891]LogModuleManager: Shutting down and abandoning module LinuxTargetPlatform (40)
[2015.09.11-00.55.34:910][891]LogModuleManager: Shutting down and abandoning module LinuxServerTargetPlatform (39)
[2015.09.11-00.55.34:910][891]LogModuleManager: Shutting down and abandoning module LinuxNoEditorTargetPlatform (38)
[2015.09.11-00.55.34:910][891]LogModuleManager: Shutting down and abandoning module Messaging (37)
[2015.09.11-00.55.34:910][891]LogModuleManager: Shutting down and abandoning module IOSTargetPlatform (36)
[2015.09.11-00.55.34:910][891]LogModuleManager: Shutting down and abandoning module HTML5TargetPlatform (35)
[2015.09.11-00.55.34:910][891]LogModuleManager: Shutting down and abandoning module Android_PVRTCTargetPlatform (34)
[2015.09.11-00.55.34:910][891]LogModuleManager: Shutting down and abandoning module Android_ETC2TargetPlatform (33)
[2015.09.11-00.55.34:910][891]LogModuleManager: Shutting down and abandoning module Android_ETC1TargetPlatform (32)
[2015.09.11-00.55.34:910][891]LogModuleManager: Shutting down and abandoning module Android_DXTTargetPlatform (31)
[2015.09.11-00.55.34:910][891]LogModuleManager: Shutting down and abandoning module Android_ATCTargetPlatform (30)
[2015.09.11-00.55.34:910][891]LogModuleManager: Shutting down and abandoning module Android_ASTCTargetPlatform (29)
[2015.09.11-00.55.34:910][891]LogModuleManager: Shutting down and abandoning module AndroidTargetPlatform (28)
[2015.09.11-00.55.34:910][891]LogModuleManager: Shutting down and abandoning module WindowsTargetPlatform (27)
[2015.09.11-00.55.34:910][891]LogModuleManager: Shutting down and abandoning module WindowsServerTargetPlatform (26)
[2015.09.11-00.55.34:910][891]LogModuleManager: Shutting down and abandoning module WindowsNoEditorTargetPlatform (25)
[2015.09.11-00.55.34:910][891]LogModuleManager: Shutting down and abandoning module WindowsClientTargetPlatform (24)
[2015.09.11-00.55.34:910][891]LogModuleManager: Shutting down and abandoning module AllDesktopTargetPlatform (23)
[2015.09.11-00.55.34:910][891]LogModuleManager: Shutting down and abandoning module TargetPlatform (22)
[2015.09.11-00.55.34:910][891]LogModuleManager: Shutting down and abandoning module InputCore (21)
[2015.09.11-00.55.34:910][891]LogModuleManager: Shutting down and abandoning module Settings (20)
[2015.09.11-00.55.34:911][891]LogModuleManager: Shutting down and abandoning module OnlineSubsystem (18)
[2015.09.11-00.55.34:911][891]LogModuleManager: Shutting down and abandoning module HTTP (17)
[2015.09.11-00.55.36:911][891]LogModuleManager: Shutting down and abandoning module XMPP (16)
[2015.09.11-00.55.36:911][891]LogModuleManager: Shutting down and abandoning module ExampleDeviceProfileSelector (15)
[2015.09.11-00.55.36:911][891]LogModuleManager: Shutting down and abandoning module TextureCompressor (14)
[2015.09.11-00.55.36:911][891]LogModuleManager: Shutting down and abandoning module ShaderCore (13)
[2015.09.11-00.55.36:911][891]LogModuleManager: Shutting down and abandoning module Landscape (12)
[2015.09.11-00.55.36:911][891]LogModuleManager: Shutting down and abandoning module SlateRHIRenderer (11)
[2015.09.11-00.55.36:911][891]LogModuleManager: Shutting down and abandoning module OpenGLDrv (10)
[2015.09.11-00.55.36:911][891]LogModuleManager: Shutting down and abandoning module D3D11RHI (9)
[2015.09.11-00.55.36:911][891]LogModuleManager: Shutting down and abandoning module AnimGraphRuntime (8)
[2015.09.11-00.55.36:911][891]LogModuleManager: Shutting down and abandoning module Renderer (7)
[2015.09.11-00.55.36:911][891]LogModuleManager: Shutting down and abandoning module Engine (6)
[2015.09.11-00.55.36:911][891]LogModuleManager: Shutting down and abandoning module CoreUObject (5)
[2015.09.11-00.55.36:911][891]LogModuleManager: Shutting down and abandoning module NetworkFile (4)
[2015.09.11-00.55.36:911][891]LogModuleManager: Shutting down and abandoning module StreamingFile (3)
[2015.09.11-00.55.36:912][891]LogModuleManager: Shutting down and abandoning module SandboxFile (2)
[2015.09.11-00.55.36:912][891]LogModuleManager: Shutting down and abandoning module PakFile (1)
[2015.09.11-00.55.36:912][891]LogExit: Exiting.
[2015.09.11-00.55.36:913][891]Log file closed, 09/10/15 17:55:36
