[2015.10.05-16.08.10:593][  0]Log file open, 10/05/15 09:08:10
[2015.10.05-16.08.10:593][  0]LogInit:Display: Running engine for game: MyRTS_TropicoStyle
[2015.10.05-16.08.10:593][  0]LogInit:Display: RandInit(-1364882983) SRandInit(-1364882982).
[2015.10.05-16.08.10:593][  0]LogTaskGraph: Started task graph with 4 named threads and 5 total threads.
[2015.10.05-16.08.10:593][  0]LogStats: Stats thread started at 0.067098
[2015.10.05-16.08.10:593][  0]LogInit: Version: 4.9.2-2707645+++depot+UE4-Releases+4.9
[2015.10.05-16.08.10:593][  0]LogInit: API Version: 2672455
[2015.10.05-16.08.10:593][  0]LogInit: Compiled (64-bit): Sep 28 2015 10:25:44
[2015.10.05-16.08.10:593][  0]LogInit: Compiled with Visual C++: 18.00.21005.01
[2015.10.05-16.08.10:593][  0]LogInit: Build Configuration: Development
[2015.10.05-16.08.10:593][  0]LogInit: Branch Name: ++depot+UE4-Releases+4.9
[2015.10.05-16.08.10:593][  0]LogInit: Command line:  
[2015.10.05-16.08.10:593][  0]LogInit: Base directory: C:/Program Files/Epic Games/4.9/Engine/Binaries/Win64/
[2015.10.05-16.08.10:593][  0]LogInit: Rocket: 1
[2015.10.05-16.08.10:741][  0]LogInit: Using libcurl 7.41.0
[2015.10.05-16.08.10:741][  0]LogInit:  - built for x86_64-pc-win32
[2015.10.05-16.08.10:741][  0]LogInit:  - supports SSL with WinSSL
[2015.10.05-16.08.10:741][  0]LogInit:  - other features:
[2015.10.05-16.08.10:741][  0]LogInit:      CURL_VERSION_SSL
[2015.10.05-16.08.10:742][  0]LogInit:      CURL_VERSION_IPV6
[2015.10.05-16.08.10:742][  0]LogInit:      CURL_VERSION_ASYNCHDNS
[2015.10.05-16.08.10:742][  0]LogInit:      CURL_VERSION_LARGEFILE
[2015.10.05-16.08.10:742][  0]LogInit:      CURL_VERSION_IDN
[2015.10.05-16.08.10:742][  0]LogInit:  CurlRequestOptions (configurable via config and command line):
[2015.10.05-16.08.10:742][  0]LogInit:  - bVerifyPeer = true  - Libcurl will verify peer certificate
[2015.10.05-16.08.10:742][  0]LogInit:  - bUseHttpProxy = false  - Libcurl will NOT use HTTP proxy
[2015.10.05-16.08.10:742][  0]LogInit:  - bDontReuseConnections = false  - Libcurl will reuse connections
[2015.10.05-16.08.10:742][  0]LogInit:  - CertBundlePath = nullptr  - Libcurl will use whatever was configured at build time.
[2015.10.05-16.08.10:759][  0]LogInit: Presizing for 0 objects not considered by GC, pre-allocating 0 bytes.
[2015.10.05-16.08.10:773][  0]LogInit: Object subsystem initialized
[2015.10.05-16.08.10:775][  0]LogInit: Selected Device Profile: [Windows]
[2015.10.05-16.08.10:775][  0]LogInit: Applying CVar settings loaded from the selected device profile: [Windows]
[2015.10.05-16.08.10:807][  0]LogInit: Computer: LIVINGROOM-PC
[2015.10.05-16.08.10:807][  0]LogInit: User: Jesse
[2015.10.05-16.08.10:807][  0]LogInit: CPU Page size=4096, Cores=2
[2015.10.05-16.08.10:807][  0]LogInit: High frequency timer resolution =3.215366 MHz
[2015.10.05-16.08.10:807][  0]LogMemory: Memory total: Physical=13.9GB (14GB approx)
[2015.10.05-16.08.10:807][  0]LogMemory: Platform Memory Stats for Windows
[2015.10.05-16.08.10:807][  0]LogMemory: Process Physical Memory: 53.57 MB used, 53.57 MB peak
[2015.10.05-16.08.10:807][  0]LogMemory: Process Virtual Memory: 55.48 MB used, 55.48 MB peak
[2015.10.05-16.08.10:807][  0]LogMemory: Physical Memory: 2852.77 MB used, 14272.97 MB total
[2015.10.05-16.08.10:807][  0]LogMemory: Virtual Memory: 353.14 MB used, 134217728.00 MB total
[2015.10.05-16.08.10:862][  0]LogTextLocalizationManager: No specific translations for ('en-US') exist, so ('en') translations will be used.
[2015.10.05-16.08.12:195][  0]LogD3D11RHI: Found D3D11 adapter 0: NVIDIA GeForce GTX 660   (Feature Level 11_0)
[2015.10.05-16.08.12:195][  0]LogD3D11RHI: Adapter has 1984MB of dedicated video memory, 0MB of dedicated system memory, and 2048MB of shared system memory, 2 output[s]
[2015.10.05-16.08.12:196][  0]LogD3D11RHI: Found D3D11 adapter 1: Microsoft Basic Render Driver (Feature Level 11_0)
[2015.10.05-16.08.12:196][  0]LogD3D11RHI: Adapter has 0MB of dedicated video memory, 0MB of dedicated system memory, and 256MB of shared system memory, 0 output[s]
[2015.10.05-16.08.12:196][  0]LogD3D11RHI: Chosen D3D11 Adapter Id = 0
[2015.10.05-16.08.12:200][  0]LogD3D11RHI: !Direct3DDevice
[2015.10.05-16.08.12:200][  0]LogRHI: Texture pool is 1361 MB (70% of 1945 MB)
[2015.10.05-16.08.12:214][  0]LogD3D11RHI: Async texture creation enabled
[2015.10.05-16.08.12:230][  0]LogShaderCompilers: Guid format shader working directory is 15 characters bigger than the processId version (../../../../../../Users/Jesse/Desktop/Unreal/MyRTS_TropicoStyle 4.9/Intermediate/Shaders/WorkingDirectory/7144/).
[2015.10.05-16.08.12:231][  0]LogShaderCompilers: Cleaned the shader compiler working directory '../../../../../../Users/Jesse/Desktop/Unreal/MyRTS_TropicoStyle 4.9/Intermediate/Shaders/tmp/9ABBFC7847126BDED95E4087302D6D8B/'.
[2015.10.05-16.08.12:231][  0]LogShaderCompilers:Display: Using Local Shader Compiler.
[2015.10.05-16.08.14:038][  0]LogTemp:Display: Loaded TP AllDesktopTargetPlatform
[2015.10.05-16.08.14:047][  0]LogTemp:Display: Loaded TP WindowsClientTargetPlatform
[2015.10.05-16.08.14:057][  0]LogTemp:Display: Loaded TP WindowsNoEditorTargetPlatform
[2015.10.05-16.08.14:064][  0]LogTemp:Display: Loaded TP WindowsServerTargetPlatform
[2015.10.05-16.08.14:071][  0]LogTemp:Display: Loaded TP WindowsTargetPlatform
[2015.10.05-16.08.14:076][  0]LogTemp:Display: Loaded TP AndroidTargetPlatform
[2015.10.05-16.08.14:081][  0]LogTemp:Display: Loaded TP Android_ASTCTargetPlatform
[2015.10.05-16.08.14:087][  0]LogTemp:Display: Loaded TP Android_ATCTargetPlatform
[2015.10.05-16.08.14:091][  0]LogTemp:Display: Loaded TP Android_DXTTargetPlatform
[2015.10.05-16.08.14:096][  0]LogTemp:Display: Loaded TP Android_ETC1TargetPlatform
[2015.10.05-16.08.14:102][  0]LogTemp:Display: Loaded TP Android_ETC2TargetPlatform
[2015.10.05-16.08.14:107][  0]LogTemp:Display: Loaded TP Android_PVRTCTargetPlatform
[2015.10.05-16.08.14:108][  0]LogTemp:Display: Loaded TP HTML5TargetPlatform
[2015.10.05-16.08.14:128][  0]LogTemp:Display: Loaded TP IOSTargetPlatform
[2015.10.05-16.08.14:133][  0]LogTemp:Display: Loaded TP LinuxNoEditorTargetPlatform
[2015.10.05-16.08.14:138][  0]LogTemp:Display: Loaded TP LinuxServerTargetPlatform
[2015.10.05-16.08.14:143][  0]LogTemp:Display: Loaded TP LinuxTargetPlatform
[2015.10.05-16.08.14:143][  0]LogTargetPlatformManager:Display: Building Assets For Windows
[2015.10.05-16.08.14:246][  0]LogDerivedDataCache:Display: Max Cache Size: 512 MB
[2015.10.05-16.08.14:292][  0]LogDerivedDataCache: Loaded boot cache 0.05s 41MB C:/Users/Jesse/AppData/Local/UnrealEngine/4.9/DerivedDataCache/Boot.ddc.
[2015.10.05-16.08.14:292][  0]LogDerivedDataCache:Display: Loaded Boot cache: C:/Users/Jesse/AppData/Local/UnrealEngine/4.9/DerivedDataCache/Boot.ddc
[2015.10.05-16.08.14:292][  0]LogDerivedDataCache: FDerivedDataBackendGraph:  Pak pak cache file ../../../../../../Users/Jesse/Desktop/Unreal/MyRTS_TropicoStyle 4.9/DerivedDataCache/DDC.ddp not found, will not use a pak cache.
[2015.10.05-16.08.14:292][  0]LogDerivedDataCache: Unable to find inner node Pak for hierarchical cache Hierarchy.
[2015.10.05-16.08.14:292][  0]LogDerivedDataCache: FDerivedDataBackendGraph:  CompressedPak pak cache file ../../../../../../Users/Jesse/Desktop/Unreal/MyRTS_TropicoStyle 4.9/DerivedDataCache/Compressed.ddp not found, will not use a pak cache.
[2015.10.05-16.08.14:292][  0]LogDerivedDataCache: Unable to find inner node CompressedPak for hierarchical cache Hierarchy.
[2015.10.05-16.08.14:581][  0]LogDerivedDataCache:Display: Pak cache opened for reading ../../../Engine/DerivedDataCache/Compressed.ddp.
[2015.10.05-16.08.14:594][  0]LogDerivedDataCache: Using Local data cache path C:/Users/Jesse/AppData/Local/UnrealEngine/Common/DerivedDataCache: Writable
[2015.10.05-16.08.14:830][  0]LogInit: Selected Device Profile: [Windows]
[2015.10.05-16.08.14:834][  0]LogContentStreaming: Texture pool size is 0.000000MB
[2015.10.05-16.08.15:021][  0]LogMeshUtilities: No automatic mesh reduction module available
[2015.10.05-16.08.15:021][  0]LogMeshUtilities: No automatic mesh merging module available
[2015.10.05-16.08.15:313][  0]LogInit: WinSock: version 1.1 (2.2), MaxSocks=32767, MaxUdp=65467
[2015.10.05-16.08.16:168][  0]UdpMessaging: Initializing bridge on interface 0.0.0.0:0 to multicast group 230.0.0.1:6666.
[2015.10.05-16.08.16:280][  0]LogAssetRegistry: FAssetRegistry took 0.0112 seconds to start up
[2015.10.05-16.08.16:504][  0]SourceControl: Info Source control is disabled
[2015.10.05-16.08.16:530][  0]SourceControl: Info Source control is disabled
[2015.10.05-16.08.16:549][  0]SourceControl: Info Source control is disabled
[2015.10.05-16.08.16:569][  0]SourceControl: Info Source control is disabled
[2015.10.05-16.08.16:813][  0]LogLinker:Warning: Asset '../../../Engine/Plugins/Runtime/LeapMotionController/Content/LM_PassthroughMaterial.uasset' has been saved with empty engine version. The asset will be loaded but may be incompatible.
[2015.10.05-16.08.16:917][  0]LogObj: 28380 objects as part of root set at end of initial load.
[2015.10.05-16.08.16:917][  0]LogUObjectAllocator: 6044392 out of 0 bytes used by permanent object pool.
[2015.10.05-16.08.16:984][  0]LogEngine: Initializing Engine...
[2015.10.05-16.08.16:988][  0]LogHMD: Can't find Oculus library dev build: is proper Runtime installed? Version: 0.7.0.0
[2015.10.05-16.08.16:989][  0]LogHMD: SteamVR failed to initialize.  Err: 110
[2015.10.05-16.08.17:136][  0]LogAIModule: Creating AISystem for world NewWorld
[2015.10.05-16.08.17:150][  0]LogInit: XAudio2 using 'Speakers (Realtek High Definition Audio)' : 2 channels at 48 kHz using 32 bits per sample (channel mask 0x3)
[2015.10.05-16.08.17:165][  0]LogInit: FAudioDevice initialized.
[2015.10.05-16.08.17:188][  0]LogDerivedDataCache: Saved boot cache 0.02s 41MB C:/Users/Jesse/AppData/Local/UnrealEngine/4.9/DerivedDataCache/Boot.ddc.
[2015.10.05-16.08.17:191][  0]LogInit: Texture streaming: Enabled
[2015.10.05-16.08.17:201][  0]LogAnalytics: Creating configured Analytics provider AnalyticsET
[2015.10.05-16.08.17:201][  0]LogAnalytics: [UEEditor.Rocket.Release] APIServer = http://et2.epicgames.com/ET2/. AppVersion = 4.9.2-2707645+++depot+UE4-Releases+4.9
[2015.10.05-16.08.17:201][  0]LogAnalytics: [UEEditor.Rocket.Release] SetUserId bde184f9425f135229c5dbbb428340e3|3b8075bc1ed94341b886f5e4c6e1b23d|8e16a760-2030-4f56-a98c-f31bd1df95e0
[2015.10.05-16.08.17:201][  0]LogAnalytics: [UEEditor.Rocket.Release] AnalyticsET::StartSession
[2015.10.05-16.08.17:236][  0]LogInit: Transaction tracking system initialized
[2015.10.05-16.08.17:289][  0]BlueprintLog: New page: Editor Load
[2015.10.05-16.08.17:433][  0]LocalizationService: Info Localization service is disabled
[2015.10.05-16.08.17:585][  0]LogConsoleResponse:Display: 
[2015.10.05-16.08.17:755][  0]LogCook:Display: Done creating registry. It took  0.00s.
[2015.10.05-16.08.17:856][  0]SourceControl: Info Source control is disabled
[2015.10.05-16.08.17:856][  0]Cmd: MAP LOAD FILE="../../../../../../Users/Jesse/Desktop/Unreal/MyRTS_TropicoStyle 4.9/Content/TopDownBP/Maps/TopDownExampleMap.umap" TEMPLATE=0 SHOWPROGRESS=1 FEATURELEVEL=3
[2015.10.05-16.08.17:882][  0]LightingResults: New page: Lighting Build
[2015.10.05-16.08.17:886][  0]MapCheck: New page: Map Check
[2015.10.05-16.08.17:886][  0]LightingResults: New page: Lighting Build
[2015.10.05-16.08.17:911][  0]LogParticles: Destroying 0 GPU particle simulations for FXSystem 0x000000D46EFCD620
[2015.10.05-16.08.23:918][  0]LogLinker:Warning: CreateExport: Failed to load Parent for Function /Game/TopDownBP/Blueprints/Buildings/Residential/Shack_BP.Shack_BP_C:UserConstructionScript; removing parent information, but keeping function
[2015.10.05-16.08.33:367][  0]LogAIModule: Creating AISystem for world TopDownExampleMap
[2015.10.05-16.08.35:460][  0]LogEditorServer: Finished looking for orphan Actors (0.000 secs)
[2015.10.05-16.08.35:496][  0]Cmd: MAP CHECKDEP NOCLEARLOG
[2015.10.05-16.08.35:659][  0]MapCheck: Info Map check complete: 0 Error(s), 0 Warning(s), took 162.446ms to complete.
[2015.10.05-16.08.35:659][  0]LogFileHelpers: Loading map 'TopDownExampleMap' took 17.804
[2015.10.05-16.08.35:803][  0]LogCollectionManager: Loaded 0 collections in 0.002487 seconds
[2015.10.05-16.08.35:848][  0]LogFileCache: Scanning file cache for directory 'C:/Users/Jesse/Desktop/Unreal/MyRTS_TropicoStyle 4.9/Saved/Collections/' took 0.01s
[2015.10.05-16.08.35:848][  0]LogFileCache: Scanning file cache for directory 'C:/Users/Jesse/Desktop/Unreal/MyRTS_TropicoStyle 4.9/Content/Developers/Jesse/Collections/' took 0.01s
[2015.10.05-16.08.35:849][  0]LogFileCache: Scanning file cache for directory 'C:/Users/Jesse/Desktop/Unreal/MyRTS_TropicoStyle 4.9/Content/Collections/' took 0.01s
[2015.10.05-16.08.35:849][  0]LogContentBrowser: Native class hierarchy populated in 0.0091 seconds. Added 1874 classes and 335 folders.
[2015.10.05-16.08.35:857][  0]LogCollectionManager: Rebuilt the GUID cache for 0 collections in 0.000003 seconds
[2015.10.05-16.08.35:864][  0]LogContentBrowser: Native class hierarchy updated for 'WidgetCarousel' in 0.0004 seconds. Added 0 classes and 0 folders.
[2015.10.05-16.08.35:922][  0]LogContentBrowser: Native class hierarchy updated for 'AddContentDialog' in 0.0005 seconds. Added 0 classes and 0 folders.
[2015.10.05-16.08.35:936][  0]LogContentBrowser: Native class hierarchy updated for 'SceneOutliner' in 0.0006 seconds. Added 1 classes and 2 folders.
[2015.10.05-16.08.35:995][  0]LogCrashTracker: Crashtracker disabled due to settings.
[2015.10.05-16.08.36:002][  0]LogUObjectGlobals:Warning: Failed to find object 'Class None.'
[2015.10.05-16.08.36:024][  0]LogLoad: Full Startup: 26.66 seconds (BP compile: 2.98 seconds)
[2015.10.05-16.08.36:163][  0]LogContentStreaming: Texture pool size now 1000 MB
[2015.10.05-16.08.36:267][  1]Cmd: UpdateLandscapeEditorData -warnings
[2015.10.05-16.08.36:297][  1]LogRenderer: Reallocating scene render targets to support 788x420 (Frame:2).
[2015.10.05-16.08.37:201][ 10]LogLinker:Warning: Asset '../../../Engine/Content/ArtTools/RenderToTexture/Macros/RenderToTextureMacros.uasset' has been saved with empty engine version. The asset will be loaded but may be incompatible.
[2015.10.05-16.08.38:237][ 10]LogContentBrowser: Native class hierarchy updated for 'BlueprintGraph' in 0.0008 seconds. Added 107 classes and 0 folders.
[2015.10.05-16.08.43:433][ 10]LogScript:Warning: Accessed None 'Camera_Pawn'
	CameraPawnController_C /Engine/Transient.World_11:PersistentLevel.CameraPawnController_C_0
	Function /Game/TopDownBP/Blueprints/CameraPawnController.CameraPawnController_C:ExecuteUbergraph_CameraPawnController:1217
[2015.10.05-16.08.43:434][ 10]LogScript:Warning: Accessed None 'Camera_Pawn'
	CameraPawnController_C /Engine/Transient.World_11:PersistentLevel.CameraPawnController_C_0
	Function /Game/TopDownBP/Blueprints/CameraPawnController.CameraPawnController_C:MovementSpeedCalculation:0028
[2015.10.05-16.08.43:434][ 10]LogScript:Warning: Accessed None
	CameraPawnController_C /Engine/Transient.World_11:PersistentLevel.CameraPawnController_C_0
	Function /Game/TopDownBP/Blueprints/CameraPawnController.CameraPawnController_C:MovementSpeedCalculation:003D
[2015.10.05-16.08.43:434][ 10]LogScript:Warning: Accessed None 'Camera_Pawn'
	CameraPawnController_C /Engine/Transient.World_11:PersistentLevel.CameraPawnController_C_0
	Function /Game/TopDownBP/Blueprints/CameraPawnController.CameraPawnController_C:ExecuteUbergraph_CameraPawnController:146B
[2015.10.05-16.08.43:434][ 10]LogScript:Warning: Accessed None 'Camera_Pawn'
	CameraPawnController_C /Engine/Transient.World_11:PersistentLevel.CameraPawnController_C_0
	Function /Game/TopDownBP/Blueprints/CameraPawnController.CameraPawnController_C:ExecuteUbergraph_CameraPawnController:0ADA
[2015.10.05-16.08.43:434][ 10]LogScript:Warning: Accessed None 'Camera_Pawn'
	CameraPawnController_C /Engine/Transient.World_11:PersistentLevel.CameraPawnController_C_0
	Function /Game/TopDownBP/Blueprints/CameraPawnController.CameraPawnController_C:MovementSpeedCalculation:0028
[2015.10.05-16.08.43:434][ 10]LogScript:Warning: Accessed None
	CameraPawnController_C /Engine/Transient.World_11:PersistentLevel.CameraPawnController_C_0
	Function /Game/TopDownBP/Blueprints/CameraPawnController.CameraPawnController_C:MovementSpeedCalculation:003D
[2015.10.05-16.08.43:435][ 10]LogScript:Warning: Accessed None 'Camera_Pawn'
	CameraPawnController_C /Engine/Transient.World_11:PersistentLevel.CameraPawnController_C_0
	Function /Game/TopDownBP/Blueprints/CameraPawnController.CameraPawnController_C:ExecuteUbergraph_CameraPawnController:0C68
[2015.10.05-16.08.43:435][ 10]LogScript:Warning: Accessed None 'Camera_Pawn'
	CameraPawnController_C /Engine/Transient.World_11:PersistentLevel.CameraPawnController_C_0
	Function /Game/TopDownBP/Blueprints/CameraPawnController.CameraPawnController_C:ExecuteUbergraph_CameraPawnController:1BBB
[2015.10.05-16.08.43:435][ 10]LogScript:Warning: Accessed None 'Camera_Pawn'
	CameraPawnController_C /Engine/Transient.World_11:PersistentLevel.CameraPawnController_C_0
	Function /Game/TopDownBP/Blueprints/CameraPawnController.CameraPawnController_C:ExecuteUbergraph_CameraPawnController:1BBB
[2015.10.05-16.08.43:833][ 11]LogScript:Warning: Accessed None 'Camera_Pawn'
	CameraPawnController_C /Engine/Transient.World_11:PersistentLevel.CameraPawnController_C_0
	Function /Game/TopDownBP/Blueprints/CameraPawnController.CameraPawnController_C:ExecuteUbergraph_CameraPawnController:1217
[2015.10.05-16.08.43:833][ 11]LogScript:Warning: Accessed None 'Camera_Pawn'
	CameraPawnController_C /Engine/Transient.World_11:PersistentLevel.CameraPawnController_C_0
	Function /Game/TopDownBP/Blueprints/CameraPawnController.CameraPawnController_C:MovementSpeedCalculation:0028
[2015.10.05-16.08.43:833][ 11]LogScript:Warning: Accessed None
	CameraPawnController_C /Engine/Transient.World_11:PersistentLevel.CameraPawnController_C_0
	Function /Game/TopDownBP/Blueprints/CameraPawnController.CameraPawnController_C:MovementSpeedCalculation:003D
[2015.10.05-16.08.43:833][ 11]LogScript:Warning: Accessed None 'Camera_Pawn'
	CameraPawnController_C /Engine/Transient.World_11:PersistentLevel.CameraPawnController_C_0
	Function /Game/TopDownBP/Blueprints/CameraPawnController.CameraPawnController_C:ExecuteUbergraph_CameraPawnController:146B
[2015.10.05-16.08.43:833][ 11]LogScript:Warning: Accessed None 'Camera_Pawn'
	CameraPawnController_C /Engine/Transient.World_11:PersistentLevel.CameraPawnController_C_0
	Function /Game/TopDownBP/Blueprints/CameraPawnController.CameraPawnController_C:ExecuteUbergraph_CameraPawnController:0ADA
[2015.10.05-16.08.43:833][ 11]LogScript:Warning: Accessed None 'Camera_Pawn'
	CameraPawnController_C /Engine/Transient.World_11:PersistentLevel.CameraPawnController_C_0
	Function /Game/TopDownBP/Blueprints/CameraPawnController.CameraPawnController_C:MovementSpeedCalculation:0028
[2015.10.05-16.08.43:833][ 11]LogScript:Warning: Accessed None
	CameraPawnController_C /Engine/Transient.World_11:PersistentLevel.CameraPawnController_C_0
	Function /Game/TopDownBP/Blueprints/CameraPawnController.CameraPawnController_C:MovementSpeedCalculation:003D
[2015.10.05-16.08.44:369][ 26]LogAssetRegistry: Asset discovery search completed in 28.1011 seconds
[2015.10.05-16.08.44:369][ 26]LogCollectionManager: Rebuilt the object cache for 0 collections in 0.000001 seconds (found 0 objects)
[2015.10.05-16.08.44:369][ 26]LogCollectionManager: Fixed up redirectors for 0 collections in 0.000043 seconds (updated 0 objects)
[2015.10.05-16.08.58:394][263]LogRenderer: Reallocating scene render targets to support 1004x484 (Frame:23).
[2015.10.05-16.09.01:358][580]LogActorComponent: UnregisterComponent: (/Engine/Transient.EditorFloorComp) Not registered. Aborting.
[2015.10.05-16.09.03:777][840]LogActorComponent: UnregisterComponent: (/Engine/Transient.EditorFloorComp) Not registered. Aborting.
[2015.10.05-16.09.07:615][274]LogActorComponent: UnregisterComponent: (/Engine/Transient.EditorFloorComp) Not registered. Aborting.
[2015.10.05-16.13.44:741][352]LogRenderer: Reallocating scene render targets to support 1080x600 (Frame:3847).
[2015.10.05-16.15.51:220][562]LogRenderer: Reallocating scene render targets to support 1160x784 (Frame:7818).
[2015.10.05-16.16.06:381][229]LogMaterial: Missing cached shader map for material M_UE4Man_Body, compiling. 
[2015.10.05-16.16.07:133][229]LogMaterial: Missing cached shader map for material M_UE4Man_Body, compiling. 
[2015.10.05-16.16.07:190][229]LogMaterial: 0.000127 seconds spent updating 1 materials, 1 interfaces, 0 instances, 0 with static permutations.
[2015.10.05-16.16.07:242][229]LogMaterial: Missing cached shader map for material FMatExpressionPreview MaterialExpressionTextureSample_4, compiling. 
[2015.10.05-16.16.07:246][229]LogMaterial: Missing cached shader map for material FMatExpressionPreview MaterialExpressionVectorParameter_3, compiling. 
[2015.10.05-16.16.07:249][229]LogMaterial: Missing cached shader map for material FMatExpressionPreview MaterialExpressionTextureSampleParameter2D_0, compiling. 
[2015.10.05-16.16.07:253][229]LogMaterial: Missing cached shader map for material FMatExpressionPreview MaterialExpressionTextureSampleParameter2D_1, compiling. 
[2015.10.05-16.16.40:985][600]MaterialEditorStats: Info Base pass shader with only dynamic lighting: 79 instructions
[2015.10.05-16.16.40:985][600]MaterialEditorStats: Info Vertex shader: 33 instructions
[2015.10.05-16.16.40:985][600]MaterialEditorStats: Info Texture samplers: 4/16
[2015.10.05-16.29.01:563][481]LogBlueprintUserMessages: CustomizeDetails for Blueprint 'NewAICharacter_BP', cached variable property's owner is '/Game/TopDownBP/Blueprints/AI/NewAICharacter_BP.SKEL_NewAICharacter_BP_C'
[2015.10.05-16.30.29:875][540]LogBlueprintUserMessages: CustomizeDetails for Blueprint 'NewAICharacter_BP', cached variable property's owner is '/Game/TopDownBP/Blueprints/AI/NewAICharacter_BP.SKEL_NewAICharacter_BP_C'
[2015.10.05-16.57.18:382][ 83]LogScript:Warning: Accessed None 'Camera_Pawn'
	CameraPawnController_C /Engine/Transient.World_24:PersistentLevel.CameraPawnController_C_1
	Function /Game/TopDownBP/Blueprints/CameraPawnController.CameraPawnController_C:ExecuteUbergraph_CameraPawnController:1217
[2015.10.05-16.57.18:382][ 83]LogScript:Warning: Accessed None 'Camera_Pawn'
	CameraPawnController_C /Engine/Transient.World_24:PersistentLevel.CameraPawnController_C_1
	Function /Game/TopDownBP/Blueprints/CameraPawnController.CameraPawnController_C:MovementSpeedCalculation:0028
[2015.10.05-16.57.18:382][ 83]LogScript:Warning: Accessed None
	CameraPawnController_C /Engine/Transient.World_24:PersistentLevel.CameraPawnController_C_1
	Function /Game/TopDownBP/Blueprints/CameraPawnController.CameraPawnController_C:MovementSpeedCalculation:003D
[2015.10.05-16.57.18:382][ 83]LogScript:Warning: Accessed None 'Camera_Pawn'
	CameraPawnController_C /Engine/Transient.World_24:PersistentLevel.CameraPawnController_C_1
	Function /Game/TopDownBP/Blueprints/CameraPawnController.CameraPawnController_C:ExecuteUbergraph_CameraPawnController:146B
[2015.10.05-16.57.18:382][ 83]LogScript:Warning: Accessed None 'Camera_Pawn'
	CameraPawnController_C /Engine/Transient.World_24:PersistentLevel.CameraPawnController_C_1
	Function /Game/TopDownBP/Blueprints/CameraPawnController.CameraPawnController_C:ExecuteUbergraph_CameraPawnController:0ADA
[2015.10.05-16.57.18:382][ 83]LogScript:Warning: Accessed None 'Camera_Pawn'
	CameraPawnController_C /Engine/Transient.World_24:PersistentLevel.CameraPawnController_C_1
	Function /Game/TopDownBP/Blueprints/CameraPawnController.CameraPawnController_C:MovementSpeedCalculation:0028
[2015.10.05-16.57.18:383][ 83]LogScript:Warning: Accessed None
	CameraPawnController_C /Engine/Transient.World_24:PersistentLevel.CameraPawnController_C_1
	Function /Game/TopDownBP/Blueprints/CameraPawnController.CameraPawnController_C:MovementSpeedCalculation:003D
[2015.10.05-16.57.18:383][ 83]LogScript:Warning: Accessed None 'Camera_Pawn'
	CameraPawnController_C /Engine/Transient.World_24:PersistentLevel.CameraPawnController_C_1
	Function /Game/TopDownBP/Blueprints/CameraPawnController.CameraPawnController_C:ExecuteUbergraph_CameraPawnController:0C68
[2015.10.05-16.57.18:383][ 83]LogScript:Warning: Accessed None 'Camera_Pawn'
	CameraPawnController_C /Engine/Transient.World_24:PersistentLevel.CameraPawnController_C_1
	Function /Game/TopDownBP/Blueprints/CameraPawnController.CameraPawnController_C:ExecuteUbergraph_CameraPawnController:1BBB
[2015.10.05-16.57.18:383][ 83]LogScript:Warning: Accessed None 'Camera_Pawn'
	CameraPawnController_C /Engine/Transient.World_24:PersistentLevel.CameraPawnController_C_1
	Function /Game/TopDownBP/Blueprints/CameraPawnController.CameraPawnController_C:ExecuteUbergraph_CameraPawnController:1BBB
[2015.10.05-16.57.18:629][ 84]LogScript:Warning: Accessed None 'Camera_Pawn'
	CameraPawnController_C /Engine/Transient.World_24:PersistentLevel.CameraPawnController_C_1
	Function /Game/TopDownBP/Blueprints/CameraPawnController.CameraPawnController_C:ExecuteUbergraph_CameraPawnController:1217
[2015.10.05-16.57.18:629][ 84]LogScript:Warning: Accessed None 'Camera_Pawn'
	CameraPawnController_C /Engine/Transient.World_24:PersistentLevel.CameraPawnController_C_1
	Function /Game/TopDownBP/Blueprints/CameraPawnController.CameraPawnController_C:MovementSpeedCalculation:0028
[2015.10.05-16.57.18:629][ 84]LogScript:Warning: Accessed None
	CameraPawnController_C /Engine/Transient.World_24:PersistentLevel.CameraPawnController_C_1
	Function /Game/TopDownBP/Blueprints/CameraPawnController.CameraPawnController_C:MovementSpeedCalculation:003D
[2015.10.05-16.57.18:629][ 84]LogScript:Warning: Accessed None 'Camera_Pawn'
	CameraPawnController_C /Engine/Transient.World_24:PersistentLevel.CameraPawnController_C_1
	Function /Game/TopDownBP/Blueprints/CameraPawnController.CameraPawnController_C:ExecuteUbergraph_CameraPawnController:146B
[2015.10.05-16.57.18:630][ 84]LogScript:Warning: Accessed None 'Camera_Pawn'
	CameraPawnController_C /Engine/Transient.World_24:PersistentLevel.CameraPawnController_C_1
	Function /Game/TopDownBP/Blueprints/CameraPawnController.CameraPawnController_C:ExecuteUbergraph_CameraPawnController:0ADA
[2015.10.05-16.57.18:630][ 84]LogScript:Warning: Accessed None 'Camera_Pawn'
	CameraPawnController_C /Engine/Transient.World_24:PersistentLevel.CameraPawnController_C_1
	Function /Game/TopDownBP/Blueprints/CameraPawnController.CameraPawnController_C:MovementSpeedCalculation:0028
[2015.10.05-16.57.18:630][ 84]LogScript:Warning: Accessed None
	CameraPawnController_C /Engine/Transient.World_24:PersistentLevel.CameraPawnController_C_1
	Function /Game/TopDownBP/Blueprints/CameraPawnController.CameraPawnController_C:MovementSpeedCalculation:003D
[2015.10.05-17.15.01:587][211]LogActorComponent: UnregisterComponent: (/Engine/Transient.CharMoveComp) Not registered. Aborting.
[2015.10.05-17.15.01:587][211]LogActorComponent: UnregisterComponent: (/Engine/Transient.CharacterMovementComponent_0) Not registered. Aborting.
[2015.10.05-17.15.01:754][211]LogParticles: Destroying 0 GPU particle simulations for FXSystem 0x000000D4113F6D40
[2015.10.05-17.15.01:756][211]LogParticles: Destroying 0 GPU particle simulations for FXSystem 0x000000D43196E200
[2015.10.05-17.15.01:758][211]LogParticles: Destroying 0 GPU particle simulations for FXSystem 0x000000D41F8F5EE0
[2015.10.05-17.15.01:760][211]LogParticles: Destroying 0 GPU particle simulations for FXSystem 0x000000D43B0EB920
[2015.10.05-17.15.01:762][211]LogParticles: Destroying 0 GPU particle simulations for FXSystem 0x000000D43B567C40
[2015.10.05-17.15.01:763][211]LogParticles: Destroying 0 GPU particle simulations for FXSystem 0x000000D4442ADEE0
[2015.10.05-17.15.01:765][211]LogParticles: Destroying 0 GPU particle simulations for FXSystem 0x000000D4442AD9E0
[2015.10.05-17.15.01:767][211]LogParticles: Destroying 0 GPU particle simulations for FXSystem 0x000000D44C6FC360
[2015.10.05-17.15.01:769][211]LogParticles: Destroying 0 GPU particle simulations for FXSystem 0x000000D48057B880
[2015.10.05-17.15.01:770][211]LogParticles: Destroying 0 GPU particle simulations for FXSystem 0x000000D48057BBA0
[2015.10.05-17.15.01:772][211]LogParticles: Destroying 0 GPU particle simulations for FXSystem 0x000000D488BB7B00
[2015.10.05-17.15.01:774][211]LogParticles: Destroying 0 GPU particle simulations for FXSystem 0x000000D488BB7F60
[2015.10.05-17.15.01:776][211]LogParticles: Destroying 0 GPU particle simulations for FXSystem 0x000000D406BF7EC0
[2015.10.05-17.15.01:780][211]LogParticles: Destroying 0 GPU particle simulations for FXSystem 0x000000D49127D800
[2015.10.05-17.15.02:182][211]LogParticles: Destroying 0 GPU particle simulations for FXSystem 0x000000D431507EC0
[2015.10.05-17.15.02:182][211]LogParticles: Destroying 0 GPU particle simulations for FXSystem 0x000000D49565CE00
[2015.10.05-17.15.02:182][211]LogActorComponent: UnregisterComponent: (/Engine/Transient.EditorFloorComp) Not registered. Aborting.
[2015.10.05-17.15.02:269][211]LogActorComponent: UnregisterComponent: (/Engine/Transient.EditorFloorComp) Not registered. Aborting.
[2015.10.05-17.15.02:394][211]LogWindowsTextInputMethodSystem:Display: IME system now deactivated.
[2015.10.05-17.15.02:836][212]Cmd: QUIT_EDITOR
[2015.10.05-17.15.03:474][212]LogExit: Preparing to exit.
[2015.10.05-17.15.04:330][212]LogExit: Editor shut down
[2015.10.05-17.15.04:330][212]LogExit: Transaction tracking system shut down
[2015.10.05-17.15.04:390][212]LogParticles: Destroying 0 GPU particle simulations for FXSystem 0x000000D47AEA9800
[2015.10.05-17.15.04:392][212]LogParticles: Destroying 0 GPU particle simulations for FXSystem 0x000000D406BB1580
[2015.10.05-17.15.04:392][212]LogParticles: Destroying 0 GPU particle simulations for FXSystem 0x000000D407F5A840
[2015.10.05-17.15.04:392][212]LogParticles: Destroying 0 GPU particle simulations for FXSystem 0x000000D40FA82700
[2015.10.05-17.15.04:393][212]LogParticles: Destroying 0 GPU particle simulations for FXSystem 0x000000D4104E31A0
[2015.10.05-17.15.04:398][212]LogParticles: Destroying 0 GPU particle simulations for FXSystem 0x000000D430FCE520
[2015.10.05-17.15.04:399][212]LogParticles: Destroying 0 GPU particle simulations for FXSystem 0x000000D49EBB2E80
[2015.10.05-17.15.04:400][212]LogParticles: Destroying 0 GPU particle simulations for FXSystem 0x000000D43A551800
[2015.10.05-17.15.04:400][212]LogParticles: Destroying 0 GPU particle simulations for FXSystem 0x000000D490FCC4A0
[2015.10.05-17.15.04:402][212]LogParticles: Destroying 0 GPU particle simulations for FXSystem 0x000000D43AEA5B20
[2015.10.05-17.15.04:402][212]LogParticles: Destroying 0 GPU particle simulations for FXSystem 0x000000D4439B2F20
[2015.10.05-17.15.05:824][212]LogExit: Object subsystem successfully closed.
[2015.10.05-17.15.06:056][212]LogD3D11RHI: Shutdown
[2015.10.05-17.15.06:056][212]LogD3D11RHI: CleanupD3DDevice
[2015.10.05-17.15.06:213][212]LogD3D11RHI: ~FD3D11DynamicRHI
[2015.10.05-17.15.06:711][212]LogModuleManager: Shutting down and abandoning module MaterialEditor (200)
[2015.10.05-17.15.06:711][212]LogModuleManager: Shutting down and abandoning module BlueprintGraph (199)
[2015.10.05-17.15.06:711][212]LogModuleManager: Shutting down and abandoning module CrashTracker (198)
[2015.10.05-17.15.06:711][212]LogModuleManager: Shutting down and abandoning module SceneOutliner (197)
[2015.10.05-17.15.06:711][212]LogModuleManager: Shutting down and abandoning module SuperSearch (196)
[2015.10.05-17.15.06:711][212]LogModuleManager: Shutting down and abandoning module WidgetCarousel (195)
[2015.10.05-17.15.06:711][212]LogModuleManager: Shutting down and abandoning module AddContentDialog (194)
[2015.10.05-17.15.06:755][212]LogModuleManager: Shutting down and abandoning module EditorWidgets (193)
[2015.10.05-17.15.06:755][212]LogModuleManager: Shutting down and abandoning module CollectionManager (192)
[2015.10.05-17.15.06:778][212]LogModuleManager: Shutting down and abandoning module StatsViewer (191)
[2015.10.05-17.15.06:797][212]LogModuleManager: Shutting down and abandoning module FoliageEdit (190)
[2015.10.05-17.15.06:798][212]LogModuleManager: Shutting down and abandoning module LandscapeEditor (189)
[2015.10.05-17.15.06:834][212]LogModuleManager: Shutting down and abandoning module ActorPickerMode (188)
[2015.10.05-17.15.06:834][212]LogModuleManager: Shutting down and abandoning module GeometryMode (187)
[2015.10.05-17.15.06:834][212]LogModuleManager: Shutting down and abandoning module TextureAlignMode (186)
[2015.10.05-17.15.06:834][212]LogModuleManager: Shutting down and abandoning module BspMode (185)
[2015.10.05-17.15.06:834][212]LogModuleManager: Shutting down and abandoning module PlacementMode (184)
[2015.10.05-17.15.06:834][212]LogModuleManager: Shutting down and abandoning module AutomationWorker (183)
[2015.10.05-17.15.06:841][212]LogModuleManager: Shutting down and abandoning module CharacterAI (182)
[2015.10.05-17.15.06:841][212]LogModuleManager: Shutting down and abandoning module SmartSnapping (181)
[2015.10.05-17.15.06:842][212]LogModuleManager: Shutting down and abandoning module ViewportSnapping (180)
[2015.10.05-17.15.06:842][212]LogModuleManager: Shutting down and abandoning module LogVisualizer (179)
[2015.10.05-17.15.06:875][212]LogModuleManager: Shutting down and abandoning module GameProjectGeneration (178)
[2015.10.05-17.15.06:888][212]LogModuleManager: Shutting down and abandoning module IntroTutorials (177)
[2015.10.05-17.15.06:901][212]LogModuleManager: Shutting down and abandoning module EditorLiveStreaming (176)
[2015.10.05-17.15.06:901][212]LogModuleManager: Shutting down and abandoning module IOSPlatformEditor (175)
[2015.10.05-17.15.06:901][212]LogModuleManager: Shutting down and abandoning module HTML5PlatformEditor (174)
[2015.10.05-17.15.06:901][212]LogModuleManager: Shutting down and abandoning module AndroidDeviceDetection (173)
[2015.10.05-17.15.07:155][212]LogModuleManager: Shutting down and abandoning module AndroidPlatformEditor (172)
[2015.10.05-17.15.07:155][212]LogModuleManager: Shutting down and abandoning module IOSRuntimeSettings (171)
[2015.10.05-17.15.07:155][212]LogModuleManager: Shutting down and abandoning module AndroidRuntimeSettings (170)
[2015.10.05-17.15.07:155][212]LogModuleManager: Shutting down and abandoning module MergeActors (169)
[2015.10.05-17.15.07:173][212]LogModuleManager: Shutting down and abandoning module SizeMap (168)
[2015.10.05-17.15.07:173][212]LogModuleManager: Shutting down and abandoning module TreeMap (167)
[2015.10.05-17.15.07:173][212]LogModuleManager: Shutting down and abandoning module ReferenceViewer (166)
[2015.10.05-17.15.07:173][212]LogModuleManager: Shutting down and abandoning module LocalizationService (165)
[2015.10.05-17.15.07:189][212]LogModuleManager: Shutting down and abandoning module LocalizationDashboard (164)
[2015.10.05-17.15.07:208][212]LogModuleManager: Shutting down and abandoning module HardwareTargeting (163)
[2015.10.05-17.15.07:208][212]LogModuleManager: Shutting down and abandoning module DeviceProfileEditor (162)
[2015.10.05-17.15.07:208][212]LogModuleManager: Shutting down and abandoning module UndoHistory (161)
[2015.10.05-17.15.07:208][212]LogModuleManager: Shutting down and abandoning module GameplayTagsEditor (160)
[2015.10.05-17.15.07:208][212]LogModuleManager: Shutting down and abandoning module UserFeedback (159)
[2015.10.05-17.15.07:208][212]LogModuleManager: Shutting down and abandoning module XmlParser (158)
[2015.10.05-17.15.07:208][212]LogModuleManager: Shutting down and abandoning module Blutility (157)
[2015.10.05-17.15.07:208][212]LogModuleManager: Shutting down and abandoning module ProjectTargetPlatformEditor (156)
[2015.10.05-17.15.07:209][212]LogModuleManager: Shutting down and abandoning module ProjectSettingsViewer (155)
[2015.10.05-17.15.07:209][212]LogModuleManager: Shutting down and abandoning module InputBindingEditor (154)
[2015.10.05-17.15.07:224][212]LogModuleManager: Shutting down and abandoning module EditorSettingsViewer (153)
[2015.10.05-17.15.07:224][212]LogModuleManager: Shutting down and abandoning module SettingsEditor (152)
[2015.10.05-17.15.07:234][212]LogModuleManager: Shutting down and abandoning module ProjectLauncher (151)
[2015.10.05-17.15.07:234][212]LogModuleManager: Shutting down and abandoning module SessionFrontend (150)
[2015.10.05-17.15.07:234][212]LogModuleManager: Shutting down and abandoning module ProfilerClient (149)
[2015.10.05-17.15.07:259][212]LogModuleManager: Shutting down and abandoning module TargetDeviceServices (148)
[2015.10.05-17.15.07:259][212]LogModuleManager: Shutting down and abandoning module DeviceManager (147)
[2015.10.05-17.15.07:259][212]LogModuleManager: Shutting down and abandoning module AutomationController (146)
[2015.10.05-17.15.07:275][212]LogModuleManager: Shutting down and abandoning module AutomationWindow (145)
[2015.10.05-17.15.07:287][212]LogModuleManager: Shutting down and abandoning module Layers (144)
[2015.10.05-17.15.07:305][212]LogModuleManager: Shutting down and abandoning module ComponentVisualizers (143)
[2015.10.05-17.15.07:305][212]LogModuleManager: Shutting down and abandoning module DetailCustomizations (142)
[2015.10.05-17.15.07:306][212]LogModuleManager: Shutting down and abandoning module PackagesDialog (141)
[2015.10.05-17.15.07:306][212]LogModuleManager: Shutting down and abandoning module Persona (140)
[2015.10.05-17.15.07:306][212]LogModuleManager: Shutting down and abandoning module Kismet (139)
[2015.10.05-17.15.07:306][212]LogModuleManager: Shutting down and abandoning module GraphEditor (138)
[2015.10.05-17.15.07:306][212]LogModuleManager: Shutting down and abandoning module ClassViewer (137)
[2015.10.05-17.15.07:306][212]LogModuleManager: Shutting down and abandoning module Toolbox (136)
[2015.10.05-17.15.07:306][212]LogModuleManager: Shutting down and abandoning module ModuleUI (135)
[2015.10.05-17.15.07:320][212]LogModuleManager: Shutting down and abandoning module MovieSceneTools (134)
[2015.10.05-17.15.07:320][212]LogModuleManager: Shutting down and abandoning module OutputLog (133)
[2015.10.05-17.15.07:320][212]LogModuleManager: Shutting down and abandoning module GammaUI (132)
[2015.10.05-17.15.07:333][212]LogModuleManager: Shutting down and abandoning module Documentation (131)
[2015.10.05-17.15.07:333][212]LogModuleManager: Shutting down and abandoning module GameLiveStreaming (130)
[2015.10.05-17.15.07:340][212]LogModuleManager: Shutting down and abandoning module StreamingPauseRendering (129)
[2015.10.05-17.15.07:340][212]LogModuleManager: Shutting down and abandoning module AnalyticsET (128)
[2015.10.05-17.15.07:340][212]LogModuleManager: Shutting down and abandoning module Analytics (127)
[2015.10.05-17.15.07:340][212]LogModuleManager: Shutting down and abandoning module AITestSuite (126)
[2015.10.05-17.15.07:358][212]LogModuleManager: Shutting down and abandoning module GameplayDebugger (125)
[2015.10.05-17.15.07:358][212]LogModuleManager: Shutting down and abandoning module AIModule (124)
[2015.10.05-17.15.07:358][212]LogModuleManager: Shutting down and abandoning module ProfilerService (123)
[2015.10.05-17.15.07:602][212]LogModuleManager: Shutting down and abandoning module TaskGraph (122)
[2015.10.05-17.15.07:618][212]LogModuleManager: Shutting down and abandoning module SlateRemote (121)
[2015.10.05-17.15.07:618][212]LogModuleManager: Shutting down and abandoning module SteamVRController (120)
[2015.10.05-17.15.07:618][212]LogModuleManager: Shutting down and abandoning module SteamVR (119)
[2015.10.05-17.15.07:618][212]LogModuleManager: Shutting down and abandoning module ProceduralMeshComponent (118)
[2015.10.05-17.15.07:618][212]LogModuleManager: Shutting down and abandoning module OculusRift (117)
[2015.10.05-17.15.07:618][212]LogModuleManager: Shutting down and abandoning module OculusLibrary (116)
[2015.10.05-17.15.07:618][212]LogModuleManager: Shutting down and abandoning module LeapMotionController (115)
[2015.10.05-17.15.07:650][212]LogModuleManager: Shutting down and abandoning module CustomMeshComponent (114)
[2015.10.05-17.15.07:664][212]LogModuleManager: Shutting down and abandoning module CableComponent (113)
[2015.10.05-17.15.07:664][212]LogModuleManager: Shutting down and abandoning module ArchVisCharacter (112)
[2015.10.05-17.15.07:664][212]LogModuleManager: Shutting down and abandoning module MessagingDebugger (111)
[2015.10.05-17.15.07:685][212]LogModuleManager: Shutting down and abandoning module MediaPlayerEditor (110)
[2015.10.05-17.15.07:705][212]LogModuleManager: Shutting down and abandoning module HTML5Networking (109)
[2015.10.05-17.15.07:705][212]LogModuleManager: Shutting down and abandoning module SpeedTreeImporter (108)
[2015.10.05-17.15.07:705][212]LogModuleManager: Shutting down and abandoning module PluginBrowser (107)
[2015.10.05-17.15.07:735][212]LogModuleManager: Shutting down and abandoning module EpicSurvey (106)
[2015.10.05-17.15.07:735][212]LogModuleManager: Shutting down and abandoning module DesktopPlatform (105)
[2015.10.05-17.15.07:759][212]LogModuleManager: Shutting down and abandoning module VisualStudioSourceCodeAccess (104)
[2015.10.05-17.15.07:759][212]LogModuleManager: Shutting down and abandoning module UObjectPlugin (103)
[2015.10.05-17.15.07:759][212]LogModuleManager: Shutting down and abandoning module SubversionSourceControl (102)
[2015.10.05-17.15.07:759][212]LogModuleManager: Shutting down and abandoning module PerforceSourceControl (101)
[2015.10.05-17.15.07:802][212]LogModuleManager: Shutting down and abandoning module SourceControl (100)
[2015.10.05-17.15.07:827][212]LogModuleManager: Shutting down and abandoning module GitSourceControl (99)
[2015.10.05-17.15.07:827][212]LogModuleManager: Shutting down and abandoning module LightPropagationVolumeEditor (98)
[2015.10.05-17.15.07:827][212]LogModuleManager: Shutting down and abandoning module PaperTiledImporter (97)
[2015.10.05-17.15.07:860][212]LogModuleManager: Shutting down and abandoning module PaperSpriteSheetImporter (96)
[2015.10.05-17.15.07:860][212]LogModuleManager: Shutting down and abandoning module MeshPaint (95)
[2015.10.05-17.15.07:860][212]LogModuleManager: Shutting down and abandoning module SlateReflector (94)
[2015.10.05-17.15.07:881][212]LogModuleManager: Shutting down and abandoning module HotReload (93)
[2015.10.05-17.15.07:898][212]LogModuleManager: Shutting down and abandoning module MainFrame (92)
[2015.10.05-17.15.07:898][212]LogModuleManager: Shutting down and abandoning module LevelEditor (91)
[2015.10.05-17.15.07:910][212]LogModuleManager: Shutting down and abandoning module DirectoryWatcher (90)
[2015.10.05-17.15.07:914][212]LogModuleManager: Shutting down and abandoning module AssetRegistry (89)
[2015.10.05-17.15.08:043][212]LogModuleManager: Shutting down and abandoning module ContentBrowser (88)
[2015.10.05-17.15.08:044][212]LogModuleManager: Shutting down and abandoning module Paper2DEditor (87)
[2015.10.05-17.15.08:073][212]LogModuleManager: Shutting down and abandoning module UdpMessaging (86)
[2015.10.05-17.15.08:174][212]LogModuleManager: Shutting down and abandoning module LightPropagationVolumeRuntime (85)
[2015.10.05-17.15.08:174][212]LogModuleManager: Shutting down and abandoning module Paper2D (84)
[2015.10.05-17.15.08:208][212]LogModuleManager: Shutting down and abandoning module WindowsMoviePlayer (83)
[2015.10.05-17.15.08:211][212]LogModuleManager: Shutting down and abandoning module Media (82)
[2015.10.05-17.15.08:211][212]LogModuleManager: Shutting down and abandoning module WmfMedia (81)
[2015.10.05-17.15.08:211][212]LogModuleManager: Shutting down and abandoning module OnlineBlueprintSupport (80)
[2015.10.05-17.15.08:211][212]LogModuleManager: Shutting down and abandoning module EnvironmentQueryEditor (79)
[2015.10.05-17.15.08:235][212]LogModuleManager: Shutting down and abandoning module GameplayTasksEditor (78)
[2015.10.05-17.15.08:235][212]LogModuleManager: Shutting down and abandoning module PropertyEditor (77)
[2015.10.05-17.15.08:235][212]LogModuleManager: Shutting down and abandoning module BehaviorTreeEditor (76)
[2015.10.05-17.15.08:262][212]LogModuleManager: Shutting down and abandoning module FunctionalTesting (75)
[2015.10.05-17.15.08:262][212]LogModuleManager: Shutting down and abandoning module CollisionAnalyzer (74)
[2015.10.05-17.15.08:279][212]LogModuleManager: Shutting down and abandoning module WorkspaceMenuStructure (73)
[2015.10.05-17.15.08:279][212]LogModuleManager: Shutting down and abandoning module MessageLog (72)
[2015.10.05-17.15.08:279][212]LogModuleManager: Shutting down and abandoning module Sequencer (71)
[2015.10.05-17.15.08:279][212]LogModuleManager: Shutting down and abandoning module AssetTools (70)
[2015.10.05-17.15.08:293][212]LogModuleManager: Shutting down and abandoning module UMGEditor (69)
[2015.10.05-17.15.08:294][212]LogModuleManager: Shutting down and abandoning module UMG (68)
[2015.10.05-17.15.08:294][212]LogModuleManager: Shutting down and abandoning module Slate (67)
[2015.10.05-17.15.08:294][212]LogModuleManager: Shutting down and abandoning module EditorStyle (66)
[2015.10.05-17.15.08:296][212]LogModuleManager: Shutting down and abandoning module SessionServices (65)
[2015.10.05-17.15.08:296][212]LogModuleManager: Shutting down and abandoning module SourceCodeAccess (64)
[2015.10.05-17.15.08:296][212]LogModuleManager: Shutting down and abandoning module HeadMountedDisplay (63)
[2015.10.05-17.15.08:296][212]LogModuleManager: Shutting down and abandoning module XAudio2 (62)
[2015.10.05-17.15.08:296][212]LogModuleManager: Shutting down and abandoning module Networking (60)
[2015.10.05-17.15.08:296][212]LogModuleManager: Shutting down and abandoning module Core (59)
[2015.10.05-17.15.08:296][212]LogModuleManager: Shutting down and abandoning module KismetCompiler (58)
[2015.10.05-17.15.08:296][212]LogModuleManager: Shutting down and abandoning module PhysXFormats (57)
[2015.10.05-17.15.08:296][212]LogModuleManager: Shutting down and abandoning module MeshUtilities (56)
[2015.10.05-17.15.08:315][212]LogModuleManager: Shutting down and abandoning module CookingStats (55)
[2015.10.05-17.15.08:316][212]LogModuleManager: Shutting down and abandoning module DerivedDataCache (54)
[2015.10.05-17.15.08:412][212]LogDerivedDataCache: Shutdown
[2015.10.05-17.15.08:412][212]LogModuleManager: Shutting down and abandoning module ShaderFormatOpenGL (53)
[2015.10.05-17.15.08:431][212]LogModuleManager: Shutting down and abandoning module ShaderFormatD3D (52)
[2015.10.05-17.15.08:431][212]LogModuleManager: Shutting down and abandoning module MetalShaderFormat (51)
[2015.10.05-17.15.08:443][212]LogModuleManager: Shutting down and abandoning module TextureFormatUncompressed (50)
[2015.10.05-17.15.08:443][212]LogModuleManager: Shutting down and abandoning module TextureFormatPVR (49)
[2015.10.05-17.15.08:443][212]LogModuleManager: Shutting down and abandoning module TextureFormatIntelISPCTexComp (48)
[2015.10.05-17.15.08:443][212]LogModuleManager: Shutting down and abandoning module TextureFormatDXT (47)
[2015.10.05-17.15.08:444][212]LogModuleManager: Shutting down and abandoning module ImageWrapper (46)
[2015.10.05-17.15.08:444][212]LogModuleManager: Shutting down and abandoning module TextureFormatASTC (45)
[2015.10.05-17.15.08:444][212]LogModuleManager: Shutting down and abandoning module TextureFormatAndroid (44)
[2015.10.05-17.15.08:444][212]LogModuleManager: Shutting down and abandoning module AudioFormatOpus (43)
[2015.10.05-17.15.08:448][212]LogModuleManager: Shutting down and abandoning module AudioFormatOgg (42)
[2015.10.05-17.15.08:448][212]LogModuleManager: Shutting down and abandoning module AudioFormatADPCM (41)
[2015.10.05-17.15.08:448][212]LogModuleManager: Shutting down and abandoning module LinuxTargetPlatform (40)
[2015.10.05-17.15.08:448][212]LogModuleManager: Shutting down and abandoning module LinuxServerTargetPlatform (39)
[2015.10.05-17.15.08:448][212]LogModuleManager: Shutting down and abandoning module LinuxNoEditorTargetPlatform (38)
[2015.10.05-17.15.08:448][212]LogModuleManager: Shutting down and abandoning module Messaging (37)
[2015.10.05-17.15.08:448][212]LogModuleManager: Shutting down and abandoning module IOSTargetPlatform (36)
[2015.10.05-17.15.08:448][212]LogModuleManager: Shutting down and abandoning module HTML5TargetPlatform (35)
[2015.10.05-17.15.08:448][212]LogModuleManager: Shutting down and abandoning module Android_PVRTCTargetPlatform (34)
[2015.10.05-17.15.08:466][212]LogModuleManager: Shutting down and abandoning module Android_ETC2TargetPlatform (33)
[2015.10.05-17.15.08:474][212]LogModuleManager: Shutting down and abandoning module Android_ETC1TargetPlatform (32)
[2015.10.05-17.15.08:479][212]LogModuleManager: Shutting down and abandoning module Android_DXTTargetPlatform (31)
[2015.10.05-17.15.08:481][212]LogModuleManager: Shutting down and abandoning module Android_ATCTargetPlatform (30)
[2015.10.05-17.15.08:487][212]LogModuleManager: Shutting down and abandoning module Android_ASTCTargetPlatform (29)
[2015.10.05-17.15.08:497][212]LogModuleManager: Shutting down and abandoning module AndroidTargetPlatform (28)
[2015.10.05-17.15.08:506][212]LogModuleManager: Shutting down and abandoning module WindowsTargetPlatform (27)
[2015.10.05-17.15.08:506][212]LogModuleManager: Shutting down and abandoning module WindowsServerTargetPlatform (26)
[2015.10.05-17.15.08:513][212]LogModuleManager: Shutting down and abandoning module WindowsNoEditorTargetPlatform (25)
[2015.10.05-17.15.08:523][212]LogModuleManager: Shutting down and abandoning module WindowsClientTargetPlatform (24)
[2015.10.05-17.15.08:533][212]LogModuleManager: Shutting down and abandoning module AllDesktopTargetPlatform (23)
[2015.10.05-17.15.08:533][212]LogModuleManager: Shutting down and abandoning module TargetPlatform (22)
[2015.10.05-17.15.08:533][212]LogModuleManager: Shutting down and abandoning module InputCore (21)
[2015.10.05-17.15.08:533][212]LogModuleManager: Shutting down and abandoning module Settings (20)
[2015.10.05-17.15.08:533][212]LogModuleManager: Shutting down and abandoning module OnlineSubsystem (18)
[2015.10.05-17.15.08:533][212]LogModuleManager: Shutting down and abandoning module HTTP (17)
[2015.10.05-17.15.09:535][212]LogModuleManager: Shutting down and abandoning module XMPP (16)
[2015.10.05-17.15.09:550][212]LogModuleManager: Shutting down and abandoning module ExampleDeviceProfileSelector (15)
[2015.10.05-17.15.09:550][212]LogModuleManager: Shutting down and abandoning module TextureCompressor (14)
[2015.10.05-17.15.09:550][212]LogModuleManager: Shutting down and abandoning module ShaderCore (13)
[2015.10.05-17.15.09:550][212]LogModuleManager: Shutting down and abandoning module Landscape (12)
[2015.10.05-17.15.09:550][212]LogModuleManager: Shutting down and abandoning module SlateRHIRenderer (11)
[2015.10.05-17.15.09:577][212]LogModuleManager: Shutting down and abandoning module OpenGLDrv (10)
[2015.10.05-17.15.09:597][212]LogModuleManager: Shutting down and abandoning module D3D11RHI (9)
[2015.10.05-17.15.09:597][212]LogModuleManager: Shutting down and abandoning module AnimGraphRuntime (8)
[2015.10.05-17.15.09:597][212]LogModuleManager: Shutting down and abandoning module Renderer (7)
[2015.10.05-17.15.09:597][212]LogModuleManager: Shutting down and abandoning module Engine (6)
[2015.10.05-17.15.09:597][212]LogModuleManager: Shutting down and abandoning module CoreUObject (5)
[2015.10.05-17.15.09:597][212]LogModuleManager: Shutting down and abandoning module NetworkFile (4)
[2015.10.05-17.15.09:613][212]LogModuleManager: Shutting down and abandoning module StreamingFile (3)
[2015.10.05-17.15.09:613][212]LogModuleManager: Shutting down and abandoning module SandboxFile (2)
[2015.10.05-17.15.09:628][212]LogModuleManager: Shutting down and abandoning module PakFile (1)
[2015.10.05-17.15.09:637][212]LogExit: Exiting.
[2015.10.05-17.15.09:720][212]Log file closed, 10/05/15 10:15:09
