[2015.09.28-16.39.17:613][  0]Log file open, 09/28/15 09:39:17
[2015.09.28-16.39.17:613][  0]LogInit:Display: Running engine for game: MyRTS_TropicoStyle
[2015.09.28-16.39.17:613][  0]LogInit:Display: RandInit(80786546) SRandInit(80786546).
[2015.09.28-16.39.17:613][  0]LogTaskGraph: Started task graph with 4 named threads and 5 total threads.
[2015.09.28-16.39.17:613][  0]LogStats: Stats thread started at 0.062875
[2015.09.28-16.39.17:613][  0]LogInit: Version: 4.9.1-2689999+++depot+UE4-Releases+4.9
[2015.09.28-16.39.17:613][  0]LogInit: API Version: 2672455
[2015.09.28-16.39.17:613][  0]LogInit: Compiled (64-bit): Sep 14 2015 04:12:03
[2015.09.28-16.39.17:613][  0]LogInit: Compiled with Visual C++: 18.00.21005.01
[2015.09.28-16.39.17:613][  0]LogInit: Build Configuration: Development
[2015.09.28-16.39.17:613][  0]LogInit: Branch Name: ++depot+UE4-Releases+4.9
[2015.09.28-16.39.17:613][  0]LogInit: Command line:  
[2015.09.28-16.39.17:613][  0]LogInit: Base directory: C:/Program Files/Epic Games/4.9/Engine/Binaries/Win64/
[2015.09.28-16.39.17:613][  0]LogInit: Rocket: 1
[2015.09.28-16.39.17:626][  0]LogInit: Using libcurl 7.41.0
[2015.09.28-16.39.17:626][  0]LogInit:  - built for x86_64-pc-win32
[2015.09.28-16.39.17:626][  0]LogInit:  - supports SSL with WinSSL
[2015.09.28-16.39.17:626][  0]LogInit:  - other features:
[2015.09.28-16.39.17:626][  0]LogInit:      CURL_VERSION_SSL
[2015.09.28-16.39.17:626][  0]LogInit:      CURL_VERSION_IPV6
[2015.09.28-16.39.17:626][  0]LogInit:      CURL_VERSION_ASYNCHDNS
[2015.09.28-16.39.17:626][  0]LogInit:      CURL_VERSION_LARGEFILE
[2015.09.28-16.39.17:626][  0]LogInit:      CURL_VERSION_IDN
[2015.09.28-16.39.17:626][  0]LogInit:  CurlRequestOptions (configurable via config and command line):
[2015.09.28-16.39.17:626][  0]LogInit:  - bVerifyPeer = true  - Libcurl will verify peer certificate
[2015.09.28-16.39.17:626][  0]LogInit:  - bUseHttpProxy = false  - Libcurl will NOT use HTTP proxy
[2015.09.28-16.39.17:626][  0]LogInit:  - bDontReuseConnections = false  - Libcurl will reuse connections
[2015.09.28-16.39.17:626][  0]LogInit:  - CertBundlePath = nullptr  - Libcurl will use whatever was configured at build time.
[2015.09.28-16.39.17:634][  0]LogInit: Presizing for 0 objects not considered by GC, pre-allocating 0 bytes.
[2015.09.28-16.39.17:644][  0]LogInit: Object subsystem initialized
[2015.09.28-16.39.17:645][  0]LogInit: Selected Device Profile: [Windows]
[2015.09.28-16.39.17:645][  0]LogInit: Applying CVar settings loaded from the selected device profile: [Windows]
[2015.09.28-16.39.17:657][  0]LogInit: Computer: LIVINGROOM-PC
[2015.09.28-16.39.17:657][  0]LogInit: User: Jesse
[2015.09.28-16.39.17:657][  0]LogInit: CPU Page size=4096, Cores=2
[2015.09.28-16.39.17:657][  0]LogInit: High frequency timer resolution =3.215354 MHz
[2015.09.28-16.39.17:657][  0]LogMemory: Memory total: Physical=13.9GB (14GB approx)
[2015.09.28-16.39.17:657][  0]LogMemory: Platform Memory Stats for Windows
[2015.09.28-16.39.17:657][  0]LogMemory: Process Physical Memory: 53.61 MB used, 53.61 MB peak
[2015.09.28-16.39.17:657][  0]LogMemory: Process Virtual Memory: 55.47 MB used, 55.47 MB peak
[2015.09.28-16.39.17:657][  0]LogMemory: Physical Memory: 3893.17 MB used, 14272.97 MB total
[2015.09.28-16.39.17:657][  0]LogMemory: Virtual Memory: 353.12 MB used, 134217728.00 MB total
[2015.09.28-16.39.17:696][  0]LogTextLocalizationManager: No specific translations for ('en-US') exist, so ('en') translations will be used.
[2015.09.28-16.39.18:499][  0]LogD3D11RHI: Found D3D11 adapter 0: NVIDIA GeForce GTX 660   (Feature Level 11_0)
[2015.09.28-16.39.18:499][  0]LogD3D11RHI: Adapter has 1984MB of dedicated video memory, 0MB of dedicated system memory, and 2048MB of shared system memory, 2 output[s]
[2015.09.28-16.39.18:501][  0]LogD3D11RHI: Found D3D11 adapter 1: Microsoft Basic Render Driver (Feature Level 11_0)
[2015.09.28-16.39.18:501][  0]LogD3D11RHI: Adapter has 0MB of dedicated video memory, 0MB of dedicated system memory, and 256MB of shared system memory, 0 output[s]
[2015.09.28-16.39.18:501][  0]LogD3D11RHI: Chosen D3D11 Adapter Id = 0
[2015.09.28-16.39.18:505][  0]LogD3D11RHI: !Direct3DDevice
[2015.09.28-16.39.18:505][  0]LogRHI: Texture pool is 1361 MB (70% of 1945 MB)
[2015.09.28-16.39.18:522][  0]LogD3D11RHI: Async texture creation enabled
[2015.09.28-16.39.18:539][  0]LogShaderCompilers: Guid format shader working directory is 15 characters bigger than the processId version (../../../../../../Users/Jesse/Desktop/Unreal/MyRTS_TropicoStyle 4.9/Intermediate/Shaders/WorkingDirectory/1772/).
[2015.09.28-16.39.18:539][  0]LogShaderCompilers: Cleaned the shader compiler working directory '../../../../../../Users/Jesse/Desktop/Unreal/MyRTS_TropicoStyle 4.9/Intermediate/Shaders/tmp/F3890E884389F4C1ACC36FAE839094B6/'.
[2015.09.28-16.39.18:539][  0]LogShaderCompilers:Display: Using Local Shader Compiler.
[2015.09.28-16.39.19:849][  0]LogTemp:Display: Loaded TP AllDesktopTargetPlatform
[2015.09.28-16.39.19:856][  0]LogTemp:Display: Loaded TP WindowsClientTargetPlatform
[2015.09.28-16.39.19:862][  0]LogTemp:Display: Loaded TP WindowsNoEditorTargetPlatform
[2015.09.28-16.39.19:868][  0]LogTemp:Display: Loaded TP WindowsServerTargetPlatform
[2015.09.28-16.39.19:873][  0]LogTemp:Display: Loaded TP WindowsTargetPlatform
[2015.09.28-16.39.19:878][  0]LogTemp:Display: Loaded TP AndroidTargetPlatform
[2015.09.28-16.39.19:882][  0]LogTemp:Display: Loaded TP Android_ASTCTargetPlatform
[2015.09.28-16.39.19:886][  0]LogTemp:Display: Loaded TP Android_ATCTargetPlatform
[2015.09.28-16.39.19:890][  0]LogTemp:Display: Loaded TP Android_DXTTargetPlatform
[2015.09.28-16.39.19:894][  0]LogTemp:Display: Loaded TP Android_ETC1TargetPlatform
[2015.09.28-16.39.19:898][  0]LogTemp:Display: Loaded TP Android_ETC2TargetPlatform
[2015.09.28-16.39.19:902][  0]LogTemp:Display: Loaded TP Android_PVRTCTargetPlatform
[2015.09.28-16.39.19:903][  0]LogTemp:Display: Loaded TP HTML5TargetPlatform
[2015.09.28-16.39.19:921][  0]LogTemp:Display: Loaded TP IOSTargetPlatform
[2015.09.28-16.39.19:925][  0]LogTemp:Display: Loaded TP LinuxNoEditorTargetPlatform
[2015.09.28-16.39.19:929][  0]LogTemp:Display: Loaded TP LinuxServerTargetPlatform
[2015.09.28-16.39.19:933][  0]LogTemp:Display: Loaded TP LinuxTargetPlatform
[2015.09.28-16.39.19:933][  0]LogTargetPlatformManager:Display: Building Assets For Windows
[2015.09.28-16.39.20:030][  0]LogDerivedDataCache:Display: Max Cache Size: 512 MB
[2015.09.28-16.39.20:076][  0]LogDerivedDataCache: Loaded boot cache 0.04s 41MB C:/Users/Jesse/AppData/Local/UnrealEngine/4.9/DerivedDataCache/Boot.ddc.
[2015.09.28-16.39.20:076][  0]LogDerivedDataCache:Display: Loaded Boot cache: C:/Users/Jesse/AppData/Local/UnrealEngine/4.9/DerivedDataCache/Boot.ddc
[2015.09.28-16.39.20:077][  0]LogDerivedDataCache: FDerivedDataBackendGraph:  Pak pak cache file ../../../../../../Users/Jesse/Desktop/Unreal/MyRTS_TropicoStyle 4.9/DerivedDataCache/DDC.ddp not found, will not use a pak cache.
[2015.09.28-16.39.20:077][  0]LogDerivedDataCache: Unable to find inner node Pak for hierarchical cache Hierarchy.
[2015.09.28-16.39.20:077][  0]LogDerivedDataCache: FDerivedDataBackendGraph:  CompressedPak pak cache file ../../../../../../Users/Jesse/Desktop/Unreal/MyRTS_TropicoStyle 4.9/DerivedDataCache/Compressed.ddp not found, will not use a pak cache.
[2015.09.28-16.39.20:077][  0]LogDerivedDataCache: Unable to find inner node CompressedPak for hierarchical cache Hierarchy.
[2015.09.28-16.39.20:229][  0]LogDerivedDataCache:Display: Pak cache opened for reading ../../../Engine/DerivedDataCache/Compressed.ddp.
[2015.09.28-16.39.20:241][  0]LogDerivedDataCache: Using Local data cache path C:/Users/Jesse/AppData/Local/UnrealEngine/Common/DerivedDataCache: Writable
[2015.09.28-16.39.20:459][  0]LogInit: Selected Device Profile: [Windows]
[2015.09.28-16.39.20:463][  0]LogContentStreaming: Texture pool size is 0.000000MB
[2015.09.28-16.39.20:602][  0]LogMeshUtilities: No automatic mesh reduction module available
[2015.09.28-16.39.20:602][  0]LogMeshUtilities: No automatic mesh merging module available
[2015.09.28-16.39.20:872][  0]LogInit: WinSock: version 1.1 (2.2), MaxSocks=32767, MaxUdp=65467
[2015.09.28-16.39.21:673][  0]UdpMessaging: Initializing bridge on interface 0.0.0.0:0 to multicast group 230.0.0.1:6666.
[2015.09.28-16.39.21:791][  0]LogAssetRegistry: FAssetRegistry took 0.0110 seconds to start up
[2015.09.28-16.39.22:018][  0]SourceControl: Info Source control is disabled
[2015.09.28-16.39.22:043][  0]SourceControl: Info Source control is disabled
[2015.09.28-16.39.22:056][  0]SourceControl: Info Source control is disabled
[2015.09.28-16.39.22:070][  0]SourceControl: Info Source control is disabled
[2015.09.28-16.39.22:257][  0]LogLinker:Warning: Asset '../../../Engine/Plugins/Runtime/LeapMotionController/Content/LM_PassthroughMaterial.uasset' has been saved with empty engine version. The asset will be loaded but may be incompatible.
[2015.09.28-16.39.22:348][  0]LogObj: 28380 objects as part of root set at end of initial load.
[2015.09.28-16.39.22:348][  0]LogUObjectAllocator: 6044392 out of 0 bytes used by permanent object pool.
[2015.09.28-16.39.22:412][  0]LogEngine: Initializing Engine...
[2015.09.28-16.39.22:416][  0]LogHMD: Can't find Oculus library dev build: is proper Runtime installed? Version: 0.7.0.0
[2015.09.28-16.39.22:417][  0]LogHMD: SteamVR failed to initialize.  Err: 110
[2015.09.28-16.39.22:563][  0]LogAIModule: Creating AISystem for world NewWorld
[2015.09.28-16.39.22:577][  0]LogInit: XAudio2 using 'Speakers (Realtek High Definition Audio)' : 2 channels at 48 kHz using 32 bits per sample (channel mask 0x3)
[2015.09.28-16.39.22:589][  0]LogInit: FAudioDevice initialized.
[2015.09.28-16.39.22:610][  0]LogDerivedDataCache: Saved boot cache 0.02s 41MB C:/Users/Jesse/AppData/Local/UnrealEngine/4.9/DerivedDataCache/Boot.ddc.
[2015.09.28-16.39.22:614][  0]LogInit: Texture streaming: Enabled
[2015.09.28-16.39.22:621][  0]LogAnalytics: Creating configured Analytics provider AnalyticsET
[2015.09.28-16.39.22:621][  0]LogAnalytics: [UEEditor.Rocket.Release] APIServer = http://et2.epicgames.com/ET2/. AppVersion = 4.9.1-2689999+++depot+UE4-Releases+4.9
[2015.09.28-16.39.22:621][  0]LogAnalytics: [UEEditor.Rocket.Release] SetUserId bde184f9425f135229c5dbbb428340e3|3b8075bc1ed94341b886f5e4c6e1b23d|8e16a760-2030-4f56-a98c-f31bd1df95e0
[2015.09.28-16.39.22:621][  0]LogAnalytics: [UEEditor.Rocket.Release] AnalyticsET::StartSession
[2015.09.28-16.39.22:652][  0]LogInit: Transaction tracking system initialized
[2015.09.28-16.39.22:696][  0]BlueprintLog: New page: Editor Load
[2015.09.28-16.39.22:836][  0]LocalizationService: Info Localization service is disabled
[2015.09.28-16.39.22:971][  0]LogConsoleResponse:Display: 
[2015.09.28-16.39.23:112][  0]LogCook:Display: Done creating registry. It took  0.00s.
[2015.09.28-16.39.23:201][  0]SourceControl: Info Source control is disabled
[2015.09.28-16.39.23:201][  0]Cmd: MAP LOAD FILE="../../../../../../Users/Jesse/Desktop/Unreal/MyRTS_TropicoStyle 4.9/Content/TopDownBP/Maps/TopDownExampleMap.umap" TEMPLATE=0 SHOWPROGRESS=1 FEATURELEVEL=3
[2015.09.28-16.39.23:202][  0]LightingResults: New page: Lighting Build
[2015.09.28-16.39.23:207][  0]MapCheck: New page: Map Check
[2015.09.28-16.39.23:207][  0]LightingResults: New page: Lighting Build
[2015.09.28-16.39.23:227][  0]LogParticles: Destroying 0 GPU particle simulations for FXSystem 0x000000810BA77CE0
[2015.09.28-16.39.24:840][  0]LogLinker:Warning: CreateExport: Failed to load Parent for Function /Game/TopDownBP/Blueprints/Buildings/Commercial/Restaurant_BP.Restaurant_BP_C:UserConstructionScript; removing parent information, but keeping function
[2015.09.28-16.39.29:543][  0]LogAIModule: Creating AISystem for world TopDownExampleMap
[2015.09.28-16.39.29:589][  0]LogEditorServer: Finished looking for orphan Actors (0.000 secs)
[2015.09.28-16.39.29:590][  0]Cmd: MAP CHECKDEP NOCLEARLOG
[2015.09.28-16.39.29:682][  0]MapCheck: Info Map check complete: 0 Error(s), 0 Warning(s), took 91.448ms to complete.
[2015.09.28-16.39.29:682][  0]LogFileHelpers: Loading map 'TopDownExampleMap' took 6.481
[2015.09.28-16.39.29:802][  0]LogCollectionManager: Loaded 0 collections in 0.002268 seconds
[2015.09.28-16.39.29:846][  0]LogFileCache: Scanning file cache for directory 'C:/Users/Jesse/Desktop/Unreal/MyRTS_TropicoStyle 4.9/Saved/Collections/' took 0.01s
[2015.09.28-16.39.29:846][  0]LogFileCache: Scanning file cache for directory 'C:/Users/Jesse/Desktop/Unreal/MyRTS_TropicoStyle 4.9/Content/Developers/Jesse/Collections/' took 0.01s
[2015.09.28-16.39.29:846][  0]LogFileCache: Scanning file cache for directory 'C:/Users/Jesse/Desktop/Unreal/MyRTS_TropicoStyle 4.9/Content/Collections/' took 0.01s
[2015.09.28-16.39.29:846][  0]LogContentBrowser: Native class hierarchy populated in 0.0093 seconds. Added 1874 classes and 335 folders.
[2015.09.28-16.39.29:853][  0]LogCollectionManager: Rebuilt the GUID cache for 0 collections in 0.000003 seconds
[2015.09.28-16.39.29:860][  0]LogContentBrowser: Native class hierarchy updated for 'WidgetCarousel' in 0.0004 seconds. Added 0 classes and 0 folders.
[2015.09.28-16.39.29:909][  0]LogContentBrowser: Native class hierarchy updated for 'AddContentDialog' in 0.0004 seconds. Added 0 classes and 0 folders.
[2015.09.28-16.39.29:920][  0]LogContentBrowser: Native class hierarchy updated for 'SceneOutliner' in 0.0004 seconds. Added 1 classes and 2 folders.
[2015.09.28-16.39.29:965][  0]LogCrashTracker: Crashtracker disabled due to settings.
[2015.09.28-16.39.29:970][  0]LogUObjectGlobals:Warning: Failed to find object 'Class None.'
[2015.09.28-16.39.29:993][  0]LogLoad: Full Startup: 13.01 seconds (BP compile: 2.25 seconds)
[2015.09.28-16.39.30:078][  0]LogContentStreaming: Texture pool size now 1000 MB
[2015.09.28-16.39.30:207][  1]Cmd: UpdateLandscapeEditorData -warnings
[2015.09.28-16.39.30:358][  1]LogRenderer: Reallocating scene render targets to support 896x476 (Frame:2).
[2015.09.28-16.39.31:230][ 20]LogLinker:Warning: Asset '../../../Engine/Content/ArtTools/RenderToTexture/Macros/RenderToTextureMacros.uasset' has been saved with empty engine version. The asset will be loaded but may be incompatible.
[2015.09.28-16.39.31:909][ 20]LogContentBrowser: Native class hierarchy updated for 'BlueprintGraph' in 0.0008 seconds. Added 107 classes and 0 folders.
[2015.09.28-16.39.35:421][ 20]LogAssetRegistry: Asset discovery search completed in 13.6412 seconds
[2015.09.28-16.39.35:421][ 20]LogCollectionManager: Rebuilt the object cache for 0 collections in 0.000001 seconds (found 0 objects)
[2015.09.28-16.39.35:421][ 20]LogCollectionManager: Fixed up redirectors for 0 collections in 0.000038 seconds (updated 0 objects)
[2015.09.28-16.39.52:786][685]LogRenderer: Reallocating scene render targets to support 1004x484 (Frame:30).
[2015.09.28-16.39.56:236][ 31]LogActorComponent: UnregisterComponent: (/Engine/Transient.EditorFloorComp) Not registered. Aborting.
[2015.09.28-16.39.57:561][178]LogActorComponent: UnregisterComponent: (/Engine/Transient.EditorFloorComp) Not registered. Aborting.
[2015.09.28-16.39.58:166][239]LogActorComponent: UnregisterComponent: (/Engine/Transient.EditorFloorComp) Not registered. Aborting.
[2015.09.28-16.39.59:600][393]LogActorComponent: UnregisterComponent: (/Engine/Transient.EditorFloorComp) Not registered. Aborting.
[2015.09.28-16.40.06:261][  7]LogScript:Warning: Accessed None 'Camera_Pawn'
	CameraPawnController_C /Engine/Transient.World_12:PersistentLevel.CameraPawnController_C_0
	Function /Game/TopDownBP/Blueprints/CameraPawnController.CameraPawnController_C:ExecuteUbergraph_CameraPawnController:21B9
[2015.09.28-16.40.06:261][  7]LogScript:Warning: Accessed None 'Camera_Pawn'
	CameraPawnController_C /Engine/Transient.World_12:PersistentLevel.CameraPawnController_C_0
	Function /Game/TopDownBP/Blueprints/CameraPawnController.CameraPawnController_C:MovementSpeedCalculation:0028
[2015.09.28-16.40.06:261][  7]LogScript:Warning: Accessed None
	CameraPawnController_C /Engine/Transient.World_12:PersistentLevel.CameraPawnController_C_0
	Function /Game/TopDownBP/Blueprints/CameraPawnController.CameraPawnController_C:MovementSpeedCalculation:003D
[2015.09.28-16.40.06:262][  7]LogScript:Warning: Accessed None 'Camera_Pawn'
	CameraPawnController_C /Engine/Transient.World_12:PersistentLevel.CameraPawnController_C_0
	Function /Game/TopDownBP/Blueprints/CameraPawnController.CameraPawnController_C:ExecuteUbergraph_CameraPawnController:240D
[2015.09.28-16.40.06:262][  7]LogScript:Warning: Accessed None 'Camera_Pawn'
	CameraPawnController_C /Engine/Transient.World_12:PersistentLevel.CameraPawnController_C_0
	Function /Game/TopDownBP/Blueprints/CameraPawnController.CameraPawnController_C:ExecuteUbergraph_CameraPawnController:1A43
[2015.09.28-16.40.06:262][  7]LogScript:Warning: Accessed None 'Camera_Pawn'
	CameraPawnController_C /Engine/Transient.World_12:PersistentLevel.CameraPawnController_C_0
	Function /Game/TopDownBP/Blueprints/CameraPawnController.CameraPawnController_C:MovementSpeedCalculation:0028
[2015.09.28-16.40.06:262][  7]LogScript:Warning: Accessed None
	CameraPawnController_C /Engine/Transient.World_12:PersistentLevel.CameraPawnController_C_0
	Function /Game/TopDownBP/Blueprints/CameraPawnController.CameraPawnController_C:MovementSpeedCalculation:003D
[2015.09.28-16.40.06:262][  7]LogScript:Warning: Accessed None 'Camera_Pawn'
	CameraPawnController_C /Engine/Transient.World_12:PersistentLevel.CameraPawnController_C_0
	Function /Game/TopDownBP/Blueprints/CameraPawnController.CameraPawnController_C:ExecuteUbergraph_CameraPawnController:1BD1
[2015.09.28-16.40.06:262][  7]LogScript:Warning: Accessed None 'Camera_Pawn'
	CameraPawnController_C /Engine/Transient.World_12:PersistentLevel.CameraPawnController_C_0
	Function /Game/TopDownBP/Blueprints/CameraPawnController.CameraPawnController_C:ExecuteUbergraph_CameraPawnController:0AEB
[2015.09.28-16.40.06:262][  7]LogScript:Warning: Accessed None 'Camera_Pawn'
	CameraPawnController_C /Engine/Transient.World_12:PersistentLevel.CameraPawnController_C_0
	Function /Game/TopDownBP/Blueprints/CameraPawnController.CameraPawnController_C:ExecuteUbergraph_CameraPawnController:0AEB
[2015.09.28-16.40.06:628][  8]LogScript:Warning: Accessed None 'Camera_Pawn'
	CameraPawnController_C /Engine/Transient.World_12:PersistentLevel.CameraPawnController_C_0
	Function /Game/TopDownBP/Blueprints/CameraPawnController.CameraPawnController_C:ExecuteUbergraph_CameraPawnController:21B9
[2015.09.28-16.40.06:628][  8]LogScript:Warning: Accessed None 'Camera_Pawn'
	CameraPawnController_C /Engine/Transient.World_12:PersistentLevel.CameraPawnController_C_0
	Function /Game/TopDownBP/Blueprints/CameraPawnController.CameraPawnController_C:MovementSpeedCalculation:0028
[2015.09.28-16.40.06:628][  8]LogScript:Warning: Accessed None
	CameraPawnController_C /Engine/Transient.World_12:PersistentLevel.CameraPawnController_C_0
	Function /Game/TopDownBP/Blueprints/CameraPawnController.CameraPawnController_C:MovementSpeedCalculation:003D
[2015.09.28-16.40.06:628][  8]LogScript:Warning: Accessed None 'Camera_Pawn'
	CameraPawnController_C /Engine/Transient.World_12:PersistentLevel.CameraPawnController_C_0
	Function /Game/TopDownBP/Blueprints/CameraPawnController.CameraPawnController_C:ExecuteUbergraph_CameraPawnController:240D
[2015.09.28-16.40.06:628][  8]LogScript:Warning: Accessed None 'Camera_Pawn'
	CameraPawnController_C /Engine/Transient.World_12:PersistentLevel.CameraPawnController_C_0
	Function /Game/TopDownBP/Blueprints/CameraPawnController.CameraPawnController_C:ExecuteUbergraph_CameraPawnController:1A43
[2015.09.28-16.40.06:628][  8]LogScript:Warning: Accessed None 'Camera_Pawn'
	CameraPawnController_C /Engine/Transient.World_12:PersistentLevel.CameraPawnController_C_0
	Function /Game/TopDownBP/Blueprints/CameraPawnController.CameraPawnController_C:MovementSpeedCalculation:0028
[2015.09.28-16.40.06:628][  8]LogScript:Warning: Accessed None
	CameraPawnController_C /Engine/Transient.World_12:PersistentLevel.CameraPawnController_C_0
	Function /Game/TopDownBP/Blueprints/CameraPawnController.CameraPawnController_C:MovementSpeedCalculation:003D
[2015.09.28-17.01.11:049][804]LogActorComponent: UnregisterComponent: (/Engine/Transient.CharMoveComp) Not registered. Aborting.
[2015.09.28-17.01.11:192][804]LogParticles: Destroying 0 GPU particle simulations for FXSystem 0x0000008117C43B00
[2015.09.28-17.01.11:193][804]LogParticles: Destroying 0 GPU particle simulations for FXSystem 0x00000081494554E0
[2015.09.28-17.01.11:194][804]LogParticles: Destroying 0 GPU particle simulations for FXSystem 0x0000008149454FE0
[2015.09.28-17.01.11:195][804]LogParticles: Destroying 0 GPU particle simulations for FXSystem 0x0000008152833420
[2015.09.28-17.01.11:196][804]LogParticles: Destroying 0 GPU particle simulations for FXSystem 0x00000081570A65C0
[2015.09.28-17.01.11:197][804]LogParticles: Destroying 0 GPU particle simulations for FXSystem 0x000000815BEEA980
[2015.09.28-17.01.11:198][804]LogParticles: Destroying 0 GPU particle simulations for FXSystem 0x00000081609BE200
[2015.09.28-17.01.11:199][804]LogParticles: Destroying 0 GPU particle simulations for FXSystem 0x0000008164578E00
[2015.09.28-17.01.11:563][804]LogActorComponent: UnregisterComponent: (/Engine/Transient.EditorFloorComp) Not registered. Aborting.
[2015.09.28-17.01.11:892][805]Cmd: QUIT_EDITOR
[2015.09.28-17.01.12:050][805]LogWindowsTextInputMethodSystem:Display: IME system now deactivated.
[2015.09.28-17.01.12:202][805]LogExit: Preparing to exit.
[2015.09.28-17.01.12:741][805]LogExit: Editor shut down
[2015.09.28-17.01.12:742][805]LogExit: Transaction tracking system shut down
[2015.09.28-17.01.12:748][805]LogParticles: Destroying 0 GPU particle simulations for FXSystem 0x0000008116843BA0
[2015.09.28-17.01.12:750][805]LogParticles: Destroying 0 GPU particle simulations for FXSystem 0x000000811F1A7880
[2015.09.28-17.01.12:750][805]LogParticles: Destroying 0 GPU particle simulations for FXSystem 0x000000812029F600
[2015.09.28-17.01.12:750][805]LogParticles: Destroying 0 GPU particle simulations for FXSystem 0x000000811E738B80
[2015.09.28-17.01.12:750][805]LogParticles: Destroying 0 GPU particle simulations for FXSystem 0x00000081393E7060
[2015.09.28-17.01.12:757][805]LogParticles: Destroying 0 GPU particle simulations for FXSystem 0x000000817FFB7920
[2015.09.28-17.01.12:758][805]LogParticles: Destroying 0 GPU particle simulations for FXSystem 0x0000008164A03100
[2015.09.28-17.01.13:034][805]LogExit: Object subsystem successfully closed.
[2015.09.28-17.01.13:050][805]LogD3D11RHI: Shutdown
[2015.09.28-17.01.13:050][805]LogD3D11RHI: CleanupD3DDevice
[2015.09.28-17.01.13:120][805]LogD3D11RHI: ~FD3D11DynamicRHI
[2015.09.28-17.01.13:151][805]LogModuleManager: Shutting down and abandoning module ExternalImagePicker (201)
[2015.09.28-17.01.13:151][805]LogModuleManager: Shutting down and abandoning module StaticMeshEditor (200)
[2015.09.28-17.01.13:151][805]LogModuleManager: Shutting down and abandoning module BlueprintGraph (199)
[2015.09.28-17.01.13:151][805]LogModuleManager: Shutting down and abandoning module CrashTracker (198)
[2015.09.28-17.01.13:151][805]LogModuleManager: Shutting down and abandoning module SceneOutliner (197)
[2015.09.28-17.01.13:151][805]LogModuleManager: Shutting down and abandoning module SuperSearch (196)
[2015.09.28-17.01.13:151][805]LogModuleManager: Shutting down and abandoning module WidgetCarousel (195)
[2015.09.28-17.01.13:151][805]LogModuleManager: Shutting down and abandoning module AddContentDialog (194)
[2015.09.28-17.01.13:152][805]LogModuleManager: Shutting down and abandoning module EditorWidgets (193)
[2015.09.28-17.01.13:152][805]LogModuleManager: Shutting down and abandoning module CollectionManager (192)
[2015.09.28-17.01.13:152][805]LogModuleManager: Shutting down and abandoning module StatsViewer (191)
[2015.09.28-17.01.13:152][805]LogModuleManager: Shutting down and abandoning module FoliageEdit (190)
[2015.09.28-17.01.13:152][805]LogModuleManager: Shutting down and abandoning module LandscapeEditor (189)
[2015.09.28-17.01.13:153][805]LogModuleManager: Shutting down and abandoning module ActorPickerMode (188)
[2015.09.28-17.01.13:153][805]LogModuleManager: Shutting down and abandoning module GeometryMode (187)
[2015.09.28-17.01.13:153][805]LogModuleManager: Shutting down and abandoning module TextureAlignMode (186)
[2015.09.28-17.01.13:153][805]LogModuleManager: Shutting down and abandoning module BspMode (185)
[2015.09.28-17.01.13:153][805]LogModuleManager: Shutting down and abandoning module PlacementMode (184)
[2015.09.28-17.01.13:153][805]LogModuleManager: Shutting down and abandoning module AutomationWorker (183)
[2015.09.28-17.01.13:153][805]LogModuleManager: Shutting down and abandoning module CharacterAI (182)
[2015.09.28-17.01.13:153][805]LogModuleManager: Shutting down and abandoning module SmartSnapping (181)
[2015.09.28-17.01.13:153][805]LogModuleManager: Shutting down and abandoning module ViewportSnapping (180)
[2015.09.28-17.01.13:153][805]LogModuleManager: Shutting down and abandoning module LogVisualizer (179)
[2015.09.28-17.01.13:153][805]LogModuleManager: Shutting down and abandoning module GameProjectGeneration (178)
[2015.09.28-17.01.13:153][805]LogModuleManager: Shutting down and abandoning module IntroTutorials (177)
[2015.09.28-17.01.13:153][805]LogModuleManager: Shutting down and abandoning module EditorLiveStreaming (176)
[2015.09.28-17.01.13:153][805]LogModuleManager: Shutting down and abandoning module IOSPlatformEditor (175)
[2015.09.28-17.01.13:153][805]LogModuleManager: Shutting down and abandoning module HTML5PlatformEditor (174)
[2015.09.28-17.01.13:153][805]LogModuleManager: Shutting down and abandoning module AndroidDeviceDetection (173)
[2015.09.28-17.01.13:770][805]LogModuleManager: Shutting down and abandoning module AndroidPlatformEditor (172)
[2015.09.28-17.01.13:770][805]LogModuleManager: Shutting down and abandoning module IOSRuntimeSettings (171)
[2015.09.28-17.01.13:770][805]LogModuleManager: Shutting down and abandoning module AndroidRuntimeSettings (170)
[2015.09.28-17.01.13:770][805]LogModuleManager: Shutting down and abandoning module MergeActors (169)
[2015.09.28-17.01.13:770][805]LogModuleManager: Shutting down and abandoning module SizeMap (168)
[2015.09.28-17.01.13:770][805]LogModuleManager: Shutting down and abandoning module TreeMap (167)
[2015.09.28-17.01.13:770][805]LogModuleManager: Shutting down and abandoning module ReferenceViewer (166)
[2015.09.28-17.01.13:770][805]LogModuleManager: Shutting down and abandoning module LocalizationService (165)
[2015.09.28-17.01.13:770][805]LogModuleManager: Shutting down and abandoning module LocalizationDashboard (164)
[2015.09.28-17.01.13:770][805]LogModuleManager: Shutting down and abandoning module HardwareTargeting (163)
[2015.09.28-17.01.13:770][805]LogModuleManager: Shutting down and abandoning module DeviceProfileEditor (162)
[2015.09.28-17.01.13:770][805]LogModuleManager: Shutting down and abandoning module UndoHistory (161)
[2015.09.28-17.01.13:770][805]LogModuleManager: Shutting down and abandoning module GameplayTagsEditor (160)
[2015.09.28-17.01.13:770][805]LogModuleManager: Shutting down and abandoning module UserFeedback (159)
[2015.09.28-17.01.13:770][805]LogModuleManager: Shutting down and abandoning module XmlParser (158)
[2015.09.28-17.01.13:770][805]LogModuleManager: Shutting down and abandoning module Blutility (157)
[2015.09.28-17.01.13:770][805]LogModuleManager: Shutting down and abandoning module ProjectTargetPlatformEditor (156)
[2015.09.28-17.01.13:770][805]LogModuleManager: Shutting down and abandoning module ProjectSettingsViewer (155)
[2015.09.28-17.01.13:771][805]LogModuleManager: Shutting down and abandoning module InputBindingEditor (154)
[2015.09.28-17.01.13:771][805]LogModuleManager: Shutting down and abandoning module EditorSettingsViewer (153)
[2015.09.28-17.01.13:771][805]LogModuleManager: Shutting down and abandoning module SettingsEditor (152)
[2015.09.28-17.01.13:771][805]LogModuleManager: Shutting down and abandoning module ProjectLauncher (151)
[2015.09.28-17.01.13:771][805]LogModuleManager: Shutting down and abandoning module SessionFrontend (150)
[2015.09.28-17.01.13:771][805]LogModuleManager: Shutting down and abandoning module ProfilerClient (149)
[2015.09.28-17.01.13:771][805]LogModuleManager: Shutting down and abandoning module TargetDeviceServices (148)
[2015.09.28-17.01.13:771][805]LogModuleManager: Shutting down and abandoning module DeviceManager (147)
[2015.09.28-17.01.13:771][805]LogModuleManager: Shutting down and abandoning module AutomationController (146)
[2015.09.28-17.01.13:771][805]LogModuleManager: Shutting down and abandoning module AutomationWindow (145)
[2015.09.28-17.01.13:771][805]LogModuleManager: Shutting down and abandoning module Layers (144)
[2015.09.28-17.01.13:772][805]LogModuleManager: Shutting down and abandoning module ComponentVisualizers (143)
[2015.09.28-17.01.13:772][805]LogModuleManager: Shutting down and abandoning module DetailCustomizations (142)
[2015.09.28-17.01.13:772][805]LogModuleManager: Shutting down and abandoning module PackagesDialog (141)
[2015.09.28-17.01.13:772][805]LogModuleManager: Shutting down and abandoning module Persona (140)
[2015.09.28-17.01.13:772][805]LogModuleManager: Shutting down and abandoning module Kismet (139)
[2015.09.28-17.01.13:772][805]LogModuleManager: Shutting down and abandoning module GraphEditor (138)
[2015.09.28-17.01.13:772][805]LogModuleManager: Shutting down and abandoning module ClassViewer (137)
[2015.09.28-17.01.13:772][805]LogModuleManager: Shutting down and abandoning module Toolbox (136)
[2015.09.28-17.01.13:772][805]LogModuleManager: Shutting down and abandoning module ModuleUI (135)
[2015.09.28-17.01.13:772][805]LogModuleManager: Shutting down and abandoning module MovieSceneTools (134)
[2015.09.28-17.01.13:772][805]LogModuleManager: Shutting down and abandoning module OutputLog (133)
[2015.09.28-17.01.13:772][805]LogModuleManager: Shutting down and abandoning module GammaUI (132)
[2015.09.28-17.01.13:772][805]LogModuleManager: Shutting down and abandoning module Documentation (131)
[2015.09.28-17.01.13:772][805]LogModuleManager: Shutting down and abandoning module GameLiveStreaming (130)
[2015.09.28-17.01.13:773][805]LogModuleManager: Shutting down and abandoning module StreamingPauseRendering (129)
[2015.09.28-17.01.13:773][805]LogModuleManager: Shutting down and abandoning module AnalyticsET (128)
[2015.09.28-17.01.13:773][805]LogModuleManager: Shutting down and abandoning module Analytics (127)
[2015.09.28-17.01.13:773][805]LogModuleManager: Shutting down and abandoning module AITestSuite (126)
[2015.09.28-17.01.13:773][805]LogModuleManager: Shutting down and abandoning module GameplayDebugger (125)
[2015.09.28-17.01.13:773][805]LogModuleManager: Shutting down and abandoning module AIModule (124)
[2015.09.28-17.01.13:773][805]LogModuleManager: Shutting down and abandoning module ProfilerService (123)
[2015.09.28-17.01.13:983][805]LogModuleManager: Shutting down and abandoning module TaskGraph (122)
[2015.09.28-17.01.13:983][805]LogModuleManager: Shutting down and abandoning module SlateRemote (121)
[2015.09.28-17.01.13:983][805]LogModuleManager: Shutting down and abandoning module SteamVRController (120)
[2015.09.28-17.01.13:983][805]LogModuleManager: Shutting down and abandoning module SteamVR (119)
[2015.09.28-17.01.13:983][805]LogModuleManager: Shutting down and abandoning module ProceduralMeshComponent (118)
[2015.09.28-17.01.13:983][805]LogModuleManager: Shutting down and abandoning module OculusRift (117)
[2015.09.28-17.01.13:983][805]LogModuleManager: Shutting down and abandoning module OculusLibrary (116)
[2015.09.28-17.01.13:983][805]LogModuleManager: Shutting down and abandoning module LeapMotionController (115)
[2015.09.28-17.01.14:022][805]LogModuleManager: Shutting down and abandoning module CustomMeshComponent (114)
[2015.09.28-17.01.14:022][805]LogModuleManager: Shutting down and abandoning module CableComponent (113)
[2015.09.28-17.01.14:022][805]LogModuleManager: Shutting down and abandoning module ArchVisCharacter (112)
[2015.09.28-17.01.14:022][805]LogModuleManager: Shutting down and abandoning module MessagingDebugger (111)
[2015.09.28-17.01.14:022][805]LogModuleManager: Shutting down and abandoning module MediaPlayerEditor (110)
[2015.09.28-17.01.14:022][805]LogModuleManager: Shutting down and abandoning module HTML5Networking (109)
[2015.09.28-17.01.14:022][805]LogModuleManager: Shutting down and abandoning module SpeedTreeImporter (108)
[2015.09.28-17.01.14:022][805]LogModuleManager: Shutting down and abandoning module PluginBrowser (107)
[2015.09.28-17.01.14:022][805]LogModuleManager: Shutting down and abandoning module EpicSurvey (106)
[2015.09.28-17.01.14:023][805]LogModuleManager: Shutting down and abandoning module DesktopPlatform (105)
[2015.09.28-17.01.14:023][805]LogModuleManager: Shutting down and abandoning module VisualStudioSourceCodeAccess (104)
[2015.09.28-17.01.14:023][805]LogModuleManager: Shutting down and abandoning module UObjectPlugin (103)
[2015.09.28-17.01.14:023][805]LogModuleManager: Shutting down and abandoning module SubversionSourceControl (102)
[2015.09.28-17.01.14:023][805]LogModuleManager: Shutting down and abandoning module PerforceSourceControl (101)
[2015.09.28-17.01.14:023][805]LogModuleManager: Shutting down and abandoning module SourceControl (100)
[2015.09.28-17.01.14:023][805]LogModuleManager: Shutting down and abandoning module GitSourceControl (99)
[2015.09.28-17.01.14:023][805]LogModuleManager: Shutting down and abandoning module LightPropagationVolumeEditor (98)
[2015.09.28-17.01.14:023][805]LogModuleManager: Shutting down and abandoning module PaperTiledImporter (97)
[2015.09.28-17.01.14:023][805]LogModuleManager: Shutting down and abandoning module PaperSpriteSheetImporter (96)
[2015.09.28-17.01.14:023][805]LogModuleManager: Shutting down and abandoning module MeshPaint (95)
[2015.09.28-17.01.14:023][805]LogModuleManager: Shutting down and abandoning module SlateReflector (94)
[2015.09.28-17.01.14:023][805]LogModuleManager: Shutting down and abandoning module HotReload (93)
[2015.09.28-17.01.14:023][805]LogModuleManager: Shutting down and abandoning module MainFrame (92)
[2015.09.28-17.01.14:023][805]LogModuleManager: Shutting down and abandoning module LevelEditor (91)
[2015.09.28-17.01.14:025][805]LogModuleManager: Shutting down and abandoning module DirectoryWatcher (90)
[2015.09.28-17.01.14:026][805]LogModuleManager: Shutting down and abandoning module AssetRegistry (89)
[2015.09.28-17.01.14:147][805]LogModuleManager: Shutting down and abandoning module ContentBrowser (88)
[2015.09.28-17.01.14:148][805]LogModuleManager: Shutting down and abandoning module Paper2DEditor (87)
[2015.09.28-17.01.14:148][805]LogModuleManager: Shutting down and abandoning module UdpMessaging (86)
[2015.09.28-17.01.14:249][805]LogModuleManager: Shutting down and abandoning module LightPropagationVolumeRuntime (85)
[2015.09.28-17.01.14:249][805]LogModuleManager: Shutting down and abandoning module Paper2D (84)
[2015.09.28-17.01.14:249][805]LogModuleManager: Shutting down and abandoning module WindowsMoviePlayer (83)
[2015.09.28-17.01.14:254][805]LogModuleManager: Shutting down and abandoning module Media (82)
[2015.09.28-17.01.14:254][805]LogModuleManager: Shutting down and abandoning module WmfMedia (81)
[2015.09.28-17.01.14:254][805]LogModuleManager: Shutting down and abandoning module OnlineBlueprintSupport (80)
[2015.09.28-17.01.14:254][805]LogModuleManager: Shutting down and abandoning module EnvironmentQueryEditor (79)
[2015.09.28-17.01.14:254][805]LogModuleManager: Shutting down and abandoning module GameplayTasksEditor (78)
[2015.09.28-17.01.14:254][805]LogModuleManager: Shutting down and abandoning module PropertyEditor (77)
[2015.09.28-17.01.14:254][805]LogModuleManager: Shutting down and abandoning module BehaviorTreeEditor (76)
[2015.09.28-17.01.14:254][805]LogModuleManager: Shutting down and abandoning module FunctionalTesting (75)
[2015.09.28-17.01.14:254][805]LogModuleManager: Shutting down and abandoning module CollisionAnalyzer (74)
[2015.09.28-17.01.14:254][805]LogModuleManager: Shutting down and abandoning module WorkspaceMenuStructure (73)
[2015.09.28-17.01.14:254][805]LogModuleManager: Shutting down and abandoning module MessageLog (72)
[2015.09.28-17.01.14:254][805]LogModuleManager: Shutting down and abandoning module Sequencer (71)
[2015.09.28-17.01.14:254][805]LogModuleManager: Shutting down and abandoning module AssetTools (70)
[2015.09.28-17.01.14:254][805]LogModuleManager: Shutting down and abandoning module UMGEditor (69)
[2015.09.28-17.01.14:254][805]LogModuleManager: Shutting down and abandoning module UMG (68)
[2015.09.28-17.01.14:254][805]LogModuleManager: Shutting down and abandoning module Slate (67)
[2015.09.28-17.01.14:254][805]LogModuleManager: Shutting down and abandoning module EditorStyle (66)
[2015.09.28-17.01.14:257][805]LogModuleManager: Shutting down and abandoning module SessionServices (65)
[2015.09.28-17.01.14:257][805]LogModuleManager: Shutting down and abandoning module SourceCodeAccess (64)
[2015.09.28-17.01.14:257][805]LogModuleManager: Shutting down and abandoning module HeadMountedDisplay (63)
[2015.09.28-17.01.14:257][805]LogModuleManager: Shutting down and abandoning module XAudio2 (62)
[2015.09.28-17.01.14:257][805]LogModuleManager: Shutting down and abandoning module Networking (60)
[2015.09.28-17.01.14:257][805]LogModuleManager: Shutting down and abandoning module Core (59)
[2015.09.28-17.01.14:257][805]LogModuleManager: Shutting down and abandoning module KismetCompiler (58)
[2015.09.28-17.01.14:257][805]LogModuleManager: Shutting down and abandoning module PhysXFormats (57)
[2015.09.28-17.01.14:257][805]LogModuleManager: Shutting down and abandoning module MeshUtilities (56)
[2015.09.28-17.01.14:257][805]LogModuleManager: Shutting down and abandoning module CookingStats (55)
[2015.09.28-17.01.14:259][805]LogModuleManager: Shutting down and abandoning module DerivedDataCache (54)
[2015.09.28-17.01.14:336][805]LogDerivedDataCache: Shutdown
[2015.09.28-17.01.14:336][805]LogModuleManager: Shutting down and abandoning module ShaderFormatOpenGL (53)
[2015.09.28-17.01.14:336][805]LogModuleManager: Shutting down and abandoning module ShaderFormatD3D (52)
[2015.09.28-17.01.14:336][805]LogModuleManager: Shutting down and abandoning module MetalShaderFormat (51)
[2015.09.28-17.01.14:336][805]LogModuleManager: Shutting down and abandoning module TextureFormatUncompressed (50)
[2015.09.28-17.01.14:336][805]LogModuleManager: Shutting down and abandoning module TextureFormatPVR (49)
[2015.09.28-17.01.14:336][805]LogModuleManager: Shutting down and abandoning module TextureFormatIntelISPCTexComp (48)
[2015.09.28-17.01.14:336][805]LogModuleManager: Shutting down and abandoning module TextureFormatDXT (47)
[2015.09.28-17.01.14:336][805]LogModuleManager: Shutting down and abandoning module ImageWrapper (46)
[2015.09.28-17.01.14:336][805]LogModuleManager: Shutting down and abandoning module TextureFormatASTC (45)
[2015.09.28-17.01.14:336][805]LogModuleManager: Shutting down and abandoning module TextureFormatAndroid (44)
[2015.09.28-17.01.14:336][805]LogModuleManager: Shutting down and abandoning module AudioFormatOpus (43)
[2015.09.28-17.01.14:336][805]LogModuleManager: Shutting down and abandoning module AudioFormatOgg (42)
[2015.09.28-17.01.14:336][805]LogModuleManager: Shutting down and abandoning module AudioFormatADPCM (41)
[2015.09.28-17.01.14:336][805]LogModuleManager: Shutting down and abandoning module LinuxTargetPlatform (40)
[2015.09.28-17.01.14:336][805]LogModuleManager: Shutting down and abandoning module LinuxServerTargetPlatform (39)
[2015.09.28-17.01.14:336][805]LogModuleManager: Shutting down and abandoning module LinuxNoEditorTargetPlatform (38)
[2015.09.28-17.01.14:336][805]LogModuleManager: Shutting down and abandoning module Messaging (37)
[2015.09.28-17.01.14:336][805]LogModuleManager: Shutting down and abandoning module IOSTargetPlatform (36)
[2015.09.28-17.01.14:336][805]LogModuleManager: Shutting down and abandoning module HTML5TargetPlatform (35)
[2015.09.28-17.01.14:336][805]LogModuleManager: Shutting down and abandoning module Android_PVRTCTargetPlatform (34)
[2015.09.28-17.01.14:336][805]LogModuleManager: Shutting down and abandoning module Android_ETC2TargetPlatform (33)
[2015.09.28-17.01.14:336][805]LogModuleManager: Shutting down and abandoning module Android_ETC1TargetPlatform (32)
[2015.09.28-17.01.14:336][805]LogModuleManager: Shutting down and abandoning module Android_DXTTargetPlatform (31)
[2015.09.28-17.01.14:336][805]LogModuleManager: Shutting down and abandoning module Android_ATCTargetPlatform (30)
[2015.09.28-17.01.14:336][805]LogModuleManager: Shutting down and abandoning module Android_ASTCTargetPlatform (29)
[2015.09.28-17.01.14:336][805]LogModuleManager: Shutting down and abandoning module AndroidTargetPlatform (28)
[2015.09.28-17.01.14:336][805]LogModuleManager: Shutting down and abandoning module WindowsTargetPlatform (27)
[2015.09.28-17.01.14:336][805]LogModuleManager: Shutting down and abandoning module WindowsServerTargetPlatform (26)
[2015.09.28-17.01.14:336][805]LogModuleManager: Shutting down and abandoning module WindowsNoEditorTargetPlatform (25)
[2015.09.28-17.01.14:336][805]LogModuleManager: Shutting down and abandoning module WindowsClientTargetPlatform (24)
[2015.09.28-17.01.14:336][805]LogModuleManager: Shutting down and abandoning module AllDesktopTargetPlatform (23)
[2015.09.28-17.01.14:336][805]LogModuleManager: Shutting down and abandoning module TargetPlatform (22)
[2015.09.28-17.01.14:336][805]LogModuleManager: Shutting down and abandoning module InputCore (21)
[2015.09.28-17.01.14:336][805]LogModuleManager: Shutting down and abandoning module Settings (20)
[2015.09.28-17.01.14:336][805]LogModuleManager: Shutting down and abandoning module OnlineSubsystem (18)
[2015.09.28-17.01.14:336][805]LogModuleManager: Shutting down and abandoning module HTTP (17)
[2015.09.28-17.01.15:339][805]LogModuleManager: Shutting down and abandoning module XMPP (16)
[2015.09.28-17.01.15:339][805]LogModuleManager: Shutting down and abandoning module ExampleDeviceProfileSelector (15)
[2015.09.28-17.01.15:339][805]LogModuleManager: Shutting down and abandoning module TextureCompressor (14)
[2015.09.28-17.01.15:340][805]LogModuleManager: Shutting down and abandoning module ShaderCore (13)
[2015.09.28-17.01.15:340][805]LogModuleManager: Shutting down and abandoning module Landscape (12)
[2015.09.28-17.01.15:340][805]LogModuleManager: Shutting down and abandoning module SlateRHIRenderer (11)
[2015.09.28-17.01.15:345][805]LogModuleManager: Shutting down and abandoning module OpenGLDrv (10)
[2015.09.28-17.01.15:345][805]LogModuleManager: Shutting down and abandoning module D3D11RHI (9)
[2015.09.28-17.01.15:345][805]LogModuleManager: Shutting down and abandoning module AnimGraphRuntime (8)
[2015.09.28-17.01.15:345][805]LogModuleManager: Shutting down and abandoning module Renderer (7)
[2015.09.28-17.01.15:345][805]LogModuleManager: Shutting down and abandoning module Engine (6)
[2015.09.28-17.01.15:345][805]LogModuleManager: Shutting down and abandoning module CoreUObject (5)
[2015.09.28-17.01.15:345][805]LogModuleManager: Shutting down and abandoning module NetworkFile (4)
[2015.09.28-17.01.15:345][805]LogModuleManager: Shutting down and abandoning module StreamingFile (3)
[2015.09.28-17.01.15:345][805]LogModuleManager: Shutting down and abandoning module SandboxFile (2)
[2015.09.28-17.01.15:345][805]LogModuleManager: Shutting down and abandoning module PakFile (1)
[2015.09.28-17.01.15:346][805]LogExit: Exiting.
[2015.09.28-17.01.15:398][805]Log file closed, 09/28/15 10:01:15
