[2015.09.08-16.37.29:537][  0]Log file open, 09/08/15 09:37:29
[2015.09.08-16.37.29:537][  0]LogInit:Display: Running engine for game: MyRTS_TropicoStyle
[2015.09.08-16.37.29:537][  0]LogInit:Display: RandInit(-742718914) SRandInit(-742718914).
[2015.09.08-16.37.29:537][  0]LogTaskGraph: Started task graph with 4 named threads and 5 total threads.
[2015.09.08-16.37.29:537][  0]LogStats: Stats thread started at 0.087972
[2015.09.08-16.37.29:537][  0]LogInit: Version: 4.9.0-2672455+++depot+UE4-Releases+4.9
[2015.09.08-16.37.29:537][  0]LogInit: API Version: 2672455
[2015.09.08-16.37.29:537][  0]LogInit: Compiled (64-bit): Aug 28 2015 12:33:01
[2015.09.08-16.37.29:537][  0]LogInit: Compiled with Visual C++: 18.00.21005.01
[2015.09.08-16.37.29:537][  0]LogInit: Build Configuration: Development
[2015.09.08-16.37.29:537][  0]LogInit: Branch Name: ++depot+UE4-Releases+4.9
[2015.09.08-16.37.29:537][  0]LogInit: Command line:  
[2015.09.08-16.37.29:537][  0]LogInit: Base directory: C:/Program Files/Epic Games/4.9/Engine/Binaries/Win64/
[2015.09.08-16.37.29:537][  0]LogInit: Rocket: 1
[2015.09.08-16.37.29:551][  0]LogInit: Using libcurl 7.41.0
[2015.09.08-16.37.29:551][  0]LogInit:  - built for x86_64-pc-win32
[2015.09.08-16.37.29:551][  0]LogInit:  - supports SSL with WinSSL
[2015.09.08-16.37.29:551][  0]LogInit:  - other features:
[2015.09.08-16.37.29:551][  0]LogInit:      CURL_VERSION_SSL
[2015.09.08-16.37.29:551][  0]LogInit:      CURL_VERSION_IPV6
[2015.09.08-16.37.29:551][  0]LogInit:      CURL_VERSION_ASYNCHDNS
[2015.09.08-16.37.29:551][  0]LogInit:      CURL_VERSION_LARGEFILE
[2015.09.08-16.37.29:551][  0]LogInit:      CURL_VERSION_IDN
[2015.09.08-16.37.29:551][  0]LogInit:  CurlRequestOptions (configurable via config and command line):
[2015.09.08-16.37.29:551][  0]LogInit:  - bVerifyPeer = true  - Libcurl will verify peer certificate
[2015.09.08-16.37.29:551][  0]LogInit:  - bUseHttpProxy = false  - Libcurl will NOT use HTTP proxy
[2015.09.08-16.37.29:551][  0]LogInit:  - bDontReuseConnections = false  - Libcurl will reuse connections
[2015.09.08-16.37.29:551][  0]LogInit:  - CertBundlePath = nullptr  - Libcurl will use whatever was configured at build time.
[2015.09.08-16.37.29:564][  0]LogInit: Presizing for 0 objects not considered by GC, pre-allocating 0 bytes.
[2015.09.08-16.37.29:580][  0]LogInit: Object subsystem initialized
[2015.09.08-16.37.29:583][  0]LogInit: Selected Device Profile: [Windows]
[2015.09.08-16.37.29:583][  0]LogInit: Applying CVar settings loaded from the selected device profile: [Windows]
[2015.09.08-16.37.29:599][  0]LogInit: Computer: LIVINGROOM-PC
[2015.09.08-16.37.29:599][  0]LogInit: User: Jesse
[2015.09.08-16.37.29:599][  0]LogInit: CPU Page size=4096, Cores=2
[2015.09.08-16.37.29:599][  0]LogInit: High frequency timer resolution =3.215361 MHz
[2015.09.08-16.37.29:599][  0]LogMemory: Memory total: Physical=13.9GB (14GB approx)
[2015.09.08-16.37.29:599][  0]LogMemory: Platform Memory Stats for Windows
[2015.09.08-16.37.29:599][  0]LogMemory: Process Physical Memory: 53.77 MB used, 53.77 MB peak
[2015.09.08-16.37.29:599][  0]LogMemory: Process Virtual Memory: 55.48 MB used, 55.48 MB peak
[2015.09.08-16.37.29:599][  0]LogMemory: Physical Memory: 4884.26 MB used, 14272.97 MB total
[2015.09.08-16.37.29:599][  0]LogMemory: Virtual Memory: 352.93 MB used, 134217728.00 MB total
[2015.09.08-16.37.29:680][  0]LogTextLocalizationManager: No specific translations for ('en-US') exist, so ('en') translations will be used.
[2015.09.08-16.37.30:676][  0]LogD3D11RHI: Found D3D11 adapter 0: NVIDIA GeForce GTX 660   (Feature Level 11_0)
[2015.09.08-16.37.30:676][  0]LogD3D11RHI: Adapter has 1984MB of dedicated video memory, 0MB of dedicated system memory, and 2048MB of shared system memory, 2 output[s]
[2015.09.08-16.37.30:678][  0]LogD3D11RHI: Found D3D11 adapter 1: Microsoft Basic Render Driver (Feature Level 11_0)
[2015.09.08-16.37.30:678][  0]LogD3D11RHI: Adapter has 0MB of dedicated video memory, 0MB of dedicated system memory, and 256MB of shared system memory, 0 output[s]
[2015.09.08-16.37.30:678][  0]LogD3D11RHI: Chosen D3D11 Adapter Id = 0
[2015.09.08-16.37.30:684][  0]LogD3D11RHI: !Direct3DDevice
[2015.09.08-16.37.30:684][  0]LogRHI: Texture pool is 1361 MB (70% of 1945 MB)
[2015.09.08-16.37.30:705][  0]LogD3D11RHI: Async texture creation enabled
[2015.09.08-16.37.30:725][  0]LogShaderCompilers: Guid format shader working directory is 15 characters bigger than the processId version (../../../../../../Users/Jesse/Desktop/Unreal/MyRTS_TropicoStyle 4.9/Intermediate/Shaders/WorkingDirectory/3632/).
[2015.09.08-16.37.30:726][  0]LogShaderCompilers: Cleaned the shader compiler working directory '../../../../../../Users/Jesse/Desktop/Unreal/MyRTS_TropicoStyle 4.9/Intermediate/Shaders/tmp/1A6F52D24C8BC66E62B667B7E0323D1A/'.
[2015.09.08-16.37.30:726][  0]LogShaderCompilers:Display: Using Local Shader Compiler.
[2015.09.08-16.37.32:534][  0]LogTemp:Display: Loaded TP AllDesktopTargetPlatform
[2015.09.08-16.37.32:540][  0]LogTemp:Display: Loaded TP WindowsClientTargetPlatform
[2015.09.08-16.37.32:547][  0]LogTemp:Display: Loaded TP WindowsNoEditorTargetPlatform
[2015.09.08-16.37.32:553][  0]LogTemp:Display: Loaded TP WindowsServerTargetPlatform
[2015.09.08-16.37.32:559][  0]LogTemp:Display: Loaded TP WindowsTargetPlatform
[2015.09.08-16.37.32:565][  0]LogTemp:Display: Loaded TP AndroidTargetPlatform
[2015.09.08-16.37.32:570][  0]LogTemp:Display: Loaded TP Android_ASTCTargetPlatform
[2015.09.08-16.37.32:575][  0]LogTemp:Display: Loaded TP Android_ATCTargetPlatform
[2015.09.08-16.37.32:584][  0]LogTemp:Display: Loaded TP Android_DXTTargetPlatform
[2015.09.08-16.37.32:591][  0]LogTemp:Display: Loaded TP Android_ETC1TargetPlatform
[2015.09.08-16.37.32:596][  0]LogTemp:Display: Loaded TP Android_ETC2TargetPlatform
[2015.09.08-16.37.32:602][  0]LogTemp:Display: Loaded TP Android_PVRTCTargetPlatform
[2015.09.08-16.37.32:604][  0]LogTemp:Display: Loaded TP HTML5TargetPlatform
[2015.09.08-16.37.32:625][  0]LogTemp:Display: Loaded TP IOSTargetPlatform
[2015.09.08-16.37.32:631][  0]LogTemp:Display: Loaded TP LinuxNoEditorTargetPlatform
[2015.09.08-16.37.32:635][  0]LogTemp:Display: Loaded TP LinuxServerTargetPlatform
[2015.09.08-16.37.32:640][  0]LogTemp:Display: Loaded TP LinuxTargetPlatform
[2015.09.08-16.37.32:641][  0]LogTargetPlatformManager:Display: Building Assets For Windows
[2015.09.08-16.37.32:764][  0]LogDerivedDataCache:Display: Max Cache Size: 512 MB
[2015.09.08-16.37.32:819][  0]LogDerivedDataCache: Loaded boot cache 0.05s 41MB C:/Users/Jesse/AppData/Local/UnrealEngine/4.9/DerivedDataCache/Boot.ddc.
[2015.09.08-16.37.32:819][  0]LogDerivedDataCache:Display: Loaded Boot cache: C:/Users/Jesse/AppData/Local/UnrealEngine/4.9/DerivedDataCache/Boot.ddc
[2015.09.08-16.37.32:819][  0]LogDerivedDataCache: FDerivedDataBackendGraph:  Pak pak cache file ../../../../../../Users/Jesse/Desktop/Unreal/MyRTS_TropicoStyle 4.9/DerivedDataCache/DDC.ddp not found, will not use a pak cache.
[2015.09.08-16.37.32:819][  0]LogDerivedDataCache: Unable to find inner node Pak for hierarchical cache Hierarchy.
[2015.09.08-16.37.32:819][  0]LogDerivedDataCache: FDerivedDataBackendGraph:  CompressedPak pak cache file ../../../../../../Users/Jesse/Desktop/Unreal/MyRTS_TropicoStyle 4.9/DerivedDataCache/Compressed.ddp not found, will not use a pak cache.
[2015.09.08-16.37.32:819][  0]LogDerivedDataCache: Unable to find inner node CompressedPak for hierarchical cache Hierarchy.
[2015.09.08-16.37.32:999][  0]LogDerivedDataCache:Display: Pak cache opened for reading ../../../Engine/DerivedDataCache/Compressed.ddp.
[2015.09.08-16.37.33:012][  0]LogDerivedDataCache: Using Local data cache path C:/Users/Jesse/AppData/Local/UnrealEngine/Common/DerivedDataCache: Writable
[2015.09.08-16.37.33:255][  0]LogInit: Selected Device Profile: [Windows]
[2015.09.08-16.37.33:260][  0]LogContentStreaming: Texture pool size is 0.000000MB
[2015.09.08-16.37.33:451][  0]LogMeshUtilities: No automatic mesh reduction module available
[2015.09.08-16.37.33:451][  0]LogMeshUtilities: No automatic mesh merging module available
[2015.09.08-16.37.33:875][  0]LogInit: WinSock: version 1.1 (2.2), MaxSocks=32767, MaxUdp=65467
[2015.09.08-16.37.34:840][  0]UdpMessaging: Initializing bridge on interface 0.0.0.0:0 to multicast group 230.0.0.1:6666.
[2015.09.08-16.37.34:957][  0]LogAssetRegistry: FAssetRegistry took 0.0110 seconds to start up
[2015.09.08-16.37.35:232][  0]SourceControl: Info Source control is disabled
[2015.09.08-16.37.35:258][  0]SourceControl: Info Source control is disabled
[2015.09.08-16.37.35:274][  0]SourceControl: Info Source control is disabled
[2015.09.08-16.37.35:292][  0]SourceControl: Info Source control is disabled
[2015.09.08-16.37.35:514][  0]LogLinker:Warning: Asset '../../../Engine/Plugins/Runtime/LeapMotionController/Content/LM_PassthroughMaterial.uasset' has been saved with empty engine version. The asset will be loaded but may be incompatible.
[2015.09.08-16.37.35:625][  0]LogObj: 28380 objects as part of root set at end of initial load.
[2015.09.08-16.37.35:625][  0]LogUObjectAllocator: 6044384 out of 0 bytes used by permanent object pool.
[2015.09.08-16.37.35:695][  0]LogEngine: Initializing Engine...
[2015.09.08-16.37.35:700][  0]LogHMD: Can't find Oculus library dev build: is proper Runtime installed? Version: 0.6.0.0
[2015.09.08-16.37.35:701][  0]LogHMD: SteamVR failed to initialize.  Err: 110
[2015.09.08-16.37.35:874][  0]LogAIModule: Creating AISystem for world NewWorld
[2015.09.08-16.37.35:889][  0]LogInit: XAudio2 using 'Speakers (Realtek High Definition Audio)' : 2 channels at 48 kHz using 32 bits per sample (channel mask 0x3)
[2015.09.08-16.37.35:902][  0]LogInit: FAudioDevice initialized.
[2015.09.08-16.37.35:926][  0]LogDerivedDataCache: Saved boot cache 0.02s 41MB C:/Users/Jesse/AppData/Local/UnrealEngine/4.9/DerivedDataCache/Boot.ddc.
[2015.09.08-16.37.35:932][  0]LogInit: Texture streaming: Enabled
[2015.09.08-16.37.35:939][  0]LogAnalytics: Creating configured Analytics provider AnalyticsET
[2015.09.08-16.37.35:939][  0]LogAnalytics: [UEEditor.Rocket.Release] APIServer = http://et2.epicgames.com/ET2/. AppVersion = 4.9.0-2672455+++depot+UE4-Releases+4.9
[2015.09.08-16.37.35:939][  0]LogAnalytics: [UEEditor.Rocket.Release] SetUserId bde184f9425f135229c5dbbb428340e3|3b8075bc1ed94341b886f5e4c6e1b23d|8e16a760-2030-4f56-a98c-f31bd1df95e0
[2015.09.08-16.37.35:939][  0]LogAnalytics: [UEEditor.Rocket.Release] AnalyticsET::StartSession
[2015.09.08-16.37.35:979][  0]LogInit: Transaction tracking system initialized
[2015.09.08-16.37.36:048][  0]BlueprintLog: New page: Editor Load
[2015.09.08-16.37.36:221][  0]LocalizationService: Info Localization service is disabled
[2015.09.08-16.37.36:374][  0]LogConsoleResponse:Display: 
[2015.09.08-16.37.36:537][  0]LogCook:Display: Done creating registry. It took  0.00s.
[2015.09.08-16.37.36:630][  0]SourceControl: Info Source control is disabled
[2015.09.08-16.37.36:630][  0]Cmd: MAP LOAD FILE="../../../../../../Users/Jesse/Desktop/Unreal/MyRTS_TropicoStyle 4.9/Content/TopDownBP/Maps/TopDownExampleMap.umap" TEMPLATE=0 SHOWPROGRESS=1 FEATURELEVEL=3
[2015.09.08-16.37.36:631][  0]LightingResults: New page: Lighting Build
[2015.09.08-16.37.36:637][  0]MapCheck: New page: Map Check
[2015.09.08-16.37.36:637][  0]LightingResults: New page: Lighting Build
[2015.09.08-16.37.36:666][  0]LogParticles: Destroying 0 GPU particle simulations for FXSystem 0x000000F7AB8F3CE0
[2015.09.08-16.37.44:066][  0]LogAIModule: Creating AISystem for world TopDownExampleMap
[2015.09.08-16.37.44:127][  0]LogEditorServer: Finished looking for orphan Actors (0.000 secs)
[2015.09.08-16.37.44:129][  0]Cmd: MAP CHECKDEP NOCLEARLOG
[2015.09.08-16.37.44:428][  0]MapCheck:Warning: Warning CustomSkySphere_BP_111 CustomSkySphere_BP_C /Game/TopDownBP/Maps/TopDownExampleMap.TopDownExampleMap:PersistentLevel.CustomSkySphere_BP_111 : Externally referenced 
[2015.09.08-16.37.44:428][  0]MapCheck:Warning: Warning CustomSkySphere_BP_111 CustomSkySphere_BP_C /Game/TopDownBP/Maps/TopDownExampleMap.TopDownExampleMap:PersistentLevel.CustomSkySphere_BP_111 : Externally referenced 
[2015.09.08-16.37.44:428][  0]MapCheck:Warning: Warning CustomSkySphere_BP_111 CustomSkySphere_BP_C /Game/TopDownBP/Maps/TopDownExampleMap.TopDownExampleMap:PersistentLevel.CustomSkySphere_BP_111 : Externally referenced 
[2015.09.08-16.37.44:428][  0]MapCheck:Warning: Warning MaterialInstanceDynamic_3 MaterialInstanceDynamic /Game/TopDownBP/Maps/TopDownExampleMap.TopDownExampleMap:PersistentLevel.CustomSkySphere_BP_111.TRASH_StaticMeshComponent_0.MaterialInstanceDynamic_3 : Externally referenced 
[2015.09.08-16.37.44:428][  0]MapCheck:Warning: Warning MaterialInstanceDynamic_3 MaterialInstanceDynamic /Game/TopDownBP/Maps/TopDownExampleMap.TopDownExampleMap:PersistentLevel.CustomSkySphere_BP_111.Sky Sphere mesh.MaterialInstanceDynamic_3 : Externally referenced 
[2015.09.08-16.37.44:428][  0]MapCheck:Warning: Warning Sky Sphere mesh StaticMeshComponent /Game/TopDownBP/Maps/TopDownExampleMap.TopDownExampleMap:PersistentLevel.CustomSkySphere_BP_111.Sky Sphere mesh : Externally referenced 
[2015.09.08-16.37.44:428][  0]MapCheck:Warning: Warning Landscape_0 Landscape /Game/TopDownBP/Maps/TopDownExampleMap.TopDownExampleMap:PersistentLevel.Landscape_0 : Externally referenced 
[2015.09.08-16.37.44:428][  0]MapCheck:Warning: Warning AbstractNavData-Default AbstractNavData /Game/TopDownBP/Maps/TopDownExampleMap.TopDownExampleMap:PersistentLevel.AbstractNavData-Default : Externally referenced 
[2015.09.08-16.37.44:428][  0]MapCheck:Warning: Warning RecastNavMesh-Default RecastNavMesh /Game/TopDownBP/Maps/TopDownExampleMap.TopDownExampleMap:PersistentLevel.RecastNavMesh-Default : Externally referenced 
[2015.09.08-16.37.44:429][  0]MapCheck: Info Map check complete: 0 Error(s), 9 Warning(s), took 300.09ms to complete.
[2015.09.08-16.37.44:447][  0]LogFileHelpers: Loading map 'TopDownExampleMap' took 7.817
[2015.09.08-16.37.44:581][  0]LogCollectionManager: Loaded 0 collections in 0.002298 seconds
[2015.09.08-16.37.44:625][  0]LogFileCache: Scanning file cache for directory 'C:/Users/Jesse/Desktop/Unreal/MyRTS_TropicoStyle 4.9/Saved/Collections/' took 0.01s
[2015.09.08-16.37.44:625][  0]LogFileCache: Scanning file cache for directory 'C:/Users/Jesse/Desktop/Unreal/MyRTS_TropicoStyle 4.9/Content/Developers/Jesse/Collections/' took 0.01s
[2015.09.08-16.37.44:625][  0]LogFileCache: Scanning file cache for directory 'C:/Users/Jesse/Desktop/Unreal/MyRTS_TropicoStyle 4.9/Content/Collections/' took 0.01s
[2015.09.08-16.37.44:625][  0]LogContentBrowser: Native class hierarchy populated in 0.0092 seconds. Added 1874 classes and 335 folders.
[2015.09.08-16.37.44:633][  0]LogCollectionManager: Rebuilt the GUID cache for 0 collections in 0.000003 seconds
[2015.09.08-16.37.44:641][  0]LogContentBrowser: Native class hierarchy updated for 'WidgetCarousel' in 0.0004 seconds. Added 0 classes and 0 folders.
[2015.09.08-16.37.44:702][  0]LogContentBrowser: Native class hierarchy updated for 'AddContentDialog' in 0.0006 seconds. Added 0 classes and 0 folders.
[2015.09.08-16.37.44:715][  0]LogContentBrowser: Native class hierarchy updated for 'SceneOutliner' in 0.0004 seconds. Added 1 classes and 2 folders.
[2015.09.08-16.37.44:771][  0]LogCrashTracker: Crashtracker disabled due to settings.
[2015.09.08-16.37.44:775][  0]LogUObjectGlobals:Warning: Failed to find object 'Class None.'
[2015.09.08-16.37.44:798][  0]LogLoad: Full Startup: 16.19 seconds (BP compile: 2.84 seconds)
[2015.09.08-16.37.44:886][  0]LogContentStreaming: Texture pool size now 1000 MB
[2015.09.08-16.37.45:021][  0]LogRenderer: Reallocating scene render targets to support 1004x484 (Frame:2).
[2015.09.08-16.37.45:279][  1]Cmd: UpdateLandscapeEditorData -warnings
[2015.09.08-16.37.46:523][ 17]LogAssetRegistry: Asset discovery search completed in 11.5773 seconds
[2015.09.08-16.37.46:524][ 17]LogCollectionManager: Rebuilt the object cache for 0 collections in 0.000001 seconds (found 0 objects)
[2015.09.08-16.37.46:524][ 17]LogCollectionManager: Fixed up redirectors for 0 collections in 0.000054 seconds (updated 0 objects)
[2015.09.08-16.37.47:721][134]LogActorComponent: UnregisterComponent: (/Engine/Transient.CharMoveComp) Not registered. Aborting.
[2015.09.08-16.37.48:079][134]LogWindowsTextInputMethodSystem:Display: IME system now deactivated.
[2015.09.08-16.37.48:410][135]Cmd: QUIT_EDITOR
[2015.09.08-16.37.48:825][135]LogExit: Preparing to exit.
[2015.09.08-16.37.49:982][135]LogExit: Editor shut down
[2015.09.08-16.37.49:983][135]LogExit: Transaction tracking system shut down
[2015.09.08-16.37.49:990][135]LogParticles: Destroying 0 GPU particle simulations for FXSystem 0x000000F7BB494400
[2015.09.08-16.37.49:992][135]LogParticles: Destroying 0 GPU particle simulations for FXSystem 0x000000F7BFE07920
[2015.09.08-16.37.49:992][135]LogParticles: Destroying 0 GPU particle simulations for FXSystem 0x000000F7C0C95C60
[2015.09.08-16.37.49:992][135]LogParticles: Destroying 0 GPU particle simulations for FXSystem 0x000000F7BFDCBCE0
[2015.09.08-16.37.49:992][135]LogParticles: Destroying 0 GPU particle simulations for FXSystem 0x000000F7BFDCA340
[2015.09.08-16.37.50:261][135]LogExit: Object subsystem successfully closed.
[2015.09.08-16.37.50:306][135]LogD3D11RHI: Shutdown
[2015.09.08-16.37.50:306][135]LogD3D11RHI: CleanupD3DDevice
[2015.09.08-16.37.50:417][135]LogD3D11RHI: ~FD3D11DynamicRHI
[2015.09.08-16.37.50:701][135]LogModuleManager: Shutting down and abandoning module CrashTracker (198)
[2015.09.08-16.37.50:701][135]LogModuleManager: Shutting down and abandoning module SceneOutliner (197)
[2015.09.08-16.37.50:701][135]LogModuleManager: Shutting down and abandoning module SuperSearch (196)
[2015.09.08-16.37.50:701][135]LogModuleManager: Shutting down and abandoning module WidgetCarousel (195)
[2015.09.08-16.37.50:701][135]LogModuleManager: Shutting down and abandoning module AddContentDialog (194)
[2015.09.08-16.37.50:702][135]LogModuleManager: Shutting down and abandoning module EditorWidgets (193)
[2015.09.08-16.37.50:702][135]LogModuleManager: Shutting down and abandoning module CollectionManager (192)
[2015.09.08-16.37.50:703][135]LogModuleManager: Shutting down and abandoning module StatsViewer (191)
[2015.09.08-16.37.50:703][135]LogModuleManager: Shutting down and abandoning module FoliageEdit (190)
[2015.09.08-16.37.50:703][135]LogModuleManager: Shutting down and abandoning module LandscapeEditor (189)
[2015.09.08-16.37.50:712][135]LogModuleManager: Shutting down and abandoning module ActorPickerMode (188)
[2015.09.08-16.37.50:712][135]LogModuleManager: Shutting down and abandoning module GeometryMode (187)
[2015.09.08-16.37.50:712][135]LogModuleManager: Shutting down and abandoning module TextureAlignMode (186)
[2015.09.08-16.37.50:712][135]LogModuleManager: Shutting down and abandoning module BspMode (185)
[2015.09.08-16.37.50:712][135]LogModuleManager: Shutting down and abandoning module PlacementMode (184)
[2015.09.08-16.37.50:712][135]LogModuleManager: Shutting down and abandoning module AutomationWorker (183)
[2015.09.08-16.37.50:712][135]LogModuleManager: Shutting down and abandoning module CharacterAI (182)
[2015.09.08-16.37.50:712][135]LogModuleManager: Shutting down and abandoning module SmartSnapping (181)
[2015.09.08-16.37.50:713][135]LogModuleManager: Shutting down and abandoning module ViewportSnapping (180)
[2015.09.08-16.37.50:713][135]LogModuleManager: Shutting down and abandoning module LogVisualizer (179)
[2015.09.08-16.37.50:735][135]LogModuleManager: Shutting down and abandoning module GameProjectGeneration (178)
[2015.09.08-16.37.50:736][135]LogModuleManager: Shutting down and abandoning module IntroTutorials (177)
[2015.09.08-16.37.50:736][135]LogModuleManager: Shutting down and abandoning module EditorLiveStreaming (176)
[2015.09.08-16.37.50:736][135]LogModuleManager: Shutting down and abandoning module IOSPlatformEditor (175)
[2015.09.08-16.37.50:736][135]LogModuleManager: Shutting down and abandoning module HTML5PlatformEditor (174)
[2015.09.08-16.37.50:736][135]LogModuleManager: Shutting down and abandoning module AndroidDeviceDetection (173)
[2015.09.08-16.37.51:300][135]LogModuleManager: Shutting down and abandoning module AndroidPlatformEditor (172)
[2015.09.08-16.37.51:300][135]LogModuleManager: Shutting down and abandoning module IOSRuntimeSettings (171)
[2015.09.08-16.37.51:300][135]LogModuleManager: Shutting down and abandoning module AndroidRuntimeSettings (170)
[2015.09.08-16.37.51:300][135]LogModuleManager: Shutting down and abandoning module MergeActors (169)
[2015.09.08-16.37.51:309][135]LogModuleManager: Shutting down and abandoning module SizeMap (168)
[2015.09.08-16.37.51:309][135]LogModuleManager: Shutting down and abandoning module TreeMap (167)
[2015.09.08-16.37.51:309][135]LogModuleManager: Shutting down and abandoning module ReferenceViewer (166)
[2015.09.08-16.37.51:309][135]LogModuleManager: Shutting down and abandoning module LocalizationService (165)
[2015.09.08-16.37.51:309][135]LogModuleManager: Shutting down and abandoning module LocalizationDashboard (164)
[2015.09.08-16.37.51:323][135]LogModuleManager: Shutting down and abandoning module HardwareTargeting (163)
[2015.09.08-16.37.51:323][135]LogModuleManager: Shutting down and abandoning module DeviceProfileEditor (162)
[2015.09.08-16.37.51:323][135]LogModuleManager: Shutting down and abandoning module UndoHistory (161)
[2015.09.08-16.37.51:329][135]LogModuleManager: Shutting down and abandoning module GameplayTagsEditor (160)
[2015.09.08-16.37.51:329][135]LogModuleManager: Shutting down and abandoning module UserFeedback (159)
[2015.09.08-16.37.51:329][135]LogModuleManager: Shutting down and abandoning module XmlParser (158)
[2015.09.08-16.37.51:329][135]LogModuleManager: Shutting down and abandoning module Blutility (157)
[2015.09.08-16.37.51:329][135]LogModuleManager: Shutting down and abandoning module ProjectTargetPlatformEditor (156)
[2015.09.08-16.37.51:329][135]LogModuleManager: Shutting down and abandoning module ProjectSettingsViewer (155)
[2015.09.08-16.37.51:329][135]LogModuleManager: Shutting down and abandoning module InputBindingEditor (154)
[2015.09.08-16.37.51:329][135]LogModuleManager: Shutting down and abandoning module EditorSettingsViewer (153)
[2015.09.08-16.37.51:329][135]LogModuleManager: Shutting down and abandoning module SettingsEditor (152)
[2015.09.08-16.37.51:329][135]LogModuleManager: Shutting down and abandoning module ProjectLauncher (151)
[2015.09.08-16.37.51:342][135]LogModuleManager: Shutting down and abandoning module SessionFrontend (150)
[2015.09.08-16.37.51:357][135]LogModuleManager: Shutting down and abandoning module ProfilerClient (149)
[2015.09.08-16.37.51:357][135]LogModuleManager: Shutting down and abandoning module TargetDeviceServices (148)
[2015.09.08-16.37.51:357][135]LogModuleManager: Shutting down and abandoning module DeviceManager (147)
[2015.09.08-16.37.51:364][135]LogModuleManager: Shutting down and abandoning module AutomationController (146)
[2015.09.08-16.37.51:364][135]LogModuleManager: Shutting down and abandoning module AutomationWindow (145)
[2015.09.08-16.37.51:376][135]LogModuleManager: Shutting down and abandoning module Layers (144)
[2015.09.08-16.37.51:398][135]LogModuleManager: Shutting down and abandoning module ComponentVisualizers (143)
[2015.09.08-16.37.51:398][135]LogModuleManager: Shutting down and abandoning module DetailCustomizations (142)
[2015.09.08-16.37.51:398][135]LogModuleManager: Shutting down and abandoning module PackagesDialog (141)
[2015.09.08-16.37.51:398][135]LogModuleManager: Shutting down and abandoning module Persona (140)
[2015.09.08-16.37.51:413][135]LogModuleManager: Shutting down and abandoning module Kismet (139)
[2015.09.08-16.37.51:413][135]LogModuleManager: Shutting down and abandoning module GraphEditor (138)
[2015.09.08-16.37.51:413][135]LogModuleManager: Shutting down and abandoning module ClassViewer (137)
[2015.09.08-16.37.51:413][135]LogModuleManager: Shutting down and abandoning module Toolbox (136)
[2015.09.08-16.37.51:413][135]LogModuleManager: Shutting down and abandoning module ModuleUI (135)
[2015.09.08-16.37.51:426][135]LogModuleManager: Shutting down and abandoning module MovieSceneTools (134)
[2015.09.08-16.37.51:427][135]LogModuleManager: Shutting down and abandoning module OutputLog (133)
[2015.09.08-16.37.51:427][135]LogModuleManager: Shutting down and abandoning module GammaUI (132)
[2015.09.08-16.37.51:427][135]LogModuleManager: Shutting down and abandoning module Documentation (131)
[2015.09.08-16.37.51:427][135]LogModuleManager: Shutting down and abandoning module GameLiveStreaming (130)
[2015.09.08-16.37.51:427][135]LogModuleManager: Shutting down and abandoning module StreamingPauseRendering (129)
[2015.09.08-16.37.51:427][135]LogModuleManager: Shutting down and abandoning module AnalyticsET (128)
[2015.09.08-16.37.51:427][135]LogModuleManager: Shutting down and abandoning module Analytics (127)
[2015.09.08-16.37.51:427][135]LogModuleManager: Shutting down and abandoning module AITestSuite (126)
[2015.09.08-16.37.51:427][135]LogModuleManager: Shutting down and abandoning module GameplayDebugger (125)
[2015.09.08-16.37.51:427][135]LogModuleManager: Shutting down and abandoning module AIModule (124)
[2015.09.08-16.37.51:427][135]LogModuleManager: Shutting down and abandoning module ProfilerService (123)
[2015.09.08-16.37.51:648][135]LogModuleManager: Shutting down and abandoning module TaskGraph (122)
[2015.09.08-16.37.51:648][135]LogModuleManager: Shutting down and abandoning module SlateRemote (121)
[2015.09.08-16.37.51:648][135]LogModuleManager: Shutting down and abandoning module SteamVRController (120)
[2015.09.08-16.37.51:648][135]LogModuleManager: Shutting down and abandoning module SteamVR (119)
[2015.09.08-16.37.51:648][135]LogModuleManager: Shutting down and abandoning module ProceduralMeshComponent (118)
[2015.09.08-16.37.51:648][135]LogModuleManager: Shutting down and abandoning module OculusRift (117)
[2015.09.08-16.37.51:648][135]LogModuleManager: Shutting down and abandoning module OculusLibrary (116)
[2015.09.08-16.37.51:648][135]LogModuleManager: Shutting down and abandoning module LeapMotionController (115)
[2015.09.08-16.37.51:680][135]LogModuleManager: Shutting down and abandoning module CustomMeshComponent (114)
[2015.09.08-16.37.51:680][135]LogModuleManager: Shutting down and abandoning module CableComponent (113)
[2015.09.08-16.37.51:680][135]LogModuleManager: Shutting down and abandoning module ArchVisCharacter (112)
[2015.09.08-16.37.51:680][135]LogModuleManager: Shutting down and abandoning module MessagingDebugger (111)
[2015.09.08-16.37.51:693][135]LogModuleManager: Shutting down and abandoning module MediaPlayerEditor (110)
[2015.09.08-16.37.51:693][135]LogModuleManager: Shutting down and abandoning module HTML5Networking (109)
[2015.09.08-16.37.51:693][135]LogModuleManager: Shutting down and abandoning module SpeedTreeImporter (108)
[2015.09.08-16.37.51:693][135]LogModuleManager: Shutting down and abandoning module PluginBrowser (107)
[2015.09.08-16.37.51:693][135]LogModuleManager: Shutting down and abandoning module EpicSurvey (106)
[2015.09.08-16.37.51:693][135]LogModuleManager: Shutting down and abandoning module DesktopPlatform (105)
[2015.09.08-16.37.51:693][135]LogModuleManager: Shutting down and abandoning module VisualStudioSourceCodeAccess (104)
[2015.09.08-16.37.51:693][135]LogModuleManager: Shutting down and abandoning module UObjectPlugin (103)
[2015.09.08-16.37.51:693][135]LogModuleManager: Shutting down and abandoning module SubversionSourceControl (102)
[2015.09.08-16.37.51:693][135]LogModuleManager: Shutting down and abandoning module PerforceSourceControl (101)
[2015.09.08-16.37.51:693][135]LogModuleManager: Shutting down and abandoning module SourceControl (100)
[2015.09.08-16.37.51:693][135]LogModuleManager: Shutting down and abandoning module GitSourceControl (99)
[2015.09.08-16.37.51:693][135]LogModuleManager: Shutting down and abandoning module LightPropagationVolumeEditor (98)
[2015.09.08-16.37.51:693][135]LogModuleManager: Shutting down and abandoning module PaperTiledImporter (97)
[2015.09.08-16.37.51:693][135]LogModuleManager: Shutting down and abandoning module PaperSpriteSheetImporter (96)
[2015.09.08-16.37.51:693][135]LogModuleManager: Shutting down and abandoning module MeshPaint (95)
[2015.09.08-16.37.51:693][135]LogModuleManager: Shutting down and abandoning module SlateReflector (94)
[2015.09.08-16.37.51:707][135]LogModuleManager: Shutting down and abandoning module HotReload (93)
[2015.09.08-16.37.51:707][135]LogModuleManager: Shutting down and abandoning module MainFrame (92)
[2015.09.08-16.37.51:707][135]LogModuleManager: Shutting down and abandoning module LevelEditor (91)
[2015.09.08-16.37.51:709][135]LogModuleManager: Shutting down and abandoning module DirectoryWatcher (90)
[2015.09.08-16.37.51:709][135]LogModuleManager: Shutting down and abandoning module AssetRegistry (89)
[2015.09.08-16.37.51:805][135]LogModuleManager: Shutting down and abandoning module ContentBrowser (88)
[2015.09.08-16.37.51:806][135]LogModuleManager: Shutting down and abandoning module Paper2DEditor (87)
[2015.09.08-16.37.51:818][135]LogModuleManager: Shutting down and abandoning module UdpMessaging (86)
[2015.09.08-16.37.51:920][135]LogModuleManager: Shutting down and abandoning module LightPropagationVolumeRuntime (85)
[2015.09.08-16.37.51:920][135]LogModuleManager: Shutting down and abandoning module Paper2D (84)
[2015.09.08-16.37.51:920][135]LogModuleManager: Shutting down and abandoning module WindowsMoviePlayer (83)
[2015.09.08-16.37.51:933][135]LogModuleManager: Shutting down and abandoning module Media (82)
[2015.09.08-16.37.51:933][135]LogModuleManager: Shutting down and abandoning module WmfMedia (81)
[2015.09.08-16.37.51:934][135]LogModuleManager: Shutting down and abandoning module OnlineBlueprintSupport (80)
[2015.09.08-16.37.51:934][135]LogModuleManager: Shutting down and abandoning module EnvironmentQueryEditor (79)
[2015.09.08-16.37.51:947][135]LogModuleManager: Shutting down and abandoning module GameplayTasksEditor (78)
[2015.09.08-16.37.51:947][135]LogModuleManager: Shutting down and abandoning module PropertyEditor (77)
[2015.09.08-16.37.51:947][135]LogModuleManager: Shutting down and abandoning module BehaviorTreeEditor (76)
[2015.09.08-16.37.51:947][135]LogModuleManager: Shutting down and abandoning module FunctionalTesting (75)
[2015.09.08-16.37.51:947][135]LogModuleManager: Shutting down and abandoning module CollisionAnalyzer (74)
[2015.09.08-16.37.51:947][135]LogModuleManager: Shutting down and abandoning module WorkspaceMenuStructure (73)
[2015.09.08-16.37.51:947][135]LogModuleManager: Shutting down and abandoning module MessageLog (72)
[2015.09.08-16.37.51:947][135]LogModuleManager: Shutting down and abandoning module Sequencer (71)
[2015.09.08-16.37.51:959][135]LogModuleManager: Shutting down and abandoning module AssetTools (70)
[2015.09.08-16.37.51:959][135]LogModuleManager: Shutting down and abandoning module UMGEditor (69)
[2015.09.08-16.37.51:959][135]LogModuleManager: Shutting down and abandoning module UMG (68)
[2015.09.08-16.37.51:959][135]LogModuleManager: Shutting down and abandoning module Slate (67)
[2015.09.08-16.37.51:959][135]LogModuleManager: Shutting down and abandoning module EditorStyle (66)
[2015.09.08-16.37.51:961][135]LogModuleManager: Shutting down and abandoning module SessionServices (65)
[2015.09.08-16.37.51:962][135]LogModuleManager: Shutting down and abandoning module SourceCodeAccess (64)
[2015.09.08-16.37.51:962][135]LogModuleManager: Shutting down and abandoning module HeadMountedDisplay (63)
[2015.09.08-16.37.51:962][135]LogModuleManager: Shutting down and abandoning module XAudio2 (62)
[2015.09.08-16.37.51:962][135]LogModuleManager: Shutting down and abandoning module Networking (60)
[2015.09.08-16.37.51:962][135]LogModuleManager: Shutting down and abandoning module Core (59)
[2015.09.08-16.37.51:962][135]LogModuleManager: Shutting down and abandoning module KismetCompiler (58)
[2015.09.08-16.37.51:962][135]LogModuleManager: Shutting down and abandoning module PhysXFormats (57)
[2015.09.08-16.37.51:962][135]LogModuleManager: Shutting down and abandoning module MeshUtilities (56)
[2015.09.08-16.37.51:981][135]LogModuleManager: Shutting down and abandoning module CookingStats (55)
[2015.09.08-16.37.51:982][135]LogModuleManager: Shutting down and abandoning module DerivedDataCache (54)
[2015.09.08-16.37.52:015][135]LogDerivedDataCache: Shutdown
[2015.09.08-16.37.52:015][135]LogModuleManager: Shutting down and abandoning module ShaderFormatOpenGL (53)
[2015.09.08-16.37.52:015][135]LogModuleManager: Shutting down and abandoning module ShaderFormatD3D (52)
[2015.09.08-16.37.52:023][135]LogModuleManager: Shutting down and abandoning module MetalShaderFormat (51)
[2015.09.08-16.37.52:028][135]LogModuleManager: Shutting down and abandoning module TextureFormatUncompressed (50)
[2015.09.08-16.37.52:028][135]LogModuleManager: Shutting down and abandoning module TextureFormatPVR (49)
[2015.09.08-16.37.52:028][135]LogModuleManager: Shutting down and abandoning module TextureFormatIntelISPCTexComp (48)
[2015.09.08-16.37.52:028][135]LogModuleManager: Shutting down and abandoning module TextureFormatDXT (47)
[2015.09.08-16.37.52:028][135]LogModuleManager: Shutting down and abandoning module ImageWrapper (46)
[2015.09.08-16.37.52:028][135]LogModuleManager: Shutting down and abandoning module TextureFormatASTC (45)
[2015.09.08-16.37.52:028][135]LogModuleManager: Shutting down and abandoning module TextureFormatAndroid (44)
[2015.09.08-16.37.52:028][135]LogModuleManager: Shutting down and abandoning module AudioFormatOpus (43)
[2015.09.08-16.37.52:037][135]LogModuleManager: Shutting down and abandoning module AudioFormatOgg (42)
[2015.09.08-16.37.52:037][135]LogModuleManager: Shutting down and abandoning module AudioFormatADPCM (41)
[2015.09.08-16.37.52:037][135]LogModuleManager: Shutting down and abandoning module LinuxTargetPlatform (40)
[2015.09.08-16.37.52:037][135]LogModuleManager: Shutting down and abandoning module LinuxServerTargetPlatform (39)
[2015.09.08-16.37.52:037][135]LogModuleManager: Shutting down and abandoning module LinuxNoEditorTargetPlatform (38)
[2015.09.08-16.37.52:037][135]LogModuleManager: Shutting down and abandoning module Messaging (37)
[2015.09.08-16.37.52:037][135]LogModuleManager: Shutting down and abandoning module IOSTargetPlatform (36)
[2015.09.08-16.37.52:037][135]LogModuleManager: Shutting down and abandoning module HTML5TargetPlatform (35)
[2015.09.08-16.37.52:037][135]LogModuleManager: Shutting down and abandoning module Android_PVRTCTargetPlatform (34)
[2015.09.08-16.37.52:037][135]LogModuleManager: Shutting down and abandoning module Android_ETC2TargetPlatform (33)
[2015.09.08-16.37.52:037][135]LogModuleManager: Shutting down and abandoning module Android_ETC1TargetPlatform (32)
[2015.09.08-16.37.52:052][135]LogModuleManager: Shutting down and abandoning module Android_DXTTargetPlatform (31)
[2015.09.08-16.37.52:052][135]LogModuleManager: Shutting down and abandoning module Android_ATCTargetPlatform (30)
[2015.09.08-16.37.52:052][135]LogModuleManager: Shutting down and abandoning module Android_ASTCTargetPlatform (29)
[2015.09.08-16.37.52:052][135]LogModuleManager: Shutting down and abandoning module AndroidTargetPlatform (28)
[2015.09.08-16.37.52:052][135]LogModuleManager: Shutting down and abandoning module WindowsTargetPlatform (27)
[2015.09.08-16.37.52:052][135]LogModuleManager: Shutting down and abandoning module WindowsServerTargetPlatform (26)
[2015.09.08-16.37.52:052][135]LogModuleManager: Shutting down and abandoning module WindowsNoEditorTargetPlatform (25)
[2015.09.08-16.37.52:052][135]LogModuleManager: Shutting down and abandoning module WindowsClientTargetPlatform (24)
[2015.09.08-16.37.52:062][135]LogModuleManager: Shutting down and abandoning module AllDesktopTargetPlatform (23)
[2015.09.08-16.37.52:062][135]LogModuleManager: Shutting down and abandoning module TargetPlatform (22)
[2015.09.08-16.37.52:062][135]LogModuleManager: Shutting down and abandoning module InputCore (21)
[2015.09.08-16.37.52:062][135]LogModuleManager: Shutting down and abandoning module Settings (20)
[2015.09.08-16.37.52:062][135]LogModuleManager: Shutting down and abandoning module OnlineSubsystem (18)
[2015.09.08-16.37.52:062][135]LogModuleManager: Shutting down and abandoning module HTTP (17)
[2015.09.08-16.37.54:566][135]LogModuleManager: Shutting down and abandoning module XMPP (16)
[2015.09.08-16.37.54:583][135]LogModuleManager: Shutting down and abandoning module ExampleDeviceProfileSelector (15)
[2015.09.08-16.37.54:583][135]LogModuleManager: Shutting down and abandoning module TextureCompressor (14)
[2015.09.08-16.37.54:592][135]LogModuleManager: Shutting down and abandoning module ShaderCore (13)
[2015.09.08-16.37.54:592][135]LogModuleManager: Shutting down and abandoning module Landscape (12)
[2015.09.08-16.37.54:592][135]LogModuleManager: Shutting down and abandoning module SlateRHIRenderer (11)
[2015.09.08-16.37.54:604][135]LogModuleManager: Shutting down and abandoning module OpenGLDrv (10)
[2015.09.08-16.37.54:612][135]LogModuleManager: Shutting down and abandoning module D3D11RHI (9)
[2015.09.08-16.37.54:612][135]LogModuleManager: Shutting down and abandoning module AnimGraphRuntime (8)
[2015.09.08-16.37.54:612][135]LogModuleManager: Shutting down and abandoning module Renderer (7)
[2015.09.08-16.37.54:612][135]LogModuleManager: Shutting down and abandoning module Engine (6)
[2015.09.08-16.37.54:612][135]LogModuleManager: Shutting down and abandoning module CoreUObject (5)
[2015.09.08-16.37.54:612][135]LogModuleManager: Shutting down and abandoning module NetworkFile (4)
[2015.09.08-16.37.54:620][135]LogModuleManager: Shutting down and abandoning module StreamingFile (3)
[2015.09.08-16.37.54:620][135]LogModuleManager: Shutting down and abandoning module SandboxFile (2)
[2015.09.08-16.37.54:620][135]LogModuleManager: Shutting down and abandoning module PakFile (1)
[2015.09.08-16.37.54:620][135]LogExit: Exiting.
[2015.09.08-16.37.54:622][135]Log file closed, 09/08/15 09:37:54
