[2015.09.11-01.04.38:097][  0]Log file open, 09/10/15 18:04:38
[2015.09.11-01.04.38:097][  0]LogInit:Display: Running engine for game: MyRTS_TropicoStyle
[2015.09.11-01.04.38:097][  0]LogInit:Display: RandInit(7740526) SRandInit(7740527).
[2015.09.11-01.04.38:097][  0]LogTaskGraph: Started task graph with 4 named threads and 7 total threads.
[2015.09.11-01.04.38:097][  0]LogStats: Stats thread started at 0.068906
[2015.09.11-01.04.38:097][  0]LogInit: Version: 4.9.0-2672455+++depot+UE4-Releases+4.9
[2015.09.11-01.04.38:097][  0]LogInit: API Version: 2672455
[2015.09.11-01.04.38:097][  0]LogInit: Compiled (64-bit): Aug 28 2015 12:33:01
[2015.09.11-01.04.38:097][  0]LogInit: Compiled with Visual C++: 18.00.21005.01
[2015.09.11-01.04.38:097][  0]LogInit: Build Configuration: Development
[2015.09.11-01.04.38:097][  0]LogInit: Branch Name: ++depot+UE4-Releases+4.9
[2015.09.11-01.04.38:097][  0]LogInit: Command line:  
[2015.09.11-01.04.38:097][  0]LogInit: Base directory: C:/Program Files/Epic Games/4.9/Engine/Binaries/Win64/
[2015.09.11-01.04.38:097][  0]LogInit: Rocket: 1
[2015.09.11-01.04.38:107][  0]LogInit: Using libcurl 7.41.0
[2015.09.11-01.04.38:107][  0]LogInit:  - built for x86_64-pc-win32
[2015.09.11-01.04.38:107][  0]LogInit:  - supports SSL with WinSSL
[2015.09.11-01.04.38:107][  0]LogInit:  - other features:
[2015.09.11-01.04.38:107][  0]LogInit:      CURL_VERSION_SSL
[2015.09.11-01.04.38:107][  0]LogInit:      CURL_VERSION_IPV6
[2015.09.11-01.04.38:107][  0]LogInit:      CURL_VERSION_ASYNCHDNS
[2015.09.11-01.04.38:107][  0]LogInit:      CURL_VERSION_LARGEFILE
[2015.09.11-01.04.38:107][  0]LogInit:      CURL_VERSION_IDN
[2015.09.11-01.04.38:107][  0]LogInit:  CurlRequestOptions (configurable via config and command line):
[2015.09.11-01.04.38:107][  0]LogInit:  - bVerifyPeer = true  - Libcurl will verify peer certificate
[2015.09.11-01.04.38:107][  0]LogInit:  - bUseHttpProxy = false  - Libcurl will NOT use HTTP proxy
[2015.09.11-01.04.38:107][  0]LogInit:  - bDontReuseConnections = false  - Libcurl will reuse connections
[2015.09.11-01.04.38:107][  0]LogInit:  - CertBundlePath = nullptr  - Libcurl will use whatever was configured at build time.
[2015.09.11-01.04.38:114][  0]LogInit: Presizing for 0 objects not considered by GC, pre-allocating 0 bytes.
[2015.09.11-01.04.38:121][  0]LogInit: Object subsystem initialized
[2015.09.11-01.04.38:123][  0]LogInit: Selected Device Profile: [Windows]
[2015.09.11-01.04.38:123][  0]LogInit: Applying CVar settings loaded from the selected device profile: [Windows]
[2015.09.11-01.04.38:130][  0]LogInit: Computer: JTSMITHFS111
[2015.09.11-01.04.38:130][  0]LogInit: User: jtsmith
[2015.09.11-01.04.38:130][  0]LogInit: CPU Page size=4096, Cores=4
[2015.09.11-01.04.38:130][  0]LogInit: High frequency timer resolution =3.312851 MHz
[2015.09.11-01.04.38:130][  0]LogMemory: Memory total: Physical=8.0GB (8GB approx)
[2015.09.11-01.04.38:130][  0]LogMemory: Platform Memory Stats for Windows
[2015.09.11-01.04.38:130][  0]LogMemory: Process Physical Memory: 56.47 MB used, 56.47 MB peak
[2015.09.11-01.04.38:130][  0]LogMemory: Process Virtual Memory: 58.13 MB used, 58.13 MB peak
[2015.09.11-01.04.38:130][  0]LogMemory: Physical Memory: 3902.99 MB used, 8146.45 MB total
[2015.09.11-01.04.38:130][  0]LogMemory: Virtual Memory: 340.05 MB used, 8388608.00 MB total
[2015.09.11-01.04.38:164][  0]LogTextLocalizationManager: No specific translations for ('en-US') exist, so ('en') translations will be used.
[2015.09.11-01.04.38:889][  0]LogD3D11RHI: Found D3D11 adapter 0: AMD Radeon HD 7570 (Feature Level 11_0)
[2015.09.11-01.04.38:889][  0]LogD3D11RHI: Adapter has 1008MB of dedicated video memory, 0MB of dedicated system memory, and 3817MB of shared system memory, 1 output[s]
[2015.09.11-01.04.38:889][  0]LogD3D11RHI: Chosen D3D11 Adapter Id = 0
[2015.09.11-01.04.38:902][  0]LogD3D11RHI: !Direct3DDevice
[2015.09.11-01.04.38:902][  0]LogRHI: Texture pool is 705 MB (70% of 1008 MB)
[2015.09.11-01.04.38:914][  0]LogD3D11RHI: Async texture creation disabled: no driver support
[2015.09.11-01.04.38:923][  0]LogShaderCompilers: Guid format shader working directory is 14 characters bigger than the processId version (../../../../../../Users/jtsmith/Desktop/Unreal/MyRTS_TropicoStyle 4.9/Intermediate/Shaders/WorkingDirectory/22868/).
[2015.09.11-01.04.38:923][  0]LogShaderCompilers: Cleaned the shader compiler working directory '../../../../../../Users/jtsmith/Desktop/Unreal/MyRTS_TropicoStyle 4.9/Intermediate/Shaders/tmp/F336BE554E4DE03F421A649DDB091277/'.
[2015.09.11-01.04.38:923][  0]LogShaderCompilers:Display: Using Local Shader Compiler.
[2015.09.11-01.04.40:077][  0]LogTemp:Display: Loaded TP AllDesktopTargetPlatform
[2015.09.11-01.04.40:082][  0]LogTemp:Display: Loaded TP WindowsClientTargetPlatform
[2015.09.11-01.04.40:087][  0]LogTemp:Display: Loaded TP WindowsNoEditorTargetPlatform
[2015.09.11-01.04.40:091][  0]LogTemp:Display: Loaded TP WindowsServerTargetPlatform
[2015.09.11-01.04.40:096][  0]LogTemp:Display: Loaded TP WindowsTargetPlatform
[2015.09.11-01.04.40:099][  0]LogTemp:Display: Loaded TP AndroidTargetPlatform
[2015.09.11-01.04.40:102][  0]LogTemp:Display: Loaded TP Android_ASTCTargetPlatform
[2015.09.11-01.04.40:105][  0]LogTemp:Display: Loaded TP Android_ATCTargetPlatform
[2015.09.11-01.04.40:109][  0]LogTemp:Display: Loaded TP Android_DXTTargetPlatform
[2015.09.11-01.04.40:112][  0]LogTemp:Display: Loaded TP Android_ETC1TargetPlatform
[2015.09.11-01.04.40:116][  0]LogTemp:Display: Loaded TP Android_ETC2TargetPlatform
[2015.09.11-01.04.40:120][  0]LogTemp:Display: Loaded TP Android_PVRTCTargetPlatform
[2015.09.11-01.04.40:121][  0]LogTemp:Display: Loaded TP HTML5TargetPlatform
[2015.09.11-01.04.40:137][  0]LogTemp:Display: Loaded TP IOSTargetPlatform
[2015.09.11-01.04.40:141][  0]LogTemp:Display: Loaded TP LinuxNoEditorTargetPlatform
[2015.09.11-01.04.40:144][  0]LogTemp:Display: Loaded TP LinuxServerTargetPlatform
[2015.09.11-01.04.40:148][  0]LogTemp:Display: Loaded TP LinuxTargetPlatform
[2015.09.11-01.04.40:148][  0]LogTargetPlatformManager:Display: Building Assets For Windows
[2015.09.11-01.04.40:225][  0]LogDerivedDataCache:Display: Max Cache Size: 512 MB
[2015.09.11-01.04.40:280][  0]LogDerivedDataCache: Loaded boot cache 0.05s 41MB C:/Users/jtsmith/AppData/Local/UnrealEngine/4.9/DerivedDataCache/Boot.ddc.
[2015.09.11-01.04.40:280][  0]LogDerivedDataCache:Display: Loaded Boot cache: C:/Users/jtsmith/AppData/Local/UnrealEngine/4.9/DerivedDataCache/Boot.ddc
[2015.09.11-01.04.40:280][  0]LogDerivedDataCache: FDerivedDataBackendGraph:  Pak pak cache file ../../../../../../Users/jtsmith/Desktop/Unreal/MyRTS_TropicoStyle 4.9/DerivedDataCache/DDC.ddp not found, will not use a pak cache.
[2015.09.11-01.04.40:280][  0]LogDerivedDataCache: Unable to find inner node Pak for hierarchical cache Hierarchy.
[2015.09.11-01.04.40:280][  0]LogDerivedDataCache: FDerivedDataBackendGraph:  CompressedPak pak cache file ../../../../../../Users/jtsmith/Desktop/Unreal/MyRTS_TropicoStyle 4.9/DerivedDataCache/Compressed.ddp not found, will not use a pak cache.
[2015.09.11-01.04.40:280][  0]LogDerivedDataCache: Unable to find inner node CompressedPak for hierarchical cache Hierarchy.
[2015.09.11-01.04.40:423][  0]LogDerivedDataCache:Display: Pak cache opened for reading ../../../Engine/DerivedDataCache/Compressed.ddp.
[2015.09.11-01.04.40:435][  0]LogDerivedDataCache: Using Local data cache path C:/Users/jtsmith/AppData/Local/UnrealEngine/Common/DerivedDataCache: Writable
[2015.09.11-01.04.40:610][  0]LogInit: Selected Device Profile: [Windows]
[2015.09.11-01.04.40:610][  0]LogContentStreaming: Texture pool size is 0.000000MB
[2015.09.11-01.04.40:636][  0]LogMeshUtilities: No automatic mesh reduction module available
[2015.09.11-01.04.40:636][  0]LogMeshUtilities: No automatic mesh merging module available
[2015.09.11-01.04.40:960][  0]LogInit: WinSock: version 1.1 (2.2), MaxSocks=32767, MaxUdp=65467
[2015.09.11-01.04.41:576][  0]UdpMessaging: Initializing bridge on interface 0.0.0.0:0 to multicast group 230.0.0.1:6666.
[2015.09.11-01.04.41:667][  0]LogAssetRegistry: FAssetRegistry took 0.0100 seconds to start up
[2015.09.11-01.04.41:820][  0]SourceControl: Info Source control is disabled
[2015.09.11-01.04.41:850][  0]SourceControl: Info Source control is disabled
[2015.09.11-01.04.41:860][  0]SourceControl: Info Source control is disabled
[2015.09.11-01.04.41:871][  0]SourceControl: Info Source control is disabled
[2015.09.11-01.04.42:002][  0]LogLinker:Warning: Asset '../../../Engine/Plugins/Runtime/LeapMotionController/Content/LM_PassthroughMaterial.uasset' has been saved with empty engine version. The asset will be loaded but may be incompatible.
[2015.09.11-01.04.42:074][  0]LogObj: 28380 objects as part of root set at end of initial load.
[2015.09.11-01.04.42:074][  0]LogUObjectAllocator: 6044392 out of 0 bytes used by permanent object pool.
[2015.09.11-01.04.42:125][  0]LogEngine: Initializing Engine...
[2015.09.11-01.04.42:127][  0]LogHMD: Can't find Oculus library dev build: is proper Runtime installed? Version: 0.6.0.0
[2015.09.11-01.04.42:127][  0]LogHMD: SteamVR failed to initialize.  Err: 110
[2015.09.11-01.04.42:237][  0]LogAIModule: Creating AISystem for world NewWorld
[2015.09.11-01.04.42:241][  0]LogInit: XAudio2 using 'Speakers (Realtek High Definition Audio)' : 2 channels at 48 kHz using 32 bits per sample (channel mask 0x3)
[2015.09.11-01.04.42:258][  0]LogInit: FAudioDevice initialized.
[2015.09.11-01.04.42:279][  0]LogDerivedDataCache: Saved boot cache 0.02s 41MB C:/Users/jtsmith/AppData/Local/UnrealEngine/4.9/DerivedDataCache/Boot.ddc.
[2015.09.11-01.04.42:281][  0]LogInit: Texture streaming: Enabled
[2015.09.11-01.04.42:286][  0]LogAnalytics: Creating configured Analytics provider AnalyticsET
[2015.09.11-01.04.42:286][  0]LogAnalytics: [UEEditor.Rocket.Release] APIServer = http://et2.epicgames.com/ET2/. AppVersion = 4.9.0-2672455+++depot+UE4-Releases+4.9
[2015.09.11-01.04.42:286][  0]LogAnalytics: [UEEditor.Rocket.Release] SetUserId 6fa6e3274a8d5d72a75cbcbef6d297a7|3b8075bc1ed94341b886f5e4c6e1b23d|13e13887-07aa-43da-a8ee-6e00c985f4a0
[2015.09.11-01.04.42:286][  0]LogAnalytics: [UEEditor.Rocket.Release] AnalyticsET::StartSession
[2015.09.11-01.04.42:304][  0]LogInit: Transaction tracking system initialized
[2015.09.11-01.04.42:329][  0]BlueprintLog: New page: Editor Load
[2015.09.11-01.04.42:407][  0]LocalizationService: Info Localization service is disabled
[2015.09.11-01.04.42:634][  0]LogConsoleResponse:Display: 
[2015.09.11-01.04.42:733][  0]LogCook:Display: Done creating registry. It took  0.00s.
[2015.09.11-01.04.42:783][  0]SourceControl: Info Source control is disabled
[2015.09.11-01.04.42:784][  0]Cmd: MAP LOAD FILE="../../../../../../Users/jtsmith/Desktop/Unreal/MyRTS_TropicoStyle 4.9/Content/TopDownBP/Maps/TopDownExampleMap.umap" TEMPLATE=0 SHOWPROGRESS=1 FEATURELEVEL=3
[2015.09.11-01.04.42:784][  0]LightingResults: New page: Lighting Build
[2015.09.11-01.04.42:787][  0]MapCheck: New page: Map Check
[2015.09.11-01.04.42:787][  0]LightingResults: New page: Lighting Build
[2015.09.11-01.04.42:796][  0]LogParticles: Destroying 0 GPU particle simulations for FXSystem 0x000000001EF536A0
[2015.09.11-01.04.44:805][  0]LogBlueprint:Warning: [compiler CameraPawnController] Warning 'ReturnValue' is already a 'Building Master BP', you don't need  Cast To BuildingMaster_BP .
[2015.09.11-01.04.44:838][  0]LogBlueprint:Warning: [compiler CameraPawnController] Warning [0007.25] Compile of CameraPawnController successful, but with 1 Warning(s) [in 120 ms]
[2015.09.11-01.04.44:844][  0]LogBlueprint:Warning: [compiler CameraPawnController] Warning [0007.26] Compile of CameraPawnController successful, but with 2 Warning(s) [in 5 ms]
[2015.09.11-01.04.44:844][  0]LogBlueprint:Warning: [compiler CameraPawnController] Warning [0007.26] Compile of CameraPawnController successful, but with 3 Warning(s) [in 0 ms]
[2015.09.11-01.04.45:054][  0]LogBlueprint:Warning: [compiler CameraPawnController] Warning 'ReturnValue' is already a 'Building Master BP', you don't need  Cast To BuildingMaster_BP .
[2015.09.11-01.04.45:086][  0]LogBlueprint:Warning: [compiler CameraPawnController] Warning [0007.50] Compile of CameraPawnController successful, but with 1 Warning(s) [in 111 ms]
[2015.09.11-01.04.45:086][  0]LogBlueprint:Warning: [compiler CameraPawnController] Warning [0007.50] Compile of CameraPawnController successful, but with 2 Warning(s) [in 0 ms]
[2015.09.11-01.04.45:091][  0]LogBlueprint:Warning: [compiler CameraPawnController] Warning [0007.50] Compile of CameraPawnController successful, but with 3 Warning(s) [in 4 ms]
[2015.09.11-01.04.46:500][  0]LogAIModule: Creating AISystem for world TopDownExampleMap
[2015.09.11-01.04.46:538][  0]LogEditorServer: Finished looking for orphan Actors (0.000 secs)
[2015.09.11-01.04.46:539][  0]Cmd: MAP CHECKDEP NOCLEARLOG
[2015.09.11-01.04.46:621][  0]MapCheck: Info Map check complete: 0 Error(s), 0 Warning(s), took 81.257ms to complete.
[2015.09.11-01.04.46:621][  0]LogFileHelpers: Loading map 'TopDownExampleMap' took 3.836
[2015.09.11-01.04.46:720][  0]LogCollectionManager: Loaded 0 collections in 0.001976 seconds
[2015.09.11-01.04.46:758][  0]LogFileCache: Scanning file cache for directory 'C:/Users/jtsmith/Desktop/Unreal/MyRTS_TropicoStyle 4.9/Saved/Collections/' took 0.01s
[2015.09.11-01.04.46:758][  0]LogFileCache: Scanning file cache for directory 'C:/Users/jtsmith/Desktop/Unreal/MyRTS_TropicoStyle 4.9/Content/Developers/jtsmith/Collections/' took 0.01s
[2015.09.11-01.04.46:758][  0]LogFileCache: Scanning file cache for directory 'C:/Users/jtsmith/Desktop/Unreal/MyRTS_TropicoStyle 4.9/Content/Collections/' took 0.01s
[2015.09.11-01.04.46:758][  0]LogContentBrowser: Native class hierarchy populated in 0.0072 seconds. Added 1874 classes and 335 folders.
[2015.09.11-01.04.46:763][  0]LogCollectionManager: Rebuilt the GUID cache for 0 collections in 0.000003 seconds
[2015.09.11-01.04.46:769][  0]LogContentBrowser: Native class hierarchy updated for 'WidgetCarousel' in 0.0004 seconds. Added 0 classes and 0 folders.
[2015.09.11-01.04.46:812][  0]LogContentBrowser: Native class hierarchy updated for 'AddContentDialog' in 0.0003 seconds. Added 0 classes and 0 folders.
[2015.09.11-01.04.46:821][  0]LogContentBrowser: Native class hierarchy updated for 'SceneOutliner' in 0.0003 seconds. Added 1 classes and 2 folders.
[2015.09.11-01.04.46:921][  0]LogCrashTracker: Crashtracker disabled due to settings.
[2015.09.11-01.04.46:924][  0]LogUObjectGlobals:Warning: Failed to find object 'Class None.'
[2015.09.11-01.04.46:944][  0]LogLoad: Full Startup: 9.36 seconds (BP compile: 1.24 seconds)
[2015.09.11-01.04.47:013][  0]LogContentStreaming: Texture pool size now 400 MB
[2015.09.11-01.04.47:139][  0]LogRenderer: Reallocating scene render targets to support 1100x676 (Frame:2).
[2015.09.11-01.04.47:260][  1]Cmd: UpdateLandscapeEditorData -warnings
[2015.09.11-01.04.47:996][ 14]LogAssetRegistry: Asset discovery search completed in 6.3387 seconds
[2015.09.11-01.04.47:996][ 14]LogCollectionManager: Rebuilt the object cache for 0 collections in 0.000001 seconds (found 0 objects)
[2015.09.11-01.04.47:996][ 14]LogCollectionManager: Fixed up redirectors for 0 collections in 0.000032 seconds (updated 0 objects)
[2015.09.11-01.04.48:140][ 15]LogLinker:Warning: Asset '../../../Engine/Content/ArtTools/RenderToTexture/Macros/RenderToTextureMacros.uasset' has been saved with empty engine version. The asset will be loaded but may be incompatible.
[2015.09.11-01.04.48:665][ 15]LogContentBrowser: Native class hierarchy updated for 'BlueprintGraph' in 0.0007 seconds. Added 107 classes and 0 folders.
[2015.09.11-01.04.51:678][138]LogPlayLevel: PlayLevel: No blueprints needed recompiling
[2015.09.11-01.04.51:679][138]PIE: New page: PIE session: TopDownExampleMap (Sep 10, 2015, 11:04:51 AM)
[2015.09.11-01.04.51:679][138]LogPlayLevel: Creating play world package: /Game/TopDownBP/Maps/UEDPIE_0_TopDownExampleMap
[2015.09.11-01.04.51:725][138]LogPlayLevel: PIE: StaticDuplicateObject took: (0.045988s)
[2015.09.11-01.04.51:726][138]LogAIModule: Creating AISystem for world TopDownExampleMap
[2015.09.11-01.04.51:726][138]LogPlayLevel: PIE: World Init took: (0.001062s)
[2015.09.11-01.04.51:726][138]LogPlayLevel: PIE: Created PIE world by copying editor world from /Game/TopDownBP/Maps/TopDownExampleMap.TopDownExampleMap to /Game/TopDownBP/Maps/UEDPIE_0_TopDownExampleMap.TopDownExampleMap (0.047551s)
[2015.09.11-01.04.51:727][138]LogActorComponent: UnregisterComponent: (/Engine/Transient.CharMoveComp) Not registered. Aborting.
[2015.09.11-01.04.51:853][138]LogInit: XAudio2 using 'Speakers (Realtek High Definition Audio)' : 2 channels at 48 kHz using 32 bits per sample (channel mask 0x3)
[2015.09.11-01.04.51:859][138]LogInit: FAudioDevice initialized.
[2015.09.11-01.04.51:908][138]LogWorld: Game class is 'MyGameMode_C'
[2015.09.11-01.04.51:926][138]LogWorld: Bringing World /Game/TopDownBP/Maps/UEDPIE_0_TopDownExampleMap.TopDownExampleMap up for play (max tick rate 0) at 2015.09.10-18.04.51
[2015.09.11-01.04.51:926][138]LogActor:Warning: GameSession /Game/TopDownBP/Maps/UEDPIE_0_TopDownExampleMap.TopDownExampleMap:PersistentLevel.GameSession_0 has natively added scene component(s), but none of them were set as the actor's RootComponent - picking one arbitrarily
[2015.09.11-01.04.51:926][138]LogActor:Warning: GameNetworkManager /Game/TopDownBP/Maps/UEDPIE_0_TopDownExampleMap.TopDownExampleMap:PersistentLevel.GameNetworkManager_0 has natively added scene component(s), but none of them were set as the actor's RootComponent - picking one arbitrarily
[2015.09.11-01.04.51:927][138]LogWorld: Bringing up level for play took: 0.015306
[2015.09.11-01.04.51:953][138]PIE: Info Play in editor start time for /Game/TopDownBP/Maps/UEDPIE_0_TopDownExampleMap 0.13
[2015.09.11-01.05.10:551][693]LogParticles: Destroying 0 GPU particle simulations for FXSystem 0x000000003A9ECFE0
[2015.09.11-01.05.36:885][ 24]BlueprintLog: New page: Compile Commander_HUD
[2015.09.11-01.05.37:061][ 24]BlueprintEditorCompileResults: Info No value will be returned by reference. Parameter 'GameTime'. Node:  (none) 
[2015.09.11-01.05.37:061][ 24]BlueprintEditorCompileResults: Info [0059.47] Compile of Commander_HUD successful! [in 175 ms]
[2015.09.11-01.06.06:515][256]LogActorComponent: UnregisterComponent: (/Engine/Transient.EditorFloorComp) Not registered. Aborting.
[2015.09.11-01.06.06:805][257]Cmd: QUIT_EDITOR
[2015.09.11-01.06.07:054][257]LogExit: Preparing to exit.
[2015.09.11-01.06.07:687][257]LogExit: Editor shut down
[2015.09.11-01.06.07:687][257]LogExit: Transaction tracking system shut down
[2015.09.11-01.06.07:692][257]LogParticles: Destroying 0 GPU particle simulations for FXSystem 0x000000002A362A20
[2015.09.11-01.06.07:693][257]LogParticles: Destroying 0 GPU particle simulations for FXSystem 0x000000002E0B7880
[2015.09.11-01.06.07:693][257]LogParticles: Destroying 0 GPU particle simulations for FXSystem 0x0000000030003600
[2015.09.11-01.06.07:694][257]LogParticles: Destroying 0 GPU particle simulations for FXSystem 0x000000002E31A340
[2015.09.11-01.06.07:694][257]LogParticles: Destroying 0 GPU particle simulations for FXSystem 0x000000002E318720
[2015.09.11-01.06.07:694][257]LogParticles: Destroying 0 GPU particle simulations for FXSystem 0x0000000037D0D260
[2015.09.11-01.06.07:694][257]LogParticles: Destroying 0 GPU particle simulations for FXSystem 0x0000000037D0DBC0
[2015.09.11-01.06.07:697][257]LogParticles: Destroying 0 GPU particle simulations for FXSystem 0x000000003A342AC0
[2015.09.11-01.06.07:697][257]LogParticles: Destroying 0 GPU particle simulations for FXSystem 0x000000003D327240
[2015.09.11-01.06.07:872][257]LogExit: Object subsystem successfully closed.
[2015.09.11-01.06.07:886][257]LogD3D11RHI: Shutdown
[2015.09.11-01.06.07:886][257]LogD3D11RHI: CleanupD3DDevice
[2015.09.11-01.06.07:943][257]LogD3D11RHI: ~FD3D11DynamicRHI
[2015.09.11-01.06.07:963][257]LogModuleManager: Shutting down and abandoning module SequencerWidgets (200)
[2015.09.11-01.06.07:963][257]LogModuleManager: Shutting down and abandoning module BlueprintGraph (199)
[2015.09.11-01.06.07:963][257]LogModuleManager: Shutting down and abandoning module CrashTracker (198)
[2015.09.11-01.06.07:963][257]LogModuleManager: Shutting down and abandoning module SceneOutliner (197)
[2015.09.11-01.06.07:963][257]LogModuleManager: Shutting down and abandoning module SuperSearch (196)
[2015.09.11-01.06.07:963][257]LogModuleManager: Shutting down and abandoning module WidgetCarousel (195)
[2015.09.11-01.06.07:963][257]LogModuleManager: Shutting down and abandoning module AddContentDialog (194)
[2015.09.11-01.06.07:964][257]LogModuleManager: Shutting down and abandoning module EditorWidgets (193)
[2015.09.11-01.06.07:964][257]LogModuleManager: Shutting down and abandoning module CollectionManager (192)
[2015.09.11-01.06.07:964][257]LogModuleManager: Shutting down and abandoning module StatsViewer (191)
[2015.09.11-01.06.07:964][257]LogModuleManager: Shutting down and abandoning module FoliageEdit (190)
[2015.09.11-01.06.07:964][257]LogModuleManager: Shutting down and abandoning module LandscapeEditor (189)
[2015.09.11-01.06.07:964][257]LogModuleManager: Shutting down and abandoning module ActorPickerMode (188)
[2015.09.11-01.06.07:965][257]LogModuleManager: Shutting down and abandoning module GeometryMode (187)
[2015.09.11-01.06.07:965][257]LogModuleManager: Shutting down and abandoning module TextureAlignMode (186)
[2015.09.11-01.06.07:965][257]LogModuleManager: Shutting down and abandoning module BspMode (185)
[2015.09.11-01.06.07:965][257]LogModuleManager: Shutting down and abandoning module PlacementMode (184)
[2015.09.11-01.06.07:965][257]LogModuleManager: Shutting down and abandoning module AutomationWorker (183)
[2015.09.11-01.06.07:965][257]LogModuleManager: Shutting down and abandoning module CharacterAI (182)
[2015.09.11-01.06.07:965][257]LogModuleManager: Shutting down and abandoning module SmartSnapping (181)
[2015.09.11-01.06.07:965][257]LogModuleManager: Shutting down and abandoning module ViewportSnapping (180)
[2015.09.11-01.06.07:965][257]LogModuleManager: Shutting down and abandoning module LogVisualizer (179)
[2015.09.11-01.06.07:965][257]LogModuleManager: Shutting down and abandoning module GameProjectGeneration (178)
[2015.09.11-01.06.07:965][257]LogModuleManager: Shutting down and abandoning module IntroTutorials (177)
[2015.09.11-01.06.07:965][257]LogModuleManager: Shutting down and abandoning module EditorLiveStreaming (176)
[2015.09.11-01.06.07:965][257]LogModuleManager: Shutting down and abandoning module IOSPlatformEditor (175)
[2015.09.11-01.06.07:965][257]LogModuleManager: Shutting down and abandoning module HTML5PlatformEditor (174)
[2015.09.11-01.06.07:965][257]LogModuleManager: Shutting down and abandoning module AndroidDeviceDetection (173)
[2015.09.11-01.06.08:452][257]LogModuleManager: Shutting down and abandoning module AndroidPlatformEditor (172)
[2015.09.11-01.06.08:452][257]LogModuleManager: Shutting down and abandoning module IOSRuntimeSettings (171)
[2015.09.11-01.06.08:452][257]LogModuleManager: Shutting down and abandoning module AndroidRuntimeSettings (170)
[2015.09.11-01.06.08:452][257]LogModuleManager: Shutting down and abandoning module MergeActors (169)
[2015.09.11-01.06.08:452][257]LogModuleManager: Shutting down and abandoning module SizeMap (168)
[2015.09.11-01.06.08:452][257]LogModuleManager: Shutting down and abandoning module TreeMap (167)
[2015.09.11-01.06.08:452][257]LogModuleManager: Shutting down and abandoning module ReferenceViewer (166)
[2015.09.11-01.06.08:452][257]LogModuleManager: Shutting down and abandoning module LocalizationService (165)
[2015.09.11-01.06.08:452][257]LogModuleManager: Shutting down and abandoning module LocalizationDashboard (164)
[2015.09.11-01.06.08:452][257]LogModuleManager: Shutting down and abandoning module HardwareTargeting (163)
[2015.09.11-01.06.08:452][257]LogModuleManager: Shutting down and abandoning module DeviceProfileEditor (162)
[2015.09.11-01.06.08:452][257]LogModuleManager: Shutting down and abandoning module UndoHistory (161)
[2015.09.11-01.06.08:452][257]LogModuleManager: Shutting down and abandoning module GameplayTagsEditor (160)
[2015.09.11-01.06.08:452][257]LogModuleManager: Shutting down and abandoning module UserFeedback (159)
[2015.09.11-01.06.08:452][257]LogModuleManager: Shutting down and abandoning module XmlParser (158)
[2015.09.11-01.06.08:452][257]LogModuleManager: Shutting down and abandoning module Blutility (157)
[2015.09.11-01.06.08:452][257]LogModuleManager: Shutting down and abandoning module ProjectTargetPlatformEditor (156)
[2015.09.11-01.06.08:452][257]LogModuleManager: Shutting down and abandoning module ProjectSettingsViewer (155)
[2015.09.11-01.06.08:452][257]LogModuleManager: Shutting down and abandoning module InputBindingEditor (154)
[2015.09.11-01.06.08:452][257]LogModuleManager: Shutting down and abandoning module EditorSettingsViewer (153)
[2015.09.11-01.06.08:452][257]LogModuleManager: Shutting down and abandoning module SettingsEditor (152)
[2015.09.11-01.06.08:452][257]LogModuleManager: Shutting down and abandoning module ProjectLauncher (151)
[2015.09.11-01.06.08:452][257]LogModuleManager: Shutting down and abandoning module SessionFrontend (150)
[2015.09.11-01.06.08:452][257]LogModuleManager: Shutting down and abandoning module ProfilerClient (149)
[2015.09.11-01.06.08:452][257]LogModuleManager: Shutting down and abandoning module TargetDeviceServices (148)
[2015.09.11-01.06.08:452][257]LogModuleManager: Shutting down and abandoning module DeviceManager (147)
[2015.09.11-01.06.08:453][257]LogModuleManager: Shutting down and abandoning module AutomationController (146)
[2015.09.11-01.06.08:453][257]LogModuleManager: Shutting down and abandoning module AutomationWindow (145)
[2015.09.11-01.06.08:453][257]LogModuleManager: Shutting down and abandoning module Layers (144)
[2015.09.11-01.06.08:453][257]LogModuleManager: Shutting down and abandoning module ComponentVisualizers (143)
[2015.09.11-01.06.08:453][257]LogModuleManager: Shutting down and abandoning module DetailCustomizations (142)
[2015.09.11-01.06.08:453][257]LogModuleManager: Shutting down and abandoning module PackagesDialog (141)
[2015.09.11-01.06.08:453][257]LogModuleManager: Shutting down and abandoning module Persona (140)
[2015.09.11-01.06.08:453][257]LogModuleManager: Shutting down and abandoning module Kismet (139)
[2015.09.11-01.06.08:453][257]LogModuleManager: Shutting down and abandoning module GraphEditor (138)
[2015.09.11-01.06.08:453][257]LogModuleManager: Shutting down and abandoning module ClassViewer (137)
[2015.09.11-01.06.08:454][257]LogModuleManager: Shutting down and abandoning module Toolbox (136)
[2015.09.11-01.06.08:454][257]LogModuleManager: Shutting down and abandoning module ModuleUI (135)
[2015.09.11-01.06.08:454][257]LogModuleManager: Shutting down and abandoning module MovieSceneTools (134)
[2015.09.11-01.06.08:454][257]LogModuleManager: Shutting down and abandoning module OutputLog (133)
[2015.09.11-01.06.08:454][257]LogModuleManager: Shutting down and abandoning module GammaUI (132)
[2015.09.11-01.06.08:454][257]LogModuleManager: Shutting down and abandoning module Documentation (131)
[2015.09.11-01.06.08:454][257]LogModuleManager: Shutting down and abandoning module GameLiveStreaming (130)
[2015.09.11-01.06.08:454][257]LogModuleManager: Shutting down and abandoning module StreamingPauseRendering (129)
[2015.09.11-01.06.08:454][257]LogModuleManager: Shutting down and abandoning module AnalyticsET (128)
[2015.09.11-01.06.08:454][257]LogModuleManager: Shutting down and abandoning module Analytics (127)
[2015.09.11-01.06.08:454][257]LogModuleManager: Shutting down and abandoning module AITestSuite (126)
[2015.09.11-01.06.08:454][257]LogModuleManager: Shutting down and abandoning module GameplayDebugger (125)
[2015.09.11-01.06.08:454][257]LogModuleManager: Shutting down and abandoning module AIModule (124)
[2015.09.11-01.06.08:454][257]LogModuleManager: Shutting down and abandoning module ProfilerService (123)
[2015.09.11-01.06.08:596][257]LogModuleManager: Shutting down and abandoning module TaskGraph (122)
[2015.09.11-01.06.08:596][257]LogModuleManager: Shutting down and abandoning module SlateRemote (121)
[2015.09.11-01.06.08:596][257]LogModuleManager: Shutting down and abandoning module SteamVRController (120)
[2015.09.11-01.06.08:596][257]LogModuleManager: Shutting down and abandoning module SteamVR (119)
[2015.09.11-01.06.08:596][257]LogModuleManager: Shutting down and abandoning module ProceduralMeshComponent (118)
[2015.09.11-01.06.08:596][257]LogModuleManager: Shutting down and abandoning module OculusRift (117)
[2015.09.11-01.06.08:596][257]LogModuleManager: Shutting down and abandoning module OculusLibrary (116)
[2015.09.11-01.06.08:596][257]LogModuleManager: Shutting down and abandoning module LeapMotionController (115)
[2015.09.11-01.06.08:602][257]LogModuleManager: Shutting down and abandoning module CustomMeshComponent (114)
[2015.09.11-01.06.08:602][257]LogModuleManager: Shutting down and abandoning module CableComponent (113)
[2015.09.11-01.06.08:602][257]LogModuleManager: Shutting down and abandoning module ArchVisCharacter (112)
[2015.09.11-01.06.08:602][257]LogModuleManager: Shutting down and abandoning module MessagingDebugger (111)
[2015.09.11-01.06.08:602][257]LogModuleManager: Shutting down and abandoning module MediaPlayerEditor (110)
[2015.09.11-01.06.08:602][257]LogModuleManager: Shutting down and abandoning module HTML5Networking (109)
[2015.09.11-01.06.08:602][257]LogModuleManager: Shutting down and abandoning module SpeedTreeImporter (108)
[2015.09.11-01.06.08:602][257]LogModuleManager: Shutting down and abandoning module PluginBrowser (107)
[2015.09.11-01.06.08:602][257]LogModuleManager: Shutting down and abandoning module EpicSurvey (106)
[2015.09.11-01.06.08:602][257]LogModuleManager: Shutting down and abandoning module DesktopPlatform (105)
[2015.09.11-01.06.08:602][257]LogModuleManager: Shutting down and abandoning module VisualStudioSourceCodeAccess (104)
[2015.09.11-01.06.08:602][257]LogModuleManager: Shutting down and abandoning module UObjectPlugin (103)
[2015.09.11-01.06.08:602][257]LogModuleManager: Shutting down and abandoning module SubversionSourceControl (102)
[2015.09.11-01.06.08:602][257]LogModuleManager: Shutting down and abandoning module PerforceSourceControl (101)
[2015.09.11-01.06.08:602][257]LogModuleManager: Shutting down and abandoning module SourceControl (100)
[2015.09.11-01.06.08:602][257]LogModuleManager: Shutting down and abandoning module GitSourceControl (99)
[2015.09.11-01.06.08:602][257]LogModuleManager: Shutting down and abandoning module LightPropagationVolumeEditor (98)
[2015.09.11-01.06.08:602][257]LogModuleManager: Shutting down and abandoning module PaperTiledImporter (97)
[2015.09.11-01.06.08:602][257]LogModuleManager: Shutting down and abandoning module PaperSpriteSheetImporter (96)
[2015.09.11-01.06.08:602][257]LogModuleManager: Shutting down and abandoning module MeshPaint (95)
[2015.09.11-01.06.08:602][257]LogModuleManager: Shutting down and abandoning module SlateReflector (94)
[2015.09.11-01.06.08:602][257]LogModuleManager: Shutting down and abandoning module HotReload (93)
[2015.09.11-01.06.08:602][257]LogModuleManager: Shutting down and abandoning module MainFrame (92)
[2015.09.11-01.06.08:602][257]LogModuleManager: Shutting down and abandoning module LevelEditor (91)
[2015.09.11-01.06.08:603][257]LogModuleManager: Shutting down and abandoning module DirectoryWatcher (90)
[2015.09.11-01.06.08:604][257]LogModuleManager: Shutting down and abandoning module AssetRegistry (89)
[2015.09.11-01.06.08:642][257]LogModuleManager: Shutting down and abandoning module ContentBrowser (88)
[2015.09.11-01.06.08:642][257]LogModuleManager: Shutting down and abandoning module Paper2DEditor (87)
[2015.09.11-01.06.08:642][257]LogModuleManager: Shutting down and abandoning module UdpMessaging (86)
[2015.09.11-01.06.08:742][257]LogModuleManager: Shutting down and abandoning module LightPropagationVolumeRuntime (85)
[2015.09.11-01.06.08:742][257]LogModuleManager: Shutting down and abandoning module Paper2D (84)
[2015.09.11-01.06.08:742][257]LogModuleManager: Shutting down and abandoning module WindowsMoviePlayer (83)
[2015.09.11-01.06.08:745][257]LogModuleManager: Shutting down and abandoning module Media (82)
[2015.09.11-01.06.08:745][257]LogModuleManager: Shutting down and abandoning module WmfMedia (81)
[2015.09.11-01.06.08:745][257]LogModuleManager: Shutting down and abandoning module OnlineBlueprintSupport (80)
[2015.09.11-01.06.08:745][257]LogModuleManager: Shutting down and abandoning module EnvironmentQueryEditor (79)
[2015.09.11-01.06.08:745][257]LogModuleManager: Shutting down and abandoning module GameplayTasksEditor (78)
[2015.09.11-01.06.08:745][257]LogModuleManager: Shutting down and abandoning module PropertyEditor (77)
[2015.09.11-01.06.08:745][257]LogModuleManager: Shutting down and abandoning module BehaviorTreeEditor (76)
[2015.09.11-01.06.08:745][257]LogModuleManager: Shutting down and abandoning module FunctionalTesting (75)
[2015.09.11-01.06.08:745][257]LogModuleManager: Shutting down and abandoning module CollisionAnalyzer (74)
[2015.09.11-01.06.08:745][257]LogModuleManager: Shutting down and abandoning module WorkspaceMenuStructure (73)
[2015.09.11-01.06.08:745][257]LogModuleManager: Shutting down and abandoning module MessageLog (72)
[2015.09.11-01.06.08:745][257]LogModuleManager: Shutting down and abandoning module Sequencer (71)
[2015.09.11-01.06.08:745][257]LogModuleManager: Shutting down and abandoning module AssetTools (70)
[2015.09.11-01.06.08:745][257]LogModuleManager: Shutting down and abandoning module UMGEditor (69)
[2015.09.11-01.06.08:745][257]LogModuleManager: Shutting down and abandoning module UMG (68)
[2015.09.11-01.06.08:745][257]LogModuleManager: Shutting down and abandoning module Slate (67)
[2015.09.11-01.06.08:745][257]LogModuleManager: Shutting down and abandoning module EditorStyle (66)
[2015.09.11-01.06.08:747][257]LogModuleManager: Shutting down and abandoning module SessionServices (65)
[2015.09.11-01.06.08:747][257]LogModuleManager: Shutting down and abandoning module SourceCodeAccess (64)
[2015.09.11-01.06.08:747][257]LogModuleManager: Shutting down and abandoning module HeadMountedDisplay (63)
[2015.09.11-01.06.08:747][257]LogModuleManager: Shutting down and abandoning module XAudio2 (62)
[2015.09.11-01.06.08:747][257]LogModuleManager: Shutting down and abandoning module Networking (60)
[2015.09.11-01.06.08:747][257]LogModuleManager: Shutting down and abandoning module Core (59)
[2015.09.11-01.06.08:747][257]LogModuleManager: Shutting down and abandoning module KismetCompiler (58)
[2015.09.11-01.06.08:747][257]LogModuleManager: Shutting down and abandoning module PhysXFormats (57)
[2015.09.11-01.06.08:747][257]LogModuleManager: Shutting down and abandoning module MeshUtilities (56)
[2015.09.11-01.06.08:747][257]LogModuleManager: Shutting down and abandoning module CookingStats (55)
[2015.09.11-01.06.08:748][257]LogModuleManager: Shutting down and abandoning module DerivedDataCache (54)
[2015.09.11-01.06.08:970][257]LogDerivedDataCache: Shutdown
[2015.09.11-01.06.08:970][257]LogModuleManager: Shutting down and abandoning module ShaderFormatOpenGL (53)
[2015.09.11-01.06.08:970][257]LogModuleManager: Shutting down and abandoning module ShaderFormatD3D (52)
[2015.09.11-01.06.08:970][257]LogModuleManager: Shutting down and abandoning module MetalShaderFormat (51)
[2015.09.11-01.06.08:970][257]LogModuleManager: Shutting down and abandoning module TextureFormatUncompressed (50)
[2015.09.11-01.06.08:970][257]LogModuleManager: Shutting down and abandoning module TextureFormatPVR (49)
[2015.09.11-01.06.08:970][257]LogModuleManager: Shutting down and abandoning module TextureFormatIntelISPCTexComp (48)
[2015.09.11-01.06.08:970][257]LogModuleManager: Shutting down and abandoning module TextureFormatDXT (47)
[2015.09.11-01.06.08:970][257]LogModuleManager: Shutting down and abandoning module ImageWrapper (46)
[2015.09.11-01.06.08:970][257]LogModuleManager: Shutting down and abandoning module TextureFormatASTC (45)
[2015.09.11-01.06.08:970][257]LogModuleManager: Shutting down and abandoning module TextureFormatAndroid (44)
[2015.09.11-01.06.08:971][257]LogModuleManager: Shutting down and abandoning module AudioFormatOpus (43)
[2015.09.11-01.06.08:971][257]LogModuleManager: Shutting down and abandoning module AudioFormatOgg (42)
[2015.09.11-01.06.08:971][257]LogModuleManager: Shutting down and abandoning module AudioFormatADPCM (41)
[2015.09.11-01.06.08:971][257]LogModuleManager: Shutting down and abandoning module LinuxTargetPlatform (40)
[2015.09.11-01.06.08:971][257]LogModuleManager: Shutting down and abandoning module LinuxServerTargetPlatform (39)
[2015.09.11-01.06.08:971][257]LogModuleManager: Shutting down and abandoning module LinuxNoEditorTargetPlatform (38)
[2015.09.11-01.06.08:971][257]LogModuleManager: Shutting down and abandoning module Messaging (37)
[2015.09.11-01.06.08:971][257]LogModuleManager: Shutting down and abandoning module IOSTargetPlatform (36)
[2015.09.11-01.06.08:971][257]LogModuleManager: Shutting down and abandoning module HTML5TargetPlatform (35)
[2015.09.11-01.06.08:971][257]LogModuleManager: Shutting down and abandoning module Android_PVRTCTargetPlatform (34)
[2015.09.11-01.06.08:971][257]LogModuleManager: Shutting down and abandoning module Android_ETC2TargetPlatform (33)
[2015.09.11-01.06.08:971][257]LogModuleManager: Shutting down and abandoning module Android_ETC1TargetPlatform (32)
[2015.09.11-01.06.08:971][257]LogModuleManager: Shutting down and abandoning module Android_DXTTargetPlatform (31)
[2015.09.11-01.06.08:971][257]LogModuleManager: Shutting down and abandoning module Android_ATCTargetPlatform (30)
[2015.09.11-01.06.08:971][257]LogModuleManager: Shutting down and abandoning module Android_ASTCTargetPlatform (29)
[2015.09.11-01.06.08:971][257]LogModuleManager: Shutting down and abandoning module AndroidTargetPlatform (28)
[2015.09.11-01.06.08:971][257]LogModuleManager: Shutting down and abandoning module WindowsTargetPlatform (27)
[2015.09.11-01.06.08:971][257]LogModuleManager: Shutting down and abandoning module WindowsServerTargetPlatform (26)
[2015.09.11-01.06.08:971][257]LogModuleManager: Shutting down and abandoning module WindowsNoEditorTargetPlatform (25)
[2015.09.11-01.06.08:971][257]LogModuleManager: Shutting down and abandoning module WindowsClientTargetPlatform (24)
[2015.09.11-01.06.08:971][257]LogModuleManager: Shutting down and abandoning module AllDesktopTargetPlatform (23)
[2015.09.11-01.06.08:971][257]LogModuleManager: Shutting down and abandoning module TargetPlatform (22)
[2015.09.11-01.06.08:971][257]LogModuleManager: Shutting down and abandoning module InputCore (21)
[2015.09.11-01.06.08:971][257]LogModuleManager: Shutting down and abandoning module Settings (20)
[2015.09.11-01.06.08:971][257]LogModuleManager: Shutting down and abandoning module OnlineSubsystem (18)
[2015.09.11-01.06.08:971][257]LogModuleManager: Shutting down and abandoning module HTTP (17)
[2015.09.11-01.06.09:971][257]LogModuleManager: Shutting down and abandoning module XMPP (16)
[2015.09.11-01.06.09:971][257]LogModuleManager: Shutting down and abandoning module ExampleDeviceProfileSelector (15)
[2015.09.11-01.06.09:971][257]LogModuleManager: Shutting down and abandoning module TextureCompressor (14)
[2015.09.11-01.06.09:971][257]LogModuleManager: Shutting down and abandoning module ShaderCore (13)
[2015.09.11-01.06.09:971][257]LogModuleManager: Shutting down and abandoning module Landscape (12)
[2015.09.11-01.06.09:971][257]LogModuleManager: Shutting down and abandoning module SlateRHIRenderer (11)
[2015.09.11-01.06.09:972][257]LogModuleManager: Shutting down and abandoning module OpenGLDrv (10)
[2015.09.11-01.06.09:972][257]LogModuleManager: Shutting down and abandoning module D3D11RHI (9)
[2015.09.11-01.06.09:972][257]LogModuleManager: Shutting down and abandoning module AnimGraphRuntime (8)
[2015.09.11-01.06.09:972][257]LogModuleManager: Shutting down and abandoning module Renderer (7)
[2015.09.11-01.06.09:972][257]LogModuleManager: Shutting down and abandoning module Engine (6)
[2015.09.11-01.06.09:972][257]LogModuleManager: Shutting down and abandoning module CoreUObject (5)
[2015.09.11-01.06.09:972][257]LogModuleManager: Shutting down and abandoning module NetworkFile (4)
[2015.09.11-01.06.09:972][257]LogModuleManager: Shutting down and abandoning module StreamingFile (3)
[2015.09.11-01.06.09:972][257]LogModuleManager: Shutting down and abandoning module SandboxFile (2)
[2015.09.11-01.06.09:972][257]LogModuleManager: Shutting down and abandoning module PakFile (1)
[2015.09.11-01.06.09:973][257]LogExit: Exiting.
[2015.09.11-01.06.09:974][257]Log file closed, 09/10/15 18:06:09
