[2015.09.11-01.01.08:644][  0]Log file open, 09/10/15 18:01:08
[2015.09.11-01.01.08:644][  0]LogInit:Display: Running engine for game: MyRTS_TropicoStyle
[2015.09.11-01.01.08:644][  0]LogInit:Display: RandInit(-686156995) SRandInit(-686156995).
[2015.09.11-01.01.08:644][  0]LogTaskGraph: Started task graph with 4 named threads and 7 total threads.
[2015.09.11-01.01.08:644][  0]LogStats: Stats thread started at 0.070549
[2015.09.11-01.01.08:644][  0]LogInit: Version: 4.9.0-2672455+++depot+UE4-Releases+4.9
[2015.09.11-01.01.08:644][  0]LogInit: API Version: 2672455
[2015.09.11-01.01.08:644][  0]LogInit: Compiled (64-bit): Aug 28 2015 12:33:01
[2015.09.11-01.01.08:644][  0]LogInit: Compiled with Visual C++: 18.00.21005.01
[2015.09.11-01.01.08:644][  0]LogInit: Build Configuration: Development
[2015.09.11-01.01.08:644][  0]LogInit: Branch Name: ++depot+UE4-Releases+4.9
[2015.09.11-01.01.08:644][  0]LogInit: Command line:  
[2015.09.11-01.01.08:644][  0]LogInit: Base directory: C:/Program Files/Epic Games/4.9/Engine/Binaries/Win64/
[2015.09.11-01.01.08:644][  0]LogInit: Rocket: 1
[2015.09.11-01.01.08:653][  0]LogInit: Using libcurl 7.41.0
[2015.09.11-01.01.08:653][  0]LogInit:  - built for x86_64-pc-win32
[2015.09.11-01.01.08:653][  0]LogInit:  - supports SSL with WinSSL
[2015.09.11-01.01.08:653][  0]LogInit:  - other features:
[2015.09.11-01.01.08:653][  0]LogInit:      CURL_VERSION_SSL
[2015.09.11-01.01.08:653][  0]LogInit:      CURL_VERSION_IPV6
[2015.09.11-01.01.08:653][  0]LogInit:      CURL_VERSION_ASYNCHDNS
[2015.09.11-01.01.08:653][  0]LogInit:      CURL_VERSION_LARGEFILE
[2015.09.11-01.01.08:653][  0]LogInit:      CURL_VERSION_IDN
[2015.09.11-01.01.08:653][  0]LogInit:  CurlRequestOptions (configurable via config and command line):
[2015.09.11-01.01.08:653][  0]LogInit:  - bVerifyPeer = true  - Libcurl will verify peer certificate
[2015.09.11-01.01.08:653][  0]LogInit:  - bUseHttpProxy = false  - Libcurl will NOT use HTTP proxy
[2015.09.11-01.01.08:653][  0]LogInit:  - bDontReuseConnections = false  - Libcurl will reuse connections
[2015.09.11-01.01.08:653][  0]LogInit:  - CertBundlePath = nullptr  - Libcurl will use whatever was configured at build time.
[2015.09.11-01.01.08:660][  0]LogInit: Presizing for 0 objects not considered by GC, pre-allocating 0 bytes.
[2015.09.11-01.01.08:668][  0]LogInit: Object subsystem initialized
[2015.09.11-01.01.08:669][  0]LogInit: Selected Device Profile: [Windows]
[2015.09.11-01.01.08:669][  0]LogInit: Applying CVar settings loaded from the selected device profile: [Windows]
[2015.09.11-01.01.08:676][  0]LogInit: Computer: JTSMITHFS111
[2015.09.11-01.01.08:676][  0]LogInit: User: jtsmith
[2015.09.11-01.01.08:676][  0]LogInit: CPU Page size=4096, Cores=4
[2015.09.11-01.01.08:676][  0]LogInit: High frequency timer resolution =3.312851 MHz
[2015.09.11-01.01.08:676][  0]LogMemory: Memory total: Physical=8.0GB (8GB approx)
[2015.09.11-01.01.08:676][  0]LogMemory: Platform Memory Stats for Windows
[2015.09.11-01.01.08:676][  0]LogMemory: Process Physical Memory: 56.47 MB used, 56.47 MB peak
[2015.09.11-01.01.08:676][  0]LogMemory: Process Virtual Memory: 58.12 MB used, 58.12 MB peak
[2015.09.11-01.01.08:676][  0]LogMemory: Physical Memory: 3910.47 MB used, 8146.45 MB total
[2015.09.11-01.01.08:676][  0]LogMemory: Virtual Memory: 340.05 MB used, 8388608.00 MB total
[2015.09.11-01.01.08:709][  0]LogTextLocalizationManager: No specific translations for ('en-US') exist, so ('en') translations will be used.
[2015.09.11-01.01.09:441][  0]LogD3D11RHI: Found D3D11 adapter 0: AMD Radeon HD 7570 (Feature Level 11_0)
[2015.09.11-01.01.09:441][  0]LogD3D11RHI: Adapter has 1008MB of dedicated video memory, 0MB of dedicated system memory, and 3817MB of shared system memory, 1 output[s]
[2015.09.11-01.01.09:441][  0]LogD3D11RHI: Chosen D3D11 Adapter Id = 0
[2015.09.11-01.01.09:455][  0]LogD3D11RHI: !Direct3DDevice
[2015.09.11-01.01.09:457][  0]LogRHI: Texture pool is 705 MB (70% of 1008 MB)
[2015.09.11-01.01.09:468][  0]LogD3D11RHI: Async texture creation disabled: no driver support
[2015.09.11-01.01.09:477][  0]LogShaderCompilers: Guid format shader working directory is 15 characters bigger than the processId version (../../../../../../Users/jtsmith/Desktop/Unreal/MyRTS_TropicoStyle 4.9/Intermediate/Shaders/WorkingDirectory/9792/).
[2015.09.11-01.01.09:477][  0]LogShaderCompilers: Cleaned the shader compiler working directory '../../../../../../Users/jtsmith/Desktop/Unreal/MyRTS_TropicoStyle 4.9/Intermediate/Shaders/tmp/AA1FFF9B4023D4073362DDA37E9026B6/'.
[2015.09.11-01.01.09:477][  0]LogShaderCompilers:Display: Using Local Shader Compiler.
[2015.09.11-01.01.10:633][  0]LogTemp:Display: Loaded TP AllDesktopTargetPlatform
[2015.09.11-01.01.10:638][  0]LogTemp:Display: Loaded TP WindowsClientTargetPlatform
[2015.09.11-01.01.10:643][  0]LogTemp:Display: Loaded TP WindowsNoEditorTargetPlatform
[2015.09.11-01.01.10:648][  0]LogTemp:Display: Loaded TP WindowsServerTargetPlatform
[2015.09.11-01.01.10:653][  0]LogTemp:Display: Loaded TP WindowsTargetPlatform
[2015.09.11-01.01.10:656][  0]LogTemp:Display: Loaded TP AndroidTargetPlatform
[2015.09.11-01.01.10:660][  0]LogTemp:Display: Loaded TP Android_ASTCTargetPlatform
[2015.09.11-01.01.10:663][  0]LogTemp:Display: Loaded TP Android_ATCTargetPlatform
[2015.09.11-01.01.10:667][  0]LogTemp:Display: Loaded TP Android_DXTTargetPlatform
[2015.09.11-01.01.10:670][  0]LogTemp:Display: Loaded TP Android_ETC1TargetPlatform
[2015.09.11-01.01.10:675][  0]LogTemp:Display: Loaded TP Android_ETC2TargetPlatform
[2015.09.11-01.01.10:679][  0]LogTemp:Display: Loaded TP Android_PVRTCTargetPlatform
[2015.09.11-01.01.10:679][  0]LogTemp:Display: Loaded TP HTML5TargetPlatform
[2015.09.11-01.01.10:697][  0]LogTemp:Display: Loaded TP IOSTargetPlatform
[2015.09.11-01.01.10:701][  0]LogTemp:Display: Loaded TP LinuxNoEditorTargetPlatform
[2015.09.11-01.01.10:705][  0]LogTemp:Display: Loaded TP LinuxServerTargetPlatform
[2015.09.11-01.01.10:709][  0]LogTemp:Display: Loaded TP LinuxTargetPlatform
[2015.09.11-01.01.10:709][  0]LogTargetPlatformManager:Display: Building Assets For Windows
[2015.09.11-01.01.10:791][  0]LogDerivedDataCache:Display: Max Cache Size: 512 MB
[2015.09.11-01.01.10:842][  0]LogDerivedDataCache: Loaded boot cache 0.05s 41MB C:/Users/jtsmith/AppData/Local/UnrealEngine/4.9/DerivedDataCache/Boot.ddc.
[2015.09.11-01.01.10:842][  0]LogDerivedDataCache:Display: Loaded Boot cache: C:/Users/jtsmith/AppData/Local/UnrealEngine/4.9/DerivedDataCache/Boot.ddc
[2015.09.11-01.01.10:842][  0]LogDerivedDataCache: FDerivedDataBackendGraph:  Pak pak cache file ../../../../../../Users/jtsmith/Desktop/Unreal/MyRTS_TropicoStyle 4.9/DerivedDataCache/DDC.ddp not found, will not use a pak cache.
[2015.09.11-01.01.10:842][  0]LogDerivedDataCache: Unable to find inner node Pak for hierarchical cache Hierarchy.
[2015.09.11-01.01.10:842][  0]LogDerivedDataCache: FDerivedDataBackendGraph:  CompressedPak pak cache file ../../../../../../Users/jtsmith/Desktop/Unreal/MyRTS_TropicoStyle 4.9/DerivedDataCache/Compressed.ddp not found, will not use a pak cache.
[2015.09.11-01.01.10:842][  0]LogDerivedDataCache: Unable to find inner node CompressedPak for hierarchical cache Hierarchy.
[2015.09.11-01.01.10:986][  0]LogDerivedDataCache:Display: Pak cache opened for reading ../../../Engine/DerivedDataCache/Compressed.ddp.
[2015.09.11-01.01.10:997][  0]LogDerivedDataCache: Using Local data cache path C:/Users/jtsmith/AppData/Local/UnrealEngine/Common/DerivedDataCache: Writable
[2015.09.11-01.01.11:171][  0]LogInit: Selected Device Profile: [Windows]
[2015.09.11-01.01.11:171][  0]LogContentStreaming: Texture pool size is 0.000000MB
[2015.09.11-01.01.11:196][  0]LogMeshUtilities: No automatic mesh reduction module available
[2015.09.11-01.01.11:197][  0]LogMeshUtilities: No automatic mesh merging module available
[2015.09.11-01.01.11:521][  0]LogInit: WinSock: version 1.1 (2.2), MaxSocks=32767, MaxUdp=65467
[2015.09.11-01.01.12:140][  0]UdpMessaging: Initializing bridge on interface 0.0.0.0:0 to multicast group 230.0.0.1:6666.
[2015.09.11-01.01.12:231][  0]LogAssetRegistry: FAssetRegistry took 0.0104 seconds to start up
[2015.09.11-01.01.12:387][  0]SourceControl: Info Source control is disabled
[2015.09.11-01.01.12:416][  0]SourceControl: Info Source control is disabled
[2015.09.11-01.01.12:426][  0]SourceControl: Info Source control is disabled
[2015.09.11-01.01.12:437][  0]SourceControl: Info Source control is disabled
[2015.09.11-01.01.12:571][  0]LogLinker:Warning: Asset '../../../Engine/Plugins/Runtime/LeapMotionController/Content/LM_PassthroughMaterial.uasset' has been saved with empty engine version. The asset will be loaded but may be incompatible.
[2015.09.11-01.01.12:643][  0]LogObj: 28380 objects as part of root set at end of initial load.
[2015.09.11-01.01.12:643][  0]LogUObjectAllocator: 6044392 out of 0 bytes used by permanent object pool.
[2015.09.11-01.01.12:694][  0]LogEngine: Initializing Engine...
[2015.09.11-01.01.12:696][  0]LogHMD: Can't find Oculus library dev build: is proper Runtime installed? Version: 0.6.0.0
[2015.09.11-01.01.12:697][  0]LogHMD: SteamVR failed to initialize.  Err: 110
[2015.09.11-01.01.12:806][  0]LogAIModule: Creating AISystem for world NewWorld
[2015.09.11-01.01.12:810][  0]LogInit: XAudio2 using 'Speakers (Realtek High Definition Audio)' : 2 channels at 48 kHz using 32 bits per sample (channel mask 0x3)
[2015.09.11-01.01.12:828][  0]LogInit: FAudioDevice initialized.
[2015.09.11-01.01.12:848][  0]LogDerivedDataCache: Saved boot cache 0.02s 41MB C:/Users/jtsmith/AppData/Local/UnrealEngine/4.9/DerivedDataCache/Boot.ddc.
[2015.09.11-01.01.12:850][  0]LogInit: Texture streaming: Enabled
[2015.09.11-01.01.12:856][  0]LogAnalytics: Creating configured Analytics provider AnalyticsET
[2015.09.11-01.01.12:856][  0]LogAnalytics: [UEEditor.Rocket.Release] APIServer = http://et2.epicgames.com/ET2/. AppVersion = 4.9.0-2672455+++depot+UE4-Releases+4.9
[2015.09.11-01.01.12:856][  0]LogAnalytics: [UEEditor.Rocket.Release] SetUserId 6fa6e3274a8d5d72a75cbcbef6d297a7|3b8075bc1ed94341b886f5e4c6e1b23d|13e13887-07aa-43da-a8ee-6e00c985f4a0
[2015.09.11-01.01.12:856][  0]LogAnalytics: [UEEditor.Rocket.Release] AnalyticsET::StartSession
[2015.09.11-01.01.12:873][  0]LogInit: Transaction tracking system initialized
[2015.09.11-01.01.12:899][  0]BlueprintLog: New page: Editor Load
[2015.09.11-01.01.12:978][  0]LocalizationService: Info Localization service is disabled
[2015.09.11-01.01.13:207][  0]LogConsoleResponse:Display: 
[2015.09.11-01.01.13:309][  0]LogCook:Display: Done creating registry. It took  0.00s.
[2015.09.11-01.01.13:360][  0]SourceControl: Info Source control is disabled
[2015.09.11-01.01.13:360][  0]Cmd: MAP LOAD FILE="../../../../../../Users/jtsmith/Desktop/Unreal/MyRTS_TropicoStyle 4.9/Content/TopDownBP/Maps/TopDownExampleMap.umap" TEMPLATE=0 SHOWPROGRESS=1 FEATURELEVEL=3
[2015.09.11-01.01.13:361][  0]LightingResults: New page: Lighting Build
[2015.09.11-01.01.13:364][  0]MapCheck: New page: Map Check
[2015.09.11-01.01.13:364][  0]LightingResults: New page: Lighting Build
[2015.09.11-01.01.13:373][  0]LogParticles: Destroying 0 GPU particle simulations for FXSystem 0x000000001EE536A0
[2015.09.11-01.01.13:805][  0]LogBlueprint:Error: [compiler MyGameState] Error Graph named 'SetHudDate' already exists in 'MyGameState'. Another one cannot be generated from  (none) 
[2015.09.11-01.01.13:805][  0]LogBlueprint:Error: [compiler MyGameState] Error Graph named 'SetHudClock' already exists in 'MyGameState'. Another one cannot be generated from  (none) 
[2015.09.11-01.01.13:810][  0]LogBlueprint:Warning: [compiler MyGameState] Warning [0005.69] Compile of MyGameState failed. 2 Fatal Issue(s) 0 Warning(s) [in 6 ms]
[2015.09.11-01.01.13:810][  0]LogBlueprint:Warning: [compiler MyGameState] Warning [0005.69] Compile of MyGameState failed. 2 Fatal Issue(s) 1 Warning(s) [in 0 ms]
[2015.09.11-01.01.13:810][  0]LogBlueprint:Warning: [compiler MyGameState] Warning [0005.69] Compile of MyGameState failed. 2 Fatal Issue(s) 2 Warning(s) [in 0 ms]
[2015.09.11-01.01.13:890][  0]LogBlueprint:Error: [compiler Building_HUD] Error Graph named 'SetHudDate' already exists in 'Building_HUD'. Another one cannot be generated from  (none) 
[2015.09.11-01.01.13:890][  0]LogBlueprint:Error: [compiler Building_HUD] Error Graph named 'SetHudClock' already exists in 'Building_HUD'. Another one cannot be generated from  (none) 
[2015.09.11-01.01.13:894][  0]LogBlueprint:Warning: [compiler Building_HUD] Warning [0005.78] Compile of Building_HUD failed. 2 Fatal Issue(s) 0 Warning(s) [in 5 ms]
[2015.09.11-01.01.13:894][  0]LogBlueprint:Warning: [compiler Building_HUD] Warning [0005.78] Compile of Building_HUD failed. 2 Fatal Issue(s) 1 Warning(s) [in 0 ms]
[2015.09.11-01.01.13:894][  0]LogBlueprint:Warning: [compiler Building_HUD] Warning [0005.78] Compile of Building_HUD failed. 2 Fatal Issue(s) 2 Warning(s) [in 0 ms]
[2015.09.11-01.01.14:300][  0]LogBlueprint:Error: [compiler Proxy_HUD] Error Graph named 'SetHudDate' already exists in 'Proxy_HUD'. Another one cannot be generated from  (none) 
[2015.09.11-01.01.14:300][  0]LogBlueprint:Error: [compiler Proxy_HUD] Error Graph named 'SetHudClock' already exists in 'Proxy_HUD'. Another one cannot be generated from  (none) 
[2015.09.11-01.01.14:309][  0]LogBlueprint:Warning: [compiler Proxy_HUD] Warning [0006.19] Compile of Proxy_HUD failed. 2 Fatal Issue(s) 0 Warning(s) [in 10 ms]
[2015.09.11-01.01.14:309][  0]LogBlueprint:Warning: [compiler Proxy_HUD] Warning [0006.19] Compile of Proxy_HUD failed. 2 Fatal Issue(s) 1 Warning(s) [in 0 ms]
[2015.09.11-01.01.14:310][  0]LogBlueprint:Warning: [compiler Proxy_HUD] Warning [0006.19] Compile of Proxy_HUD failed. 2 Fatal Issue(s) 2 Warning(s) [in 0 ms]
[2015.09.11-01.01.14:384][  0]LogLinker:Warning: CreateExport: Failed to load Parent for Function /Game/TopDownBP/Blueprints/Buildings/Commercial/Restaurant_BP.Restaurant_BP_C:UserConstructionScript; removing parent information, but keeping function
[2015.09.11-01.01.14:430][  0]LogBlueprint:Error: [compiler PauseMenu_PopUp] Error Graph named 'SetHudDate' already exists in 'PauseMenu_PopUp'. Another one cannot be generated from  (none) 
[2015.09.11-01.01.14:430][  0]LogBlueprint:Error: [compiler PauseMenu_PopUp] Error Graph named 'SetHudClock' already exists in 'PauseMenu_PopUp'. Another one cannot be generated from  (none) 
[2015.09.11-01.01.14:434][  0]LogBlueprint:Warning: [compiler PauseMenu_PopUp] Warning [0006.32] Compile of PauseMenu_PopUp failed. 2 Fatal Issue(s) 0 Warning(s) [in 7 ms]
[2015.09.11-01.01.14:435][  0]LogBlueprint:Warning: [compiler PauseMenu_PopUp] Warning [0006.32] Compile of PauseMenu_PopUp failed. 2 Fatal Issue(s) 1 Warning(s) [in 0 ms]
[2015.09.11-01.01.14:435][  0]LogBlueprint:Warning: [compiler PauseMenu_PopUp] Warning [0006.32] Compile of PauseMenu_PopUp failed. 2 Fatal Issue(s) 2 Warning(s) [in 0 ms]
[2015.09.11-01.01.14:576][  0]LogBlueprint:Error: [compiler DayNightCycle_BP] Error Graph named 'SetHudDate' already exists in 'DayNightCycle_BP'. Another one cannot be generated from  (none) 
[2015.09.11-01.01.14:576][  0]LogBlueprint:Error: [compiler DayNightCycle_BP] Error Graph named 'SetHudClock' already exists in 'DayNightCycle_BP'. Another one cannot be generated from  (none) 
[2015.09.11-01.01.14:646][  0]LogBlueprint:Warning: [compiler DayNightCycle_BP] Warning [0006.53] Compile of DayNightCycle_BP failed. 2 Fatal Issue(s) 0 Warning(s) [in 96 ms]
[2015.09.11-01.01.14:646][  0]LogBlueprint:Warning: [compiler DayNightCycle_BP] Warning [0006.53] Compile of DayNightCycle_BP failed. 2 Fatal Issue(s) 1 Warning(s) [in 0 ms]
[2015.09.11-01.01.14:646][  0]LogBlueprint:Warning: [compiler DayNightCycle_BP] Warning [0006.53] Compile of DayNightCycle_BP failed. 2 Fatal Issue(s) 2 Warning(s) [in 0 ms]
[2015.09.11-01.01.14:839][  0]LogBlueprint:Error: [compiler GhostBuilding_BP] Error Graph named 'SetHudDate' already exists in 'GhostBuilding_BP'. Another one cannot be generated from  (none) 
[2015.09.11-01.01.14:839][  0]LogBlueprint:Error: [compiler GhostBuilding_BP] Error Graph named 'SetHudClock' already exists in 'GhostBuilding_BP'. Another one cannot be generated from  (none) 
[2015.09.11-01.01.14:911][  0]LogBlueprint:Warning: [compiler GhostBuilding_BP] Warning [0006.79] Compile of GhostBuilding_BP failed. 2 Fatal Issue(s) 0 Warning(s) [in 100 ms]
[2015.09.11-01.01.14:911][  0]LogBlueprint:Warning: [compiler GhostBuilding_BP] Warning [0006.79] Compile of GhostBuilding_BP failed. 2 Fatal Issue(s) 1 Warning(s) [in 0 ms]
[2015.09.11-01.01.14:911][  0]LogBlueprint:Warning: [compiler GhostBuilding_BP] Warning [0006.79] Compile of GhostBuilding_BP failed. 2 Fatal Issue(s) 2 Warning(s) [in 0 ms]
[2015.09.11-01.01.14:917][  0]LogBlueprint:Error: [compiler CameraPawn] Error Graph named 'SetHudDate' already exists in 'CameraPawn'. Another one cannot be generated from  (none) 
[2015.09.11-01.01.14:917][  0]LogBlueprint:Error: [compiler CameraPawn] Error Graph named 'SetHudClock' already exists in 'CameraPawn'. Another one cannot be generated from  (none) 
[2015.09.11-01.01.14:920][  0]LogBlueprint:Warning: [compiler CameraPawn] Warning [0006.80] Compile of CameraPawn failed. 2 Fatal Issue(s) 0 Warning(s) [in 4 ms]
[2015.09.11-01.01.14:921][  0]LogBlueprint:Warning: [compiler CameraPawn] Warning [0006.80] Compile of CameraPawn failed. 2 Fatal Issue(s) 1 Warning(s) [in 0 ms]
[2015.09.11-01.01.14:921][  0]LogBlueprint:Warning: [compiler CameraPawn] Warning [0006.80] Compile of CameraPawn failed. 2 Fatal Issue(s) 2 Warning(s) [in 0 ms]
[2015.09.11-01.01.15:998][  0]LogBlueprint:Error: [compiler GhostBuilding_BP] Error Graph named 'SetHudDate' already exists in 'GhostBuilding_BP'. Another one cannot be generated from  (none) 
[2015.09.11-01.01.15:998][  0]LogBlueprint:Error: [compiler GhostBuilding_BP] Error Graph named 'SetHudClock' already exists in 'GhostBuilding_BP'. Another one cannot be generated from  (none) 
[2015.09.11-01.01.16:068][  0]LogBlueprint:Warning: [compiler GhostBuilding_BP] Warning [0007.95] Compile of GhostBuilding_BP failed. 2 Fatal Issue(s) 0 Warning(s) [in 93 ms]
[2015.09.11-01.01.16:068][  0]LogBlueprint:Warning: [compiler GhostBuilding_BP] Warning [0007.95] Compile of GhostBuilding_BP failed. 2 Fatal Issue(s) 1 Warning(s) [in 0 ms]
[2015.09.11-01.01.16:069][  0]LogBlueprint:Warning: [compiler GhostBuilding_BP] Warning [0007.95] Compile of GhostBuilding_BP failed. 2 Fatal Issue(s) 2 Warning(s) [in 1 ms]
[2015.09.11-01.01.16:160][  0]LogBlueprint:Error: [compiler Proxy_HUD] Error Graph named 'SetHudDate' already exists in 'Proxy_HUD'. Another one cannot be generated from  (none) 
[2015.09.11-01.01.16:160][  0]LogBlueprint:Error: [compiler Proxy_HUD] Error Graph named 'SetHudClock' already exists in 'Proxy_HUD'. Another one cannot be generated from  (none) 
[2015.09.11-01.01.16:172][  0]LogBlueprint:Warning: [compiler Proxy_HUD] Warning [0008.06] Compile of Proxy_HUD failed. 2 Fatal Issue(s) 0 Warning(s) [in 13 ms]
[2015.09.11-01.01.16:172][  0]LogBlueprint:Warning: [compiler Proxy_HUD] Warning [0008.06] Compile of Proxy_HUD failed. 2 Fatal Issue(s) 1 Warning(s) [in 0 ms]
[2015.09.11-01.01.16:175][  0]LogBlueprint:Warning: [compiler Proxy_HUD] Warning [0008.06] Compile of Proxy_HUD failed. 2 Fatal Issue(s) 2 Warning(s) [in 2 ms]
[2015.09.11-01.01.17:169][  0]LogAIModule: Creating AISystem for world TopDownExampleMap
[2015.09.11-01.01.17:207][  0]LogEditorServer: Finished looking for orphan Actors (0.000 secs)
[2015.09.11-01.01.17:208][  0]Cmd: MAP CHECKDEP NOCLEARLOG
[2015.09.11-01.01.17:284][  0]MapCheck: Info Map check complete: 0 Error(s), 0 Warning(s), took 75.665ms to complete.
[2015.09.11-01.01.17:284][  0]LogFileHelpers: Loading map 'TopDownExampleMap' took 3.923
[2015.09.11-01.01.17:383][  0]LogCollectionManager: Loaded 0 collections in 0.001987 seconds
[2015.09.11-01.01.17:420][  0]LogFileCache: Scanning file cache for directory 'C:/Users/jtsmith/Desktop/Unreal/MyRTS_TropicoStyle 4.9/Saved/Collections/' took 0.01s
[2015.09.11-01.01.17:420][  0]LogFileCache: Scanning file cache for directory 'C:/Users/jtsmith/Desktop/Unreal/MyRTS_TropicoStyle 4.9/Content/Developers/jtsmith/Collections/' took 0.01s
[2015.09.11-01.01.17:420][  0]LogFileCache: Scanning file cache for directory 'C:/Users/jtsmith/Desktop/Unreal/MyRTS_TropicoStyle 4.9/Content/Collections/' took 0.01s
[2015.09.11-01.01.17:420][  0]LogContentBrowser: Native class hierarchy populated in 0.0070 seconds. Added 1874 classes and 335 folders.
[2015.09.11-01.01.17:425][  0]LogCollectionManager: Rebuilt the GUID cache for 0 collections in 0.000002 seconds
[2015.09.11-01.01.17:430][  0]LogContentBrowser: Native class hierarchy updated for 'WidgetCarousel' in 0.0003 seconds. Added 0 classes and 0 folders.
[2015.09.11-01.01.17:473][  0]LogContentBrowser: Native class hierarchy updated for 'AddContentDialog' in 0.0003 seconds. Added 0 classes and 0 folders.
[2015.09.11-01.01.17:482][  0]LogContentBrowser: Native class hierarchy updated for 'SceneOutliner' in 0.0003 seconds. Added 1 classes and 2 folders.
[2015.09.11-01.01.17:582][  0]LogCrashTracker: Crashtracker disabled due to settings.
[2015.09.11-01.01.17:584][  0]LogUObjectGlobals:Warning: Failed to find object 'Class None.'
[2015.09.11-01.01.17:605][  0]LogLoad: Full Startup: 9.49 seconds (BP compile: 1.35 seconds)
[2015.09.11-01.01.17:688][  0]LogContentStreaming: Texture pool size now 400 MB
[2015.09.11-01.01.17:806][  0]LogRenderer: Reallocating scene render targets to support 1100x676 (Frame:2).
[2015.09.11-01.01.17:924][  1]Cmd: UpdateLandscapeEditorData -warnings
[2015.09.11-01.01.18:756][ 15]LogLinker:Warning: Asset '../../../Engine/Content/ArtTools/RenderToTexture/Macros/RenderToTextureMacros.uasset' has been saved with empty engine version. The asset will be loaded but may be incompatible.
[2015.09.11-01.01.19:291][ 15]LogContentBrowser: Native class hierarchy updated for 'BlueprintGraph' in 0.0006 seconds. Added 107 classes and 0 folders.
[2015.09.11-01.01.19:707][ 15]LogAssetRegistry: Asset discovery search completed in 7.4858 seconds
[2015.09.11-01.01.19:707][ 15]LogCollectionManager: Rebuilt the object cache for 0 collections in 0.000001 seconds (found 0 objects)
[2015.09.11-01.01.19:707][ 15]LogCollectionManager: Fixed up redirectors for 0 collections in 0.000029 seconds (updated 0 objects)
[2015.09.11-01.01.24:457][455]LogPlayLevel: PlayLevel: No blueprints needed recompiling
[2015.09.11-01.01.55:152][779]LogPropertyNode:Warning: Clamp Min (150) >= Clamp Max (150) for Ranged Numeric property /Game/TopDownBP/Blueprints/MyGameState.MyGameState_C:NormalGameSpeed
[2015.09.11-01.01.55:152][779]LogPropertyNode:Warning: UI Min (150) >= UI Max (150) for Ranged Numeric property /Game/TopDownBP/Blueprints/MyGameState.MyGameState_C:NormalGameSpeed
[2015.09.11-01.01.59:014][133]BlueprintLog: New page: Compile MyGameState
[2015.09.11-01.01.59:021][133]LogBlueprint:Error: [compiler MyGameState] Error Graph named 'SetHudDate' already exists in 'MyGameState'. Another one cannot be generated from  (none) 
[2015.09.11-01.01.59:021][133]LogBlueprint:Error: [compiler MyGameState] Error Graph named 'SetHudClock' already exists in 'MyGameState'. Another one cannot be generated from  (none) 
[2015.09.11-01.01.59:226][133]LogActorComponent: UnregisterComponent: (/Engine/Transient.CharMoveComp) Not registered. Aborting.
[2015.09.11-01.01.59:365][133]LogBlueprint:Warning: [compiler MyGameState] Warning [0051.25] Compile of MyGameState failed. 2 Fatal Issue(s) 0 Warning(s) [in 350 ms]
[2015.09.11-01.01.59:365][133]BlueprintEditorCompileResults: Info No value will be returned by reference. Parameter 'Date'. Node:  (none) 
[2015.09.11-01.01.59:365][133]BlueprintEditorCompileResults:Error: Error Graph named 'SetHudDate' already exists in 'MyGameState'. Another one cannot be generated from  (none) 
[2015.09.11-01.01.59:365][133]BlueprintEditorCompileResults: Info No value will be returned by reference. Parameter 'Time'. Node:  (none) 
[2015.09.11-01.01.59:365][133]BlueprintEditorCompileResults:Error: Error Graph named 'SetHudClock' already exists in 'MyGameState'. Another one cannot be generated from  (none) 
[2015.09.11-01.01.59:365][133]BlueprintEditorCompileResults: Info No value will be returned by reference. Parameter 'GameTime'. Node:  (none) 
[2015.09.11-01.01.59:365][133]BlueprintEditorCompileResults:Warning: Warning [0051.25] Compile of MyGameState failed. 2 Fatal Issue(s) 0 Warning(s) [in 350 ms]
[2015.09.11-01.01.59:414][134]LogPropertyNode:Warning: Clamp Min (150) >= Clamp Max (150) for Ranged Numeric property /Game/TopDownBP/Blueprints/MyGameState.MyGameState_C:NormalGameSpeed
[2015.09.11-01.01.59:414][134]LogPropertyNode:Warning: UI Min (150) >= UI Max (150) for Ranged Numeric property /Game/TopDownBP/Blueprints/MyGameState.MyGameState_C:NormalGameSpeed
[2015.09.11-01.02.19:108][ 73]BlueprintLog: New page: Compile MyGameState
[2015.09.11-01.02.19:115][ 73]LogBlueprint:Error: [compiler MyGameState] Error Graph named 'SetHudDate' already exists in 'MyGameState'. Another one cannot be generated from  (none) 
[2015.09.11-01.02.19:115][ 73]LogBlueprint:Error: [compiler MyGameState] Error Graph named 'SetHudClock' already exists in 'MyGameState'. Another one cannot be generated from  (none) 
[2015.09.11-01.02.19:298][ 73]LogBlueprint:Warning: [compiler MyGameState] Warning [0071.18] Compile of MyGameState failed. 2 Fatal Issue(s) 0 Warning(s) [in 189 ms]
[2015.09.11-01.02.19:298][ 73]BlueprintEditorCompileResults: Info No value will be returned by reference. Parameter 'Date'. Node:  (none) 
[2015.09.11-01.02.19:298][ 73]BlueprintEditorCompileResults:Error: Error Graph named 'SetHudDate' already exists in 'MyGameState'. Another one cannot be generated from  (none) 
[2015.09.11-01.02.19:298][ 73]BlueprintEditorCompileResults: Info No value will be returned by reference. Parameter 'Time'. Node:  (none) 
[2015.09.11-01.02.19:298][ 73]BlueprintEditorCompileResults:Error: Error Graph named 'SetHudClock' already exists in 'MyGameState'. Another one cannot be generated from  (none) 
[2015.09.11-01.02.19:298][ 73]BlueprintEditorCompileResults: Info No value will be returned by reference. Parameter 'GameTime'. Node:  (none) 
[2015.09.11-01.02.19:298][ 73]BlueprintEditorCompileResults:Warning: Warning [0071.18] Compile of MyGameState failed. 2 Fatal Issue(s) 0 Warning(s) [in 189 ms]
[2015.09.11-01.02.19:346][ 74]LogPropertyNode:Warning: Clamp Min (150) >= Clamp Max (150) for Ranged Numeric property /Game/TopDownBP/Blueprints/MyGameState.MyGameState_C:NormalGameSpeed
[2015.09.11-01.02.19:346][ 74]LogPropertyNode:Warning: UI Min (150) >= UI Max (150) for Ranged Numeric property /Game/TopDownBP/Blueprints/MyGameState.MyGameState_C:NormalGameSpeed
[2015.09.11-01.02.20:225][127]BlueprintLog: New page: Compile MyGameState
[2015.09.11-01.02.20:232][127]LogBlueprint:Error: [compiler MyGameState] Error Graph named 'SetHudDate' already exists in 'MyGameState'. Another one cannot be generated from  (none) 
[2015.09.11-01.02.20:232][127]LogBlueprint:Error: [compiler MyGameState] Error Graph named 'SetHudClock' already exists in 'MyGameState'. Another one cannot be generated from  (none) 
[2015.09.11-01.02.20:417][127]LogBlueprint:Warning: [compiler MyGameState] Warning [0072.30] Compile of MyGameState failed. 2 Fatal Issue(s) 0 Warning(s) [in 191 ms]
[2015.09.11-01.02.20:417][127]BlueprintEditorCompileResults: Info No value will be returned by reference. Parameter 'Date'. Node:  (none) 
[2015.09.11-01.02.20:417][127]BlueprintEditorCompileResults:Error: Error Graph named 'SetHudDate' already exists in 'MyGameState'. Another one cannot be generated from  (none) 
[2015.09.11-01.02.20:417][127]BlueprintEditorCompileResults: Info No value will be returned by reference. Parameter 'Time'. Node:  (none) 
[2015.09.11-01.02.20:417][127]BlueprintEditorCompileResults:Error: Error Graph named 'SetHudClock' already exists in 'MyGameState'. Another one cannot be generated from  (none) 
[2015.09.11-01.02.20:417][127]BlueprintEditorCompileResults: Info No value will be returned by reference. Parameter 'GameTime'. Node:  (none) 
[2015.09.11-01.02.20:417][127]BlueprintEditorCompileResults:Warning: Warning [0072.30] Compile of MyGameState failed. 2 Fatal Issue(s) 0 Warning(s) [in 191 ms]
[2015.09.11-01.02.20:462][128]LogPropertyNode:Warning: Clamp Min (150) >= Clamp Max (150) for Ranged Numeric property /Game/TopDownBP/Blueprints/MyGameState.MyGameState_C:NormalGameSpeed
[2015.09.11-01.02.20:462][128]LogPropertyNode:Warning: UI Min (150) >= UI Max (150) for Ranged Numeric property /Game/TopDownBP/Blueprints/MyGameState.MyGameState_C:NormalGameSpeed
[2015.09.11-01.02.36:721][357]BlueprintLog: New page: Compile GhostBuilding_BP
[2015.09.11-01.02.36:806][357]LogBlueprint:Error: [compiler GhostBuilding_BP] Error Graph named 'SetHudDate' already exists in 'GhostBuilding_BP'. Another one cannot be generated from  (none) 
[2015.09.11-01.02.36:806][357]LogBlueprint:Error: [compiler GhostBuilding_BP] Error Graph named 'SetHudClock' already exists in 'GhostBuilding_BP'. Another one cannot be generated from  (none) 
[2015.09.11-01.02.36:986][357]LogActorComponent: UnregisterComponent: (/Engine/Transient.CharMoveComp) Not registered. Aborting.
[2015.09.11-01.02.37:029][357]LogBlueprint:Warning: [compiler GhostBuilding_BP] Warning [0088.91] Compile of GhostBuilding_BP failed. 2 Fatal Issue(s) 0 Warning(s) [in 307 ms]
[2015.09.11-01.02.37:029][357]BlueprintEditorCompileResults: Info No value will be returned by reference. Parameter 'Date'. Node:  (none) 
[2015.09.11-01.02.37:029][357]BlueprintEditorCompileResults:Error: Error Graph named 'SetHudDate' already exists in 'GhostBuilding_BP'. Another one cannot be generated from  (none) 
[2015.09.11-01.02.37:029][357]BlueprintEditorCompileResults: Info No value will be returned by reference. Parameter 'Time'. Node:  (none) 
[2015.09.11-01.02.37:029][357]BlueprintEditorCompileResults:Error: Error Graph named 'SetHudClock' already exists in 'GhostBuilding_BP'. Another one cannot be generated from  (none) 
[2015.09.11-01.02.37:029][357]BlueprintEditorCompileResults:Warning: Warning [0088.91] Compile of GhostBuilding_BP failed. 2 Fatal Issue(s) 0 Warning(s) [in 307 ms]
[2015.09.11-01.02.50:531][715]LogActorComponent: UnregisterComponent: (/Engine/Transient.EditorFloorComp) Not registered. Aborting.
[2015.09.11-01.02.50:827][716]Cmd: QUIT_EDITOR
[2015.09.11-01.02.51:088][716]LogExit: Preparing to exit.
[2015.09.11-01.02.52:213][716]LogExit: Editor shut down
[2015.09.11-01.02.52:213][716]LogExit: Transaction tracking system shut down
[2015.09.11-01.02.52:217][716]LogParticles: Destroying 0 GPU particle simulations for FXSystem 0x0000000029E28EA0
[2015.09.11-01.02.52:218][716]LogParticles: Destroying 0 GPU particle simulations for FXSystem 0x000000002E06F880
[2015.09.11-01.02.52:218][716]LogParticles: Destroying 0 GPU particle simulations for FXSystem 0x000000002FDAF600
[2015.09.11-01.02.52:218][716]LogParticles: Destroying 0 GPU particle simulations for FXSystem 0x000000002E384860
[2015.09.11-01.02.52:218][716]LogParticles: Destroying 0 GPU particle simulations for FXSystem 0x000000002E385120
[2015.09.11-01.02.52:218][716]LogParticles: Destroying 0 GPU particle simulations for FXSystem 0x000000002A997C40
[2015.09.11-01.02.52:219][716]LogParticles: Destroying 0 GPU particle simulations for FXSystem 0x000000002A9972E0
[2015.09.11-01.02.52:222][716]LogParticles: Destroying 0 GPU particle simulations for FXSystem 0x0000000030727560
[2015.09.11-01.02.52:400][716]LogParticles: Destroying 0 GPU particle simulations for FXSystem 0x000000002A9976A0
[2015.09.11-01.02.52:400][716]LogExit: Object subsystem successfully closed.
[2015.09.11-01.02.52:416][716]LogD3D11RHI: Shutdown
[2015.09.11-01.02.52:416][716]LogD3D11RHI: CleanupD3DDevice
[2015.09.11-01.02.52:458][716]LogD3D11RHI: ~FD3D11DynamicRHI
[2015.09.11-01.02.52:476][716]LogModuleManager: Shutting down and abandoning module SequencerWidgets (200)
[2015.09.11-01.02.52:476][716]LogModuleManager: Shutting down and abandoning module BlueprintGraph (199)
[2015.09.11-01.02.52:476][716]LogModuleManager: Shutting down and abandoning module CrashTracker (198)
[2015.09.11-01.02.52:476][716]LogModuleManager: Shutting down and abandoning module SceneOutliner (197)
[2015.09.11-01.02.52:476][716]LogModuleManager: Shutting down and abandoning module SuperSearch (196)
[2015.09.11-01.02.52:476][716]LogModuleManager: Shutting down and abandoning module WidgetCarousel (195)
[2015.09.11-01.02.52:476][716]LogModuleManager: Shutting down and abandoning module AddContentDialog (194)
[2015.09.11-01.02.52:477][716]LogModuleManager: Shutting down and abandoning module EditorWidgets (193)
[2015.09.11-01.02.52:477][716]LogModuleManager: Shutting down and abandoning module CollectionManager (192)
[2015.09.11-01.02.52:477][716]LogModuleManager: Shutting down and abandoning module StatsViewer (191)
[2015.09.11-01.02.52:477][716]LogModuleManager: Shutting down and abandoning module FoliageEdit (190)
[2015.09.11-01.02.52:477][716]LogModuleManager: Shutting down and abandoning module LandscapeEditor (189)
[2015.09.11-01.02.52:477][716]LogModuleManager: Shutting down and abandoning module ActorPickerMode (188)
[2015.09.11-01.02.52:477][716]LogModuleManager: Shutting down and abandoning module GeometryMode (187)
[2015.09.11-01.02.52:477][716]LogModuleManager: Shutting down and abandoning module TextureAlignMode (186)
[2015.09.11-01.02.52:477][716]LogModuleManager: Shutting down and abandoning module BspMode (185)
[2015.09.11-01.02.52:477][716]LogModuleManager: Shutting down and abandoning module PlacementMode (184)
[2015.09.11-01.02.52:477][716]LogModuleManager: Shutting down and abandoning module AutomationWorker (183)
[2015.09.11-01.02.52:477][716]LogModuleManager: Shutting down and abandoning module CharacterAI (182)
[2015.09.11-01.02.52:477][716]LogModuleManager: Shutting down and abandoning module SmartSnapping (181)
[2015.09.11-01.02.52:477][716]LogModuleManager: Shutting down and abandoning module ViewportSnapping (180)
[2015.09.11-01.02.52:477][716]LogModuleManager: Shutting down and abandoning module LogVisualizer (179)
[2015.09.11-01.02.52:478][716]LogModuleManager: Shutting down and abandoning module GameProjectGeneration (178)
[2015.09.11-01.02.52:478][716]LogModuleManager: Shutting down and abandoning module IntroTutorials (177)
[2015.09.11-01.02.52:478][716]LogModuleManager: Shutting down and abandoning module EditorLiveStreaming (176)
[2015.09.11-01.02.52:478][716]LogModuleManager: Shutting down and abandoning module IOSPlatformEditor (175)
[2015.09.11-01.02.52:478][716]LogModuleManager: Shutting down and abandoning module HTML5PlatformEditor (174)
[2015.09.11-01.02.52:478][716]LogModuleManager: Shutting down and abandoning module AndroidDeviceDetection (173)
[2015.09.11-01.02.53:023][716]LogModuleManager: Shutting down and abandoning module AndroidPlatformEditor (172)
[2015.09.11-01.02.53:023][716]LogModuleManager: Shutting down and abandoning module IOSRuntimeSettings (171)
[2015.09.11-01.02.53:023][716]LogModuleManager: Shutting down and abandoning module AndroidRuntimeSettings (170)
[2015.09.11-01.02.53:023][716]LogModuleManager: Shutting down and abandoning module MergeActors (169)
[2015.09.11-01.02.53:023][716]LogModuleManager: Shutting down and abandoning module SizeMap (168)
[2015.09.11-01.02.53:023][716]LogModuleManager: Shutting down and abandoning module TreeMap (167)
[2015.09.11-01.02.53:023][716]LogModuleManager: Shutting down and abandoning module ReferenceViewer (166)
[2015.09.11-01.02.53:023][716]LogModuleManager: Shutting down and abandoning module LocalizationService (165)
[2015.09.11-01.02.53:023][716]LogModuleManager: Shutting down and abandoning module LocalizationDashboard (164)
[2015.09.11-01.02.53:023][716]LogModuleManager: Shutting down and abandoning module HardwareTargeting (163)
[2015.09.11-01.02.53:023][716]LogModuleManager: Shutting down and abandoning module DeviceProfileEditor (162)
[2015.09.11-01.02.53:023][716]LogModuleManager: Shutting down and abandoning module UndoHistory (161)
[2015.09.11-01.02.53:023][716]LogModuleManager: Shutting down and abandoning module GameplayTagsEditor (160)
[2015.09.11-01.02.53:023][716]LogModuleManager: Shutting down and abandoning module UserFeedback (159)
[2015.09.11-01.02.53:023][716]LogModuleManager: Shutting down and abandoning module XmlParser (158)
[2015.09.11-01.02.53:023][716]LogModuleManager: Shutting down and abandoning module Blutility (157)
[2015.09.11-01.02.53:023][716]LogModuleManager: Shutting down and abandoning module ProjectTargetPlatformEditor (156)
[2015.09.11-01.02.53:023][716]LogModuleManager: Shutting down and abandoning module ProjectSettingsViewer (155)
[2015.09.11-01.02.53:023][716]LogModuleManager: Shutting down and abandoning module InputBindingEditor (154)
[2015.09.11-01.02.53:023][716]LogModuleManager: Shutting down and abandoning module EditorSettingsViewer (153)
[2015.09.11-01.02.53:023][716]LogModuleManager: Shutting down and abandoning module SettingsEditor (152)
[2015.09.11-01.02.53:023][716]LogModuleManager: Shutting down and abandoning module ProjectLauncher (151)
[2015.09.11-01.02.53:023][716]LogModuleManager: Shutting down and abandoning module SessionFrontend (150)
[2015.09.11-01.02.53:023][716]LogModuleManager: Shutting down and abandoning module ProfilerClient (149)
[2015.09.11-01.02.53:023][716]LogModuleManager: Shutting down and abandoning module TargetDeviceServices (148)
[2015.09.11-01.02.53:023][716]LogModuleManager: Shutting down and abandoning module DeviceManager (147)
[2015.09.11-01.02.53:024][716]LogModuleManager: Shutting down and abandoning module AutomationController (146)
[2015.09.11-01.02.53:024][716]LogModuleManager: Shutting down and abandoning module AutomationWindow (145)
[2015.09.11-01.02.53:024][716]LogModuleManager: Shutting down and abandoning module Layers (144)
[2015.09.11-01.02.53:024][716]LogModuleManager: Shutting down and abandoning module ComponentVisualizers (143)
[2015.09.11-01.02.53:024][716]LogModuleManager: Shutting down and abandoning module DetailCustomizations (142)
[2015.09.11-01.02.53:024][716]LogModuleManager: Shutting down and abandoning module PackagesDialog (141)
[2015.09.11-01.02.53:024][716]LogModuleManager: Shutting down and abandoning module Persona (140)
[2015.09.11-01.02.53:024][716]LogModuleManager: Shutting down and abandoning module Kismet (139)
[2015.09.11-01.02.53:024][716]LogModuleManager: Shutting down and abandoning module GraphEditor (138)
[2015.09.11-01.02.53:024][716]LogModuleManager: Shutting down and abandoning module ClassViewer (137)
[2015.09.11-01.02.53:024][716]LogModuleManager: Shutting down and abandoning module Toolbox (136)
[2015.09.11-01.02.53:024][716]LogModuleManager: Shutting down and abandoning module ModuleUI (135)
[2015.09.11-01.02.53:024][716]LogModuleManager: Shutting down and abandoning module MovieSceneTools (134)
[2015.09.11-01.02.53:024][716]LogModuleManager: Shutting down and abandoning module OutputLog (133)
[2015.09.11-01.02.53:024][716]LogModuleManager: Shutting down and abandoning module GammaUI (132)
[2015.09.11-01.02.53:024][716]LogModuleManager: Shutting down and abandoning module Documentation (131)
[2015.09.11-01.02.53:024][716]LogModuleManager: Shutting down and abandoning module GameLiveStreaming (130)
[2015.09.11-01.02.53:024][716]LogModuleManager: Shutting down and abandoning module StreamingPauseRendering (129)
[2015.09.11-01.02.53:024][716]LogModuleManager: Shutting down and abandoning module AnalyticsET (128)
[2015.09.11-01.02.53:024][716]LogModuleManager: Shutting down and abandoning module Analytics (127)
[2015.09.11-01.02.53:024][716]LogModuleManager: Shutting down and abandoning module AITestSuite (126)
[2015.09.11-01.02.53:024][716]LogModuleManager: Shutting down and abandoning module GameplayDebugger (125)
[2015.09.11-01.02.53:024][716]LogModuleManager: Shutting down and abandoning module AIModule (124)
[2015.09.11-01.02.53:024][716]LogModuleManager: Shutting down and abandoning module ProfilerService (123)
[2015.09.11-01.02.53:160][716]LogModuleManager: Shutting down and abandoning module TaskGraph (122)
[2015.09.11-01.02.53:160][716]LogModuleManager: Shutting down and abandoning module SlateRemote (121)
[2015.09.11-01.02.53:160][716]LogModuleManager: Shutting down and abandoning module SteamVRController (120)
[2015.09.11-01.02.53:160][716]LogModuleManager: Shutting down and abandoning module SteamVR (119)
[2015.09.11-01.02.53:160][716]LogModuleManager: Shutting down and abandoning module ProceduralMeshComponent (118)
[2015.09.11-01.02.53:160][716]LogModuleManager: Shutting down and abandoning module OculusRift (117)
[2015.09.11-01.02.53:160][716]LogModuleManager: Shutting down and abandoning module OculusLibrary (116)
[2015.09.11-01.02.53:160][716]LogModuleManager: Shutting down and abandoning module LeapMotionController (115)
[2015.09.11-01.02.53:167][716]LogModuleManager: Shutting down and abandoning module CustomMeshComponent (114)
[2015.09.11-01.02.53:167][716]LogModuleManager: Shutting down and abandoning module CableComponent (113)
[2015.09.11-01.02.53:167][716]LogModuleManager: Shutting down and abandoning module ArchVisCharacter (112)
[2015.09.11-01.02.53:167][716]LogModuleManager: Shutting down and abandoning module MessagingDebugger (111)
[2015.09.11-01.02.53:167][716]LogModuleManager: Shutting down and abandoning module MediaPlayerEditor (110)
[2015.09.11-01.02.53:167][716]LogModuleManager: Shutting down and abandoning module HTML5Networking (109)
[2015.09.11-01.02.53:167][716]LogModuleManager: Shutting down and abandoning module SpeedTreeImporter (108)
[2015.09.11-01.02.53:167][716]LogModuleManager: Shutting down and abandoning module PluginBrowser (107)
[2015.09.11-01.02.53:167][716]LogModuleManager: Shutting down and abandoning module EpicSurvey (106)
[2015.09.11-01.02.53:167][716]LogModuleManager: Shutting down and abandoning module DesktopPlatform (105)
[2015.09.11-01.02.53:167][716]LogModuleManager: Shutting down and abandoning module VisualStudioSourceCodeAccess (104)
[2015.09.11-01.02.53:167][716]LogModuleManager: Shutting down and abandoning module UObjectPlugin (103)
[2015.09.11-01.02.53:167][716]LogModuleManager: Shutting down and abandoning module SubversionSourceControl (102)
[2015.09.11-01.02.53:167][716]LogModuleManager: Shutting down and abandoning module PerforceSourceControl (101)
[2015.09.11-01.02.53:167][716]LogModuleManager: Shutting down and abandoning module SourceControl (100)
[2015.09.11-01.02.53:167][716]LogModuleManager: Shutting down and abandoning module GitSourceControl (99)
[2015.09.11-01.02.53:167][716]LogModuleManager: Shutting down and abandoning module LightPropagationVolumeEditor (98)
[2015.09.11-01.02.53:167][716]LogModuleManager: Shutting down and abandoning module PaperTiledImporter (97)
[2015.09.11-01.02.53:167][716]LogModuleManager: Shutting down and abandoning module PaperSpriteSheetImporter (96)
[2015.09.11-01.02.53:167][716]LogModuleManager: Shutting down and abandoning module MeshPaint (95)
[2015.09.11-01.02.53:167][716]LogModuleManager: Shutting down and abandoning module SlateReflector (94)
[2015.09.11-01.02.53:167][716]LogModuleManager: Shutting down and abandoning module HotReload (93)
[2015.09.11-01.02.53:167][716]LogModuleManager: Shutting down and abandoning module MainFrame (92)
[2015.09.11-01.02.53:167][716]LogModuleManager: Shutting down and abandoning module LevelEditor (91)
[2015.09.11-01.02.53:168][716]LogModuleManager: Shutting down and abandoning module DirectoryWatcher (90)
[2015.09.11-01.02.53:169][716]LogModuleManager: Shutting down and abandoning module AssetRegistry (89)
[2015.09.11-01.02.53:297][716]LogModuleManager: Shutting down and abandoning module ContentBrowser (88)
[2015.09.11-01.02.53:297][716]LogModuleManager: Shutting down and abandoning module Paper2DEditor (87)
[2015.09.11-01.02.53:298][716]LogModuleManager: Shutting down and abandoning module UdpMessaging (86)
[2015.09.11-01.02.53:398][716]LogModuleManager: Shutting down and abandoning module LightPropagationVolumeRuntime (85)
[2015.09.11-01.02.53:398][716]LogModuleManager: Shutting down and abandoning module Paper2D (84)
[2015.09.11-01.02.53:398][716]LogModuleManager: Shutting down and abandoning module WindowsMoviePlayer (83)
[2015.09.11-01.02.53:401][716]LogModuleManager: Shutting down and abandoning module Media (82)
[2015.09.11-01.02.53:401][716]LogModuleManager: Shutting down and abandoning module WmfMedia (81)
[2015.09.11-01.02.53:401][716]LogModuleManager: Shutting down and abandoning module OnlineBlueprintSupport (80)
[2015.09.11-01.02.53:401][716]LogModuleManager: Shutting down and abandoning module EnvironmentQueryEditor (79)
[2015.09.11-01.02.53:401][716]LogModuleManager: Shutting down and abandoning module GameplayTasksEditor (78)
[2015.09.11-01.02.53:401][716]LogModuleManager: Shutting down and abandoning module PropertyEditor (77)
[2015.09.11-01.02.53:401][716]LogModuleManager: Shutting down and abandoning module BehaviorTreeEditor (76)
[2015.09.11-01.02.53:401][716]LogModuleManager: Shutting down and abandoning module FunctionalTesting (75)
[2015.09.11-01.02.53:401][716]LogModuleManager: Shutting down and abandoning module CollisionAnalyzer (74)
[2015.09.11-01.02.53:401][716]LogModuleManager: Shutting down and abandoning module WorkspaceMenuStructure (73)
[2015.09.11-01.02.53:401][716]LogModuleManager: Shutting down and abandoning module MessageLog (72)
[2015.09.11-01.02.53:401][716]LogModuleManager: Shutting down and abandoning module Sequencer (71)
[2015.09.11-01.02.53:401][716]LogModuleManager: Shutting down and abandoning module AssetTools (70)
[2015.09.11-01.02.53:401][716]LogModuleManager: Shutting down and abandoning module UMGEditor (69)
[2015.09.11-01.02.53:401][716]LogModuleManager: Shutting down and abandoning module UMG (68)
[2015.09.11-01.02.53:401][716]LogModuleManager: Shutting down and abandoning module Slate (67)
[2015.09.11-01.02.53:401][716]LogModuleManager: Shutting down and abandoning module EditorStyle (66)
[2015.09.11-01.02.53:403][716]LogModuleManager: Shutting down and abandoning module SessionServices (65)
[2015.09.11-01.02.53:403][716]LogModuleManager: Shutting down and abandoning module SourceCodeAccess (64)
[2015.09.11-01.02.53:403][716]LogModuleManager: Shutting down and abandoning module HeadMountedDisplay (63)
[2015.09.11-01.02.53:403][716]LogModuleManager: Shutting down and abandoning module XAudio2 (62)
[2015.09.11-01.02.53:403][716]LogModuleManager: Shutting down and abandoning module Networking (60)
[2015.09.11-01.02.53:403][716]LogModuleManager: Shutting down and abandoning module Core (59)
[2015.09.11-01.02.53:403][716]LogModuleManager: Shutting down and abandoning module KismetCompiler (58)
[2015.09.11-01.02.53:403][716]LogModuleManager: Shutting down and abandoning module PhysXFormats (57)
[2015.09.11-01.02.53:403][716]LogModuleManager: Shutting down and abandoning module MeshUtilities (56)
[2015.09.11-01.02.53:403][716]LogModuleManager: Shutting down and abandoning module CookingStats (55)
[2015.09.11-01.02.53:404][716]LogModuleManager: Shutting down and abandoning module DerivedDataCache (54)
[2015.09.11-01.02.53:497][716]LogDerivedDataCache: Shutdown
[2015.09.11-01.02.53:497][716]LogModuleManager: Shutting down and abandoning module ShaderFormatOpenGL (53)
[2015.09.11-01.02.53:497][716]LogModuleManager: Shutting down and abandoning module ShaderFormatD3D (52)
[2015.09.11-01.02.53:497][716]LogModuleManager: Shutting down and abandoning module MetalShaderFormat (51)
[2015.09.11-01.02.53:497][716]LogModuleManager: Shutting down and abandoning module TextureFormatUncompressed (50)
[2015.09.11-01.02.53:497][716]LogModuleManager: Shutting down and abandoning module TextureFormatPVR (49)
[2015.09.11-01.02.53:497][716]LogModuleManager: Shutting down and abandoning module TextureFormatIntelISPCTexComp (48)
[2015.09.11-01.02.53:497][716]LogModuleManager: Shutting down and abandoning module TextureFormatDXT (47)
[2015.09.11-01.02.53:497][716]LogModuleManager: Shutting down and abandoning module ImageWrapper (46)
[2015.09.11-01.02.53:497][716]LogModuleManager: Shutting down and abandoning module TextureFormatASTC (45)
[2015.09.11-01.02.53:497][716]LogModuleManager: Shutting down and abandoning module TextureFormatAndroid (44)
[2015.09.11-01.02.53:497][716]LogModuleManager: Shutting down and abandoning module AudioFormatOpus (43)
[2015.09.11-01.02.53:497][716]LogModuleManager: Shutting down and abandoning module AudioFormatOgg (42)
[2015.09.11-01.02.53:497][716]LogModuleManager: Shutting down and abandoning module AudioFormatADPCM (41)
[2015.09.11-01.02.53:497][716]LogModuleManager: Shutting down and abandoning module LinuxTargetPlatform (40)
[2015.09.11-01.02.53:497][716]LogModuleManager: Shutting down and abandoning module LinuxServerTargetPlatform (39)
[2015.09.11-01.02.53:497][716]LogModuleManager: Shutting down and abandoning module LinuxNoEditorTargetPlatform (38)
[2015.09.11-01.02.53:497][716]LogModuleManager: Shutting down and abandoning module Messaging (37)
[2015.09.11-01.02.53:497][716]LogModuleManager: Shutting down and abandoning module IOSTargetPlatform (36)
[2015.09.11-01.02.53:497][716]LogModuleManager: Shutting down and abandoning module HTML5TargetPlatform (35)
[2015.09.11-01.02.53:497][716]LogModuleManager: Shutting down and abandoning module Android_PVRTCTargetPlatform (34)
[2015.09.11-01.02.53:497][716]LogModuleManager: Shutting down and abandoning module Android_ETC2TargetPlatform (33)
[2015.09.11-01.02.53:497][716]LogModuleManager: Shutting down and abandoning module Android_ETC1TargetPlatform (32)
[2015.09.11-01.02.53:497][716]LogModuleManager: Shutting down and abandoning module Android_DXTTargetPlatform (31)
[2015.09.11-01.02.53:497][716]LogModuleManager: Shutting down and abandoning module Android_ATCTargetPlatform (30)
[2015.09.11-01.02.53:497][716]LogModuleManager: Shutting down and abandoning module Android_ASTCTargetPlatform (29)
[2015.09.11-01.02.53:497][716]LogModuleManager: Shutting down and abandoning module AndroidTargetPlatform (28)
[2015.09.11-01.02.53:497][716]LogModuleManager: Shutting down and abandoning module WindowsTargetPlatform (27)
[2015.09.11-01.02.53:497][716]LogModuleManager: Shutting down and abandoning module WindowsServerTargetPlatform (26)
[2015.09.11-01.02.53:497][716]LogModuleManager: Shutting down and abandoning module WindowsNoEditorTargetPlatform (25)
[2015.09.11-01.02.53:497][716]LogModuleManager: Shutting down and abandoning module WindowsClientTargetPlatform (24)
[2015.09.11-01.02.53:497][716]LogModuleManager: Shutting down and abandoning module AllDesktopTargetPlatform (23)
[2015.09.11-01.02.53:497][716]LogModuleManager: Shutting down and abandoning module TargetPlatform (22)
[2015.09.11-01.02.53:497][716]LogModuleManager: Shutting down and abandoning module InputCore (21)
[2015.09.11-01.02.53:497][716]LogModuleManager: Shutting down and abandoning module Settings (20)
[2015.09.11-01.02.53:497][716]LogModuleManager: Shutting down and abandoning module OnlineSubsystem (18)
[2015.09.11-01.02.53:497][716]LogModuleManager: Shutting down and abandoning module HTTP (17)
[2015.09.11-01.02.54:499][716]LogModuleManager: Shutting down and abandoning module XMPP (16)
[2015.09.11-01.02.54:499][716]LogModuleManager: Shutting down and abandoning module ExampleDeviceProfileSelector (15)
[2015.09.11-01.02.54:499][716]LogModuleManager: Shutting down and abandoning module TextureCompressor (14)
[2015.09.11-01.02.54:499][716]LogModuleManager: Shutting down and abandoning module ShaderCore (13)
[2015.09.11-01.02.54:499][716]LogModuleManager: Shutting down and abandoning module Landscape (12)
[2015.09.11-01.02.54:499][716]LogModuleManager: Shutting down and abandoning module SlateRHIRenderer (11)
[2015.09.11-01.02.54:500][716]LogModuleManager: Shutting down and abandoning module OpenGLDrv (10)
[2015.09.11-01.02.54:500][716]LogModuleManager: Shutting down and abandoning module D3D11RHI (9)
[2015.09.11-01.02.54:500][716]LogModuleManager: Shutting down and abandoning module AnimGraphRuntime (8)
[2015.09.11-01.02.54:500][716]LogModuleManager: Shutting down and abandoning module Renderer (7)
[2015.09.11-01.02.54:500][716]LogModuleManager: Shutting down and abandoning module Engine (6)
[2015.09.11-01.02.54:500][716]LogModuleManager: Shutting down and abandoning module CoreUObject (5)
[2015.09.11-01.02.54:500][716]LogModuleManager: Shutting down and abandoning module NetworkFile (4)
[2015.09.11-01.02.54:500][716]LogModuleManager: Shutting down and abandoning module StreamingFile (3)
[2015.09.11-01.02.54:500][716]LogModuleManager: Shutting down and abandoning module SandboxFile (2)
[2015.09.11-01.02.54:500][716]LogModuleManager: Shutting down and abandoning module PakFile (1)
[2015.09.11-01.02.54:501][716]LogExit: Exiting.
[2015.09.11-01.02.54:502][716]Log file closed, 09/10/15 18:02:54
