[2015.09.11-00.37.47:920][  0]Log file open, 09/10/15 17:37:47
[2015.09.11-00.37.47:920][  0]LogInit:Display: Running engine for game: MyRTS_TropicoStyle
[2015.09.11-00.37.47:920][  0]LogInit:Display: RandInit(-1030921816) SRandInit(-1030921815).
[2015.09.11-00.37.47:920][  0]LogTaskGraph: Started task graph with 4 named threads and 7 total threads.
[2015.09.11-00.37.47:920][  0]LogStats: Stats thread started at 0.069782
[2015.09.11-00.37.47:920][  0]LogInit: Version: 4.9.0-2672455+++depot+UE4-Releases+4.9
[2015.09.11-00.37.47:920][  0]LogInit: API Version: 2672455
[2015.09.11-00.37.47:920][  0]LogInit: Compiled (64-bit): Aug 28 2015 12:33:01
[2015.09.11-00.37.47:920][  0]LogInit: Compiled with Visual C++: 18.00.21005.01
[2015.09.11-00.37.47:920][  0]LogInit: Build Configuration: Development
[2015.09.11-00.37.47:920][  0]LogInit: Branch Name: ++depot+UE4-Releases+4.9
[2015.09.11-00.37.47:920][  0]LogInit: Command line:  
[2015.09.11-00.37.47:920][  0]LogInit: Base directory: C:/Program Files/Epic Games/4.9/Engine/Binaries/Win64/
[2015.09.11-00.37.47:920][  0]LogInit: Rocket: 1
[2015.09.11-00.37.47:936][  0]LogInit: Using libcurl 7.41.0
[2015.09.11-00.37.47:936][  0]LogInit:  - built for x86_64-pc-win32
[2015.09.11-00.37.47:936][  0]LogInit:  - supports SSL with WinSSL
[2015.09.11-00.37.47:936][  0]LogInit:  - other features:
[2015.09.11-00.37.47:936][  0]LogInit:      CURL_VERSION_SSL
[2015.09.11-00.37.47:936][  0]LogInit:      CURL_VERSION_IPV6
[2015.09.11-00.37.47:936][  0]LogInit:      CURL_VERSION_ASYNCHDNS
[2015.09.11-00.37.47:936][  0]LogInit:      CURL_VERSION_LARGEFILE
[2015.09.11-00.37.47:936][  0]LogInit:      CURL_VERSION_IDN
[2015.09.11-00.37.47:936][  0]LogInit:  CurlRequestOptions (configurable via config and command line):
[2015.09.11-00.37.47:936][  0]LogInit:  - bVerifyPeer = true  - Libcurl will verify peer certificate
[2015.09.11-00.37.47:936][  0]LogInit:  - bUseHttpProxy = false  - Libcurl will NOT use HTTP proxy
[2015.09.11-00.37.47:936][  0]LogInit:  - bDontReuseConnections = false  - Libcurl will reuse connections
[2015.09.11-00.37.47:936][  0]LogInit:  - CertBundlePath = nullptr  - Libcurl will use whatever was configured at build time.
[2015.09.11-00.37.47:944][  0]LogInit: Presizing for 0 objects not considered by GC, pre-allocating 0 bytes.
[2015.09.11-00.37.47:951][  0]LogInit: Object subsystem initialized
[2015.09.11-00.37.47:952][  0]LogInit: Selected Device Profile: [Windows]
[2015.09.11-00.37.47:952][  0]LogInit: Applying CVar settings loaded from the selected device profile: [Windows]
[2015.09.11-00.37.47:978][  0]LogInit: Computer: JTSMITHFS111
[2015.09.11-00.37.47:978][  0]LogInit: User: jtsmith
[2015.09.11-00.37.47:978][  0]LogInit: CPU Page size=4096, Cores=4
[2015.09.11-00.37.47:978][  0]LogInit: High frequency timer resolution =3.312851 MHz
[2015.09.11-00.37.47:978][  0]LogMemory: Memory total: Physical=8.0GB (8GB approx)
[2015.09.11-00.37.47:978][  0]LogMemory: Platform Memory Stats for Windows
[2015.09.11-00.37.47:978][  0]LogMemory: Process Physical Memory: 56.46 MB used, 56.46 MB peak
[2015.09.11-00.37.47:978][  0]LogMemory: Process Virtual Memory: 58.10 MB used, 58.10 MB peak
[2015.09.11-00.37.47:978][  0]LogMemory: Physical Memory: 3882.53 MB used, 8146.45 MB total
[2015.09.11-00.37.47:978][  0]LogMemory: Virtual Memory: 340.05 MB used, 8388608.00 MB total
[2015.09.11-00.37.48:120][  0]LogTextLocalizationManager: No specific translations for ('en-US') exist, so ('en') translations will be used.
[2015.09.11-00.37.49:091][  0]LogD3D11RHI: Found D3D11 adapter 0: AMD Radeon HD 7570 (Feature Level 11_0)
[2015.09.11-00.37.49:091][  0]LogD3D11RHI: Adapter has 1008MB of dedicated video memory, 0MB of dedicated system memory, and 3817MB of shared system memory, 1 output[s]
[2015.09.11-00.37.49:091][  0]LogD3D11RHI: Chosen D3D11 Adapter Id = 0
[2015.09.11-00.37.49:094][  0]LogD3D11RHI: !Direct3DDevice
[2015.09.11-00.37.49:094][  0]LogRHI: Texture pool is 705 MB (70% of 1008 MB)
[2015.09.11-00.37.49:101][  0]LogD3D11RHI: Async texture creation disabled: no driver support
[2015.09.11-00.37.49:112][  0]LogShaderCompilers: Guid format shader working directory is 15 characters bigger than the processId version (../../../../../../Users/jtsmith/Desktop/Unreal/MyRTS_TropicoStyle 4.9/Intermediate/Shaders/WorkingDirectory/7048/).
[2015.09.11-00.37.49:112][  0]LogShaderCompilers: Cleaned the shader compiler working directory '../../../../../../Users/jtsmith/Desktop/Unreal/MyRTS_TropicoStyle 4.9/Intermediate/Shaders/tmp/CD0447554EB4D55A7D3CCD8C8493F6BF/'.
[2015.09.11-00.37.49:112][  0]LogShaderCompilers:Display: Using Local Shader Compiler.
[2015.09.11-00.37.52:725][  0]LogTemp:Display: Loaded TP AllDesktopTargetPlatform
[2015.09.11-00.37.52:730][  0]LogTemp:Display: Loaded TP WindowsClientTargetPlatform
[2015.09.11-00.37.52:735][  0]LogTemp:Display: Loaded TP WindowsNoEditorTargetPlatform
[2015.09.11-00.37.52:740][  0]LogTemp:Display: Loaded TP WindowsServerTargetPlatform
[2015.09.11-00.37.52:744][  0]LogTemp:Display: Loaded TP WindowsTargetPlatform
[2015.09.11-00.37.52:748][  0]LogTemp:Display: Loaded TP AndroidTargetPlatform
[2015.09.11-00.37.52:751][  0]LogTemp:Display: Loaded TP Android_ASTCTargetPlatform
[2015.09.11-00.37.52:755][  0]LogTemp:Display: Loaded TP Android_ATCTargetPlatform
[2015.09.11-00.37.52:758][  0]LogTemp:Display: Loaded TP Android_DXTTargetPlatform
[2015.09.11-00.37.52:762][  0]LogTemp:Display: Loaded TP Android_ETC1TargetPlatform
[2015.09.11-00.37.52:765][  0]LogTemp:Display: Loaded TP Android_ETC2TargetPlatform
[2015.09.11-00.37.52:769][  0]LogTemp:Display: Loaded TP Android_PVRTCTargetPlatform
[2015.09.11-00.37.52:770][  0]LogTemp:Display: Loaded TP HTML5TargetPlatform
[2015.09.11-00.37.52:786][  0]LogTemp:Display: Loaded TP IOSTargetPlatform
[2015.09.11-00.37.52:789][  0]LogTemp:Display: Loaded TP LinuxNoEditorTargetPlatform
[2015.09.11-00.37.52:792][  0]LogTemp:Display: Loaded TP LinuxServerTargetPlatform
[2015.09.11-00.37.52:796][  0]LogTemp:Display: Loaded TP LinuxTargetPlatform
[2015.09.11-00.37.52:796][  0]LogTargetPlatformManager:Display: Building Assets For Windows
[2015.09.11-00.37.52:902][  0]LogDerivedDataCache:Display: Max Cache Size: 512 MB
[2015.09.11-00.37.53:303][  0]LogDerivedDataCache: Loaded boot cache 0.40s 41MB C:/Users/jtsmith/AppData/Local/UnrealEngine/4.9/DerivedDataCache/Boot.ddc.
[2015.09.11-00.37.53:303][  0]LogDerivedDataCache:Display: Loaded Boot cache: C:/Users/jtsmith/AppData/Local/UnrealEngine/4.9/DerivedDataCache/Boot.ddc
[2015.09.11-00.37.53:303][  0]LogDerivedDataCache: FDerivedDataBackendGraph:  Pak pak cache file ../../../../../../Users/jtsmith/Desktop/Unreal/MyRTS_TropicoStyle 4.9/DerivedDataCache/DDC.ddp not found, will not use a pak cache.
[2015.09.11-00.37.53:303][  0]LogDerivedDataCache: Unable to find inner node Pak for hierarchical cache Hierarchy.
[2015.09.11-00.37.53:303][  0]LogDerivedDataCache: FDerivedDataBackendGraph:  CompressedPak pak cache file ../../../../../../Users/jtsmith/Desktop/Unreal/MyRTS_TropicoStyle 4.9/DerivedDataCache/Compressed.ddp not found, will not use a pak cache.
[2015.09.11-00.37.53:303][  0]LogDerivedDataCache: Unable to find inner node CompressedPak for hierarchical cache Hierarchy.
[2015.09.11-00.37.53:489][  0]LogDerivedDataCache:Display: Pak cache opened for reading ../../../Engine/DerivedDataCache/Compressed.ddp.
[2015.09.11-00.37.53:501][  0]LogDerivedDataCache: Using Local data cache path C:/Users/jtsmith/AppData/Local/UnrealEngine/Common/DerivedDataCache: Writable
[2015.09.11-00.37.54:895][  0]LogInit: Selected Device Profile: [Windows]
[2015.09.11-00.37.54:895][  0]LogContentStreaming: Texture pool size is 0.000000MB
[2015.09.11-00.37.54:956][  0]LogMeshUtilities: No automatic mesh reduction module available
[2015.09.11-00.37.54:956][  0]LogMeshUtilities: No automatic mesh merging module available
[2015.09.11-00.37.56:249][  0]LogInit: WinSock: version 1.1 (2.2), MaxSocks=32767, MaxUdp=65467
[2015.09.11-00.38.16:404][  0]UdpMessaging: Initializing bridge on interface 0.0.0.0:0 to multicast group 230.0.0.1:6666.
[2015.09.11-00.38.16:893][  0]LogAssetRegistry: FAssetRegistry took 0.0098 seconds to start up
[2015.09.11-00.38.17:757][  0]SourceControl: Info Source control is disabled
[2015.09.11-00.38.17:787][  0]SourceControl: Info Source control is disabled
[2015.09.11-00.38.17:796][  0]SourceControl: Info Source control is disabled
[2015.09.11-00.38.17:819][  0]SourceControl: Info Source control is disabled
[2015.09.11-00.38.19:126][  0]LogLinker:Warning: Asset '../../../Engine/Plugins/Runtime/LeapMotionController/Content/LM_PassthroughMaterial.uasset' has been saved with empty engine version. The asset will be loaded but may be incompatible.
[2015.09.11-00.38.19:330][  0]LogObj: 28380 objects as part of root set at end of initial load.
[2015.09.11-00.38.19:330][  0]LogUObjectAllocator: 6044392 out of 0 bytes used by permanent object pool.
[2015.09.11-00.38.19:593][  0]LogEngine: Initializing Engine...
[2015.09.11-00.38.19:595][  0]LogHMD: Can't find Oculus library dev build: is proper Runtime installed? Version: 0.6.0.0
[2015.09.11-00.38.19:738][  0]LogHMD: SteamVR failed to initialize.  Err: 110
[2015.09.11-00.38.20:551][  0]LogAIModule: Creating AISystem for world NewWorld
[2015.09.11-00.38.20:556][  0]LogInit: XAudio2 using 'Speakers (Realtek High Definition Audio)' : 2 channels at 48 kHz using 32 bits per sample (channel mask 0x3)
[2015.09.11-00.38.20:575][  0]LogInit: FAudioDevice initialized.
[2015.09.11-00.38.20:610][  0]LogDerivedDataCache: Saved boot cache 0.04s 41MB C:/Users/jtsmith/AppData/Local/UnrealEngine/4.9/DerivedDataCache/Boot.ddc.
[2015.09.11-00.38.20:613][  0]LogInit: Texture streaming: Enabled
[2015.09.11-00.38.20:619][  0]LogAnalytics: Creating configured Analytics provider AnalyticsET
[2015.09.11-00.38.20:619][  0]LogAnalytics: [UEEditor.Rocket.Release] APIServer = http://et2.epicgames.com/ET2/. AppVersion = 4.9.0-2672455+++depot+UE4-Releases+4.9
[2015.09.11-00.38.20:619][  0]LogAnalytics: [UEEditor.Rocket.Release] SetUserId 6fa6e3274a8d5d72a75cbcbef6d297a7|3b8075bc1ed94341b886f5e4c6e1b23d|13e13887-07aa-43da-a8ee-6e00c985f4a0
[2015.09.11-00.38.20:619][  0]LogAnalytics: [UEEditor.Rocket.Release] AnalyticsET::StartSession
[2015.09.11-00.38.20:683][  0]LogInit: Transaction tracking system initialized
[2015.09.11-00.38.20:761][  0]BlueprintLog: New page: Editor Load
[2015.09.11-00.38.21:121][  0]LocalizationService: Info Localization service is disabled
[2015.09.11-00.38.22:289][  0]LogConsoleResponse:Display: 
[2015.09.11-00.38.26:833][  0]LogCook:Display: Done creating registry. It took  0.00s.
[2015.09.11-00.38.27:516][  0]SourceControl: Info Source control is disabled
[2015.09.11-00.38.27:517][  0]Cmd: MAP LOAD FILE="../../../../../../Users/jtsmith/Desktop/Unreal/MyRTS_TropicoStyle 4.9/Content/TopDownBP/Maps/TopDownExampleMap.umap" TEMPLATE=0 SHOWPROGRESS=1 FEATURELEVEL=3
[2015.09.11-00.38.27:517][  0]LightingResults: New page: Lighting Build
[2015.09.11-00.38.27:520][  0]MapCheck: New page: Map Check
[2015.09.11-00.38.27:520][  0]LightingResults: New page: Lighting Build
[2015.09.11-00.38.27:529][  0]LogParticles: Destroying 0 GPU particle simulations for FXSystem 0x0000000022B2B6A0
[2015.09.11-00.38.40:492][  0]LogTexture:Display: Building textures: HQ_Lightmap0_37 (AutoDXT)
[2015.09.11-00.38.40:657][  0]LogTexture:Display: Building textures: HQ_Lightmap0_6 (AutoDXT)
[2015.09.11-00.38.40:668][  0]LogTexture:Display: Building textures: HQ_Lightmap1_1 (AutoDXT)
[2015.09.11-00.38.40:681][  0]LogTexture:Display: Building textures: HQ_Lightmap1_10 (AutoDXT)
[2015.09.11-00.38.40:696][  0]LogTexture:Display: Building textures: HQ_Lightmap1_11 (AutoDXT)
[2015.09.11-00.38.40:711][  0]LogTexture:Display: Building textures: HQ_Lightmap1_13 (AutoDXT)
[2015.09.11-00.38.40:727][  0]LogTexture:Display: Building textures: HQ_Lightmap1_15 (AutoDXT)
[2015.09.11-00.38.40:739][  0]LogTexture:Display: Building textures: HQ_Lightmap1_16 (AutoDXT)
[2015.09.11-00.38.40:752][  0]LogTexture:Display: Building textures: HQ_Lightmap1_17 (AutoDXT)
[2015.09.11-00.38.40:767][  0]LogTexture:Display: Building textures: HQ_Lightmap1_18 (AutoDXT)
[2015.09.11-00.38.40:780][  0]LogTexture:Display: Building textures: HQ_Lightmap1_19 (AutoDXT)
[2015.09.11-00.38.40:792][  0]LogTexture:Display: Building textures: HQ_Lightmap1_2 (AutoDXT)
[2015.09.11-00.38.40:806][  0]LogTexture:Display: Building textures: HQ_Lightmap1_23 (AutoDXT)
[2015.09.11-00.38.40:817][  0]LogTexture:Display: Building textures: HQ_Lightmap1_24 (AutoDXT)
[2015.09.11-00.38.40:830][  0]LogTexture:Display: Building textures: HQ_Lightmap1_25 (AutoDXT)
[2015.09.11-00.38.40:843][  0]LogTexture:Display: Building textures: HQ_Lightmap1_26 (AutoDXT)
[2015.09.11-00.38.40:858][  0]LogTexture:Display: Building textures: HQ_Lightmap1_27 (AutoDXT)
[2015.09.11-00.38.40:873][  0]LogTexture:Display: Building textures: HQ_Lightmap1_28 (AutoDXT)
[2015.09.11-00.38.40:885][  0]LogTexture:Display: Building textures: HQ_Lightmap1_3 (AutoDXT)
[2015.09.11-00.38.40:898][  0]LogTexture:Display: Building textures: HQ_Lightmap1_32 (AutoDXT)
[2015.09.11-00.38.40:910][  0]LogTexture:Display: Building textures: HQ_Lightmap1_33 (AutoDXT)
[2015.09.11-00.38.40:922][  0]LogTexture:Display: Building textures: HQ_Lightmap1_34 (AutoDXT)
[2015.09.11-00.38.40:935][  0]LogTexture:Display: Building textures: HQ_Lightmap1_35 (AutoDXT)
[2015.09.11-00.38.40:948][  0]LogTexture:Display: Building textures: HQ_Lightmap1_36 (AutoDXT)
[2015.09.11-00.38.40:960][  0]LogTexture:Display: Building textures: HQ_Lightmap1_38 (AutoDXT)
[2015.09.11-00.38.40:975][  0]LogTexture:Display: Building textures: HQ_Lightmap1_39 (AutoDXT)
[2015.09.11-00.38.40:990][  0]LogTexture:Display: Building textures: HQ_Lightmap1_4 (AutoDXT)
[2015.09.11-00.38.41:002][  0]LogTexture:Display: Building textures: HQ_Lightmap1_40 (AutoDXT)
[2015.09.11-00.38.41:015][  0]LogTexture:Display: Building textures: HQ_Lightmap1_41 (AutoDXT)
[2015.09.11-00.38.41:029][  0]LogTexture:Display: Building textures: HQ_Lightmap1_42 (AutoDXT)
[2015.09.11-00.38.41:041][  0]LogTexture:Display: Building textures: HQ_Lightmap1_43 (AutoDXT)
[2015.09.11-00.38.41:054][  0]LogTexture:Display: Building textures: HQ_Lightmap1_44 (AutoDXT)
[2015.09.11-00.38.41:069][  0]LogTexture:Display: Building textures: HQ_Lightmap1_45 (AutoDXT)
[2015.09.11-00.38.41:084][  0]LogTexture:Display: Building textures: HQ_Lightmap1_46 (AutoDXT)
[2015.09.11-00.38.41:097][  0]LogTexture:Display: Building textures: HQ_Lightmap1_47 (AutoDXT)
[2015.09.11-00.38.41:108][  0]LogTexture:Display: Building textures: HQ_Lightmap1_48 (AutoDXT)
[2015.09.11-00.38.41:121][  0]LogTexture:Display: Building textures: HQ_Lightmap1_49 (AutoDXT)
[2015.09.11-00.38.41:133][  0]LogTexture:Display: Building textures: HQ_Lightmap1_5 (AutoDXT)
[2015.09.11-00.38.41:148][  0]LogTexture:Display: Building textures: HQ_Lightmap1_50 (AutoDXT)
[2015.09.11-00.38.41:163][  0]LogTexture:Display: Building textures: HQ_Lightmap1_51 (AutoDXT)
[2015.09.11-00.38.41:177][  0]LogTexture:Display: Building textures: HQ_Lightmap1_52 (AutoDXT)
[2015.09.11-00.38.41:193][  0]LogTexture:Display: Building textures: HQ_Lightmap1_53 (AutoDXT)
[2015.09.11-00.38.41:206][  0]LogTexture:Display: Building textures: HQ_Lightmap1_54 (AutoDXT)
[2015.09.11-00.38.41:219][  0]LogTexture:Display: Building textures: HQ_Lightmap1_55 (AutoDXT)
[2015.09.11-00.38.41:232][  0]LogTexture:Display: Building textures: HQ_Lightmap1_56 (AutoDXT)
[2015.09.11-00.38.41:244][  0]LogTexture:Display: Building textures: HQ_Lightmap1_57 (AutoDXT)
[2015.09.11-00.38.41:256][  0]LogTexture:Display: Building textures: HQ_Lightmap1_58 (AutoDXT)
[2015.09.11-00.38.41:269][  0]LogTexture:Display: Building textures: HQ_Lightmap1_59 (AutoDXT)
[2015.09.11-00.38.41:282][  0]LogTexture:Display: Building textures: HQ_Lightmap1_60 (AutoDXT)
[2015.09.11-00.38.41:294][  0]LogTexture:Display: Building textures: HQ_Lightmap1_61 (AutoDXT)
[2015.09.11-00.38.41:309][  0]LogTexture:Display: Building textures: HQ_Lightmap1_62 (AutoDXT)
[2015.09.11-00.38.41:324][  0]LogTexture:Display: Building textures: HQ_Lightmap1_63 (AutoDXT)
[2015.09.11-00.38.41:338][  0]LogTexture:Display: Building textures: HQ_Lightmap1_64 (AutoDXT)
[2015.09.11-00.38.41:353][  0]LogTexture:Display: Building textures: HQ_Lightmap1_7 (AutoDXT)
[2015.09.11-00.38.41:364][  0]LogTexture:Display: Building textures: HQ_Lightmap1_8 (AutoDXT)
[2015.09.11-00.38.41:377][  0]LogTexture:Display: Building textures: HQ_Lightmap1_9 (AutoDXT)
[2015.09.11-00.38.41:390][  0]LogTexture:Display: Building textures: LQ_Lightmap_0_37 (DXT1)
[2015.09.11-00.38.41:401][  0]LogTexture:Display: Building textures: LQ_Lightmap_0_6 (DXT1)
[2015.09.11-00.38.41:412][  0]LogTexture:Display: Building textures: LQ_Lightmap_1_1 (DXT1)
[2015.09.11-00.38.41:422][  0]LogTexture:Display: Building textures: LQ_Lightmap_1_10 (DXT1)
[2015.09.11-00.38.41:433][  0]LogTexture:Display: Building textures: LQ_Lightmap_1_11 (DXT1)
[2015.09.11-00.38.41:444][  0]LogTexture:Display: Building textures: LQ_Lightmap_1_13 (DXT1)
[2015.09.11-00.38.41:454][  0]LogTexture:Display: Building textures: LQ_Lightmap_1_15 (DXT1)
[2015.09.11-00.38.41:465][  0]LogTexture:Display: Building textures: LQ_Lightmap_1_16 (DXT1)
[2015.09.11-00.38.41:476][  0]LogTexture:Display: Building textures: LQ_Lightmap_1_17 (DXT1)
[2015.09.11-00.38.41:487][  0]LogTexture:Display: Building textures: LQ_Lightmap_1_18 (DXT1)
[2015.09.11-00.38.41:499][  0]LogTexture:Display: Building textures: LQ_Lightmap_1_19 (DXT1)
[2015.09.11-00.38.41:510][  0]LogTexture:Display: Building textures: LQ_Lightmap_1_2 (DXT1)
[2015.09.11-00.38.41:520][  0]LogTexture:Display: Building textures: LQ_Lightmap_1_23 (DXT1)
[2015.09.11-00.38.41:529][  0]LogTexture:Display: Building textures: LQ_Lightmap_1_24 (DXT1)
[2015.09.11-00.38.41:538][  0]LogTexture:Display: Building textures: LQ_Lightmap_1_25 (DXT1)
[2015.09.11-00.38.41:548][  0]LogTexture:Display: Building textures: LQ_Lightmap_1_26 (DXT1)
[2015.09.11-00.38.41:558][  0]LogTexture:Display: Building textures: LQ_Lightmap_1_27 (DXT1)
[2015.09.11-00.38.41:567][  0]LogTexture:Display: Building textures: LQ_Lightmap_1_28 (DXT1)
[2015.09.11-00.38.41:578][  0]LogTexture:Display: Building textures: LQ_Lightmap_1_3 (DXT1)
[2015.09.11-00.38.41:589][  0]LogTexture:Display: Building textures: LQ_Lightmap_1_32 (DXT1)
[2015.09.11-00.38.41:600][  0]LogTexture:Display: Building textures: LQ_Lightmap_1_33 (DXT1)
[2015.09.11-00.38.41:611][  0]LogTexture:Display: Building textures: LQ_Lightmap_1_34 (DXT1)
[2015.09.11-00.38.41:621][  0]LogTexture:Display: Building textures: LQ_Lightmap_1_35 (DXT1)
[2015.09.11-00.38.41:632][  0]LogTexture:Display: Building textures: LQ_Lightmap_1_36 (DXT1)
[2015.09.11-00.38.41:643][  0]LogTexture:Display: Building textures: LQ_Lightmap_1_38 (DXT1)
[2015.09.11-00.38.41:654][  0]LogTexture:Display: Building textures: LQ_Lightmap_1_39 (DXT1)
[2015.09.11-00.38.41:664][  0]LogTexture:Display: Building textures: LQ_Lightmap_1_4 (DXT1)
[2015.09.11-00.38.41:676][  0]LogTexture:Display: Building textures: LQ_Lightmap_1_40 (DXT1)
[2015.09.11-00.38.41:687][  0]LogTexture:Display: Building textures: LQ_Lightmap_1_41 (DXT1)
[2015.09.11-00.38.41:698][  0]LogTexture:Display: Building textures: LQ_Lightmap_1_42 (DXT1)
[2015.09.11-00.38.41:709][  0]LogTexture:Display: Building textures: LQ_Lightmap_1_43 (DXT1)
[2015.09.11-00.38.41:719][  0]LogTexture:Display: Building textures: LQ_Lightmap_1_44 (DXT1)
[2015.09.11-00.38.41:730][  0]LogTexture:Display: Building textures: LQ_Lightmap_1_45 (DXT1)
[2015.09.11-00.38.41:741][  0]LogTexture:Display: Building textures: LQ_Lightmap_1_46 (DXT1)
[2015.09.11-00.38.41:751][  0]LogTexture:Display: Building textures: LQ_Lightmap_1_47 (DXT1)
[2015.09.11-00.38.41:762][  0]LogTexture:Display: Building textures: LQ_Lightmap_1_48 (DXT1)
[2015.09.11-00.38.41:773][  0]LogTexture:Display: Building textures: LQ_Lightmap_1_49 (DXT1)
[2015.09.11-00.38.41:783][  0]LogTexture:Display: Building textures: LQ_Lightmap_1_5 (DXT1)
[2015.09.11-00.38.41:793][  0]LogTexture:Display: Building textures: LQ_Lightmap_1_50 (DXT1)
[2015.09.11-00.38.41:804][  0]LogTexture:Display: Building textures: LQ_Lightmap_1_51 (DXT1)
[2015.09.11-00.38.41:814][  0]LogTexture:Display: Building textures: LQ_Lightmap_1_52 (DXT1)
[2015.09.11-00.38.41:826][  0]LogTexture:Display: Building textures: LQ_Lightmap_1_53 (DXT1)
[2015.09.11-00.38.41:836][  0]LogTexture:Display: Building textures: LQ_Lightmap_1_54 (DXT1)
[2015.09.11-00.38.41:846][  0]LogTexture:Display: Building textures: LQ_Lightmap_1_55 (DXT1)
[2015.09.11-00.38.41:854][  0]LogTexture:Display: Building textures: LQ_Lightmap_1_56 (DXT1)
[2015.09.11-00.38.41:862][  0]LogTexture:Display: Building textures: LQ_Lightmap_1_57 (DXT1)
[2015.09.11-00.38.41:871][  0]LogTexture:Display: Building textures: LQ_Lightmap_1_58 (DXT1)
[2015.09.11-00.38.41:880][  0]LogTexture:Display: Building textures: LQ_Lightmap_1_59 (DXT1)
[2015.09.11-00.38.41:888][  0]LogTexture:Display: Building textures: LQ_Lightmap_1_60 (DXT1)
[2015.09.11-00.38.41:897][  0]LogTexture:Display: Building textures: LQ_Lightmap_1_61 (DXT1)
[2015.09.11-00.38.41:906][  0]LogTexture:Display: Building textures: LQ_Lightmap_1_62 (DXT1)
[2015.09.11-00.38.41:915][  0]LogTexture:Display: Building textures: LQ_Lightmap_1_63 (DXT1)
[2015.09.11-00.38.41:924][  0]LogTexture:Display: Building textures: LQ_Lightmap_1_64 (DXT1)
[2015.09.11-00.38.41:933][  0]LogTexture:Display: Building textures: LQ_Lightmap_1_7 (DXT1)
[2015.09.11-00.38.41:943][  0]LogTexture:Display: Building textures: LQ_Lightmap_1_8 (DXT1)
[2015.09.11-00.38.41:954][  0]LogTexture:Display: Building textures: LQ_Lightmap_1_9 (DXT1)
[2015.09.11-00.38.42:571][  0]LogAIModule: Creating AISystem for world TopDownExampleMap
[2015.09.11-00.38.51:997][  0]LogEditorServer: Finished looking for orphan Actors (0.056 secs)
[2015.09.11-00.38.52:501][  0]Cmd: MAP CHECKDEP NOCLEARLOG
[2015.09.11-00.38.52:667][  0]MapCheck: Info Map check complete: 0 Error(s), 0 Warning(s), took 165.658ms to complete.
[2015.09.11-00.38.52:667][  0]LogFileHelpers: Loading map 'TopDownExampleMap' took 25.152
[2015.09.11-00.38.57:912][  0]LogCollectionManager: Loaded 0 collections in 0.003008 seconds
[2015.09.11-00.38.59:093][  0]LogFileCache: Scanning file cache for directory 'C:/Users/jtsmith/Desktop/Unreal/MyRTS_TropicoStyle 4.9/Saved/Collections/' took 0.08s
[2015.09.11-00.38.59:093][  0]LogFileCache: Scanning file cache for directory 'C:/Users/jtsmith/Desktop/Unreal/MyRTS_TropicoStyle 4.9/Content/Developers/jtsmith/Collections/' took 0.01s
[2015.09.11-00.38.59:093][  0]LogFileCache: Scanning file cache for directory 'C:/Users/jtsmith/Desktop/Unreal/MyRTS_TropicoStyle 4.9/Content/Collections/' took 0.01s
[2015.09.11-00.38.59:093][  0]LogContentBrowser: Native class hierarchy populated in 0.3956 seconds. Added 1874 classes and 335 folders.
[2015.09.11-00.38.59:419][  0]LogCollectionManager: Rebuilt the GUID cache for 0 collections in 0.000003 seconds
[2015.09.11-00.38.59:536][  0]LogContentBrowser: Native class hierarchy updated for 'WidgetCarousel' in 0.0004 seconds. Added 0 classes and 0 folders.
[2015.09.11-00.39.02:715][  0]LogContentBrowser: Native class hierarchy updated for 'AddContentDialog' in 0.0003 seconds. Added 0 classes and 0 folders.
[2015.09.11-00.39.02:798][  0]LogContentBrowser: Native class hierarchy updated for 'SceneOutliner' in 0.0003 seconds. Added 1 classes and 2 folders.
[2015.09.11-00.39.03:457][  0]LogCrashTracker: Crashtracker disabled due to settings.
[2015.09.11-00.39.03:548][  0]LogUObjectGlobals:Warning: Failed to find object 'Class None.'
[2015.09.11-00.39.03:624][  0]LogLoad: Full Startup: 76.58 seconds (BP compile: 2.05 seconds)
[2015.09.11-00.39.04:056][  0]LogContentStreaming: Texture pool size now 400 MB
[2015.09.11-00.39.04:285][  0]LogRenderer: Reallocating scene render targets to support 1100x676 (Frame:2).
[2015.09.11-00.39.04:661][  1]Cmd: UpdateLandscapeEditorData -warnings
[2015.09.11-00.39.05:793][  2]LogContentBrowser: Native class hierarchy updated for 'BlueprintGraph' in 0.0123 seconds. Added 107 classes and 0 folders.
[2015.09.11-00.39.08:400][  2]LogScript:Warning: Accessed None 'Camera_Pawn'
	CameraPawnController_C /Engine/Transient.World_5:PersistentLevel.CameraPawnController_C_0
	Function /Game/TopDownBP/Blueprints/CameraPawnController.CameraPawnController_C:ExecuteUbergraph_CameraPawnController:29D0
[2015.09.11-00.39.08:400][  2]LogScript:Warning: Accessed None 'Camera_Pawn'
	CameraPawnController_C /Engine/Transient.World_5:PersistentLevel.CameraPawnController_C_0
	Function /Game/TopDownBP/Blueprints/CameraPawnController.CameraPawnController_C:MovementSpeedCalculation:0028
[2015.09.11-00.39.08:400][  2]LogScript:Warning: Accessed None
	CameraPawnController_C /Engine/Transient.World_5:PersistentLevel.CameraPawnController_C_0
	Function /Game/TopDownBP/Blueprints/CameraPawnController.CameraPawnController_C:MovementSpeedCalculation:003D
[2015.09.11-00.39.08:400][  2]LogScript:Warning: Accessed None 'Camera_Pawn'
	CameraPawnController_C /Engine/Transient.World_5:PersistentLevel.CameraPawnController_C_0
	Function /Game/TopDownBP/Blueprints/CameraPawnController.CameraPawnController_C:ExecuteUbergraph_CameraPawnController:2C24
[2015.09.11-00.39.08:400][  2]LogScript:Warning: Accessed None 'Camera_Pawn'
	CameraPawnController_C /Engine/Transient.World_5:PersistentLevel.CameraPawnController_C_0
	Function /Game/TopDownBP/Blueprints/CameraPawnController.CameraPawnController_C:ExecuteUbergraph_CameraPawnController:20D4
[2015.09.11-00.39.08:400][  2]LogScript:Warning: Accessed None 'Camera_Pawn'
	CameraPawnController_C /Engine/Transient.World_5:PersistentLevel.CameraPawnController_C_0
	Function /Game/TopDownBP/Blueprints/CameraPawnController.CameraPawnController_C:MovementSpeedCalculation:0028
[2015.09.11-00.39.08:400][  2]LogScript:Warning: Accessed None
	CameraPawnController_C /Engine/Transient.World_5:PersistentLevel.CameraPawnController_C_0
	Function /Game/TopDownBP/Blueprints/CameraPawnController.CameraPawnController_C:MovementSpeedCalculation:003D
[2015.09.11-00.39.08:400][  2]LogScript:Warning: Accessed None 'Camera_Pawn'
	CameraPawnController_C /Engine/Transient.World_5:PersistentLevel.CameraPawnController_C_0
	Function /Game/TopDownBP/Blueprints/CameraPawnController.CameraPawnController_C:ExecuteUbergraph_CameraPawnController:2262
[2015.09.11-00.39.08:400][  2]LogScript:Warning: Accessed None 'Camera_Pawn'
	CameraPawnController_C /Engine/Transient.World_5:PersistentLevel.CameraPawnController_C_0
	Function /Game/TopDownBP/Blueprints/CameraPawnController.CameraPawnController_C:ExecuteUbergraph_CameraPawnController:00C2
[2015.09.11-00.39.08:400][  2]LogScript:Warning: Accessed None 'Camera_Pawn'
	CameraPawnController_C /Engine/Transient.World_5:PersistentLevel.CameraPawnController_C_0
	Function /Game/TopDownBP/Blueprints/CameraPawnController.CameraPawnController_C:ExecuteUbergraph_CameraPawnController:00C2
[2015.09.11-00.39.08:459][  3]LogScript:Warning: Accessed None 'Camera_Pawn'
	CameraPawnController_C /Engine/Transient.World_5:PersistentLevel.CameraPawnController_C_0
	Function /Game/TopDownBP/Blueprints/CameraPawnController.CameraPawnController_C:ExecuteUbergraph_CameraPawnController:29D0
[2015.09.11-00.39.08:459][  3]LogScript:Warning: Accessed None 'Camera_Pawn'
	CameraPawnController_C /Engine/Transient.World_5:PersistentLevel.CameraPawnController_C_0
	Function /Game/TopDownBP/Blueprints/CameraPawnController.CameraPawnController_C:MovementSpeedCalculation:0028
[2015.09.11-00.39.08:459][  3]LogScript:Warning: Accessed None
	CameraPawnController_C /Engine/Transient.World_5:PersistentLevel.CameraPawnController_C_0
	Function /Game/TopDownBP/Blueprints/CameraPawnController.CameraPawnController_C:MovementSpeedCalculation:003D
[2015.09.11-00.39.08:459][  3]LogScript:Warning: Accessed None 'Camera_Pawn'
	CameraPawnController_C /Engine/Transient.World_5:PersistentLevel.CameraPawnController_C_0
	Function /Game/TopDownBP/Blueprints/CameraPawnController.CameraPawnController_C:ExecuteUbergraph_CameraPawnController:2C24
[2015.09.11-00.39.08:459][  3]LogScript:Warning: Accessed None 'Camera_Pawn'
	CameraPawnController_C /Engine/Transient.World_5:PersistentLevel.CameraPawnController_C_0
	Function /Game/TopDownBP/Blueprints/CameraPawnController.CameraPawnController_C:ExecuteUbergraph_CameraPawnController:20D4
[2015.09.11-00.39.08:459][  3]LogScript:Warning: Accessed None 'Camera_Pawn'
	CameraPawnController_C /Engine/Transient.World_5:PersistentLevel.CameraPawnController_C_0
	Function /Game/TopDownBP/Blueprints/CameraPawnController.CameraPawnController_C:MovementSpeedCalculation:0028
[2015.09.11-00.39.08:459][  3]LogScript:Warning: Accessed None
	CameraPawnController_C /Engine/Transient.World_5:PersistentLevel.CameraPawnController_C_0
	Function /Game/TopDownBP/Blueprints/CameraPawnController.CameraPawnController_C:MovementSpeedCalculation:003D
[2015.09.11-00.39.09:254][ 20]LogAssetRegistry: Asset discovery search completed in 52.3727 seconds
[2015.09.11-00.39.09:254][ 20]LogCollectionManager: Rebuilt the object cache for 0 collections in 0.000001 seconds (found 0 objects)
[2015.09.11-00.39.09:254][ 20]LogCollectionManager: Fixed up redirectors for 0 collections in 0.000037 seconds (updated 0 objects)
[2015.09.11-00.39.15:297][494]LogActorComponent: UnregisterComponent: (/Engine/Transient.EditorFloorComp) Not registered. Aborting.
[2015.09.11-00.39.16:366][583]LogActorComponent: UnregisterComponent: (/Engine/Transient.EditorFloorComp) Not registered. Aborting.
[2015.09.11-00.39.17:528][632]LogActorComponent: UnregisterComponent: (/Engine/Transient.EditorFloorComp) Not registered. Aborting.
[2015.09.11-00.39.18:447][685]LogActorComponent: UnregisterComponent: (/Engine/Transient.EditorFloorComp) Not registered. Aborting.
[2015.09.11-00.39.19:664][765]LogActorComponent: UnregisterComponent: (/Engine/Transient.EditorFloorComp) Not registered. Aborting.
[2015.09.11-00.41.14:278][260]LogActorComponent: UnregisterComponent: (/Engine/Transient.CharMoveComp) Not registered. Aborting.
[2015.09.11-00.41.14:278][260]LogActorComponent: UnregisterComponent: (/Engine/Transient.CharacterMovementComponent_0) Not registered. Aborting.
[2015.09.11-00.41.14:363][260]LogParticles: Destroying 0 GPU particle simulations for FXSystem 0x000000003277E2A0
[2015.09.11-00.41.14:364][260]LogParticles: Destroying 0 GPU particle simulations for FXSystem 0x000000003C11F420
[2015.09.11-00.41.14:365][260]LogParticles: Destroying 0 GPU particle simulations for FXSystem 0x000000003E6B5D00
[2015.09.11-00.41.14:365][260]LogParticles: Destroying 0 GPU particle simulations for FXSystem 0x000000003F821760
[2015.09.11-00.41.14:366][260]LogParticles: Destroying 0 GPU particle simulations for FXSystem 0x0000000040BD4180
[2015.09.11-00.41.14:366][260]LogParticles: Destroying 0 GPU particle simulations for FXSystem 0x00000000425D89A0
[2015.09.11-00.41.14:367][260]LogParticles: Destroying 0 GPU particle simulations for FXSystem 0x0000000043851800
[2015.09.11-00.41.21:517][260]LogObjectTools:Warning: ForceReplaceReferences replaced references for a transient object 'DEADCLASS_ConstructionCheck_SERVICE_C_4' or package '/Engine/Transient'.
[2015.09.11-00.41.21:517][260]LogObjectTools:Warning: ForceReplaceReferences replaced references for a transient object 'DEADCLASS_ConstructionCheck_SERVICE_C_5' or package '/Engine/Transient'.
[2015.09.11-00.41.21:517][260]LogObjectTools:Warning: ForceReplaceReferences replaced references for a transient object 'DEADCLASS_EndConstruction_TASK_C_2' or package '/Engine/Transient'.
[2015.09.11-00.41.21:517][260]LogObjectTools:Warning: ForceReplaceReferences replaced references for a transient object 'DEADCLASS_EndConstruction_TASK_C_3' or package '/Engine/Transient'.
[2015.09.11-00.41.21:518][260]LogObjectTools:Warning: ForceReplaceReferences replaced references for a transient object 'DEADCLASS_TestDoConstruction_TASK_C_0' or package '/Engine/Transient'.
[2015.09.11-00.41.21:518][260]LogObjectTools:Warning: ForceReplaceReferences replaced references for a transient object 'DEADCLASS_TestDoConstruction_TASK_C_1' or package '/Engine/Transient'.
[2015.09.11-00.41.21:518][260]LogObjectTools:Warning: ForceReplaceReferences replaced references for a transient object 'REINST_SKEL_ConstructionCheck_SERVICE_C_191' or package '/Engine/Transient'.
[2015.09.11-00.41.21:518][260]LogObjectTools:Warning: ForceReplaceReferences replaced references for a transient object 'REINST_ConstructionCheck_SERVICE_C_190' or package '/Engine/Transient'.
[2015.09.11-00.41.21:518][260]LogObjectTools:Warning: ForceReplaceReferences replaced references for a transient object 'REINST_SKEL_EndConstruction_TASK_C_189' or package '/Engine/Transient'.
[2015.09.11-00.41.21:518][260]LogObjectTools:Warning: ForceReplaceReferences replaced references for a transient object 'REINST_EndConstruction_TASK_C_188' or package '/Engine/Transient'.
[2015.09.11-00.41.21:518][260]LogObjectTools:Warning: ForceReplaceReferences replaced references for a transient object 'REINST_SKEL_TestDoConstruction_TASK_C_187' or package '/Engine/Transient'.
[2015.09.11-00.41.21:518][260]LogObjectTools:Warning: ForceReplaceReferences replaced references for a transient object 'REINST_TestDoConstruction_TASK_C_186' or package '/Engine/Transient'.
[2015.09.11-00.41.25:709][335]LogLinker:Warning: Asset '../../../Engine/Content/ArtTools/RenderToTexture/Macros/RenderToTextureMacros.uasset' has been saved with empty engine version. The asset will be loaded but may be incompatible.
[2015.09.11-00.41.38:047][468]LogBlueprintUserMessages: Serialization for Get node for variable 'ConstructionRef' in Blueprint '/Game/TopDownBP/Blueprints/AI/TestAIController.TestAIController' which is setup as pure
[2015.09.11-00.41.38:047][468]LogBlueprintUserMessages: Serialization for Get node for variable 'ConstructionManager' in Blueprint '/Game/TopDownBP/Blueprints/AI/TestAIController.TestAIController' which is setup as pure
[2015.09.11-00.41.38:047][468]LogBlueprintUserMessages: Serialization for Get node for variable 'BrainComponent' in Blueprint '/Game/TopDownBP/Blueprints/AI/TestAIController.TestAIController' which is setup as pure
[2015.09.11-00.41.38:051][468]LogBlueprintUserMessages: Serialization for Get node for variable 'ConstructionRef' in Blueprint '/Game/TopDownBP/Blueprints/AI/TestAIController.TestAIController' which is setup as pure
[2015.09.11-00.41.38:051][468]LogBlueprintUserMessages: Serialization for Get node for variable 'ConstructionManager' in Blueprint '/Game/TopDownBP/Blueprints/AI/TestAIController.TestAIController' which is setup as pure
[2015.09.11-00.41.38:051][468]LogBlueprintUserMessages: Serialization for Get node for variable 'BrainComponent' in Blueprint '/Game/TopDownBP/Blueprints/AI/TestAIController.TestAIController' which is setup as pure
[2015.09.11-00.41.38:054][468]LogBlueprintUserMessages: Serialization for Get node for variable 'ConstructionRef' in Blueprint '/Game/TopDownBP/Blueprints/AI/TestAIController.TestAIController' which is setup as pure
[2015.09.11-00.41.38:054][468]LogBlueprintUserMessages: Serialization for Get node for variable 'ConstructionManager' in Blueprint '/Game/TopDownBP/Blueprints/AI/TestAIController.TestAIController' which is setup as pure
[2015.09.11-00.41.38:055][468]LogBlueprintUserMessages: Serialization for Get node for variable 'BrainComponent' in Blueprint '/Game/TopDownBP/Blueprints/AI/TestAIController.TestAIController' which is setup as pure
[2015.09.11-00.41.38:065][468]LogBlueprintUserMessages: Serialization for Get node for variable 'ConstructionRef' in Blueprint '/Game/TopDownBP/Blueprints/AI/TestAIController.TestAIController' which is setup as pure
[2015.09.11-00.41.38:065][468]LogBlueprintUserMessages: Serialization for Get node for variable 'ConstructionManager' in Blueprint '/Game/TopDownBP/Blueprints/AI/TestAIController.TestAIController' which is setup as pure
[2015.09.11-00.41.38:065][468]LogBlueprintUserMessages: Serialization for Get node for variable 'BrainComponent' in Blueprint '/Game/TopDownBP/Blueprints/AI/TestAIController.TestAIController' which is setup as pure
[2015.09.11-00.41.38:070][468]LogBlueprintUserMessages: Serialization for Get node for variable 'ConstructionRef' in Blueprint '/Game/TopDownBP/Blueprints/AI/TestAIController.TestAIController' which is setup as pure
[2015.09.11-00.41.38:070][468]LogBlueprintUserMessages: Serialization for Get node for variable 'ConstructionManager' in Blueprint '/Game/TopDownBP/Blueprints/AI/TestAIController.TestAIController' which is setup as pure
[2015.09.11-00.41.38:070][468]LogBlueprintUserMessages: Serialization for Get node for variable 'BrainComponent' in Blueprint '/Game/TopDownBP/Blueprints/AI/TestAIController.TestAIController' which is setup as pure
[2015.09.11-00.41.38:070][468]LogSavePackage: Save=26.760334ms
[2015.09.11-00.41.38:070][468]LogSavePackage: Moving '../../../../../../Users/jtsmith/Desktop/Unreal/MyRTS_TropicoStyle 4.9/Saved/TestAIController62C2191B45C4B654168DA7A8434F95DA.tmp' to '../../../../../../Users/jtsmith/Desktop/Unreal/MyRTS_TropicoStyle 4.9/Content/TopDownBP/Blueprints/AI/TestAIController.uasset'
[2015.09.11-00.41.38:073][468]LogSavePackage: Total save time: 33.335034ms
[2015.09.11-00.41.38:073][468]LogSavePackage:Warning: Finished SavePackage ../../../../../../Users/jtsmith/Desktop/Unreal/MyRTS_TropicoStyle 4.9/Content/TopDownBP/Blueprints/AI/TestAIController.uasset
[2015.09.11-00.41.44:084][781]LogActorComponent: UnregisterComponent: (/Engine/Transient.CharMoveComp) Not registered. Aborting.
[2015.09.11-00.41.44:084][781]LogActorComponent: UnregisterComponent: (/Engine/Transient.CharacterMovementComponent_1) Not registered. Aborting.
[2015.09.11-00.41.44:765][782]Cmd: QUIT_EDITOR
[2015.09.11-00.41.45:152][782]LogExit: Preparing to exit.
[2015.09.11-00.41.45:764][782]LogExit: Editor shut down
[2015.09.11-00.41.45:764][782]LogExit: Transaction tracking system shut down
[2015.09.11-00.41.45:804][782]LogParticles: Destroying 0 GPU particle simulations for FXSystem 0x000000002DD0A8E0
[2015.09.11-00.41.45:805][782]LogParticles: Destroying 0 GPU particle simulations for FXSystem 0x0000000031FDF880
[2015.09.11-00.41.45:806][782]LogParticles: Destroying 0 GPU particle simulations for FXSystem 0x0000000033CD3600
[2015.09.11-00.41.45:806][782]LogParticles: Destroying 0 GPU particle simulations for FXSystem 0x00000000343016C0
[2015.09.11-00.41.45:807][782]LogParticles: Destroying 0 GPU particle simulations for FXSystem 0x0000000044DBC2C0
[2015.09.11-00.41.46:818][782]LogParticles: Destroying 0 GPU particle simulations for FXSystem 0x000000003BB104A0
[2015.09.11-00.41.46:818][782]LogExit: Object subsystem successfully closed.
[2015.09.11-00.41.47:041][782]LogD3D11RHI: Shutdown
[2015.09.11-00.41.47:042][782]LogD3D11RHI: CleanupD3DDevice
[2015.09.11-00.41.47:131][782]LogD3D11RHI: ~FD3D11DynamicRHI
[2015.09.11-00.41.47:726][782]LogModuleManager: Shutting down and abandoning module BlueprintGraph (199)
[2015.09.11-00.41.47:726][782]LogModuleManager: Shutting down and abandoning module CrashTracker (198)
[2015.09.11-00.41.47:726][782]LogModuleManager: Shutting down and abandoning module SceneOutliner (197)
[2015.09.11-00.41.47:726][782]LogModuleManager: Shutting down and abandoning module SuperSearch (196)
[2015.09.11-00.41.47:726][782]LogModuleManager: Shutting down and abandoning module WidgetCarousel (195)
[2015.09.11-00.41.47:726][782]LogModuleManager: Shutting down and abandoning module AddContentDialog (194)
[2015.09.11-00.41.47:746][782]LogModuleManager: Shutting down and abandoning module EditorWidgets (193)
[2015.09.11-00.41.47:746][782]LogModuleManager: Shutting down and abandoning module CollectionManager (192)
[2015.09.11-00.41.47:746][782]LogModuleManager: Shutting down and abandoning module StatsViewer (191)
[2015.09.11-00.41.47:757][782]LogModuleManager: Shutting down and abandoning module FoliageEdit (190)
[2015.09.11-00.41.47:768][782]LogModuleManager: Shutting down and abandoning module LandscapeEditor (189)
[2015.09.11-00.41.47:797][782]LogModuleManager: Shutting down and abandoning module ActorPickerMode (188)
[2015.09.11-00.41.47:797][782]LogModuleManager: Shutting down and abandoning module GeometryMode (187)
[2015.09.11-00.41.47:797][782]LogModuleManager: Shutting down and abandoning module TextureAlignMode (186)
[2015.09.11-00.41.47:797][782]LogModuleManager: Shutting down and abandoning module BspMode (185)
[2015.09.11-00.41.47:797][782]LogModuleManager: Shutting down and abandoning module PlacementMode (184)
[2015.09.11-00.41.47:797][782]LogModuleManager: Shutting down and abandoning module AutomationWorker (183)
[2015.09.11-00.41.47:802][782]LogModuleManager: Shutting down and abandoning module CharacterAI (182)
[2015.09.11-00.41.47:802][782]LogModuleManager: Shutting down and abandoning module SmartSnapping (181)
[2015.09.11-00.41.47:802][782]LogModuleManager: Shutting down and abandoning module ViewportSnapping (180)
[2015.09.11-00.41.47:802][782]LogModuleManager: Shutting down and abandoning module LogVisualizer (179)
[2015.09.11-00.41.47:829][782]LogModuleManager: Shutting down and abandoning module GameProjectGeneration (178)
[2015.09.11-00.41.47:841][782]LogModuleManager: Shutting down and abandoning module IntroTutorials (177)
[2015.09.11-00.41.47:867][782]LogModuleManager: Shutting down and abandoning module EditorLiveStreaming (176)
[2015.09.11-00.41.47:867][782]LogModuleManager: Shutting down and abandoning module IOSPlatformEditor (175)
[2015.09.11-00.41.47:882][782]LogModuleManager: Shutting down and abandoning module HTML5PlatformEditor (174)
[2015.09.11-00.41.47:882][782]LogModuleManager: Shutting down and abandoning module AndroidDeviceDetection (173)
[2015.09.11-00.41.48:343][782]LogModuleManager: Shutting down and abandoning module AndroidPlatformEditor (172)
[2015.09.11-00.41.48:343][782]LogModuleManager: Shutting down and abandoning module IOSRuntimeSettings (171)
[2015.09.11-00.41.48:343][782]LogModuleManager: Shutting down and abandoning module AndroidRuntimeSettings (170)
[2015.09.11-00.41.48:343][782]LogModuleManager: Shutting down and abandoning module MergeActors (169)
[2015.09.11-00.41.48:357][782]LogModuleManager: Shutting down and abandoning module SizeMap (168)
[2015.09.11-00.41.48:357][782]LogModuleManager: Shutting down and abandoning module TreeMap (167)
[2015.09.11-00.41.48:365][782]LogModuleManager: Shutting down and abandoning module ReferenceViewer (166)
[2015.09.11-00.41.48:365][782]LogModuleManager: Shutting down and abandoning module LocalizationService (165)
[2015.09.11-00.41.48:382][782]LogModuleManager: Shutting down and abandoning module LocalizationDashboard (164)
[2015.09.11-00.41.48:389][782]LogModuleManager: Shutting down and abandoning module HardwareTargeting (163)
[2015.09.11-00.41.48:389][782]LogModuleManager: Shutting down and abandoning module DeviceProfileEditor (162)
[2015.09.11-00.41.48:389][782]LogModuleManager: Shutting down and abandoning module UndoHistory (161)
[2015.09.11-00.41.48:406][782]LogModuleManager: Shutting down and abandoning module GameplayTagsEditor (160)
[2015.09.11-00.41.48:407][782]LogModuleManager: Shutting down and abandoning module UserFeedback (159)
[2015.09.11-00.41.48:407][782]LogModuleManager: Shutting down and abandoning module XmlParser (158)
[2015.09.11-00.41.48:407][782]LogModuleManager: Shutting down and abandoning module Blutility (157)
[2015.09.11-00.41.48:407][782]LogModuleManager: Shutting down and abandoning module ProjectTargetPlatformEditor (156)
[2015.09.11-00.41.48:416][782]LogModuleManager: Shutting down and abandoning module ProjectSettingsViewer (155)
[2015.09.11-00.41.48:416][782]LogModuleManager: Shutting down and abandoning module InputBindingEditor (154)
[2015.09.11-00.41.48:437][782]LogModuleManager: Shutting down and abandoning module EditorSettingsViewer (153)
[2015.09.11-00.41.48:437][782]LogModuleManager: Shutting down and abandoning module SettingsEditor (152)
[2015.09.11-00.41.48:460][782]LogModuleManager: Shutting down and abandoning module ProjectLauncher (151)
[2015.09.11-00.41.48:481][782]LogModuleManager: Shutting down and abandoning module SessionFrontend (150)
[2015.09.11-00.41.48:499][782]LogModuleManager: Shutting down and abandoning module ProfilerClient (149)
[2015.09.11-00.41.48:505][782]LogModuleManager: Shutting down and abandoning module TargetDeviceServices (148)
[2015.09.11-00.41.48:505][782]LogModuleManager: Shutting down and abandoning module DeviceManager (147)
[2015.09.11-00.41.48:516][782]LogModuleManager: Shutting down and abandoning module AutomationController (146)
[2015.09.11-00.41.48:527][782]LogModuleManager: Shutting down and abandoning module AutomationWindow (145)
[2015.09.11-00.41.48:546][782]LogModuleManager: Shutting down and abandoning module Layers (144)
[2015.09.11-00.41.48:562][782]LogModuleManager: Shutting down and abandoning module ComponentVisualizers (143)
[2015.09.11-00.41.48:562][782]LogModuleManager: Shutting down and abandoning module DetailCustomizations (142)
[2015.09.11-00.41.48:576][782]LogModuleManager: Shutting down and abandoning module PackagesDialog (141)
[2015.09.11-00.41.48:576][782]LogModuleManager: Shutting down and abandoning module Persona (140)
[2015.09.11-00.41.48:615][782]LogModuleManager: Shutting down and abandoning module Kismet (139)
[2015.09.11-00.41.48:615][782]LogModuleManager: Shutting down and abandoning module GraphEditor (138)
[2015.09.11-00.41.48:615][782]LogModuleManager: Shutting down and abandoning module ClassViewer (137)
[2015.09.11-00.41.48:628][782]LogModuleManager: Shutting down and abandoning module Toolbox (136)
[2015.09.11-00.41.48:628][782]LogModuleManager: Shutting down and abandoning module ModuleUI (135)
[2015.09.11-00.41.48:640][782]LogModuleManager: Shutting down and abandoning module MovieSceneTools (134)
[2015.09.11-00.41.48:661][782]LogModuleManager: Shutting down and abandoning module OutputLog (133)
[2015.09.11-00.41.48:661][782]LogModuleManager: Shutting down and abandoning module GammaUI (132)
[2015.09.11-00.41.48:675][782]LogModuleManager: Shutting down and abandoning module Documentation (131)
[2015.09.11-00.41.48:675][782]LogModuleManager: Shutting down and abandoning module GameLiveStreaming (130)
[2015.09.11-00.41.48:688][782]LogModuleManager: Shutting down and abandoning module StreamingPauseRendering (129)
[2015.09.11-00.41.48:688][782]LogModuleManager: Shutting down and abandoning module AnalyticsET (128)
[2015.09.11-00.41.48:688][782]LogModuleManager: Shutting down and abandoning module Analytics (127)
[2015.09.11-00.41.48:688][782]LogModuleManager: Shutting down and abandoning module AITestSuite (126)
[2015.09.11-00.41.48:695][782]LogModuleManager: Shutting down and abandoning module GameplayDebugger (125)
[2015.09.11-00.41.48:695][782]LogModuleManager: Shutting down and abandoning module AIModule (124)
[2015.09.11-00.41.48:695][782]LogModuleManager: Shutting down and abandoning module ProfilerService (123)
[2015.09.11-00.41.48:714][782]LogModuleManager: Shutting down and abandoning module TaskGraph (122)
[2015.09.11-00.41.48:727][782]LogModuleManager: Shutting down and abandoning module SlateRemote (121)
[2015.09.11-00.41.48:727][782]LogModuleManager: Shutting down and abandoning module SteamVRController (120)
[2015.09.11-00.41.48:727][782]LogModuleManager: Shutting down and abandoning module SteamVR (119)
[2015.09.11-00.41.48:727][782]LogModuleManager: Shutting down and abandoning module ProceduralMeshComponent (118)
[2015.09.11-00.41.48:727][782]LogModuleManager: Shutting down and abandoning module OculusRift (117)
[2015.09.11-00.41.48:727][782]LogModuleManager: Shutting down and abandoning module OculusLibrary (116)
[2015.09.11-00.41.48:727][782]LogModuleManager: Shutting down and abandoning module LeapMotionController (115)
[2015.09.11-00.41.48:750][782]LogModuleManager: Shutting down and abandoning module CustomMeshComponent (114)
[2015.09.11-00.41.48:758][782]LogModuleManager: Shutting down and abandoning module CableComponent (113)
[2015.09.11-00.41.48:758][782]LogModuleManager: Shutting down and abandoning module ArchVisCharacter (112)
[2015.09.11-00.41.48:758][782]LogModuleManager: Shutting down and abandoning module MessagingDebugger (111)
[2015.09.11-00.41.48:783][782]LogModuleManager: Shutting down and abandoning module MediaPlayerEditor (110)
[2015.09.11-00.41.48:802][782]LogModuleManager: Shutting down and abandoning module HTML5Networking (109)
[2015.09.11-00.41.48:802][782]LogModuleManager: Shutting down and abandoning module SpeedTreeImporter (108)
[2015.09.11-00.41.48:802][782]LogModuleManager: Shutting down and abandoning module PluginBrowser (107)
[2015.09.11-00.41.48:812][782]LogModuleManager: Shutting down and abandoning module EpicSurvey (106)
[2015.09.11-00.41.48:812][782]LogModuleManager: Shutting down and abandoning module DesktopPlatform (105)
[2015.09.11-00.41.48:829][782]LogModuleManager: Shutting down and abandoning module VisualStudioSourceCodeAccess (104)
[2015.09.11-00.41.48:829][782]LogModuleManager: Shutting down and abandoning module UObjectPlugin (103)
[2015.09.11-00.41.48:829][782]LogModuleManager: Shutting down and abandoning module SubversionSourceControl (102)
[2015.09.11-00.41.48:850][782]LogModuleManager: Shutting down and abandoning module PerforceSourceControl (101)
[2015.09.11-00.41.48:869][782]LogModuleManager: Shutting down and abandoning module SourceControl (100)
[2015.09.11-00.41.48:879][782]LogModuleManager: Shutting down and abandoning module GitSourceControl (99)
[2015.09.11-00.41.48:897][782]LogModuleManager: Shutting down and abandoning module LightPropagationVolumeEditor (98)
[2015.09.11-00.41.48:898][782]LogModuleManager: Shutting down and abandoning module PaperTiledImporter (97)
[2015.09.11-00.41.48:909][782]LogModuleManager: Shutting down and abandoning module PaperSpriteSheetImporter (96)
[2015.09.11-00.41.48:914][782]LogModuleManager: Shutting down and abandoning module MeshPaint (95)
[2015.09.11-00.41.48:923][782]LogModuleManager: Shutting down and abandoning module SlateReflector (94)
[2015.09.11-00.41.48:929][782]LogModuleManager: Shutting down and abandoning module HotReload (93)
[2015.09.11-00.41.48:936][782]LogModuleManager: Shutting down and abandoning module MainFrame (92)
[2015.09.11-00.41.48:937][782]LogModuleManager: Shutting down and abandoning module LevelEditor (91)
[2015.09.11-00.41.48:937][782]LogModuleManager: Shutting down and abandoning module DirectoryWatcher (90)
[2015.09.11-00.41.48:938][782]LogModuleManager: Shutting down and abandoning module AssetRegistry (89)
[2015.09.11-00.41.49:018][782]LogModuleManager: Shutting down and abandoning module ContentBrowser (88)
[2015.09.11-00.41.49:019][782]LogModuleManager: Shutting down and abandoning module Paper2DEditor (87)
[2015.09.11-00.41.49:061][782]LogModuleManager: Shutting down and abandoning module UdpMessaging (86)
[2015.09.11-00.41.49:161][782]LogModuleManager: Shutting down and abandoning module LightPropagationVolumeRuntime (85)
[2015.09.11-00.41.49:161][782]LogModuleManager: Shutting down and abandoning module Paper2D (84)
[2015.09.11-00.41.49:165][782]LogModuleManager: Shutting down and abandoning module WindowsMoviePlayer (83)
[2015.09.11-00.41.49:177][782]LogModuleManager: Shutting down and abandoning module Media (82)
[2015.09.11-00.41.49:177][782]LogModuleManager: Shutting down and abandoning module WmfMedia (81)
[2015.09.11-00.41.49:178][782]LogModuleManager: Shutting down and abandoning module OnlineBlueprintSupport (80)
[2015.09.11-00.41.49:178][782]LogModuleManager: Shutting down and abandoning module EnvironmentQueryEditor (79)
[2015.09.11-00.41.49:196][782]LogModuleManager: Shutting down and abandoning module GameplayTasksEditor (78)
[2015.09.11-00.41.49:196][782]LogModuleManager: Shutting down and abandoning module PropertyEditor (77)
[2015.09.11-00.41.49:196][782]LogModuleManager: Shutting down and abandoning module BehaviorTreeEditor (76)
[2015.09.11-00.41.49:196][782]LogModuleManager: Shutting down and abandoning module FunctionalTesting (75)
[2015.09.11-00.41.49:196][782]LogModuleManager: Shutting down and abandoning module CollisionAnalyzer (74)
[2015.09.11-00.41.49:210][782]LogModuleManager: Shutting down and abandoning module WorkspaceMenuStructure (73)
[2015.09.11-00.41.49:210][782]LogModuleManager: Shutting down and abandoning module MessageLog (72)
[2015.09.11-00.41.49:210][782]LogModuleManager: Shutting down and abandoning module Sequencer (71)
[2015.09.11-00.41.49:231][782]LogModuleManager: Shutting down and abandoning module AssetTools (70)
[2015.09.11-00.41.49:252][782]LogModuleManager: Shutting down and abandoning module UMGEditor (69)
[2015.09.11-00.41.49:259][782]LogModuleManager: Shutting down and abandoning module UMG (68)
[2015.09.11-00.41.49:259][782]LogModuleManager: Shutting down and abandoning module Slate (67)
[2015.09.11-00.41.49:259][782]LogModuleManager: Shutting down and abandoning module EditorStyle (66)
[2015.09.11-00.41.49:261][782]LogModuleManager: Shutting down and abandoning module SessionServices (65)
[2015.09.11-00.41.49:261][782]LogModuleManager: Shutting down and abandoning module SourceCodeAccess (64)
[2015.09.11-00.41.49:261][782]LogModuleManager: Shutting down and abandoning module HeadMountedDisplay (63)
[2015.09.11-00.41.49:261][782]LogModuleManager: Shutting down and abandoning module XAudio2 (62)
[2015.09.11-00.41.49:261][782]LogModuleManager: Shutting down and abandoning module Networking (60)
[2015.09.11-00.41.49:261][782]LogModuleManager: Shutting down and abandoning module Core (59)
[2015.09.11-00.41.49:261][782]LogModuleManager: Shutting down and abandoning module KismetCompiler (58)
[2015.09.11-00.41.49:261][782]LogModuleManager: Shutting down and abandoning module PhysXFormats (57)
[2015.09.11-00.41.49:261][782]LogModuleManager: Shutting down and abandoning module MeshUtilities (56)
[2015.09.11-00.41.49:281][782]LogModuleManager: Shutting down and abandoning module CookingStats (55)
[2015.09.11-00.41.49:283][782]LogModuleManager: Shutting down and abandoning module DerivedDataCache (54)
[2015.09.11-00.41.49:314][782]LogDerivedDataCache: Shutdown
[2015.09.11-00.41.49:314][782]LogModuleManager: Shutting down and abandoning module ShaderFormatOpenGL (53)
[2015.09.11-00.41.49:320][782]LogModuleManager: Shutting down and abandoning module ShaderFormatD3D (52)
[2015.09.11-00.41.49:320][782]LogModuleManager: Shutting down and abandoning module MetalShaderFormat (51)
[2015.09.11-00.41.49:330][782]LogModuleManager: Shutting down and abandoning module TextureFormatUncompressed (50)
[2015.09.11-00.41.49:330][782]LogModuleManager: Shutting down and abandoning module TextureFormatPVR (49)
[2015.09.11-00.41.49:330][782]LogModuleManager: Shutting down and abandoning module TextureFormatIntelISPCTexComp (48)
[2015.09.11-00.41.49:330][782]LogModuleManager: Shutting down and abandoning module TextureFormatDXT (47)
[2015.09.11-00.41.49:330][782]LogModuleManager: Shutting down and abandoning module ImageWrapper (46)
[2015.09.11-00.41.49:330][782]LogModuleManager: Shutting down and abandoning module TextureFormatASTC (45)
[2015.09.11-00.41.49:330][782]LogModuleManager: Shutting down and abandoning module TextureFormatAndroid (44)
[2015.09.11-00.41.49:330][782]LogModuleManager: Shutting down and abandoning module AudioFormatOpus (43)
[2015.09.11-00.41.49:339][782]LogModuleManager: Shutting down and abandoning module AudioFormatOgg (42)
[2015.09.11-00.41.49:339][782]LogModuleManager: Shutting down and abandoning module AudioFormatADPCM (41)
[2015.09.11-00.41.49:339][782]LogModuleManager: Shutting down and abandoning module LinuxTargetPlatform (40)
[2015.09.11-00.41.49:339][782]LogModuleManager: Shutting down and abandoning module LinuxServerTargetPlatform (39)
[2015.09.11-00.41.49:342][782]LogModuleManager: Shutting down and abandoning module LinuxNoEditorTargetPlatform (38)
[2015.09.11-00.41.49:350][782]LogModuleManager: Shutting down and abandoning module Messaging (37)
[2015.09.11-00.41.49:350][782]LogModuleManager: Shutting down and abandoning module IOSTargetPlatform (36)
[2015.09.11-00.41.49:350][782]LogModuleManager: Shutting down and abandoning module HTML5TargetPlatform (35)
[2015.09.11-00.41.49:350][782]LogModuleManager: Shutting down and abandoning module Android_PVRTCTargetPlatform (34)
[2015.09.11-00.41.49:350][782]LogModuleManager: Shutting down and abandoning module Android_ETC2TargetPlatform (33)
[2015.09.11-00.41.49:360][782]LogModuleManager: Shutting down and abandoning module Android_ETC1TargetPlatform (32)
[2015.09.11-00.41.49:366][782]LogModuleManager: Shutting down and abandoning module Android_DXTTargetPlatform (31)
[2015.09.11-00.41.49:369][782]LogModuleManager: Shutting down and abandoning module Android_ATCTargetPlatform (30)
[2015.09.11-00.41.49:371][782]LogModuleManager: Shutting down and abandoning module Android_ASTCTargetPlatform (29)
[2015.09.11-00.41.49:371][782]LogModuleManager: Shutting down and abandoning module AndroidTargetPlatform (28)
[2015.09.11-00.41.49:371][782]LogModuleManager: Shutting down and abandoning module WindowsTargetPlatform (27)
[2015.09.11-00.41.49:371][782]LogModuleManager: Shutting down and abandoning module WindowsServerTargetPlatform (26)
[2015.09.11-00.41.49:375][782]LogModuleManager: Shutting down and abandoning module WindowsNoEditorTargetPlatform (25)
[2015.09.11-00.41.49:382][782]LogModuleManager: Shutting down and abandoning module WindowsClientTargetPlatform (24)
[2015.09.11-00.41.49:391][782]LogModuleManager: Shutting down and abandoning module AllDesktopTargetPlatform (23)
[2015.09.11-00.41.49:392][782]LogModuleManager: Shutting down and abandoning module TargetPlatform (22)
[2015.09.11-00.41.49:392][782]LogModuleManager: Shutting down and abandoning module InputCore (21)
[2015.09.11-00.41.49:392][782]LogModuleManager: Shutting down and abandoning module Settings (20)
[2015.09.11-00.41.49:392][782]LogModuleManager: Shutting down and abandoning module OnlineSubsystem (18)
[2015.09.11-00.41.49:392][782]LogModuleManager: Shutting down and abandoning module HTTP (17)
[2015.09.11-00.41.51:394][782]LogModuleManager: Shutting down and abandoning module XMPP (16)
[2015.09.11-00.41.51:421][782]LogModuleManager: Shutting down and abandoning module ExampleDeviceProfileSelector (15)
[2015.09.11-00.41.51:421][782]LogModuleManager: Shutting down and abandoning module TextureCompressor (14)
[2015.09.11-00.41.51:421][782]LogModuleManager: Shutting down and abandoning module ShaderCore (13)
[2015.09.11-00.41.51:421][782]LogModuleManager: Shutting down and abandoning module Landscape (12)
[2015.09.11-00.41.51:421][782]LogModuleManager: Shutting down and abandoning module SlateRHIRenderer (11)
[2015.09.11-00.41.51:429][782]LogModuleManager: Shutting down and abandoning module OpenGLDrv (10)
[2015.09.11-00.41.51:438][782]LogModuleManager: Shutting down and abandoning module D3D11RHI (9)
[2015.09.11-00.41.51:438][782]LogModuleManager: Shutting down and abandoning module AnimGraphRuntime (8)
[2015.09.11-00.41.51:438][782]LogModuleManager: Shutting down and abandoning module Renderer (7)
[2015.09.11-00.41.51:438][782]LogModuleManager: Shutting down and abandoning module Engine (6)
[2015.09.11-00.41.51:438][782]LogModuleManager: Shutting down and abandoning module CoreUObject (5)
[2015.09.11-00.41.51:438][782]LogModuleManager: Shutting down and abandoning module NetworkFile (4)
[2015.09.11-00.41.51:454][782]LogModuleManager: Shutting down and abandoning module StreamingFile (3)
[2015.09.11-00.41.51:454][782]LogModuleManager: Shutting down and abandoning module SandboxFile (2)
[2015.09.11-00.41.51:457][782]LogModuleManager: Shutting down and abandoning module PakFile (1)
[2015.09.11-00.41.51:519][782]LogExit: Exiting.
[2015.09.11-00.41.51:559][782]Log file closed, 09/10/15 17:41:51
