[2015.09.10-18.27.02:981][  0]Log file open, 09/10/15 11:27:02
[2015.09.10-18.27.02:981][  0]LogInit:Display: Running engine for game: MyRTS_TropicoStyle
[2015.09.10-18.27.02:981][  0]LogInit:Display: RandInit(-543729319) SRandInit(-543729319).
[2015.09.10-18.27.02:981][  0]LogTaskGraph: Started task graph with 4 named threads and 5 total threads.
[2015.09.10-18.27.02:981][  0]LogStats: Stats thread started at 0.063374
[2015.09.10-18.27.02:981][  0]LogInit: Version: 4.9.0-2672455+++depot+UE4-Releases+4.9
[2015.09.10-18.27.02:981][  0]LogInit: API Version: 2672455
[2015.09.10-18.27.02:981][  0]LogInit: Compiled (64-bit): Aug 28 2015 12:33:01
[2015.09.10-18.27.02:981][  0]LogInit: Compiled with Visual C++: 18.00.21005.01
[2015.09.10-18.27.02:981][  0]LogInit: Build Configuration: Development
[2015.09.10-18.27.02:981][  0]LogInit: Branch Name: ++depot+UE4-Releases+4.9
[2015.09.10-18.27.02:981][  0]LogInit: Command line:  
[2015.09.10-18.27.02:981][  0]LogInit: Base directory: C:/Program Files/Epic Games/4.9/Engine/Binaries/Win64/
[2015.09.10-18.27.02:981][  0]LogInit: Rocket: 1
[2015.09.10-18.27.02:991][  0]LogInit: Using libcurl 7.41.0
[2015.09.10-18.27.02:991][  0]LogInit:  - built for x86_64-pc-win32
[2015.09.10-18.27.02:991][  0]LogInit:  - supports SSL with WinSSL
[2015.09.10-18.27.02:991][  0]LogInit:  - other features:
[2015.09.10-18.27.02:991][  0]LogInit:      CURL_VERSION_SSL
[2015.09.10-18.27.02:991][  0]LogInit:      CURL_VERSION_IPV6
[2015.09.10-18.27.02:991][  0]LogInit:      CURL_VERSION_ASYNCHDNS
[2015.09.10-18.27.02:991][  0]LogInit:      CURL_VERSION_LARGEFILE
[2015.09.10-18.27.02:991][  0]LogInit:      CURL_VERSION_IDN
[2015.09.10-18.27.02:991][  0]LogInit:  CurlRequestOptions (configurable via config and command line):
[2015.09.10-18.27.02:991][  0]LogInit:  - bVerifyPeer = true  - Libcurl will verify peer certificate
[2015.09.10-18.27.02:991][  0]LogInit:  - bUseHttpProxy = false  - Libcurl will NOT use HTTP proxy
[2015.09.10-18.27.02:991][  0]LogInit:  - bDontReuseConnections = false  - Libcurl will reuse connections
[2015.09.10-18.27.02:991][  0]LogInit:  - CertBundlePath = nullptr  - Libcurl will use whatever was configured at build time.
[2015.09.10-18.27.02:996][  0]LogInit: Presizing for 0 objects not considered by GC, pre-allocating 0 bytes.
[2015.09.10-18.27.03:006][  0]LogInit: Object subsystem initialized
[2015.09.10-18.27.03:006][  0]LogInit: Selected Device Profile: [Windows]
[2015.09.10-18.27.03:006][  0]LogInit: Applying CVar settings loaded from the selected device profile: [Windows]
[2015.09.10-18.27.03:019][  0]LogInit: Computer: LIVINGROOM-PC
[2015.09.10-18.27.03:019][  0]LogInit: User: Jesse
[2015.09.10-18.27.03:019][  0]LogInit: CPU Page size=4096, Cores=2
[2015.09.10-18.27.03:019][  0]LogInit: High frequency timer resolution =3.215350 MHz
[2015.09.10-18.27.03:019][  0]LogMemory: Memory total: Physical=13.9GB (14GB approx)
[2015.09.10-18.27.03:019][  0]LogMemory: Platform Memory Stats for Windows
[2015.09.10-18.27.03:019][  0]LogMemory: Process Physical Memory: 53.54 MB used, 53.54 MB peak
[2015.09.10-18.27.03:019][  0]LogMemory: Process Virtual Memory: 55.52 MB used, 55.52 MB peak
[2015.09.10-18.27.03:019][  0]LogMemory: Physical Memory: 2471.67 MB used, 14272.97 MB total
[2015.09.10-18.27.03:019][  0]LogMemory: Virtual Memory: 353.09 MB used, 134217728.00 MB total
[2015.09.10-18.27.03:059][  0]LogTextLocalizationManager: No specific translations for ('en-US') exist, so ('en') translations will be used.
[2015.09.10-18.27.03:851][  0]LogD3D11RHI: Found D3D11 adapter 0: NVIDIA GeForce GTX 660   (Feature Level 11_0)
[2015.09.10-18.27.03:851][  0]LogD3D11RHI: Adapter has 1984MB of dedicated video memory, 0MB of dedicated system memory, and 2048MB of shared system memory, 2 output[s]
[2015.09.10-18.27.03:853][  0]LogD3D11RHI: Found D3D11 adapter 1: Microsoft Basic Render Driver (Feature Level 11_0)
[2015.09.10-18.27.03:853][  0]LogD3D11RHI: Adapter has 0MB of dedicated video memory, 0MB of dedicated system memory, and 256MB of shared system memory, 0 output[s]
[2015.09.10-18.27.03:853][  0]LogD3D11RHI: Chosen D3D11 Adapter Id = 0
[2015.09.10-18.27.03:857][  0]LogD3D11RHI: !Direct3DDevice
[2015.09.10-18.27.03:857][  0]LogRHI: Texture pool is 1361 MB (70% of 1945 MB)
[2015.09.10-18.27.03:869][  0]LogD3D11RHI: Async texture creation enabled
[2015.09.10-18.27.03:886][  0]LogShaderCompilers: Guid format shader working directory is 15 characters bigger than the processId version (../../../../../../Users/Jesse/Desktop/MyRTS_TropicoStyle 4.9/Intermediate/Shaders/WorkingDirectory/4904/).
[2015.09.10-18.27.03:886][  0]LogShaderCompilers: Cleaned the shader compiler working directory '../../../../../../Users/Jesse/Desktop/MyRTS_TropicoStyle 4.9/Intermediate/Shaders/tmp/26B5C06D4A238521633D19900F1995BE/'.
[2015.09.10-18.27.03:886][  0]LogShaderCompilers:Display: Using Local Shader Compiler.
[2015.09.10-18.27.05:165][  0]LogTemp:Display: Loaded TP AllDesktopTargetPlatform
[2015.09.10-18.27.05:171][  0]LogTemp:Display: Loaded TP WindowsClientTargetPlatform
[2015.09.10-18.27.05:177][  0]LogTemp:Display: Loaded TP WindowsNoEditorTargetPlatform
[2015.09.10-18.27.05:183][  0]LogTemp:Display: Loaded TP WindowsServerTargetPlatform
[2015.09.10-18.27.05:189][  0]LogTemp:Display: Loaded TP WindowsTargetPlatform
[2015.09.10-18.27.05:193][  0]LogTemp:Display: Loaded TP AndroidTargetPlatform
[2015.09.10-18.27.05:197][  0]LogTemp:Display: Loaded TP Android_ASTCTargetPlatform
[2015.09.10-18.27.05:201][  0]LogTemp:Display: Loaded TP Android_ATCTargetPlatform
[2015.09.10-18.27.05:205][  0]LogTemp:Display: Loaded TP Android_DXTTargetPlatform
[2015.09.10-18.27.05:209][  0]LogTemp:Display: Loaded TP Android_ETC1TargetPlatform
[2015.09.10-18.27.05:214][  0]LogTemp:Display: Loaded TP Android_ETC2TargetPlatform
[2015.09.10-18.27.05:218][  0]LogTemp:Display: Loaded TP Android_PVRTCTargetPlatform
[2015.09.10-18.27.05:219][  0]LogTemp:Display: Loaded TP HTML5TargetPlatform
[2015.09.10-18.27.05:238][  0]LogTemp:Display: Loaded TP IOSTargetPlatform
[2015.09.10-18.27.05:242][  0]LogTemp:Display: Loaded TP LinuxNoEditorTargetPlatform
[2015.09.10-18.27.05:246][  0]LogTemp:Display: Loaded TP LinuxServerTargetPlatform
[2015.09.10-18.27.05:250][  0]LogTemp:Display: Loaded TP LinuxTargetPlatform
[2015.09.10-18.27.05:250][  0]LogTargetPlatformManager:Display: Building Assets For Windows
[2015.09.10-18.27.05:347][  0]LogDerivedDataCache:Display: Max Cache Size: 512 MB
[2015.09.10-18.27.05:393][  0]LogDerivedDataCache: Loaded boot cache 0.05s 41MB C:/Users/Jesse/AppData/Local/UnrealEngine/4.9/DerivedDataCache/Boot.ddc.
[2015.09.10-18.27.05:393][  0]LogDerivedDataCache:Display: Loaded Boot cache: C:/Users/Jesse/AppData/Local/UnrealEngine/4.9/DerivedDataCache/Boot.ddc
[2015.09.10-18.27.05:393][  0]LogDerivedDataCache: FDerivedDataBackendGraph:  Pak pak cache file ../../../../../../Users/Jesse/Desktop/MyRTS_TropicoStyle 4.9/DerivedDataCache/DDC.ddp not found, will not use a pak cache.
[2015.09.10-18.27.05:393][  0]LogDerivedDataCache: Unable to find inner node Pak for hierarchical cache Hierarchy.
[2015.09.10-18.27.05:393][  0]LogDerivedDataCache: FDerivedDataBackendGraph:  CompressedPak pak cache file ../../../../../../Users/Jesse/Desktop/MyRTS_TropicoStyle 4.9/DerivedDataCache/Compressed.ddp not found, will not use a pak cache.
[2015.09.10-18.27.05:393][  0]LogDerivedDataCache: Unable to find inner node CompressedPak for hierarchical cache Hierarchy.
[2015.09.10-18.27.05:544][  0]LogDerivedDataCache:Display: Pak cache opened for reading ../../../Engine/DerivedDataCache/Compressed.ddp.
[2015.09.10-18.27.05:556][  0]LogDerivedDataCache: Using Local data cache path C:/Users/Jesse/AppData/Local/UnrealEngine/Common/DerivedDataCache: Writable
[2015.09.10-18.27.05:773][  0]LogInit: Selected Device Profile: [Windows]
[2015.09.10-18.27.05:775][  0]LogContentStreaming: Texture pool size is 0.000000MB
[2015.09.10-18.27.05:908][  0]LogMeshUtilities: No automatic mesh reduction module available
[2015.09.10-18.27.05:908][  0]LogMeshUtilities: No automatic mesh merging module available
[2015.09.10-18.27.06:171][  0]LogInit: WinSock: version 1.1 (2.2), MaxSocks=32767, MaxUdp=65467
[2015.09.10-18.27.06:922][  0]UdpMessaging: Initializing bridge on interface 0.0.0.0:0 to multicast group 230.0.0.1:6666.
[2015.09.10-18.27.07:045][  0]LogAssetRegistry: FAssetRegistry took 0.0111 seconds to start up
[2015.09.10-18.27.07:229][  0]SourceControl: Info Source control is disabled
[2015.09.10-18.27.07:253][  0]SourceControl: Info Source control is disabled
[2015.09.10-18.27.07:266][  0]SourceControl: Info Source control is disabled
[2015.09.10-18.27.07:279][  0]SourceControl: Info Source control is disabled
[2015.09.10-18.27.07:463][  0]LogLinker:Warning: Asset '../../../Engine/Plugins/Runtime/LeapMotionController/Content/LM_PassthroughMaterial.uasset' has been saved with empty engine version. The asset will be loaded but may be incompatible.
[2015.09.10-18.27.07:560][  0]LogObj: 28380 objects as part of root set at end of initial load.
[2015.09.10-18.27.07:560][  0]LogUObjectAllocator: 6044384 out of 0 bytes used by permanent object pool.
[2015.09.10-18.27.07:620][  0]LogEngine: Initializing Engine...
[2015.09.10-18.27.07:623][  0]LogHMD: Can't find Oculus library dev build: is proper Runtime installed? Version: 0.6.0.0
[2015.09.10-18.27.07:624][  0]LogHMD: SteamVR failed to initialize.  Err: 110
[2015.09.10-18.27.07:753][  0]LogAIModule: Creating AISystem for world NewWorld
[2015.09.10-18.27.07:766][  0]LogInit: XAudio2 using 'Speakers (Realtek High Definition Audio)' : 2 channels at 48 kHz using 32 bits per sample (channel mask 0x3)
[2015.09.10-18.27.07:786][  0]LogInit: FAudioDevice initialized.
[2015.09.10-18.27.07:808][  0]LogDerivedDataCache: Saved boot cache 0.02s 41MB C:/Users/Jesse/AppData/Local/UnrealEngine/4.9/DerivedDataCache/Boot.ddc.
[2015.09.10-18.27.07:811][  0]LogInit: Texture streaming: Enabled
[2015.09.10-18.27.07:818][  0]LogAnalytics: Creating configured Analytics provider AnalyticsET
[2015.09.10-18.27.07:818][  0]LogAnalytics: [UEEditor.Rocket.Release] APIServer = http://et2.epicgames.com/ET2/. AppVersion = 4.9.0-2672455+++depot+UE4-Releases+4.9
[2015.09.10-18.27.07:818][  0]LogAnalytics: [UEEditor.Rocket.Release] SetUserId bde184f9425f135229c5dbbb428340e3|3b8075bc1ed94341b886f5e4c6e1b23d|8e16a760-2030-4f56-a98c-f31bd1df95e0
[2015.09.10-18.27.07:818][  0]LogAnalytics: [UEEditor.Rocket.Release] AnalyticsET::StartSession
[2015.09.10-18.27.07:849][  0]LogInit: Transaction tracking system initialized
[2015.09.10-18.27.07:880][  0]BlueprintLog: New page: Editor Load
[2015.09.10-18.27.07:995][  0]LocalizationService: Info Localization service is disabled
[2015.09.10-18.27.08:106][  0]LogConsoleResponse:Display: 
[2015.09.10-18.27.08:241][  0]LogCook:Display: Done creating registry. It took  0.00s.
[2015.09.10-18.27.08:316][  0]SourceControl: Info Source control is disabled
[2015.09.10-18.27.08:317][  0]Cmd: MAP LOAD FILE="../../../../../../Users/Jesse/Desktop/MyRTS_TropicoStyle 4.9/Content/TopDownBP/Maps/TopDownExampleMap.umap" TEMPLATE=0 SHOWPROGRESS=1 FEATURELEVEL=3
[2015.09.10-18.27.08:334][  0]LightingResults: New page: Lighting Build
[2015.09.10-18.27.08:338][  0]MapCheck: New page: Map Check
[2015.09.10-18.27.08:338][  0]LightingResults: New page: Lighting Build
[2015.09.10-18.27.08:358][  0]LogParticles: Destroying 0 GPU particle simulations for FXSystem 0x00000089F6635620
[2015.09.10-18.27.09:451][  0]LogLinker:Warning: Can't find file '/Game/StarterContent/Materials/M_Metal_Copper'
[2015.09.10-18.27.09:452][  0]LoadErrors: Info Failed to load /Game/TopDownBP/Structs/CharacterProfile_STRUCT.CharacterProfile_STRUCT Referenced by K2Node_MakeStruct_CharacterProfile_STRUCT
[2015.09.10-18.27.09:452][  0]LogLinker:Warning: Can't find file for asset '/Game/StarterContent/Materials/M_Metal_Copper' while loading ../../../../../../Users/Jesse/Desktop/MyRTS_TropicoStyle 4.9/Content/TopDownBP/Meshes/RestMesh.uasset.
[2015.09.10-18.27.09:452][  0]LoadErrors: Info Failed to load /Game/TopDownBP/Structs/CharacterProfile_STRUCT.CharacterProfile_STRUCT Referenced by K2Node_MakeStruct_CharacterProfile_STRUCT
[2015.09.10-18.27.09:452][  0]LoadErrors:Error: Error /Game/TopDownBP/Meshes/RestMesh : Can't find file for asset. /Game/StarterContent/Materials/M_Metal_Copper
[2015.09.10-18.27.09:452][  0]LogLinker:Warning: Can't find file '/Game/StarterContent/Materials/M_Metal_Copper'
[2015.09.10-18.27.09:452][  0]LoadErrors: Info Failed to load /Game/TopDownBP/Structs/CharacterProfile_STRUCT.CharacterProfile_STRUCT Referenced by K2Node_MakeStruct_CharacterProfile_STRUCT
[2015.09.10-18.27.09:452][  0]LogLinker:Warning: Can't find file for asset '/Game/StarterContent/Materials/M_Metal_Copper' while loading ../../../../../../Users/Jesse/Desktop/MyRTS_TropicoStyle 4.9/Content/TopDownBP/Meshes/RestMesh.uasset.
[2015.09.10-18.27.09:452][  0]LoadErrors: Info Failed to load /Game/TopDownBP/Structs/CharacterProfile_STRUCT.CharacterProfile_STRUCT Referenced by K2Node_MakeStruct_CharacterProfile_STRUCT
[2015.09.10-18.27.09:452][  0]LoadErrors:Error: Error /Game/TopDownBP/Meshes/RestMesh : Can't find file for asset. /Game/StarterContent/Materials/M_Metal_Copper
[2015.09.10-18.27.09:496][  0]LogLinker:Warning: Can't find file '/Game/StarterContent/Materials/M_CobbleStone_Pebble'
[2015.09.10-18.27.09:496][  0]LoadErrors: Info Failed to load /Game/TopDownBP/Structs/CharacterProfile_STRUCT.CharacterProfile_STRUCT Referenced by K2Node_MakeStruct_CharacterProfile_STRUCT
[2015.09.10-18.27.09:496][  0]LogLinker:Warning: Can't find file for asset '/Game/StarterContent/Materials/M_CobbleStone_Pebble' while loading ../../../../../../Users/Jesse/Desktop/MyRTS_TropicoStyle 4.9/Content/TopDownBP/Meshes/FarmMesh.uasset.
[2015.09.10-18.27.09:496][  0]LoadErrors: Info Failed to load /Game/TopDownBP/Structs/CharacterProfile_STRUCT.CharacterProfile_STRUCT Referenced by K2Node_MakeStruct_CharacterProfile_STRUCT
[2015.09.10-18.27.09:496][  0]LoadErrors:Error: Error /Game/TopDownBP/Meshes/FarmMesh : Can't find file for asset. /Game/StarterContent/Materials/M_CobbleStone_Pebble
[2015.09.10-18.27.09:496][  0]LogLinker:Warning: Can't find file '/Game/StarterContent/Materials/M_CobbleStone_Pebble'
[2015.09.10-18.27.09:496][  0]LoadErrors: Info Failed to load /Game/TopDownBP/Structs/CharacterProfile_STRUCT.CharacterProfile_STRUCT Referenced by K2Node_MakeStruct_CharacterProfile_STRUCT
[2015.09.10-18.27.09:496][  0]LogLinker:Warning: Can't find file for asset '/Game/StarterContent/Materials/M_CobbleStone_Pebble' while loading ../../../../../../Users/Jesse/Desktop/MyRTS_TropicoStyle 4.9/Content/TopDownBP/Meshes/FarmMesh.uasset.
[2015.09.10-18.27.09:496][  0]LoadErrors: Info Failed to load /Game/TopDownBP/Structs/CharacterProfile_STRUCT.CharacterProfile_STRUCT Referenced by K2Node_MakeStruct_CharacterProfile_STRUCT
[2015.09.10-18.27.09:496][  0]LoadErrors:Error: Error /Game/TopDownBP/Meshes/FarmMesh : Can't find file for asset. /Game/StarterContent/Materials/M_CobbleStone_Pebble
[2015.09.10-18.27.09:523][  0]LogLinker:Warning: Can't find file '/Game/StarterContent/Materials/M_Basic_Floor'
[2015.09.10-18.27.09:523][  0]LoadErrors: Info Failed to load /Game/TopDownBP/Structs/CharacterProfile_STRUCT.CharacterProfile_STRUCT Referenced by K2Node_MakeStruct_CharacterProfile_STRUCT
[2015.09.10-18.27.09:523][  0]LogLinker:Warning: Can't find file for asset '/Game/StarterContent/Materials/M_Basic_Floor' while loading ../../../../../../Users/Jesse/Desktop/MyRTS_TropicoStyle 4.9/Content/TopDownBP/Meshes/Apartment_SM.uasset.
[2015.09.10-18.27.09:523][  0]LoadErrors: Info Failed to load /Game/TopDownBP/Structs/CharacterProfile_STRUCT.CharacterProfile_STRUCT Referenced by K2Node_MakeStruct_CharacterProfile_STRUCT
[2015.09.10-18.27.09:523][  0]LoadErrors:Error: Error /Game/TopDownBP/Meshes/Apartment_SM : Can't find file for asset. /Game/StarterContent/Materials/M_Basic_Floor
[2015.09.10-18.27.09:524][  0]LogLinker:Warning: Can't find file '/Game/StarterContent/Materials/M_Brick_Clay_Beveled'
[2015.09.10-18.27.09:524][  0]LoadErrors: Info Failed to load /Game/TopDownBP/Structs/CharacterProfile_STRUCT.CharacterProfile_STRUCT Referenced by K2Node_MakeStruct_CharacterProfile_STRUCT
[2015.09.10-18.27.09:524][  0]LogLinker:Warning: Can't find file for asset '/Game/StarterContent/Materials/M_Brick_Clay_Beveled' while loading ../../../../../../Users/Jesse/Desktop/MyRTS_TropicoStyle 4.9/Content/TopDownBP/Meshes/Apartment_SM.uasset.
[2015.09.10-18.27.09:524][  0]LoadErrors: Info Failed to load /Game/TopDownBP/Structs/CharacterProfile_STRUCT.CharacterProfile_STRUCT Referenced by K2Node_MakeStruct_CharacterProfile_STRUCT
[2015.09.10-18.27.09:524][  0]LoadErrors:Error: Error /Game/TopDownBP/Meshes/Apartment_SM : Can't find file for asset. /Game/StarterContent/Materials/M_Brick_Clay_Beveled
[2015.09.10-18.27.09:524][  0]LogLinker:Warning: Can't find file '/Game/StarterContent/Materials/M_Ground_Gravel'
[2015.09.10-18.27.09:524][  0]LoadErrors: Info Failed to load /Game/TopDownBP/Structs/CharacterProfile_STRUCT.CharacterProfile_STRUCT Referenced by K2Node_MakeStruct_CharacterProfile_STRUCT
[2015.09.10-18.27.09:524][  0]LogLinker:Warning: Can't find file for asset '/Game/StarterContent/Materials/M_Ground_Gravel' while loading ../../../../../../Users/Jesse/Desktop/MyRTS_TropicoStyle 4.9/Content/TopDownBP/Meshes/Apartment_SM.uasset.
[2015.09.10-18.27.09:524][  0]LoadErrors: Info Failed to load /Game/TopDownBP/Structs/CharacterProfile_STRUCT.CharacterProfile_STRUCT Referenced by K2Node_MakeStruct_CharacterProfile_STRUCT
[2015.09.10-18.27.09:524][  0]LoadErrors:Error: Error /Game/TopDownBP/Meshes/Apartment_SM : Can't find file for asset. /Game/StarterContent/Materials/M_Ground_Gravel
[2015.09.10-18.27.09:524][  0]LogLinker:Warning: Can't find file '/Game/StarterContent/Materials/M_Metal_Burnished_Steel'
[2015.09.10-18.27.09:525][  0]LoadErrors: Info Failed to load /Game/TopDownBP/Structs/CharacterProfile_STRUCT.CharacterProfile_STRUCT Referenced by K2Node_MakeStruct_CharacterProfile_STRUCT
[2015.09.10-18.27.09:525][  0]LogLinker:Warning: Can't find file for asset '/Game/StarterContent/Materials/M_Metal_Burnished_Steel' while loading ../../../../../../Users/Jesse/Desktop/MyRTS_TropicoStyle 4.9/Content/TopDownBP/Meshes/Apartment_SM.uasset.
[2015.09.10-18.27.09:525][  0]LoadErrors: Info Failed to load /Game/TopDownBP/Structs/CharacterProfile_STRUCT.CharacterProfile_STRUCT Referenced by K2Node_MakeStruct_CharacterProfile_STRUCT
[2015.09.10-18.27.09:525][  0]LoadErrors:Error: Error /Game/TopDownBP/Meshes/Apartment_SM : Can't find file for asset. /Game/StarterContent/Materials/M_Metal_Burnished_Steel
[2015.09.10-18.27.09:525][  0]LogLinker:Warning: Can't find file '/Game/StarterContent/Props/Materials/M_Frame'
[2015.09.10-18.27.09:525][  0]LoadErrors: Info Failed to load /Game/TopDownBP/Structs/CharacterProfile_STRUCT.CharacterProfile_STRUCT Referenced by K2Node_MakeStruct_CharacterProfile_STRUCT
[2015.09.10-18.27.09:525][  0]LogLinker:Warning: Can't find file for asset '/Game/StarterContent/Props/Materials/M_Frame' while loading ../../../../../../Users/Jesse/Desktop/MyRTS_TropicoStyle 4.9/Content/TopDownBP/Meshes/Apartment_SM.uasset.
[2015.09.10-18.27.09:525][  0]LoadErrors: Info Failed to load /Game/TopDownBP/Structs/CharacterProfile_STRUCT.CharacterProfile_STRUCT Referenced by K2Node_MakeStruct_CharacterProfile_STRUCT
[2015.09.10-18.27.09:525][  0]LoadErrors:Error: Error /Game/TopDownBP/Meshes/Apartment_SM : Can't find file for asset. /Game/StarterContent/Props/Materials/M_Frame
[2015.09.10-18.27.09:538][  0]LogLinker:Warning: Can't find file '/Game/StarterContent/Materials/M_Basic_Floor'
[2015.09.10-18.27.09:538][  0]LoadErrors: Info Failed to load /Game/TopDownBP/Structs/CharacterProfile_STRUCT.CharacterProfile_STRUCT Referenced by K2Node_MakeStruct_CharacterProfile_STRUCT
[2015.09.10-18.27.09:538][  0]LogLinker:Warning: Can't find file for asset '/Game/StarterContent/Materials/M_Basic_Floor' while loading ../../../../../../Users/Jesse/Desktop/MyRTS_TropicoStyle 4.9/Content/TopDownBP/Meshes/Apartment_SM.uasset.
[2015.09.10-18.27.09:538][  0]LoadErrors: Info Failed to load /Game/TopDownBP/Structs/CharacterProfile_STRUCT.CharacterProfile_STRUCT Referenced by K2Node_MakeStruct_CharacterProfile_STRUCT
[2015.09.10-18.27.09:538][  0]LoadErrors:Error: Error /Game/TopDownBP/Meshes/Apartment_SM : Can't find file for asset. /Game/StarterContent/Materials/M_Basic_Floor
[2015.09.10-18.27.09:538][  0]LogLinker:Warning: Can't find file '/Game/StarterContent/Materials/M_Brick_Clay_Beveled'
[2015.09.10-18.27.09:538][  0]LoadErrors: Info Failed to load /Game/TopDownBP/Structs/CharacterProfile_STRUCT.CharacterProfile_STRUCT Referenced by K2Node_MakeStruct_CharacterProfile_STRUCT
[2015.09.10-18.27.09:538][  0]LogLinker:Warning: Can't find file for asset '/Game/StarterContent/Materials/M_Brick_Clay_Beveled' while loading ../../../../../../Users/Jesse/Desktop/MyRTS_TropicoStyle 4.9/Content/TopDownBP/Meshes/Apartment_SM.uasset.
[2015.09.10-18.27.09:538][  0]LoadErrors: Info Failed to load /Game/TopDownBP/Structs/CharacterProfile_STRUCT.CharacterProfile_STRUCT Referenced by K2Node_MakeStruct_CharacterProfile_STRUCT
[2015.09.10-18.27.09:538][  0]LoadErrors:Error: Error /Game/TopDownBP/Meshes/Apartment_SM : Can't find file for asset. /Game/StarterContent/Materials/M_Brick_Clay_Beveled
[2015.09.10-18.27.09:539][  0]LogLinker:Warning: Can't find file '/Game/StarterContent/Materials/M_Ground_Gravel'
[2015.09.10-18.27.09:539][  0]LoadErrors: Info Failed to load /Game/TopDownBP/Structs/CharacterProfile_STRUCT.CharacterProfile_STRUCT Referenced by K2Node_MakeStruct_CharacterProfile_STRUCT
[2015.09.10-18.27.09:539][  0]LogLinker:Warning: Can't find file for asset '/Game/StarterContent/Materials/M_Ground_Gravel' while loading ../../../../../../Users/Jesse/Desktop/MyRTS_TropicoStyle 4.9/Content/TopDownBP/Meshes/Apartment_SM.uasset.
[2015.09.10-18.27.09:539][  0]LoadErrors: Info Failed to load /Game/TopDownBP/Structs/CharacterProfile_STRUCT.CharacterProfile_STRUCT Referenced by K2Node_MakeStruct_CharacterProfile_STRUCT
[2015.09.10-18.27.09:539][  0]LoadErrors:Error: Error /Game/TopDownBP/Meshes/Apartment_SM : Can't find file for asset. /Game/StarterContent/Materials/M_Ground_Gravel
[2015.09.10-18.27.09:539][  0]LogLinker:Warning: Can't find file '/Game/StarterContent/Materials/M_Metal_Burnished_Steel'
[2015.09.10-18.27.09:539][  0]LoadErrors: Info Failed to load /Game/TopDownBP/Structs/CharacterProfile_STRUCT.CharacterProfile_STRUCT Referenced by K2Node_MakeStruct_CharacterProfile_STRUCT
[2015.09.10-18.27.09:539][  0]LogLinker:Warning: Can't find file for asset '/Game/StarterContent/Materials/M_Metal_Burnished_Steel' while loading ../../../../../../Users/Jesse/Desktop/MyRTS_TropicoStyle 4.9/Content/TopDownBP/Meshes/Apartment_SM.uasset.
[2015.09.10-18.27.09:539][  0]LoadErrors: Info Failed to load /Game/TopDownBP/Structs/CharacterProfile_STRUCT.CharacterProfile_STRUCT Referenced by K2Node_MakeStruct_CharacterProfile_STRUCT
[2015.09.10-18.27.09:539][  0]LoadErrors:Error: Error /Game/TopDownBP/Meshes/Apartment_SM : Can't find file for asset. /Game/StarterContent/Materials/M_Metal_Burnished_Steel
[2015.09.10-18.27.09:539][  0]LogLinker:Warning: Can't find file '/Game/StarterContent/Props/Materials/M_Frame'
[2015.09.10-18.27.09:539][  0]LoadErrors: Info Failed to load /Game/TopDownBP/Structs/CharacterProfile_STRUCT.CharacterProfile_STRUCT Referenced by K2Node_MakeStruct_CharacterProfile_STRUCT
[2015.09.10-18.27.09:540][  0]LogLinker:Warning: Can't find file for asset '/Game/StarterContent/Props/Materials/M_Frame' while loading ../../../../../../Users/Jesse/Desktop/MyRTS_TropicoStyle 4.9/Content/TopDownBP/Meshes/Apartment_SM.uasset.
[2015.09.10-18.27.09:540][  0]LoadErrors: Info Failed to load /Game/TopDownBP/Structs/CharacterProfile_STRUCT.CharacterProfile_STRUCT Referenced by K2Node_MakeStruct_CharacterProfile_STRUCT
[2015.09.10-18.27.09:540][  0]LoadErrors:Error: Error /Game/TopDownBP/Meshes/Apartment_SM : Can't find file for asset. /Game/StarterContent/Props/Materials/M_Frame
[2015.09.10-18.27.14:554][  0]LogLinker:Warning: Can't find file '/Game/StarterContent/Materials/M_Basic_Wall'
[2015.09.10-18.27.14:554][  0]LogLinker:Warning: Can't find file for asset '/Game/StarterContent/Materials/M_Basic_Wall' while loading ../../../../../../Users/Jesse/Desktop/MyRTS_TropicoStyle 4.9/Content/TopDownBP/Meshes/Shape_QuadPyramid.uasset.
[2015.09.10-18.27.14:554][  0]LoadErrors:Error: Error /Game/TopDownBP/Meshes/Shape_QuadPyramid : Can't find file for asset. /Game/StarterContent/Materials/M_Basic_Wall
[2015.09.10-18.27.14:554][  0]LogLinker:Warning: Can't find file '/Game/StarterContent/Materials/M_Basic_Wall'
[2015.09.10-18.27.14:554][  0]LogLinker:Warning: Can't find file for asset '/Game/StarterContent/Materials/M_Basic_Wall' while loading ../../../../../../Users/Jesse/Desktop/MyRTS_TropicoStyle 4.9/Content/TopDownBP/Meshes/Shape_QuadPyramid.uasset.
[2015.09.10-18.27.14:554][  0]LoadErrors:Error: Error /Game/TopDownBP/Meshes/Shape_QuadPyramid : Can't find file for asset. /Game/StarterContent/Materials/M_Basic_Wall
[2015.09.10-18.27.14:573][  0]LogLinker:Warning: Can't find file '/Game/StarterContent/Materials/M_Ground_Grass'
[2015.09.10-18.27.14:573][  0]LogLinker:Warning: Can't find file for asset '/Game/StarterContent/Materials/M_Ground_Grass' while loading ../../../../../../Users/Jesse/Desktop/MyRTS_TropicoStyle 4.9/Content/TopDownBP/Maps/TopDownExampleMap.umap.
[2015.09.10-18.27.14:573][  0]LoadErrors:Error: Error /Game/TopDownBP/Maps/TopDownExampleMap : Can't find file for asset. /Game/StarterContent/Materials/M_Ground_Grass
[2015.09.10-18.27.14:574][  0]LogLinker:Warning: Can't find file '/Game/StarterContent/Materials/M_Ground_Grass'
[2015.09.10-18.27.14:574][  0]LogLinker:Warning: Can't find file for asset '/Game/StarterContent/Materials/M_Ground_Grass' while loading ../../../../../../Users/Jesse/Desktop/MyRTS_TropicoStyle 4.9/Content/TopDownBP/Maps/TopDownExampleMap.umap.
[2015.09.10-18.27.14:574][  0]LoadErrors:Error: Error /Game/TopDownBP/Maps/TopDownExampleMap : Can't find file for asset. /Game/StarterContent/Materials/M_Ground_Grass
[2015.09.10-18.27.14:575][  0]LogLinker:Warning: Can't find file '/Game/StarterContent/Textures/T_Ground_Grass_D'
[2015.09.10-18.27.14:575][  0]LogLinker:Warning: Can't find file for asset '/Game/StarterContent/Textures/T_Ground_Grass_D' while loading ../../../../../../Users/Jesse/Desktop/MyRTS_TropicoStyle 4.9/Content/TopDownBP/Maps/TopDownExampleMap.umap.
[2015.09.10-18.27.14:575][  0]LoadErrors:Error: Error /Game/TopDownBP/Maps/TopDownExampleMap : Can't find file for asset. /Game/StarterContent/Textures/T_Ground_Grass_D
[2015.09.10-18.27.14:575][  0]LogLinker:Warning: Can't find file '/Game/StarterContent/Textures/T_Ground_Grass_N'
[2015.09.10-18.27.14:575][  0]LogLinker:Warning: Can't find file for asset '/Game/StarterContent/Textures/T_Ground_Grass_N' while loading ../../../../../../Users/Jesse/Desktop/MyRTS_TropicoStyle 4.9/Content/TopDownBP/Maps/TopDownExampleMap.umap.
[2015.09.10-18.27.14:575][  0]LoadErrors:Error: Error /Game/TopDownBP/Maps/TopDownExampleMap : Can't find file for asset. /Game/StarterContent/Textures/T_Ground_Grass_N
[2015.09.10-18.27.14:575][  0]LogLinker:Warning: Can't find file '/Game/StarterContent/Textures/T_MacroVariation'
[2015.09.10-18.27.14:576][  0]LogLinker:Warning: Can't find file for asset '/Game/StarterContent/Textures/T_MacroVariation' while loading ../../../../../../Users/Jesse/Desktop/MyRTS_TropicoStyle 4.9/Content/TopDownBP/Maps/TopDownExampleMap.umap.
[2015.09.10-18.27.14:576][  0]LoadErrors:Error: Error /Game/TopDownBP/Maps/TopDownExampleMap : Can't find file for asset. /Game/StarterContent/Textures/T_MacroVariation
[2015.09.10-18.27.14:576][  0]LogLinker:Warning: Can't find file '/Game/StarterContent/Textures/T_Perlin_Noise_M'
[2015.09.10-18.27.14:576][  0]LogLinker:Warning: Can't find file for asset '/Game/StarterContent/Textures/T_Perlin_Noise_M' while loading ../../../../../../Users/Jesse/Desktop/MyRTS_TropicoStyle 4.9/Content/TopDownBP/Maps/TopDownExampleMap.umap.
[2015.09.10-18.27.14:576][  0]LoadErrors:Error: Error /Game/TopDownBP/Maps/TopDownExampleMap : Can't find file for asset. /Game/StarterContent/Textures/T_Perlin_Noise_M
[2015.09.10-18.27.14:578][  0]LogLinker:Warning: Can't find file '/Game/StarterContent/Textures/T_Ground_Grass_D'
[2015.09.10-18.27.14:578][  0]LogLinker:Warning: Can't find file for asset '/Game/StarterContent/Textures/T_Ground_Grass_D' while loading ../../../../../../Users/Jesse/Desktop/MyRTS_TropicoStyle 4.9/Content/TopDownBP/Maps/TopDownExampleMap.umap.
[2015.09.10-18.27.14:578][  0]LoadErrors:Error: Error /Game/TopDownBP/Maps/TopDownExampleMap : Can't find file for asset. /Game/StarterContent/Textures/T_Ground_Grass_D
[2015.09.10-18.27.14:579][  0]LogLinker:Warning: Can't find file '/Game/StarterContent/Textures/T_Ground_Grass_N'
[2015.09.10-18.27.14:579][  0]LogLinker:Warning: Can't find file for asset '/Game/StarterContent/Textures/T_Ground_Grass_N' while loading ../../../../../../Users/Jesse/Desktop/MyRTS_TropicoStyle 4.9/Content/TopDownBP/Maps/TopDownExampleMap.umap.
[2015.09.10-18.27.14:579][  0]LoadErrors:Error: Error /Game/TopDownBP/Maps/TopDownExampleMap : Can't find file for asset. /Game/StarterContent/Textures/T_Ground_Grass_N
[2015.09.10-18.27.14:579][  0]LogLinker:Warning: Can't find file '/Game/StarterContent/Textures/T_MacroVariation'
[2015.09.10-18.27.14:579][  0]LogLinker:Warning: Can't find file for asset '/Game/StarterContent/Textures/T_MacroVariation' while loading ../../../../../../Users/Jesse/Desktop/MyRTS_TropicoStyle 4.9/Content/TopDownBP/Maps/TopDownExampleMap.umap.
[2015.09.10-18.27.14:579][  0]LoadErrors:Error: Error /Game/TopDownBP/Maps/TopDownExampleMap : Can't find file for asset. /Game/StarterContent/Textures/T_MacroVariation
[2015.09.10-18.27.14:580][  0]LogLinker:Warning: Can't find file '/Game/StarterContent/Textures/T_Perlin_Noise_M'
[2015.09.10-18.27.14:580][  0]LogLinker:Warning: Can't find file for asset '/Game/StarterContent/Textures/T_Perlin_Noise_M' while loading ../../../../../../Users/Jesse/Desktop/MyRTS_TropicoStyle 4.9/Content/TopDownBP/Maps/TopDownExampleMap.umap.
[2015.09.10-18.27.14:580][  0]LoadErrors:Error: Error /Game/TopDownBP/Maps/TopDownExampleMap : Can't find file for asset. /Game/StarterContent/Textures/T_Perlin_Noise_M
[2015.09.10-18.27.14:589][  0]LogLinker:Warning: Can't find file '/Game/StarterContent/Materials/M_Ground_Grass'
[2015.09.10-18.27.14:589][  0]LogLinker:Warning: Can't find file for asset '/Game/StarterContent/Materials/M_Ground_Grass' while loading NULL.
[2015.09.10-18.27.14:589][  0]LogLinker:Warning: Can't find file '/Game/StarterContent/Materials/M_Ground_Grass'
[2015.09.10-18.27.14:589][  0]LogLinker:Warning: Can't find file for asset '/Game/StarterContent/Materials/M_Ground_Grass' while loading NULL.
[2015.09.10-18.27.14:589][  0]LogLinker:Warning: Can't find file '/Game/StarterContent/Textures/T_Ground_Grass_D'
[2015.09.10-18.27.14:589][  0]LogLinker:Warning: Can't find file for asset '/Game/StarterContent/Textures/T_Ground_Grass_D' while loading NULL.
[2015.09.10-18.27.14:589][  0]LogLinker:Warning: Can't find file '/Game/StarterContent/Textures/T_Ground_Grass_N'
[2015.09.10-18.27.14:590][  0]LogLinker:Warning: Can't find file for asset '/Game/StarterContent/Textures/T_Ground_Grass_N' while loading NULL.
[2015.09.10-18.27.14:590][  0]LogLinker:Warning: Can't find file '/Game/StarterContent/Textures/T_MacroVariation'
[2015.09.10-18.27.14:590][  0]LogLinker:Warning: Can't find file for asset '/Game/StarterContent/Textures/T_MacroVariation' while loading NULL.
[2015.09.10-18.27.14:590][  0]LogLinker:Warning: Can't find file '/Game/StarterContent/Textures/T_Perlin_Noise_M'
[2015.09.10-18.27.14:590][  0]LogLinker:Warning: Can't find file for asset '/Game/StarterContent/Textures/T_Perlin_Noise_M' while loading NULL.
[2015.09.10-18.27.14:590][  0]LogLinker:Warning: Can't find file '/Game/StarterContent/Textures/T_Ground_Grass_D'
[2015.09.10-18.27.14:590][  0]LogLinker:Warning: Can't find file for asset '/Game/StarterContent/Textures/T_Ground_Grass_D' while loading NULL.
[2015.09.10-18.27.14:590][  0]LogLinker:Warning: Can't find file '/Game/StarterContent/Textures/T_Ground_Grass_N'
[2015.09.10-18.27.14:591][  0]LogLinker:Warning: Can't find file for asset '/Game/StarterContent/Textures/T_Ground_Grass_N' while loading NULL.
[2015.09.10-18.27.14:591][  0]LogLinker:Warning: Can't find file '/Game/StarterContent/Textures/T_MacroVariation'
[2015.09.10-18.27.14:591][  0]LogLinker:Warning: Can't find file for asset '/Game/StarterContent/Textures/T_MacroVariation' while loading NULL.
[2015.09.10-18.27.14:591][  0]LogLinker:Warning: Can't find file '/Game/StarterContent/Textures/T_Perlin_Noise_M'
[2015.09.10-18.27.14:591][  0]LogLinker:Warning: Can't find file for asset '/Game/StarterContent/Textures/T_Perlin_Noise_M' while loading NULL.
[2015.09.10-18.27.14:678][  0]LogLinker:Warning: Can't find file '/Game/StarterContent/Materials/M_Basic_Wall'
[2015.09.10-18.27.14:678][  0]LoadErrors: Info Failed to load /Game/StarterContent/Materials/M_Basic_Wall.M_Basic_Wall Referenced by Shape_QuadPyramid
[2015.09.10-18.27.14:678][  0]LogLinker:Warning: Can't find file for asset '/Game/StarterContent/Materials/M_Basic_Wall' while loading NULL.
[2015.09.10-18.27.14:678][  0]LoadErrors: Info Failed to load /Game/StarterContent/Materials/M_Basic_Wall.M_Basic_Wall Referenced by Shape_QuadPyramid
[2015.09.10-18.27.14:680][  0]LogLinker:Warning: Can't find file '/Game/StarterContent/Materials/M_Metal_Copper'
[2015.09.10-18.27.14:680][  0]LoadErrors: Info Failed to load /Game/StarterContent/Materials/M_Metal_Copper.M_Metal_Copper Referenced by RestMesh
[2015.09.10-18.27.14:681][  0]LogLinker:Warning: Can't find file for asset '/Game/StarterContent/Materials/M_Metal_Copper' while loading NULL.
[2015.09.10-18.27.14:681][  0]LoadErrors: Info Failed to load /Game/StarterContent/Materials/M_Metal_Copper.M_Metal_Copper Referenced by RestMesh
[2015.09.10-18.27.14:681][  0]LogLinker:Warning: Can't find file '/Game/StarterContent/Materials/M_CobbleStone_Pebble'
[2015.09.10-18.27.14:681][  0]LoadErrors: Info Failed to load /Game/StarterContent/Materials/M_CobbleStone_Pebble.M_CobbleStone_Pebble Referenced by FarmMesh
[2015.09.10-18.27.14:681][  0]LogLinker:Warning: Can't find file for asset '/Game/StarterContent/Materials/M_CobbleStone_Pebble' while loading NULL.
[2015.09.10-18.27.14:681][  0]LoadErrors: Info Failed to load /Game/StarterContent/Materials/M_CobbleStone_Pebble.M_CobbleStone_Pebble Referenced by FarmMesh
[2015.09.10-18.27.14:694][  0]LogLinker:Warning: Can't find file '/Game/StarterContent/Materials/M_Brick_Clay_Beveled'
[2015.09.10-18.27.14:695][  0]LoadErrors: Info Failed to load /Game/StarterContent/Materials/M_Brick_Clay_Beveled.M_Brick_Clay_Beveled Referenced by Apartment_SM
[2015.09.10-18.27.14:695][  0]LogLinker:Warning: Can't find file for asset '/Game/StarterContent/Materials/M_Brick_Clay_Beveled' while loading NULL.
[2015.09.10-18.27.14:695][  0]LoadErrors: Info Failed to load /Game/StarterContent/Materials/M_Brick_Clay_Beveled.M_Brick_Clay_Beveled Referenced by Apartment_SM
[2015.09.10-18.27.14:695][  0]LogLinker:Warning: Can't find file '/Game/StarterContent/Props/Materials/M_Frame'
[2015.09.10-18.27.14:695][  0]LoadErrors: Info Failed to load /Game/StarterContent/Props/Materials/M_Frame.M_Frame Referenced by Apartment_SM
[2015.09.10-18.27.14:695][  0]LogLinker:Warning: Can't find file for asset '/Game/StarterContent/Props/Materials/M_Frame' while loading NULL.
[2015.09.10-18.27.14:695][  0]LoadErrors: Info Failed to load /Game/StarterContent/Props/Materials/M_Frame.M_Frame Referenced by Apartment_SM
[2015.09.10-18.27.14:695][  0]LogLinker:Warning: Can't find file '/Game/StarterContent/Materials/M_Basic_Floor'
[2015.09.10-18.27.14:696][  0]LoadErrors: Info Failed to load /Game/StarterContent/Materials/M_Basic_Floor.M_Basic_Floor Referenced by Apartment_SM
[2015.09.10-18.27.14:696][  0]LogLinker:Warning: Can't find file for asset '/Game/StarterContent/Materials/M_Basic_Floor' while loading NULL.
[2015.09.10-18.27.14:696][  0]LoadErrors: Info Failed to load /Game/StarterContent/Materials/M_Basic_Floor.M_Basic_Floor Referenced by Apartment_SM
[2015.09.10-18.27.14:696][  0]LogLinker:Warning: Can't find file '/Game/StarterContent/Materials/M_Metal_Burnished_Steel'
[2015.09.10-18.27.14:696][  0]LoadErrors: Info Failed to load /Game/StarterContent/Materials/M_Metal_Burnished_Steel.M_Metal_Burnished_Steel Referenced by Apartment_SM
[2015.09.10-18.27.14:696][  0]LogLinker:Warning: Can't find file for asset '/Game/StarterContent/Materials/M_Metal_Burnished_Steel' while loading NULL.
[2015.09.10-18.27.14:696][  0]LoadErrors: Info Failed to load /Game/StarterContent/Materials/M_Metal_Burnished_Steel.M_Metal_Burnished_Steel Referenced by Apartment_SM
[2015.09.10-18.27.14:696][  0]LogLinker:Warning: Can't find file '/Game/StarterContent/Materials/M_Ground_Gravel'
[2015.09.10-18.27.14:697][  0]LoadErrors: Info Failed to load /Game/StarterContent/Materials/M_Ground_Gravel.M_Ground_Gravel Referenced by Apartment_SM
[2015.09.10-18.27.14:697][  0]LogLinker:Warning: Can't find file for asset '/Game/StarterContent/Materials/M_Ground_Gravel' while loading NULL.
[2015.09.10-18.27.14:697][  0]LoadErrors: Info Failed to load /Game/StarterContent/Materials/M_Ground_Gravel.M_Ground_Gravel Referenced by Apartment_SM
[2015.09.10-18.27.14:819][  0]LogLinker:Warning: Can't find file '/Game/StarterContent/Materials/M_Ground_Grass'
[2015.09.10-18.27.14:819][  0]LoadErrors: Info Failed to load /Game/StarterContent/Materials/M_Ground_Grass.M_Ground_Grass Referenced by Landscape_0
[2015.09.10-18.27.14:820][  0]LogLinker:Warning: Can't find file for asset '/Game/StarterContent/Materials/M_Ground_Grass' while loading NULL.
[2015.09.10-18.27.14:820][  0]LoadErrors: Info Failed to load /Game/StarterContent/Materials/M_Ground_Grass.M_Ground_Grass Referenced by Landscape_0
[2015.09.10-18.27.14:827][  0]LogLinker:Warning: Can't find file '/Game/StarterContent/Materials/M_Ground_Grass'
[2015.09.10-18.27.14:827][  0]LoadErrors: Info Failed to load /Game/StarterContent/Materials/M_Ground_Grass.M_Ground_Grass Referenced by LandscapeMaterialInstanceConstant_0
[2015.09.10-18.27.14:827][  0]LogLinker:Warning: Can't find file for asset '/Game/StarterContent/Materials/M_Ground_Grass' while loading NULL.
[2015.09.10-18.27.14:828][  0]LoadErrors: Info Failed to load /Game/StarterContent/Materials/M_Ground_Grass.M_Ground_Grass Referenced by LandscapeMaterialInstanceConstant_0
[2015.09.10-18.27.14:830][  0]LogLinker:Warning: Can't find file '/Game/StarterContent/Textures/T_Ground_Grass_N'
[2015.09.10-18.27.14:830][  0]LoadErrors: Info Failed to load /Game/StarterContent/Textures/T_Ground_Grass_N.T_Ground_Grass_N Referenced by PersistentLevel
[2015.09.10-18.27.14:831][  0]LogLinker:Warning: Can't find file for asset '/Game/StarterContent/Textures/T_Ground_Grass_N' while loading NULL.
[2015.09.10-18.27.14:831][  0]LoadErrors: Info Failed to load /Game/StarterContent/Textures/T_Ground_Grass_N.T_Ground_Grass_N Referenced by PersistentLevel
[2015.09.10-18.27.14:831][  0]LogLinker:Warning: Can't find file '/Game/StarterContent/Textures/T_Perlin_Noise_M'
[2015.09.10-18.27.14:831][  0]LoadErrors: Info Failed to load /Game/StarterContent/Textures/T_Perlin_Noise_M.T_Perlin_Noise_M Referenced by PersistentLevel
[2015.09.10-18.27.14:831][  0]LogLinker:Warning: Can't find file for asset '/Game/StarterContent/Textures/T_Perlin_Noise_M' while loading NULL.
[2015.09.10-18.27.14:831][  0]LoadErrors: Info Failed to load /Game/StarterContent/Textures/T_Perlin_Noise_M.T_Perlin_Noise_M Referenced by PersistentLevel
[2015.09.10-18.27.14:831][  0]LogLinker:Warning: Can't find file '/Game/StarterContent/Textures/T_Ground_Grass_D'
[2015.09.10-18.27.14:831][  0]LoadErrors: Info Failed to load /Game/StarterContent/Textures/T_Ground_Grass_D.T_Ground_Grass_D Referenced by PersistentLevel
[2015.09.10-18.27.14:831][  0]LogLinker:Warning: Can't find file for asset '/Game/StarterContent/Textures/T_Ground_Grass_D' while loading NULL.
[2015.09.10-18.27.14:831][  0]LoadErrors: Info Failed to load /Game/StarterContent/Textures/T_Ground_Grass_D.T_Ground_Grass_D Referenced by PersistentLevel
[2015.09.10-18.27.14:831][  0]LogLinker:Warning: Can't find file '/Game/StarterContent/Textures/T_MacroVariation'
[2015.09.10-18.27.14:831][  0]LoadErrors: Info Failed to load /Game/StarterContent/Textures/T_MacroVariation.T_MacroVariation Referenced by PersistentLevel
[2015.09.10-18.27.14:832][  0]LogLinker:Warning: Can't find file for asset '/Game/StarterContent/Textures/T_MacroVariation' while loading NULL.
[2015.09.10-18.27.14:832][  0]LoadErrors: Info Failed to load /Game/StarterContent/Textures/T_MacroVariation.T_MacroVariation Referenced by PersistentLevel
[2015.09.10-18.27.15:828][  0]LogAIModule: Creating AISystem for world TopDownExampleMap
[2015.09.10-18.27.15:869][  0]LogEditorServer: Finished looking for orphan Actors (0.000 secs)
[2015.09.10-18.27.15:870][  0]Cmd: MAP CHECKDEP NOCLEARLOG
[2015.09.10-18.27.15:961][  0]MapCheck: Info Map check complete: 0 Error(s), 0 Warning(s), took 89.895ms to complete.
[2015.09.10-18.27.15:961][  0]LogFileHelpers: Loading map 'TopDownExampleMap' took 7.643
[2015.09.10-18.27.16:089][  0]LogCollectionManager: Loaded 0 collections in 0.002428 seconds
[2015.09.10-18.27.16:132][  0]LogFileCache: Scanning file cache for directory 'C:/Users/Jesse/Desktop/MyRTS_TropicoStyle 4.9/Saved/Collections/' took 0.01s
[2015.09.10-18.27.16:132][  0]LogFileCache: Scanning file cache for directory 'C:/Users/Jesse/Desktop/MyRTS_TropicoStyle 4.9/Content/Developers/Jesse/Collections/' took 0.01s
[2015.09.10-18.27.16:132][  0]LogFileCache: Scanning file cache for directory 'C:/Users/Jesse/Desktop/MyRTS_TropicoStyle 4.9/Content/Collections/' took 0.01s
[2015.09.10-18.27.16:132][  0]LogContentBrowser: Native class hierarchy populated in 0.0085 seconds. Added 1874 classes and 335 folders.
[2015.09.10-18.27.16:141][  0]LogCollectionManager: Rebuilt the GUID cache for 0 collections in 0.000003 seconds
[2015.09.10-18.27.16:148][  0]LogContentBrowser: Native class hierarchy updated for 'WidgetCarousel' in 0.0004 seconds. Added 0 classes and 0 folders.
[2015.09.10-18.27.16:201][  0]LogContentBrowser: Native class hierarchy updated for 'AddContentDialog' in 0.0004 seconds. Added 0 classes and 0 folders.
[2015.09.10-18.27.16:213][  0]LogContentBrowser: Native class hierarchy updated for 'SceneOutliner' in 0.0005 seconds. Added 1 classes and 2 folders.
[2015.09.10-18.27.16:254][  0]LogCrashTracker: Crashtracker disabled due to settings.
[2015.09.10-18.27.16:259][  0]LogUObjectGlobals:Warning: Failed to find object 'Class None.'
[2015.09.10-18.27.16:282][  0]LogLoad: Full Startup: 13.87 seconds (BP compile: 1.98 seconds)
[2015.09.10-18.27.16:361][  0]LogContentStreaming: Texture pool size now 1000 MB
[2015.09.10-18.27.16:494][  0]LogRenderer: Reallocating scene render targets to support 1004x484 (Frame:2).
[2015.09.10-18.27.16:568][  1]Cmd: UpdateLandscapeEditorData -warnings
[2015.09.10-18.27.17:483][ 16]LogLinker:Warning: Asset '../../../Engine/Content/ArtTools/RenderToTexture/Macros/RenderToTextureMacros.uasset' has been saved with empty engine version. The asset will be loaded but may be incompatible.
[2015.09.10-18.27.18:134][ 16]LogContentBrowser: Native class hierarchy updated for 'BlueprintGraph' in 0.0009 seconds. Added 107 classes and 0 folders.
[2015.09.10-18.27.20:982][ 16]LogAssetRegistry: Asset discovery search completed in 13.9487 seconds
[2015.09.10-18.27.20:982][ 16]LogCollectionManager: Rebuilt the object cache for 0 collections in 0.000002 seconds (found 0 objects)
[2015.09.10-18.27.20:982][ 16]LogCollectionManager: Fixed up redirectors for 0 collections in 0.000036 seconds (updated 0 objects)
[2015.09.10-18.27.20:983][ 16]LogScript:Warning: Accessed None 'Camera_Pawn'
	CameraPawnController_C /Engine/Transient.World_6:PersistentLevel.CameraPawnController_C_0
	Function /Game/TopDownBP/Blueprints/CameraPawnController.CameraPawnController_C:ExecuteUbergraph_CameraPawnController:29D0
[2015.09.10-18.27.20:983][ 16]LogScript:Warning: Accessed None 'Camera_Pawn'
	CameraPawnController_C /Engine/Transient.World_6:PersistentLevel.CameraPawnController_C_0
	Function /Game/TopDownBP/Blueprints/CameraPawnController.CameraPawnController_C:MovementSpeedCalculation:0028
[2015.09.10-18.27.20:983][ 16]LogScript:Warning: Accessed None
	CameraPawnController_C /Engine/Transient.World_6:PersistentLevel.CameraPawnController_C_0
	Function /Game/TopDownBP/Blueprints/CameraPawnController.CameraPawnController_C:MovementSpeedCalculation:003D
[2015.09.10-18.27.20:983][ 16]LogScript:Warning: Accessed None 'Camera_Pawn'
	CameraPawnController_C /Engine/Transient.World_6:PersistentLevel.CameraPawnController_C_0
	Function /Game/TopDownBP/Blueprints/CameraPawnController.CameraPawnController_C:ExecuteUbergraph_CameraPawnController:2C24
[2015.09.10-18.27.20:983][ 16]LogScript:Warning: Accessed None 'Camera_Pawn'
	CameraPawnController_C /Engine/Transient.World_6:PersistentLevel.CameraPawnController_C_0
	Function /Game/TopDownBP/Blueprints/CameraPawnController.CameraPawnController_C:ExecuteUbergraph_CameraPawnController:20D4
[2015.09.10-18.27.20:983][ 16]LogScript:Warning: Accessed None 'Camera_Pawn'
	CameraPawnController_C /Engine/Transient.World_6:PersistentLevel.CameraPawnController_C_0
	Function /Game/TopDownBP/Blueprints/CameraPawnController.CameraPawnController_C:MovementSpeedCalculation:0028
[2015.09.10-18.27.20:983][ 16]LogScript:Warning: Accessed None
	CameraPawnController_C /Engine/Transient.World_6:PersistentLevel.CameraPawnController_C_0
	Function /Game/TopDownBP/Blueprints/CameraPawnController.CameraPawnController_C:MovementSpeedCalculation:003D
[2015.09.10-18.27.20:983][ 16]LogScript:Warning: Accessed None 'Camera_Pawn'
	CameraPawnController_C /Engine/Transient.World_6:PersistentLevel.CameraPawnController_C_0
	Function /Game/TopDownBP/Blueprints/CameraPawnController.CameraPawnController_C:ExecuteUbergraph_CameraPawnController:2262
[2015.09.10-18.27.20:983][ 16]LogScript:Warning: Accessed None 'Camera_Pawn'
	CameraPawnController_C /Engine/Transient.World_6:PersistentLevel.CameraPawnController_C_0
	Function /Game/TopDownBP/Blueprints/CameraPawnController.CameraPawnController_C:ExecuteUbergraph_CameraPawnController:00C2
[2015.09.10-18.27.20:983][ 16]LogScript:Warning: Accessed None 'Camera_Pawn'
	CameraPawnController_C /Engine/Transient.World_6:PersistentLevel.CameraPawnController_C_0
	Function /Game/TopDownBP/Blueprints/CameraPawnController.CameraPawnController_C:ExecuteUbergraph_CameraPawnController:00C2
[2015.09.10-18.27.21:044][ 17]LogScript:Warning: Accessed None 'Camera_Pawn'
	CameraPawnController_C /Engine/Transient.World_6:PersistentLevel.CameraPawnController_C_0
	Function /Game/TopDownBP/Blueprints/CameraPawnController.CameraPawnController_C:ExecuteUbergraph_CameraPawnController:29D0
[2015.09.10-18.27.21:044][ 17]LogScript:Warning: Accessed None 'Camera_Pawn'
	CameraPawnController_C /Engine/Transient.World_6:PersistentLevel.CameraPawnController_C_0
	Function /Game/TopDownBP/Blueprints/CameraPawnController.CameraPawnController_C:MovementSpeedCalculation:0028
[2015.09.10-18.27.21:044][ 17]LogScript:Warning: Accessed None
	CameraPawnController_C /Engine/Transient.World_6:PersistentLevel.CameraPawnController_C_0
	Function /Game/TopDownBP/Blueprints/CameraPawnController.CameraPawnController_C:MovementSpeedCalculation:003D
[2015.09.10-18.27.21:044][ 17]LogScript:Warning: Accessed None 'Camera_Pawn'
	CameraPawnController_C /Engine/Transient.World_6:PersistentLevel.CameraPawnController_C_0
	Function /Game/TopDownBP/Blueprints/CameraPawnController.CameraPawnController_C:ExecuteUbergraph_CameraPawnController:2C24
[2015.09.10-18.27.21:044][ 17]LogScript:Warning: Accessed None 'Camera_Pawn'
	CameraPawnController_C /Engine/Transient.World_6:PersistentLevel.CameraPawnController_C_0
	Function /Game/TopDownBP/Blueprints/CameraPawnController.CameraPawnController_C:ExecuteUbergraph_CameraPawnController:20D4
[2015.09.10-18.27.21:044][ 17]LogScript:Warning: Accessed None 'Camera_Pawn'
	CameraPawnController_C /Engine/Transient.World_6:PersistentLevel.CameraPawnController_C_0
	Function /Game/TopDownBP/Blueprints/CameraPawnController.CameraPawnController_C:MovementSpeedCalculation:0028
[2015.09.10-18.27.21:044][ 17]LogScript:Warning: Accessed None
	CameraPawnController_C /Engine/Transient.World_6:PersistentLevel.CameraPawnController_C_0
	Function /Game/TopDownBP/Blueprints/CameraPawnController.CameraPawnController_C:MovementSpeedCalculation:003D
[2015.09.10-18.27.25:685][215]LogActorComponent: UnregisterComponent: (/Engine/Transient.CharMoveComp) Not registered. Aborting.
[2015.09.10-18.27.26:116][215]LogActorComponent: UnregisterComponent: (/Engine/Transient.EditorFloorComp) Not registered. Aborting.
[2015.09.10-18.27.26:162][215]LogActorComponent: UnregisterComponent: (/Engine/Transient.EditorFloorComp) Not registered. Aborting.
[2015.09.10-18.27.26:208][215]LogActorComponent: UnregisterComponent: (/Engine/Transient.EditorFloorComp) Not registered. Aborting.
[2015.09.10-18.27.26:254][215]LogActorComponent: UnregisterComponent: (/Engine/Transient.EditorFloorComp) Not registered. Aborting.
[2015.09.10-18.27.26:300][215]LogActorComponent: UnregisterComponent: (/Engine/Transient.EditorFloorComp) Not registered. Aborting.
[2015.09.10-18.27.26:373][215]LogWindowsTextInputMethodSystem:Display: IME system now deactivated.
[2015.09.10-18.27.26:652][216]Cmd: QUIT_EDITOR
[2015.09.10-18.27.26:934][216]LogExit: Preparing to exit.
[2015.09.10-18.27.28:081][216]LogExit: Editor shut down
[2015.09.10-18.27.28:081][216]LogExit: Transaction tracking system shut down
[2015.09.10-18.27.28:088][216]LogParticles: Destroying 0 GPU particle simulations for FXSystem 0x0000008985555F80
[2015.09.10-18.27.28:090][216]LogParticles: Destroying 0 GPU particle simulations for FXSystem 0x000000898C20D440
[2015.09.10-18.27.28:090][216]LogParticles: Destroying 0 GPU particle simulations for FXSystem 0x000000898DEBD620
[2015.09.10-18.27.28:090][216]LogParticles: Destroying 0 GPU particle simulations for FXSystem 0x0000008996FD3060
[2015.09.10-18.27.28:090][216]LogParticles: Destroying 0 GPU particle simulations for FXSystem 0x0000008996FD2AC0
[2015.09.10-18.27.28:091][216]LogParticles: Destroying 0 GPU particle simulations for FXSystem 0x0000008996ED7880
[2015.09.10-18.27.28:094][216]LogParticles: Destroying 0 GPU particle simulations for FXSystem 0x0000008982466340
[2015.09.10-18.27.28:095][216]LogParticles: Destroying 0 GPU particle simulations for FXSystem 0x00000089B8D0E8E0
[2015.09.10-18.27.28:096][216]LogParticles: Destroying 0 GPU particle simulations for FXSystem 0x00000089B8D0DF80
[2015.09.10-18.27.28:096][216]LogParticles: Destroying 0 GPU particle simulations for FXSystem 0x00000089C994B880
[2015.09.10-18.27.28:097][216]LogParticles: Destroying 0 GPU particle simulations for FXSystem 0x00000089CEA29760
[2015.09.10-18.27.28:097][216]LogParticles: Destroying 0 GPU particle simulations for FXSystem 0x00000089D34C2660
[2015.09.10-18.27.28:309][216]LogExit: Object subsystem successfully closed.
[2015.09.10-18.27.28:318][216]LogD3D11RHI: Shutdown
[2015.09.10-18.27.28:318][216]LogD3D11RHI: CleanupD3DDevice
[2015.09.10-18.27.28:371][216]LogD3D11RHI: ~FD3D11DynamicRHI
[2015.09.10-18.27.28:395][216]LogModuleManager: Shutting down and abandoning module BlueprintGraph (199)
[2015.09.10-18.27.28:396][216]LogModuleManager: Shutting down and abandoning module CrashTracker (198)
[2015.09.10-18.27.28:396][216]LogModuleManager: Shutting down and abandoning module SceneOutliner (197)
[2015.09.10-18.27.28:396][216]LogModuleManager: Shutting down and abandoning module SuperSearch (196)
[2015.09.10-18.27.28:396][216]LogModuleManager: Shutting down and abandoning module WidgetCarousel (195)
[2015.09.10-18.27.28:396][216]LogModuleManager: Shutting down and abandoning module AddContentDialog (194)
[2015.09.10-18.27.28:396][216]LogModuleManager: Shutting down and abandoning module EditorWidgets (193)
[2015.09.10-18.27.28:396][216]LogModuleManager: Shutting down and abandoning module CollectionManager (192)
[2015.09.10-18.27.28:397][216]LogModuleManager: Shutting down and abandoning module StatsViewer (191)
[2015.09.10-18.27.28:397][216]LogModuleManager: Shutting down and abandoning module FoliageEdit (190)
[2015.09.10-18.27.28:397][216]LogModuleManager: Shutting down and abandoning module LandscapeEditor (189)
[2015.09.10-18.27.28:397][216]LogModuleManager: Shutting down and abandoning module ActorPickerMode (188)
[2015.09.10-18.27.28:397][216]LogModuleManager: Shutting down and abandoning module GeometryMode (187)
[2015.09.10-18.27.28:397][216]LogModuleManager: Shutting down and abandoning module TextureAlignMode (186)
[2015.09.10-18.27.28:397][216]LogModuleManager: Shutting down and abandoning module BspMode (185)
[2015.09.10-18.27.28:397][216]LogModuleManager: Shutting down and abandoning module PlacementMode (184)
[2015.09.10-18.27.28:397][216]LogModuleManager: Shutting down and abandoning module AutomationWorker (183)
[2015.09.10-18.27.28:397][216]LogModuleManager: Shutting down and abandoning module CharacterAI (182)
[2015.09.10-18.27.28:397][216]LogModuleManager: Shutting down and abandoning module SmartSnapping (181)
[2015.09.10-18.27.28:397][216]LogModuleManager: Shutting down and abandoning module ViewportSnapping (180)
[2015.09.10-18.27.28:397][216]LogModuleManager: Shutting down and abandoning module LogVisualizer (179)
[2015.09.10-18.27.28:397][216]LogModuleManager: Shutting down and abandoning module GameProjectGeneration (178)
[2015.09.10-18.27.28:397][216]LogModuleManager: Shutting down and abandoning module IntroTutorials (177)
[2015.09.10-18.27.28:397][216]LogModuleManager: Shutting down and abandoning module EditorLiveStreaming (176)
[2015.09.10-18.27.28:397][216]LogModuleManager: Shutting down and abandoning module IOSPlatformEditor (175)
[2015.09.10-18.27.28:397][216]LogModuleManager: Shutting down and abandoning module HTML5PlatformEditor (174)
[2015.09.10-18.27.28:397][216]LogModuleManager: Shutting down and abandoning module AndroidDeviceDetection (173)
[2015.09.10-18.27.29:053][216]LogModuleManager: Shutting down and abandoning module AndroidPlatformEditor (172)
[2015.09.10-18.27.29:053][216]LogModuleManager: Shutting down and abandoning module IOSRuntimeSettings (171)
[2015.09.10-18.27.29:053][216]LogModuleManager: Shutting down and abandoning module AndroidRuntimeSettings (170)
[2015.09.10-18.27.29:053][216]LogModuleManager: Shutting down and abandoning module MergeActors (169)
[2015.09.10-18.27.29:053][216]LogModuleManager: Shutting down and abandoning module SizeMap (168)
[2015.09.10-18.27.29:053][216]LogModuleManager: Shutting down and abandoning module TreeMap (167)
[2015.09.10-18.27.29:053][216]LogModuleManager: Shutting down and abandoning module ReferenceViewer (166)
[2015.09.10-18.27.29:053][216]LogModuleManager: Shutting down and abandoning module LocalizationService (165)
[2015.09.10-18.27.29:053][216]LogModuleManager: Shutting down and abandoning module LocalizationDashboard (164)
[2015.09.10-18.27.29:053][216]LogModuleManager: Shutting down and abandoning module HardwareTargeting (163)
[2015.09.10-18.27.29:053][216]LogModuleManager: Shutting down and abandoning module DeviceProfileEditor (162)
[2015.09.10-18.27.29:053][216]LogModuleManager: Shutting down and abandoning module UndoHistory (161)
[2015.09.10-18.27.29:053][216]LogModuleManager: Shutting down and abandoning module GameplayTagsEditor (160)
[2015.09.10-18.27.29:053][216]LogModuleManager: Shutting down and abandoning module UserFeedback (159)
[2015.09.10-18.27.29:053][216]LogModuleManager: Shutting down and abandoning module XmlParser (158)
[2015.09.10-18.27.29:053][216]LogModuleManager: Shutting down and abandoning module Blutility (157)
[2015.09.10-18.27.29:053][216]LogModuleManager: Shutting down and abandoning module ProjectTargetPlatformEditor (156)
[2015.09.10-18.27.29:053][216]LogModuleManager: Shutting down and abandoning module ProjectSettingsViewer (155)
[2015.09.10-18.27.29:053][216]LogModuleManager: Shutting down and abandoning module InputBindingEditor (154)
[2015.09.10-18.27.29:053][216]LogModuleManager: Shutting down and abandoning module EditorSettingsViewer (153)
[2015.09.10-18.27.29:053][216]LogModuleManager: Shutting down and abandoning module SettingsEditor (152)
[2015.09.10-18.27.29:053][216]LogModuleManager: Shutting down and abandoning module ProjectLauncher (151)
[2015.09.10-18.27.29:053][216]LogModuleManager: Shutting down and abandoning module SessionFrontend (150)
[2015.09.10-18.27.29:053][216]LogModuleManager: Shutting down and abandoning module ProfilerClient (149)
[2015.09.10-18.27.29:053][216]LogModuleManager: Shutting down and abandoning module TargetDeviceServices (148)
[2015.09.10-18.27.29:053][216]LogModuleManager: Shutting down and abandoning module DeviceManager (147)
[2015.09.10-18.27.29:054][216]LogModuleManager: Shutting down and abandoning module AutomationController (146)
[2015.09.10-18.27.29:054][216]LogModuleManager: Shutting down and abandoning module AutomationWindow (145)
[2015.09.10-18.27.29:054][216]LogModuleManager: Shutting down and abandoning module Layers (144)
[2015.09.10-18.27.29:054][216]LogModuleManager: Shutting down and abandoning module ComponentVisualizers (143)
[2015.09.10-18.27.29:054][216]LogModuleManager: Shutting down and abandoning module DetailCustomizations (142)
[2015.09.10-18.27.29:054][216]LogModuleManager: Shutting down and abandoning module PackagesDialog (141)
[2015.09.10-18.27.29:054][216]LogModuleManager: Shutting down and abandoning module Persona (140)
[2015.09.10-18.27.29:054][216]LogModuleManager: Shutting down and abandoning module Kismet (139)
[2015.09.10-18.27.29:054][216]LogModuleManager: Shutting down and abandoning module GraphEditor (138)
[2015.09.10-18.27.29:054][216]LogModuleManager: Shutting down and abandoning module ClassViewer (137)
[2015.09.10-18.27.29:054][216]LogModuleManager: Shutting down and abandoning module Toolbox (136)
[2015.09.10-18.27.29:054][216]LogModuleManager: Shutting down and abandoning module ModuleUI (135)
[2015.09.10-18.27.29:054][216]LogModuleManager: Shutting down and abandoning module MovieSceneTools (134)
[2015.09.10-18.27.29:054][216]LogModuleManager: Shutting down and abandoning module OutputLog (133)
[2015.09.10-18.27.29:054][216]LogModuleManager: Shutting down and abandoning module GammaUI (132)
[2015.09.10-18.27.29:054][216]LogModuleManager: Shutting down and abandoning module Documentation (131)
[2015.09.10-18.27.29:054][216]LogModuleManager: Shutting down and abandoning module GameLiveStreaming (130)
[2015.09.10-18.27.29:054][216]LogModuleManager: Shutting down and abandoning module StreamingPauseRendering (129)
[2015.09.10-18.27.29:054][216]LogModuleManager: Shutting down and abandoning module AnalyticsET (128)
[2015.09.10-18.27.29:054][216]LogModuleManager: Shutting down and abandoning module Analytics (127)
[2015.09.10-18.27.29:054][216]LogModuleManager: Shutting down and abandoning module AITestSuite (126)
[2015.09.10-18.27.29:054][216]LogModuleManager: Shutting down and abandoning module GameplayDebugger (125)
[2015.09.10-18.27.29:054][216]LogModuleManager: Shutting down and abandoning module AIModule (124)
[2015.09.10-18.27.29:054][216]LogModuleManager: Shutting down and abandoning module ProfilerService (123)
[2015.09.10-18.27.29:082][216]LogModuleManager: Shutting down and abandoning module TaskGraph (122)
[2015.09.10-18.27.29:082][216]LogModuleManager: Shutting down and abandoning module SlateRemote (121)
[2015.09.10-18.27.29:082][216]LogModuleManager: Shutting down and abandoning module SteamVRController (120)
[2015.09.10-18.27.29:082][216]LogModuleManager: Shutting down and abandoning module SteamVR (119)
[2015.09.10-18.27.29:082][216]LogModuleManager: Shutting down and abandoning module ProceduralMeshComponent (118)
[2015.09.10-18.27.29:082][216]LogModuleManager: Shutting down and abandoning module OculusRift (117)
[2015.09.10-18.27.29:082][216]LogModuleManager: Shutting down and abandoning module OculusLibrary (116)
[2015.09.10-18.27.29:082][216]LogModuleManager: Shutting down and abandoning module LeapMotionController (115)
[2015.09.10-18.27.29:103][216]LogModuleManager: Shutting down and abandoning module CustomMeshComponent (114)
[2015.09.10-18.27.29:103][216]LogModuleManager: Shutting down and abandoning module CableComponent (113)
[2015.09.10-18.27.29:103][216]LogModuleManager: Shutting down and abandoning module ArchVisCharacter (112)
[2015.09.10-18.27.29:103][216]LogModuleManager: Shutting down and abandoning module MessagingDebugger (111)
[2015.09.10-18.27.29:103][216]LogModuleManager: Shutting down and abandoning module MediaPlayerEditor (110)
[2015.09.10-18.27.29:103][216]LogModuleManager: Shutting down and abandoning module HTML5Networking (109)
[2015.09.10-18.27.29:103][216]LogModuleManager: Shutting down and abandoning module SpeedTreeImporter (108)
[2015.09.10-18.27.29:103][216]LogModuleManager: Shutting down and abandoning module PluginBrowser (107)
[2015.09.10-18.27.29:103][216]LogModuleManager: Shutting down and abandoning module EpicSurvey (106)
[2015.09.10-18.27.29:103][216]LogModuleManager: Shutting down and abandoning module DesktopPlatform (105)
[2015.09.10-18.27.29:103][216]LogModuleManager: Shutting down and abandoning module VisualStudioSourceCodeAccess (104)
[2015.09.10-18.27.29:103][216]LogModuleManager: Shutting down and abandoning module UObjectPlugin (103)
[2015.09.10-18.27.29:103][216]LogModuleManager: Shutting down and abandoning module SubversionSourceControl (102)
[2015.09.10-18.27.29:103][216]LogModuleManager: Shutting down and abandoning module PerforceSourceControl (101)
[2015.09.10-18.27.29:103][216]LogModuleManager: Shutting down and abandoning module SourceControl (100)
[2015.09.10-18.27.29:103][216]LogModuleManager: Shutting down and abandoning module GitSourceControl (99)
[2015.09.10-18.27.29:103][216]LogModuleManager: Shutting down and abandoning module LightPropagationVolumeEditor (98)
[2015.09.10-18.27.29:103][216]LogModuleManager: Shutting down and abandoning module PaperTiledImporter (97)
[2015.09.10-18.27.29:103][216]LogModuleManager: Shutting down and abandoning module PaperSpriteSheetImporter (96)
[2015.09.10-18.27.29:103][216]LogModuleManager: Shutting down and abandoning module MeshPaint (95)
[2015.09.10-18.27.29:103][216]LogModuleManager: Shutting down and abandoning module SlateReflector (94)
[2015.09.10-18.27.29:103][216]LogModuleManager: Shutting down and abandoning module HotReload (93)
[2015.09.10-18.27.29:103][216]LogModuleManager: Shutting down and abandoning module MainFrame (92)
[2015.09.10-18.27.29:103][216]LogModuleManager: Shutting down and abandoning module LevelEditor (91)
[2015.09.10-18.27.29:104][216]LogModuleManager: Shutting down and abandoning module DirectoryWatcher (90)
[2015.09.10-18.27.29:105][216]LogModuleManager: Shutting down and abandoning module AssetRegistry (89)
[2015.09.10-18.27.29:151][216]LogModuleManager: Shutting down and abandoning module ContentBrowser (88)
[2015.09.10-18.27.29:152][216]LogModuleManager: Shutting down and abandoning module Paper2DEditor (87)
[2015.09.10-18.27.29:152][216]LogModuleManager: Shutting down and abandoning module UdpMessaging (86)
[2015.09.10-18.27.29:253][216]LogModuleManager: Shutting down and abandoning module LightPropagationVolumeRuntime (85)
[2015.09.10-18.27.29:253][216]LogModuleManager: Shutting down and abandoning module Paper2D (84)
[2015.09.10-18.27.29:253][216]LogModuleManager: Shutting down and abandoning module WindowsMoviePlayer (83)
[2015.09.10-18.27.29:255][216]LogModuleManager: Shutting down and abandoning module Media (82)
[2015.09.10-18.27.29:255][216]LogModuleManager: Shutting down and abandoning module WmfMedia (81)
[2015.09.10-18.27.29:256][216]LogModuleManager: Shutting down and abandoning module OnlineBlueprintSupport (80)
[2015.09.10-18.27.29:256][216]LogModuleManager: Shutting down and abandoning module EnvironmentQueryEditor (79)
[2015.09.10-18.27.29:256][216]LogModuleManager: Shutting down and abandoning module GameplayTasksEditor (78)
[2015.09.10-18.27.29:256][216]LogModuleManager: Shutting down and abandoning module PropertyEditor (77)
[2015.09.10-18.27.29:256][216]LogModuleManager: Shutting down and abandoning module BehaviorTreeEditor (76)
[2015.09.10-18.27.29:256][216]LogModuleManager: Shutting down and abandoning module FunctionalTesting (75)
[2015.09.10-18.27.29:256][216]LogModuleManager: Shutting down and abandoning module CollisionAnalyzer (74)
[2015.09.10-18.27.29:256][216]LogModuleManager: Shutting down and abandoning module WorkspaceMenuStructure (73)
[2015.09.10-18.27.29:256][216]LogModuleManager: Shutting down and abandoning module MessageLog (72)
[2015.09.10-18.27.29:256][216]LogModuleManager: Shutting down and abandoning module Sequencer (71)
[2015.09.10-18.27.29:256][216]LogModuleManager: Shutting down and abandoning module AssetTools (70)
[2015.09.10-18.27.29:256][216]LogModuleManager: Shutting down and abandoning module UMGEditor (69)
[2015.09.10-18.27.29:256][216]LogModuleManager: Shutting down and abandoning module UMG (68)
[2015.09.10-18.27.29:256][216]LogModuleManager: Shutting down and abandoning module Slate (67)
[2015.09.10-18.27.29:256][216]LogModuleManager: Shutting down and abandoning module EditorStyle (66)
[2015.09.10-18.27.29:259][216]LogModuleManager: Shutting down and abandoning module SessionServices (65)
[2015.09.10-18.27.29:259][216]LogModuleManager: Shutting down and abandoning module SourceCodeAccess (64)
[2015.09.10-18.27.29:259][216]LogModuleManager: Shutting down and abandoning module HeadMountedDisplay (63)
[2015.09.10-18.27.29:259][216]LogModuleManager: Shutting down and abandoning module XAudio2 (62)
[2015.09.10-18.27.29:259][216]LogModuleManager: Shutting down and abandoning module Networking (60)
[2015.09.10-18.27.29:259][216]LogModuleManager: Shutting down and abandoning module Core (59)
[2015.09.10-18.27.29:259][216]LogModuleManager: Shutting down and abandoning module KismetCompiler (58)
[2015.09.10-18.27.29:259][216]LogModuleManager: Shutting down and abandoning module PhysXFormats (57)
[2015.09.10-18.27.29:259][216]LogModuleManager: Shutting down and abandoning module MeshUtilities (56)
[2015.09.10-18.27.29:259][216]LogModuleManager: Shutting down and abandoning module CookingStats (55)
[2015.09.10-18.27.29:261][216]LogModuleManager: Shutting down and abandoning module DerivedDataCache (54)
[2015.09.10-18.27.29:562][216]LogDerivedDataCache: Shutdown
[2015.09.10-18.27.29:562][216]LogModuleManager: Shutting down and abandoning module ShaderFormatOpenGL (53)
[2015.09.10-18.27.29:562][216]LogModuleManager: Shutting down and abandoning module ShaderFormatD3D (52)
[2015.09.10-18.27.29:562][216]LogModuleManager: Shutting down and abandoning module MetalShaderFormat (51)
[2015.09.10-18.27.29:562][216]LogModuleManager: Shutting down and abandoning module TextureFormatUncompressed (50)
[2015.09.10-18.27.29:562][216]LogModuleManager: Shutting down and abandoning module TextureFormatPVR (49)
[2015.09.10-18.27.29:562][216]LogModuleManager: Shutting down and abandoning module TextureFormatIntelISPCTexComp (48)
[2015.09.10-18.27.29:562][216]LogModuleManager: Shutting down and abandoning module TextureFormatDXT (47)
[2015.09.10-18.27.29:562][216]LogModuleManager: Shutting down and abandoning module ImageWrapper (46)
[2015.09.10-18.27.29:562][216]LogModuleManager: Shutting down and abandoning module TextureFormatASTC (45)
[2015.09.10-18.27.29:562][216]LogModuleManager: Shutting down and abandoning module TextureFormatAndroid (44)
[2015.09.10-18.27.29:562][216]LogModuleManager: Shutting down and abandoning module AudioFormatOpus (43)
[2015.09.10-18.27.29:562][216]LogModuleManager: Shutting down and abandoning module AudioFormatOgg (42)
[2015.09.10-18.27.29:562][216]LogModuleManager: Shutting down and abandoning module AudioFormatADPCM (41)
[2015.09.10-18.27.29:562][216]LogModuleManager: Shutting down and abandoning module LinuxTargetPlatform (40)
[2015.09.10-18.27.29:562][216]LogModuleManager: Shutting down and abandoning module LinuxServerTargetPlatform (39)
[2015.09.10-18.27.29:562][216]LogModuleManager: Shutting down and abandoning module LinuxNoEditorTargetPlatform (38)
[2015.09.10-18.27.29:562][216]LogModuleManager: Shutting down and abandoning module Messaging (37)
[2015.09.10-18.27.29:562][216]LogModuleManager: Shutting down and abandoning module IOSTargetPlatform (36)
[2015.09.10-18.27.29:562][216]LogModuleManager: Shutting down and abandoning module HTML5TargetPlatform (35)
[2015.09.10-18.27.29:562][216]LogModuleManager: Shutting down and abandoning module Android_PVRTCTargetPlatform (34)
[2015.09.10-18.27.29:562][216]LogModuleManager: Shutting down and abandoning module Android_ETC2TargetPlatform (33)
[2015.09.10-18.27.29:562][216]LogModuleManager: Shutting down and abandoning module Android_ETC1TargetPlatform (32)
[2015.09.10-18.27.29:562][216]LogModuleManager: Shutting down and abandoning module Android_DXTTargetPlatform (31)
[2015.09.10-18.27.29:562][216]LogModuleManager: Shutting down and abandoning module Android_ATCTargetPlatform (30)
[2015.09.10-18.27.29:562][216]LogModuleManager: Shutting down and abandoning module Android_ASTCTargetPlatform (29)
[2015.09.10-18.27.29:563][216]LogModuleManager: Shutting down and abandoning module AndroidTargetPlatform (28)
[2015.09.10-18.27.29:563][216]LogModuleManager: Shutting down and abandoning module WindowsTargetPlatform (27)
[2015.09.10-18.27.29:563][216]LogModuleManager: Shutting down and abandoning module WindowsServerTargetPlatform (26)
[2015.09.10-18.27.29:563][216]LogModuleManager: Shutting down and abandoning module WindowsNoEditorTargetPlatform (25)
[2015.09.10-18.27.29:563][216]LogModuleManager: Shutting down and abandoning module WindowsClientTargetPlatform (24)
[2015.09.10-18.27.29:563][216]LogModuleManager: Shutting down and abandoning module AllDesktopTargetPlatform (23)
[2015.09.10-18.27.29:563][216]LogModuleManager: Shutting down and abandoning module TargetPlatform (22)
[2015.09.10-18.27.29:563][216]LogModuleManager: Shutting down and abandoning module InputCore (21)
[2015.09.10-18.27.29:563][216]LogModuleManager: Shutting down and abandoning module Settings (20)
[2015.09.10-18.27.29:563][216]LogModuleManager: Shutting down and abandoning module OnlineSubsystem (18)
[2015.09.10-18.27.29:563][216]LogModuleManager: Shutting down and abandoning module HTTP (17)
[2015.09.10-18.27.31:568][216]LogModuleManager: Shutting down and abandoning module XMPP (16)
[2015.09.10-18.27.31:568][216]LogModuleManager: Shutting down and abandoning module ExampleDeviceProfileSelector (15)
[2015.09.10-18.27.31:568][216]LogModuleManager: Shutting down and abandoning module TextureCompressor (14)
[2015.09.10-18.27.31:568][216]LogModuleManager: Shutting down and abandoning module ShaderCore (13)
[2015.09.10-18.27.31:568][216]LogModuleManager: Shutting down and abandoning module Landscape (12)
[2015.09.10-18.27.31:568][216]LogModuleManager: Shutting down and abandoning module SlateRHIRenderer (11)
[2015.09.10-18.27.31:569][216]LogModuleManager: Shutting down and abandoning module OpenGLDrv (10)
[2015.09.10-18.27.31:569][216]LogModuleManager: Shutting down and abandoning module D3D11RHI (9)
[2015.09.10-18.27.31:569][216]LogModuleManager: Shutting down and abandoning module AnimGraphRuntime (8)
[2015.09.10-18.27.31:569][216]LogModuleManager: Shutting down and abandoning module Renderer (7)
[2015.09.10-18.27.31:569][216]LogModuleManager: Shutting down and abandoning module Engine (6)
[2015.09.10-18.27.31:569][216]LogModuleManager: Shutting down and abandoning module CoreUObject (5)
[2015.09.10-18.27.31:569][216]LogModuleManager: Shutting down and abandoning module NetworkFile (4)
[2015.09.10-18.27.31:569][216]LogModuleManager: Shutting down and abandoning module StreamingFile (3)
[2015.09.10-18.27.31:569][216]LogModuleManager: Shutting down and abandoning module SandboxFile (2)
[2015.09.10-18.27.31:569][216]LogModuleManager: Shutting down and abandoning module PakFile (1)
[2015.09.10-18.27.31:569][216]LogExit: Exiting.
[2015.09.10-18.27.31:571][216]Log file closed, 09/10/15 11:27:31
