[2015.09.28-06.59.58:099][  0]Log file open, 09/27/15 23:59:58
[2015.09.28-06.59.58:099][  0]LogInit:Display: Running engine for game: MyRTS_TropicoStyle
[2015.09.28-06.59.58:100][  0]LogInit:Display: RandInit(-897306224) SRandInit(-897306223).
[2015.09.28-06.59.58:100][  0]LogTaskGraph: Started task graph with 4 named threads and 5 total threads.
[2015.09.28-06.59.58:100][  0]LogStats: Stats thread started at 0.063090
[2015.09.28-06.59.58:100][  0]LogInit: Version: 4.9.1-2689999+++depot+UE4-Releases+4.9
[2015.09.28-06.59.58:100][  0]LogInit: API Version: 2672455
[2015.09.28-06.59.58:100][  0]LogInit: Compiled (64-bit): Sep 14 2015 04:12:03
[2015.09.28-06.59.58:100][  0]LogInit: Compiled with Visual C++: 18.00.21005.01
[2015.09.28-06.59.58:100][  0]LogInit: Build Configuration: Development
[2015.09.28-06.59.58:100][  0]LogInit: Branch Name: ++depot+UE4-Releases+4.9
[2015.09.28-06.59.58:100][  0]LogInit: Command line:  
[2015.09.28-06.59.58:100][  0]LogInit: Base directory: C:/Program Files/Epic Games/4.9/Engine/Binaries/Win64/
[2015.09.28-06.59.58:100][  0]LogInit: Rocket: 1
[2015.09.28-06.59.58:113][  0]LogInit: Using libcurl 7.41.0
[2015.09.28-06.59.58:113][  0]LogInit:  - built for x86_64-pc-win32
[2015.09.28-06.59.58:113][  0]LogInit:  - supports SSL with WinSSL
[2015.09.28-06.59.58:113][  0]LogInit:  - other features:
[2015.09.28-06.59.58:113][  0]LogInit:      CURL_VERSION_SSL
[2015.09.28-06.59.58:113][  0]LogInit:      CURL_VERSION_IPV6
[2015.09.28-06.59.58:113][  0]LogInit:      CURL_VERSION_ASYNCHDNS
[2015.09.28-06.59.58:113][  0]LogInit:      CURL_VERSION_LARGEFILE
[2015.09.28-06.59.58:113][  0]LogInit:      CURL_VERSION_IDN
[2015.09.28-06.59.58:114][  0]LogInit:  CurlRequestOptions (configurable via config and command line):
[2015.09.28-06.59.58:114][  0]LogInit:  - bVerifyPeer = true  - Libcurl will verify peer certificate
[2015.09.28-06.59.58:114][  0]LogInit:  - bUseHttpProxy = false  - Libcurl will NOT use HTTP proxy
[2015.09.28-06.59.58:114][  0]LogInit:  - bDontReuseConnections = false  - Libcurl will reuse connections
[2015.09.28-06.59.58:114][  0]LogInit:  - CertBundlePath = nullptr  - Libcurl will use whatever was configured at build time.
[2015.09.28-06.59.58:122][  0]LogInit: Presizing for 0 objects not considered by GC, pre-allocating 0 bytes.
[2015.09.28-06.59.58:131][  0]LogInit: Object subsystem initialized
[2015.09.28-06.59.58:133][  0]LogInit: Selected Device Profile: [Windows]
[2015.09.28-06.59.58:133][  0]LogInit: Applying CVar settings loaded from the selected device profile: [Windows]
[2015.09.28-06.59.58:146][  0]LogInit: Computer: LIVINGROOM-PC
[2015.09.28-06.59.58:146][  0]LogInit: User: Jesse
[2015.09.28-06.59.58:146][  0]LogInit: CPU Page size=4096, Cores=2
[2015.09.28-06.59.58:146][  0]LogInit: High frequency timer resolution =3.215352 MHz
[2015.09.28-06.59.58:146][  0]LogMemory: Memory total: Physical=13.9GB (14GB approx)
[2015.09.28-06.59.58:146][  0]LogMemory: Platform Memory Stats for Windows
[2015.09.28-06.59.58:146][  0]LogMemory: Process Physical Memory: 53.72 MB used, 53.72 MB peak
[2015.09.28-06.59.58:146][  0]LogMemory: Process Virtual Memory: 55.47 MB used, 55.47 MB peak
[2015.09.28-06.59.58:146][  0]LogMemory: Physical Memory: 3876.95 MB used, 14272.97 MB total
[2015.09.28-06.59.58:146][  0]LogMemory: Virtual Memory: 353.12 MB used, 134217728.00 MB total
[2015.09.28-06.59.58:186][  0]LogTextLocalizationManager: No specific translations for ('en-US') exist, so ('en') translations will be used.
[2015.09.28-06.59.59:003][  0]LogD3D11RHI: Found D3D11 adapter 0: NVIDIA GeForce GTX 660   (Feature Level 11_0)
[2015.09.28-06.59.59:003][  0]LogD3D11RHI: Adapter has 1984MB of dedicated video memory, 0MB of dedicated system memory, and 2048MB of shared system memory, 2 output[s]
[2015.09.28-06.59.59:005][  0]LogD3D11RHI: Found D3D11 adapter 1: Microsoft Basic Render Driver (Feature Level 11_0)
[2015.09.28-06.59.59:005][  0]LogD3D11RHI: Adapter has 0MB of dedicated video memory, 0MB of dedicated system memory, and 256MB of shared system memory, 0 output[s]
[2015.09.28-06.59.59:005][  0]LogD3D11RHI: Chosen D3D11 Adapter Id = 0
[2015.09.28-06.59.59:010][  0]LogD3D11RHI: !Direct3DDevice
[2015.09.28-06.59.59:010][  0]LogRHI: Texture pool is 1361 MB (70% of 1945 MB)
[2015.09.28-06.59.59:025][  0]LogD3D11RHI: Async texture creation enabled
[2015.09.28-06.59.59:041][  0]LogShaderCompilers: Guid format shader working directory is 15 characters bigger than the processId version (../../../../../../Users/Jesse/Desktop/Unreal/MyRTS_TropicoStyle 4.9/Intermediate/Shaders/WorkingDirectory/4516/).
[2015.09.28-06.59.59:041][  0]LogShaderCompilers: Cleaned the shader compiler working directory '../../../../../../Users/Jesse/Desktop/Unreal/MyRTS_TropicoStyle 4.9/Intermediate/Shaders/tmp/4FB7E0A149907FFDCD3832918CFB78F1/'.
[2015.09.28-06.59.59:041][  0]LogShaderCompilers:Display: Using Local Shader Compiler.
[2015.09.28-07.00.00:416][  0]LogTemp:Display: Loaded TP AllDesktopTargetPlatform
[2015.09.28-07.00.00:423][  0]LogTemp:Display: Loaded TP WindowsClientTargetPlatform
[2015.09.28-07.00.00:429][  0]LogTemp:Display: Loaded TP WindowsNoEditorTargetPlatform
[2015.09.28-07.00.00:435][  0]LogTemp:Display: Loaded TP WindowsServerTargetPlatform
[2015.09.28-07.00.00:441][  0]LogTemp:Display: Loaded TP WindowsTargetPlatform
[2015.09.28-07.00.00:446][  0]LogTemp:Display: Loaded TP AndroidTargetPlatform
[2015.09.28-07.00.00:450][  0]LogTemp:Display: Loaded TP Android_ASTCTargetPlatform
[2015.09.28-07.00.00:454][  0]LogTemp:Display: Loaded TP Android_ATCTargetPlatform
[2015.09.28-07.00.00:458][  0]LogTemp:Display: Loaded TP Android_DXTTargetPlatform
[2015.09.28-07.00.00:462][  0]LogTemp:Display: Loaded TP Android_ETC1TargetPlatform
[2015.09.28-07.00.00:467][  0]LogTemp:Display: Loaded TP Android_ETC2TargetPlatform
[2015.09.28-07.00.00:472][  0]LogTemp:Display: Loaded TP Android_PVRTCTargetPlatform
[2015.09.28-07.00.00:473][  0]LogTemp:Display: Loaded TP HTML5TargetPlatform
[2015.09.28-07.00.00:492][  0]LogTemp:Display: Loaded TP IOSTargetPlatform
[2015.09.28-07.00.00:496][  0]LogTemp:Display: Loaded TP LinuxNoEditorTargetPlatform
[2015.09.28-07.00.00:500][  0]LogTemp:Display: Loaded TP LinuxServerTargetPlatform
[2015.09.28-07.00.00:506][  0]LogTemp:Display: Loaded TP LinuxTargetPlatform
[2015.09.28-07.00.00:506][  0]LogTargetPlatformManager:Display: Building Assets For Windows
[2015.09.28-07.00.00:605][  0]LogDerivedDataCache:Display: Max Cache Size: 512 MB
[2015.09.28-07.00.00:660][  0]LogDerivedDataCache: Loaded boot cache 0.05s 41MB C:/Users/Jesse/AppData/Local/UnrealEngine/4.9/DerivedDataCache/Boot.ddc.
[2015.09.28-07.00.00:660][  0]LogDerivedDataCache:Display: Loaded Boot cache: C:/Users/Jesse/AppData/Local/UnrealEngine/4.9/DerivedDataCache/Boot.ddc
[2015.09.28-07.00.00:660][  0]LogDerivedDataCache: FDerivedDataBackendGraph:  Pak pak cache file ../../../../../../Users/Jesse/Desktop/Unreal/MyRTS_TropicoStyle 4.9/DerivedDataCache/DDC.ddp not found, will not use a pak cache.
[2015.09.28-07.00.00:660][  0]LogDerivedDataCache: Unable to find inner node Pak for hierarchical cache Hierarchy.
[2015.09.28-07.00.00:660][  0]LogDerivedDataCache: FDerivedDataBackendGraph:  CompressedPak pak cache file ../../../../../../Users/Jesse/Desktop/Unreal/MyRTS_TropicoStyle 4.9/DerivedDataCache/Compressed.ddp not found, will not use a pak cache.
[2015.09.28-07.00.00:660][  0]LogDerivedDataCache: Unable to find inner node CompressedPak for hierarchical cache Hierarchy.
[2015.09.28-07.00.00:812][  0]LogDerivedDataCache:Display: Pak cache opened for reading ../../../Engine/DerivedDataCache/Compressed.ddp.
[2015.09.28-07.00.00:825][  0]LogDerivedDataCache: Using Local data cache path C:/Users/Jesse/AppData/Local/UnrealEngine/Common/DerivedDataCache: Writable
[2015.09.28-07.00.01:052][  0]LogInit: Selected Device Profile: [Windows]
[2015.09.28-07.00.01:056][  0]LogContentStreaming: Texture pool size is 0.000000MB
[2015.09.28-07.00.01:198][  0]LogMeshUtilities: No automatic mesh reduction module available
[2015.09.28-07.00.01:198][  0]LogMeshUtilities: No automatic mesh merging module available
[2015.09.28-07.00.01:473][  0]LogInit: WinSock: version 1.1 (2.2), MaxSocks=32767, MaxUdp=65467
[2015.09.28-07.00.02:256][  0]UdpMessaging: Initializing bridge on interface 0.0.0.0:0 to multicast group 230.0.0.1:6666.
[2015.09.28-07.00.02:375][  0]LogAssetRegistry: FAssetRegistry took 0.0107 seconds to start up
[2015.09.28-07.00.02:597][  0]SourceControl: Info Source control is disabled
[2015.09.28-07.00.02:621][  0]SourceControl: Info Source control is disabled
[2015.09.28-07.00.02:638][  0]SourceControl: Info Source control is disabled
[2015.09.28-07.00.02:650][  0]SourceControl: Info Source control is disabled
[2015.09.28-07.00.02:835][  0]LogLinker:Warning: Asset '../../../Engine/Plugins/Runtime/LeapMotionController/Content/LM_PassthroughMaterial.uasset' has been saved with empty engine version. The asset will be loaded but may be incompatible.
[2015.09.28-07.00.02:927][  0]LogObj: 28380 objects as part of root set at end of initial load.
[2015.09.28-07.00.02:927][  0]LogUObjectAllocator: 6044392 out of 0 bytes used by permanent object pool.
[2015.09.28-07.00.02:987][  0]LogEngine: Initializing Engine...
[2015.09.28-07.00.02:991][  0]LogHMD: Can't find Oculus library dev build: is proper Runtime installed? Version: 0.7.0.0
[2015.09.28-07.00.02:991][  0]LogHMD: SteamVR failed to initialize.  Err: 110
[2015.09.28-07.00.03:123][  0]LogAIModule: Creating AISystem for world NewWorld
[2015.09.28-07.00.03:137][  0]LogInit: XAudio2 using 'Speakers (Realtek High Definition Audio)' : 2 channels at 48 kHz using 32 bits per sample (channel mask 0x3)
[2015.09.28-07.00.03:150][  0]LogInit: FAudioDevice initialized.
[2015.09.28-07.00.03:171][  0]LogDerivedDataCache: Saved boot cache 0.02s 41MB C:/Users/Jesse/AppData/Local/UnrealEngine/4.9/DerivedDataCache/Boot.ddc.
[2015.09.28-07.00.03:174][  0]LogInit: Texture streaming: Enabled
[2015.09.28-07.00.03:181][  0]LogAnalytics: Creating configured Analytics provider AnalyticsET
[2015.09.28-07.00.03:181][  0]LogAnalytics: [UEEditor.Rocket.Release] APIServer = http://et2.epicgames.com/ET2/. AppVersion = 4.9.1-2689999+++depot+UE4-Releases+4.9
[2015.09.28-07.00.03:181][  0]LogAnalytics: [UEEditor.Rocket.Release] SetUserId bde184f9425f135229c5dbbb428340e3|3b8075bc1ed94341b886f5e4c6e1b23d|8e16a760-2030-4f56-a98c-f31bd1df95e0
[2015.09.28-07.00.03:181][  0]LogAnalytics: [UEEditor.Rocket.Release] AnalyticsET::StartSession
[2015.09.28-07.00.03:212][  0]LogInit: Transaction tracking system initialized
[2015.09.28-07.00.03:250][  0]BlueprintLog: New page: Editor Load
[2015.09.28-07.00.03:373][  0]LocalizationService: Info Localization service is disabled
[2015.09.28-07.00.03:500][  0]LogConsoleResponse:Display: 
[2015.09.28-07.00.03:633][  0]LogCook:Display: Done creating registry. It took  0.00s.
[2015.09.28-07.00.03:716][  0]SourceControl: Info Source control is disabled
[2015.09.28-07.00.03:716][  0]Cmd: MAP LOAD FILE="../../../../../../Users/Jesse/Desktop/Unreal/MyRTS_TropicoStyle 4.9/Content/TopDownBP/Maps/TopDownExampleMap.umap" TEMPLATE=0 SHOWPROGRESS=1 FEATURELEVEL=3
[2015.09.28-07.00.03:716][  0]LightingResults: New page: Lighting Build
[2015.09.28-07.00.03:720][  0]MapCheck: New page: Map Check
[2015.09.28-07.00.03:720][  0]LightingResults: New page: Lighting Build
[2015.09.28-07.00.03:743][  0]LogParticles: Destroying 0 GPU particle simulations for FXSystem 0x0000001836997CE0
[2015.09.28-07.00.05:392][  0]LogLinker:Warning: CreateExport: Failed to load Parent for Function /Game/TopDownBP/Blueprints/Buildings/Commercial/Restaurant_BP.Restaurant_BP_C:UserConstructionScript; removing parent information, but keeping function
[2015.09.28-07.00.09:938][  0]LogAIModule: Creating AISystem for world TopDownExampleMap
[2015.09.28-07.00.09:978][  0]LogEditorServer: Finished looking for orphan Actors (0.000 secs)
[2015.09.28-07.00.09:979][  0]Cmd: MAP CHECKDEP NOCLEARLOG
[2015.09.28-07.00.10:101][  0]MapCheck: Info Map check complete: 0 Error(s), 0 Warning(s), took 121.886ms to complete.
[2015.09.28-07.00.10:101][  0]LogFileHelpers: Loading map 'TopDownExampleMap' took 6.386
[2015.09.28-07.00.10:211][  0]LogCollectionManager: Loaded 0 collections in 0.002287 seconds
[2015.09.28-07.00.10:254][  0]LogFileCache: Scanning file cache for directory 'C:/Users/Jesse/Desktop/Unreal/MyRTS_TropicoStyle 4.9/Saved/Collections/' took 0.01s
[2015.09.28-07.00.10:254][  0]LogFileCache: Scanning file cache for directory 'C:/Users/Jesse/Desktop/Unreal/MyRTS_TropicoStyle 4.9/Content/Developers/Jesse/Collections/' took 0.01s
[2015.09.28-07.00.10:254][  0]LogFileCache: Scanning file cache for directory 'C:/Users/Jesse/Desktop/Unreal/MyRTS_TropicoStyle 4.9/Content/Collections/' took 0.01s
[2015.09.28-07.00.10:254][  0]LogContentBrowser: Native class hierarchy populated in 0.0084 seconds. Added 1874 classes and 335 folders.
[2015.09.28-07.00.10:262][  0]LogCollectionManager: Rebuilt the GUID cache for 0 collections in 0.000003 seconds
[2015.09.28-07.00.10:269][  0]LogContentBrowser: Native class hierarchy updated for 'WidgetCarousel' in 0.0004 seconds. Added 0 classes and 0 folders.
[2015.09.28-07.00.10:318][  0]LogContentBrowser: Native class hierarchy updated for 'AddContentDialog' in 0.0004 seconds. Added 0 classes and 0 folders.
[2015.09.28-07.00.10:328][  0]LogContentBrowser: Native class hierarchy updated for 'SceneOutliner' in 0.0004 seconds. Added 1 classes and 2 folders.
[2015.09.28-07.00.10:374][  0]LogCrashTracker: Crashtracker disabled due to settings.
[2015.09.28-07.00.10:379][  0]LogUObjectGlobals:Warning: Failed to find object 'Class None.'
[2015.09.28-07.00.10:402][  0]LogLoad: Full Startup: 12.95 seconds (BP compile: 2.21 seconds)
[2015.09.28-07.00.10:484][  0]LogContentStreaming: Texture pool size now 1000 MB
[2015.09.28-07.00.10:607][  0]LogRenderer: Reallocating scene render targets to support 1208x600 (Frame:2).
[2015.09.28-07.00.10:669][  1]Cmd: UpdateLandscapeEditorData -warnings
[2015.09.28-07.00.11:693][ 23]LogAssetRegistry: Asset discovery search completed in 9.3292 seconds
[2015.09.28-07.00.11:693][ 23]LogCollectionManager: Rebuilt the object cache for 0 collections in 0.000001 seconds (found 0 objects)
[2015.09.28-07.00.11:693][ 23]LogCollectionManager: Fixed up redirectors for 0 collections in 0.000039 seconds (updated 0 objects)
[2015.09.28-07.00.14:605][290]LogLinker:Warning: Asset '../../../Engine/Content/ArtTools/RenderToTexture/Macros/RenderToTextureMacros.uasset' has been saved with empty engine version. The asset will be loaded but may be incompatible.
[2015.09.28-07.00.15:240][290]LogContentBrowser: Native class hierarchy updated for 'BlueprintGraph' in 0.0008 seconds. Added 107 classes and 0 folders.
[2015.09.28-07.00.40:695][694]LogSlate:Warning: Slate: Had to block on waiting for a draw buffer
[2015.09.28-07.00.40:705][694]LogSlate:Warning: Slate: Had to block on waiting for a draw buffer
[2015.09.28-07.00.40:714][694]LogSlate:Warning: Slate: Had to block on waiting for a draw buffer
[2015.09.28-07.00.40:717][694]LogSlate:Warning: Slate: Had to block on waiting for a draw buffer
[2015.09.28-07.00.40:719][694]LogSlate:Warning: Slate: Had to block on waiting for a draw buffer
[2015.09.28-07.00.40:725][694]LogSlate:Warning: Slate: Had to block on waiting for a draw buffer
[2015.09.28-07.00.40:731][694]LogSlate:Warning: Slate: Had to block on waiting for a draw buffer
[2015.09.28-07.00.40:738][694]LogSlate:Warning: Slate: Had to block on waiting for a draw buffer
[2015.09.28-07.00.40:743][694]LogSlate:Warning: Slate: Had to block on waiting for a draw buffer
[2015.09.28-07.00.40:746][694]LogSlate:Warning: Slate: Had to block on waiting for a draw buffer
[2015.09.28-07.00.40:749][694]LogSlate:Warning: Slate: Had to block on waiting for a draw buffer
[2015.09.28-07.00.40:751][694]LogSlate:Warning: Slate: Had to block on waiting for a draw buffer
[2015.09.28-07.00.40:754][694]LogSlate:Warning: Slate: Had to block on waiting for a draw buffer
[2015.09.28-07.00.40:757][694]LogSlate:Warning: Slate: Had to block on waiting for a draw buffer
[2015.09.28-07.00.40:761][694]LogSlate:Warning: Slate: Had to block on waiting for a draw buffer
[2015.09.28-07.00.40:762][694]LogSavePackage: Save=83.861732ms
[2015.09.28-07.00.40:763][694]LogSlate:Warning: Slate: Had to block on waiting for a draw buffer
[2015.09.28-07.00.40:764][694]LogSavePackage: Moving '../../../../../../Users/Jesse/Desktop/Unreal/MyRTS_TropicoStyle 4.9/Saved/ActorMacros60A343CF4B093673614A72BED004B765.tmp' to '../../../Engine/Content/EditorBlueprintResources/ActorMacros.uasset'
[2015.09.28-07.00.40:764][694]LogFileManager:Warning: DeleteFile was unable to delete '../../../Engine/Content/EditorBlueprintResources/ActorMacros.uasset', retrying in .5s...
[2015.09.28-07.00.41:265][694]LogFileManager:Error: Error deleting file '../../../Engine/Content/EditorBlueprintResources/ActorMacros.uasset'.
[2015.09.28-07.00.41:265][694]LogSavePackage:Error: Error saving '../../../Engine/Content/EditorBlueprintResources/ActorMacros.uasset'
[2015.09.28-07.00.41:265][694]LogWindows:Error: Windows GetLastError: The operation completed successfully. (0)
[2015.09.28-07.00.41:490][694]LogCrashTracker: 


[2015.09.28-07.00.41:490][694]LogCrashTracker: 


[2015.09.28-07.00.41:490][694]LogWindows: === Critical error: ===
Fatal error!



[2015.09.28-07.00.41:643][694]LogExit: Executing StaticShutdownAfterError
[2015.09.28-07.00.41:652][694]LogPhysics:Warning: PHYSX: ..\..\PhysX\src\NpScene.cpp (2946) 8 : PxScene::unlockWrite() called without matching call to PxScene::lockWrite(), behaviour will be undefined.
[2015.09.28-07.00.41:653][694]LogPhysics:Warning: PHYSX: ..\..\PhysX\src\NpScene.cpp (2946) 8 : PxScene::unlockWrite() called without matching call to PxScene::lockWrite(), behaviour will be undefined.
[2015.09.28-07.00.41:653][694]LogPhysics:Warning: PHYSX: ..\..\PhysX\src\NpScene.cpp (2946) 8 : PxScene::unlockWrite() called without matching call to PxScene::lockWrite(), behaviour will be undefined.
[2015.09.28-07.00.41:653][694]LogPhysics:Warning: PHYSX: ..\..\PhysX\src\NpScene.cpp (2946) 8 : PxScene::unlockWrite() called without matching call to PxScene::lockWrite(), behaviour will be undefined.
[2015.09.28-07.00.41:653][694]LogPhysics:Warning: PHYSX: ..\..\PhysX\src\NpScene.cpp (2946) 8 : PxScene::unlockWrite() called without matching call to PxScene::lockWrite(), behaviour will be undefined.
[2015.09.28-07.00.41:653][694]LogPhysics:Warning: PHYSX: ..\..\PhysX\src\NpScene.cpp (2946) 8 : PxScene::unlockWrite() called without matching call to PxScene::lockWrite(), behaviour will be undefined.
[2015.09.28-07.00.41:653][694]LogPhysics:Warning: PHYSX: ..\..\PhysX\src\NpScene.cpp (2946) 8 : PxScene::unlockWrite() called without matching call to PxScene::lockWrite(), behaviour will be undefined.
[2015.09.28-07.00.41:654][694]LogPhysics:Warning: PHYSX: ..\..\PhysX\src\NpScene.cpp (2946) 8 : PxScene::unlockWrite() called without matching call to PxScene::lockWrite(), behaviour will be undefined.
[2015.09.28-07.00.41:654][694]LogWindows: FPlatformMisc::RequestExit(1)
[2015.09.28-07.00.41:654][694]Log file closed, 09/28/15 00:00:41
