[2015.09.28-09.04.00:301][  0]Log file open, 09/28/15 02:04:00
[2015.09.28-09.04.00:301][  0]LogInit:Display: Running engine for game: MyRTS_TropicoStyle
[2015.09.28-09.04.00:301][  0]LogInit:Display: RandInit(621622976) SRandInit(621622976).
[2015.09.28-09.04.00:301][  0]LogTaskGraph: Started task graph with 4 named threads and 5 total threads.
[2015.09.28-09.04.00:301][  0]LogStats: Stats thread started at 0.276478
[2015.09.28-09.04.00:301][  0]LogInit: Version: 4.9.1-2689999+++depot+UE4-Releases+4.9
[2015.09.28-09.04.00:301][  0]LogInit: API Version: 2672455
[2015.09.28-09.04.00:301][  0]LogInit: Compiled (64-bit): Sep 14 2015 04:12:03
[2015.09.28-09.04.00:301][  0]LogInit: Compiled with Visual C++: 18.00.21005.01
[2015.09.28-09.04.00:301][  0]LogInit: Build Configuration: Development
[2015.09.28-09.04.00:301][  0]LogInit: Branch Name: ++depot+UE4-Releases+4.9
[2015.09.28-09.04.00:301][  0]LogInit: Command line:  
[2015.09.28-09.04.00:301][  0]LogInit: Base directory: C:/Program Files/Epic Games/4.9/Engine/Binaries/Win64/
[2015.09.28-09.04.00:301][  0]LogInit: Rocket: 1
[2015.09.28-09.04.00:412][  0]LogInit: Using libcurl 7.41.0
[2015.09.28-09.04.00:412][  0]LogInit:  - built for x86_64-pc-win32
[2015.09.28-09.04.00:412][  0]LogInit:  - supports SSL with WinSSL
[2015.09.28-09.04.00:412][  0]LogInit:  - other features:
[2015.09.28-09.04.00:412][  0]LogInit:      CURL_VERSION_SSL
[2015.09.28-09.04.00:412][  0]LogInit:      CURL_VERSION_IPV6
[2015.09.28-09.04.00:412][  0]LogInit:      CURL_VERSION_ASYNCHDNS
[2015.09.28-09.04.00:412][  0]LogInit:      CURL_VERSION_LARGEFILE
[2015.09.28-09.04.00:412][  0]LogInit:      CURL_VERSION_IDN
[2015.09.28-09.04.00:412][  0]LogInit:  CurlRequestOptions (configurable via config and command line):
[2015.09.28-09.04.00:412][  0]LogInit:  - bVerifyPeer = true  - Libcurl will verify peer certificate
[2015.09.28-09.04.00:412][  0]LogInit:  - bUseHttpProxy = false  - Libcurl will NOT use HTTP proxy
[2015.09.28-09.04.00:412][  0]LogInit:  - bDontReuseConnections = false  - Libcurl will reuse connections
[2015.09.28-09.04.00:412][  0]LogInit:  - CertBundlePath = nullptr  - Libcurl will use whatever was configured at build time.
[2015.09.28-09.04.00:426][  0]LogInit: Presizing for 0 objects not considered by GC, pre-allocating 0 bytes.
[2015.09.28-09.04.00:438][  0]LogInit: Object subsystem initialized
[2015.09.28-09.04.00:441][  0]LogInit: Selected Device Profile: [Windows]
[2015.09.28-09.04.00:441][  0]LogInit: Applying CVar settings loaded from the selected device profile: [Windows]
[2015.09.28-09.04.00:468][  0]LogInit: Computer: LIVINGROOM-PC
[2015.09.28-09.04.00:468][  0]LogInit: User: Jesse
[2015.09.28-09.04.00:468][  0]LogInit: CPU Page size=4096, Cores=2
[2015.09.28-09.04.00:468][  0]LogInit: High frequency timer resolution =3.215363 MHz
[2015.09.28-09.04.00:468][  0]LogMemory: Memory total: Physical=13.9GB (14GB approx)
[2015.09.28-09.04.00:468][  0]LogMemory: Platform Memory Stats for Windows
[2015.09.28-09.04.00:468][  0]LogMemory: Process Physical Memory: 53.61 MB used, 53.61 MB peak
[2015.09.28-09.04.00:468][  0]LogMemory: Process Virtual Memory: 55.43 MB used, 55.43 MB peak
[2015.09.28-09.04.00:468][  0]LogMemory: Physical Memory: 2353.59 MB used, 14272.97 MB total
[2015.09.28-09.04.00:468][  0]LogMemory: Virtual Memory: 353.12 MB used, 134217728.00 MB total
[2015.09.28-09.04.00:533][  0]LogTextLocalizationManager: No specific translations for ('en-US') exist, so ('en') translations will be used.
[2015.09.28-09.04.01:829][  0]LogD3D11RHI: Found D3D11 adapter 0: NVIDIA GeForce GTX 660   (Feature Level 11_0)
[2015.09.28-09.04.01:829][  0]LogD3D11RHI: Adapter has 1984MB of dedicated video memory, 0MB of dedicated system memory, and 2048MB of shared system memory, 2 output[s]
[2015.09.28-09.04.01:831][  0]LogD3D11RHI: Found D3D11 adapter 1: Microsoft Basic Render Driver (Feature Level 11_0)
[2015.09.28-09.04.01:831][  0]LogD3D11RHI: Adapter has 0MB of dedicated video memory, 0MB of dedicated system memory, and 256MB of shared system memory, 0 output[s]
[2015.09.28-09.04.01:831][  0]LogD3D11RHI: Chosen D3D11 Adapter Id = 0
[2015.09.28-09.04.01:835][  0]LogD3D11RHI: !Direct3DDevice
[2015.09.28-09.04.01:835][  0]LogRHI: Texture pool is 1361 MB (70% of 1945 MB)
[2015.09.28-09.04.01:849][  0]LogD3D11RHI: Async texture creation enabled
[2015.09.28-09.04.01:867][  0]LogShaderCompilers: Guid format shader working directory is 15 characters bigger than the processId version (../../../../../../Users/Jesse/Desktop/Unreal/MyRTS_TropicoStyle 4.9/Intermediate/Shaders/WorkingDirectory/4576/).
[2015.09.28-09.04.01:867][  0]LogShaderCompilers: Cleaned the shader compiler working directory '../../../../../../Users/Jesse/Desktop/Unreal/MyRTS_TropicoStyle 4.9/Intermediate/Shaders/tmp/E1373BDF4FF83B2EDDE03F84BC186651/'.
[2015.09.28-09.04.01:867][  0]LogShaderCompilers:Display: Using Local Shader Compiler.
[2015.09.28-09.04.05:712][  0]LogTemp:Display: Loaded TP AllDesktopTargetPlatform
[2015.09.28-09.04.05:718][  0]LogTemp:Display: Loaded TP WindowsClientTargetPlatform
[2015.09.28-09.04.05:726][  0]LogTemp:Display: Loaded TP WindowsNoEditorTargetPlatform
[2015.09.28-09.04.05:736][  0]LogTemp:Display: Loaded TP WindowsServerTargetPlatform
[2015.09.28-09.04.05:744][  0]LogTemp:Display: Loaded TP WindowsTargetPlatform
[2015.09.28-09.04.05:750][  0]LogTemp:Display: Loaded TP AndroidTargetPlatform
[2015.09.28-09.04.05:756][  0]LogTemp:Display: Loaded TP Android_ASTCTargetPlatform
[2015.09.28-09.04.05:762][  0]LogTemp:Display: Loaded TP Android_ATCTargetPlatform
[2015.09.28-09.04.05:768][  0]LogTemp:Display: Loaded TP Android_DXTTargetPlatform
[2015.09.28-09.04.05:774][  0]LogTemp:Display: Loaded TP Android_ETC1TargetPlatform
[2015.09.28-09.04.05:780][  0]LogTemp:Display: Loaded TP Android_ETC2TargetPlatform
[2015.09.28-09.04.05:785][  0]LogTemp:Display: Loaded TP Android_PVRTCTargetPlatform
[2015.09.28-09.04.05:786][  0]LogTemp:Display: Loaded TP HTML5TargetPlatform
[2015.09.28-09.04.05:806][  0]LogTemp:Display: Loaded TP IOSTargetPlatform
[2015.09.28-09.04.05:810][  0]LogTemp:Display: Loaded TP LinuxNoEditorTargetPlatform
[2015.09.28-09.04.05:815][  0]LogTemp:Display: Loaded TP LinuxServerTargetPlatform
[2015.09.28-09.04.05:820][  0]LogTemp:Display: Loaded TP LinuxTargetPlatform
[2015.09.28-09.04.05:820][  0]LogTargetPlatformManager:Display: Building Assets For Windows
[2015.09.28-09.04.05:926][  0]LogDerivedDataCache:Display: Max Cache Size: 512 MB
[2015.09.28-09.04.07:100][  0]LogDerivedDataCache: Loaded boot cache 1.17s 41MB C:/Users/Jesse/AppData/Local/UnrealEngine/4.9/DerivedDataCache/Boot.ddc.
[2015.09.28-09.04.07:100][  0]LogDerivedDataCache:Display: Loaded Boot cache: C:/Users/Jesse/AppData/Local/UnrealEngine/4.9/DerivedDataCache/Boot.ddc
[2015.09.28-09.04.07:100][  0]LogDerivedDataCache: FDerivedDataBackendGraph:  Pak pak cache file ../../../../../../Users/Jesse/Desktop/Unreal/MyRTS_TropicoStyle 4.9/DerivedDataCache/DDC.ddp not found, will not use a pak cache.
[2015.09.28-09.04.07:100][  0]LogDerivedDataCache: Unable to find inner node Pak for hierarchical cache Hierarchy.
[2015.09.28-09.04.07:100][  0]LogDerivedDataCache: FDerivedDataBackendGraph:  CompressedPak pak cache file ../../../../../../Users/Jesse/Desktop/Unreal/MyRTS_TropicoStyle 4.9/DerivedDataCache/Compressed.ddp not found, will not use a pak cache.
[2015.09.28-09.04.07:100][  0]LogDerivedDataCache: Unable to find inner node CompressedPak for hierarchical cache Hierarchy.
[2015.09.28-09.04.07:488][  0]LogDerivedDataCache:Display: Pak cache opened for reading ../../../Engine/DerivedDataCache/Compressed.ddp.
[2015.09.28-09.04.07:534][  0]LogDerivedDataCache: Using Local data cache path C:/Users/Jesse/AppData/Local/UnrealEngine/Common/DerivedDataCache: Writable
[2015.09.28-09.04.17:406][  0]LogInit: Selected Device Profile: [Windows]
[2015.09.28-09.04.17:548][  0]LogContentStreaming: Texture pool size is 0.000000MB
[2015.09.28-09.04.19:715][  0]LogMeshUtilities: No automatic mesh reduction module available
[2015.09.28-09.04.19:715][  0]LogMeshUtilities: No automatic mesh merging module available
[2015.09.28-09.04.24:278][  0]LogInit: WinSock: version 1.1 (2.2), MaxSocks=32767, MaxUdp=65467
[2015.09.28-09.04.50:131][  0]UdpMessaging: Initializing bridge on interface 0.0.0.0:0 to multicast group 230.0.0.1:6666.
[2015.09.28-09.04.51:017][  0]LogAssetRegistry: FAssetRegistry took 0.0141 seconds to start up
[2015.09.28-09.04.56:046][  0]SourceControl: Info Source control is disabled
[2015.09.28-09.04.56:650][  0]SourceControl: Info Source control is disabled
[2015.09.28-09.04.56:845][  0]SourceControl: Info Source control is disabled
[2015.09.28-09.04.57:191][  0]SourceControl: Info Source control is disabled
[2015.09.28-09.05.01:442][  0]LogLinker:Warning: Asset '../../../Engine/Plugins/Runtime/LeapMotionController/Content/LM_PassthroughMaterial.uasset' has been saved with empty engine version. The asset will be loaded but may be incompatible.
[2015.09.28-09.05.03:570][  0]LogObj: 28380 objects as part of root set at end of initial load.
[2015.09.28-09.05.03:570][  0]LogUObjectAllocator: 6044392 out of 0 bytes used by permanent object pool.
[2015.09.28-09.05.04:557][  0]LogEngine: Initializing Engine...
[2015.09.28-09.05.04:608][  0]LogHMD: Can't find Oculus library dev build: is proper Runtime installed? Version: 0.7.0.0
[2015.09.28-09.05.04:657][  0]LogHMD: SteamVR failed to initialize.  Err: 110
[2015.09.28-09.05.05:908][  0]LogAIModule: Creating AISystem for world NewWorld
[2015.09.28-09.05.06:242][  0]LogInit: XAudio2 using 'Speakers (Realtek High Definition Audio)' : 2 channels at 48 kHz using 32 bits per sample (channel mask 0x3)
[2015.09.28-09.05.06:724][  0]LogInit: FAudioDevice initialized.
[2015.09.28-09.05.06:747][  0]LogDerivedDataCache: Saved boot cache 0.02s 41MB C:/Users/Jesse/AppData/Local/UnrealEngine/4.9/DerivedDataCache/Boot.ddc.
[2015.09.28-09.05.06:804][  0]LogInit: Texture streaming: Enabled
[2015.09.28-09.05.07:687][  0]LogAnalytics: Creating configured Analytics provider AnalyticsET
[2015.09.28-09.05.07:691][  0]LogAnalytics: [UEEditor.Rocket.Release] APIServer = http://et2.epicgames.com/ET2/. AppVersion = 4.9.1-2689999+++depot+UE4-Releases+4.9
[2015.09.28-09.05.07:691][  0]LogAnalytics: [UEEditor.Rocket.Release] SetUserId bde184f9425f135229c5dbbb428340e3|3b8075bc1ed94341b886f5e4c6e1b23d|8e16a760-2030-4f56-a98c-f31bd1df95e0
[2015.09.28-09.05.07:714][  0]LogAnalytics: [UEEditor.Rocket.Release] AnalyticsET::StartSession
[2015.09.28-09.05.09:007][  0]LogInit: Transaction tracking system initialized
[2015.09.28-09.05.09:347][  0]BlueprintLog: New page: Editor Load
[2015.09.28-09.05.11:032][  0]LocalizationService: Info Localization service is disabled
[2015.09.28-09.05.12:205][  0]LogConsoleResponse:Display: 
[2015.09.28-09.05.16:835][  0]LogCook:Display: Done creating registry. It took  0.00s.
[2015.09.28-09.05.18:895][  0]SourceControl: Info Source control is disabled
[2015.09.28-09.05.19:067][  0]Cmd: MAP LOAD FILE="../../../../../../Users/Jesse/Desktop/Unreal/MyRTS_TropicoStyle 4.9/Content/TopDownBP/Maps/TopDownExampleMap.umap" TEMPLATE=0 SHOWPROGRESS=1 FEATURELEVEL=3
[2015.09.28-09.05.19:225][  0]LightingResults: New page: Lighting Build
[2015.09.28-09.05.19:475][  0]MapCheck: New page: Map Check
[2015.09.28-09.05.19:475][  0]LightingResults: New page: Lighting Build
[2015.09.28-09.05.20:052][  0]LogParticles: Destroying 0 GPU particle simulations for FXSystem 0x000000EBB4ACBCE0
[2015.09.28-09.05.26:681][  0]LogLinker:Warning: CreateExport: Failed to load Parent for Function /Game/TopDownBP/Blueprints/Buildings/Commercial/Restaurant_BP.Restaurant_BP_C:UserConstructionScript; removing parent information, but keeping function
[2015.09.28-09.05.40:918][  0]LogAIModule: Creating AISystem for world TopDownExampleMap
[2015.09.28-09.05.45:516][  0]LogEditorServer: Finished looking for orphan Actors (0.000 secs)
[2015.09.28-09.05.45:605][  0]Cmd: MAP CHECKDEP NOCLEARLOG
[2015.09.28-09.05.45:749][  0]MapCheck: Info Map check complete: 0 Error(s), 0 Warning(s), took 144.391ms to complete.
[2015.09.28-09.05.45:769][  0]LogFileHelpers: Loading map 'TopDownExampleMap' took 26.754
[2015.09.28-09.05.47:450][  0]LogCollectionManager: Loaded 0 collections in 0.005098 seconds
[2015.09.28-09.05.47:540][  0]LogFileCache: Scanning file cache for directory 'C:/Users/Jesse/Desktop/Unreal/MyRTS_TropicoStyle 4.9/Saved/Collections/' took 0.01s
[2015.09.28-09.05.47:540][  0]LogFileCache: Scanning file cache for directory 'C:/Users/Jesse/Desktop/Unreal/MyRTS_TropicoStyle 4.9/Content/Developers/Jesse/Collections/' took 0.01s
[2015.09.28-09.05.47:540][  0]LogFileCache: Scanning file cache for directory 'C:/Users/Jesse/Desktop/Unreal/MyRTS_TropicoStyle 4.9/Content/Collections/' took 0.01s
[2015.09.28-09.05.47:540][  0]LogContentBrowser: Native class hierarchy populated in 0.0220 seconds. Added 1874 classes and 335 folders.
[2015.09.28-09.05.47:627][  0]LogCollectionManager: Rebuilt the GUID cache for 0 collections in 0.000005 seconds
[2015.09.28-09.05.47:733][  0]LogContentBrowser: Native class hierarchy updated for 'WidgetCarousel' in 0.0008 seconds. Added 0 classes and 0 folders.
[2015.09.28-09.05.49:325][  0]LogContentBrowser: Native class hierarchy updated for 'AddContentDialog' in 0.0008 seconds. Added 0 classes and 0 folders.
[2015.09.28-09.05.49:559][  0]LogContentBrowser: Native class hierarchy updated for 'SceneOutliner' in 0.0009 seconds. Added 1 classes and 2 folders.
[2015.09.28-09.05.50:104][  0]LogCrashTracker: Crashtracker disabled due to settings.
[2015.09.28-09.05.50:213][  0]LogUObjectGlobals:Warning: Failed to find object 'Class None.'
[2015.09.28-09.05.50:311][  0]LogLoad: Full Startup: 112.10 seconds (BP compile: 2.82 seconds)
[2015.09.28-09.05.51:134][  0]LogContentStreaming: Texture pool size now 1000 MB
[2015.09.28-09.05.51:952][  1]LogRenderer: Reallocating scene render targets to support 880x460 (Frame:2).
[2015.09.28-09.05.52:071][  1]Cmd: UpdateLandscapeEditorData -warnings
[2015.09.28-09.05.54:446][  2]LogContentBrowser: Native class hierarchy updated for 'BlueprintGraph' in 0.0008 seconds. Added 107 classes and 0 folders.
[2015.09.28-09.06.01:185][ 30]LogAssetRegistry: Asset discovery search completed in 70.1805 seconds
[2015.09.28-09.06.01:185][ 30]LogCollectionManager: Rebuilt the object cache for 0 collections in 0.000001 seconds (found 0 objects)
[2015.09.28-09.06.01:185][ 30]LogCollectionManager: Fixed up redirectors for 0 collections in 0.000064 seconds (updated 0 objects)
[2015.09.28-09.06.48:388][ 20]LogBlueprintUserMessages: CustomizeDetails for Blueprint 'ConstructionProxy_BP', cached variable property's owner is '/Game/TopDownBP/Blueprints/Construction/ConstructionProxy_BP.SKEL_ConstructionProxy_BP_C'
[2015.09.28-09.07.11:952][538]BlueprintLog: New page: Compile ConstructionProxy_BP
[2015.09.28-09.07.12:337][538]LogActorComponent: UnregisterComponent: (/Engine/Transient.CharMoveComp) Not registered. Aborting.
[2015.09.28-09.07.12:643][538]BlueprintEditorCompileResults: Info [0194.43] Compile of ConstructionProxy_BP successful! [in 691 ms]
[2015.09.28-09.07.14:207][594]LogSavePackage: Save=520.266602ms
[2015.09.28-09.07.14:207][594]LogSavePackage: Moving '../../../../../../Users/Jesse/Desktop/Unreal/MyRTS_TropicoStyle 4.9/Saved/ConstructionProxy_BPF1B9F44546597AD785EA32AB6CC1285B.tmp' to '../../../../../../Users/Jesse/Desktop/Unreal/MyRTS_TropicoStyle 4.9/Content/TopDownBP/Blueprints/Construction/ConstructionProxy_BP.uasset'
[2015.09.28-09.07.14:211][594]LogSavePackage: Total save time: 909.206830ms
[2015.09.28-09.07.14:211][594]LogSavePackage:Warning: Finished SavePackage ../../../../../../Users/Jesse/Desktop/Unreal/MyRTS_TropicoStyle 4.9/Content/TopDownBP/Blueprints/Construction/ConstructionProxy_BP.uasset
[2015.09.28-09.07.15:123][686]LogBlueprintUserMessages: Early PlayInEditor Detection: Level '/Game/TopDownBP/Maps/TopDownExampleMap.TopDownExampleMap:PersistentLevel' has LevelScriptBlueprint '/Game/TopDownBP/Maps/TopDownExampleMap.TopDownExampleMap:PersistentLevel.TopDownExampleMap' with GeneratedClass '/Game/TopDownBP/Maps/TopDownExampleMap.TopDownExampleMap_C' with ClassGeneratedBy '/Game/TopDownBP/Maps/TopDownExampleMap.TopDownExampleMap:PersistentLevel.TopDownExampleMap'
[2015.09.28-09.07.15:123][686]LogPlayLevel: PlayLevel: No blueprints needed recompiling
[2015.09.28-09.07.15:133][686]PIE: New page: PIE session: TopDownExampleMap (Sep 27, 2015, 7:07:15 PM)
[2015.09.28-09.07.15:133][686]LogPlayLevel: Creating play world package: /Game/TopDownBP/Maps/UEDPIE_0_TopDownExampleMap
[2015.09.28-09.07.15:212][686]LogPlayLevel: PIE: StaticDuplicateObject took: (0.078804s)
[2015.09.28-09.07.15:213][686]LogAIModule: Creating AISystem for world TopDownExampleMap
[2015.09.28-09.07.15:214][686]LogPlayLevel: PIE: World Init took: (0.001576s)
[2015.09.28-09.07.15:230][686]LogPlayLevel: PIE: Created PIE world by copying editor world from /Game/TopDownBP/Maps/TopDownExampleMap.TopDownExampleMap to /Game/TopDownBP/Maps/UEDPIE_0_TopDownExampleMap.TopDownExampleMap (0.096831s)
[2015.09.28-09.07.15:307][686]LogInit: XAudio2 using 'Speakers (Realtek High Definition Audio)' : 2 channels at 48 kHz using 32 bits per sample (channel mask 0x3)
[2015.09.28-09.07.15:317][686]LogInit: FAudioDevice initialized.
[2015.09.28-09.07.15:491][686]LogWorld: Game class is 'MyGameMode_C'
[2015.09.28-09.07.15:530][686]LogWorld: Bringing World /Game/TopDownBP/Maps/UEDPIE_0_TopDownExampleMap.TopDownExampleMap up for play (max tick rate 0) at 2015.09.28-02.07.15
[2015.09.28-09.07.15:530][686]LogActor:Warning: GameSession /Game/TopDownBP/Maps/UEDPIE_0_TopDownExampleMap.TopDownExampleMap:PersistentLevel.GameSession_0 has natively added scene component(s), but none of them were set as the actor's RootComponent - picking one arbitrarily
[2015.09.28-09.07.15:530][686]LogActor:Warning: GameNetworkManager /Game/TopDownBP/Maps/UEDPIE_0_TopDownExampleMap.TopDownExampleMap:PersistentLevel.GameNetworkManager_0 has natively added scene component(s), but none of them were set as the actor's RootComponent - picking one arbitrarily
[2015.09.28-09.07.15:531][686]LogWorld: Bringing up level for play took: 0.020975
[2015.09.28-09.07.15:757][686]PIE: Info Play in editor start time for /Game/TopDownBP/Maps/UEDPIE_0_TopDownExampleMap 0.624
[2015.09.28-09.07.15:757][686]LogBlueprintUserMessages: Late PlayInEditor Detection: Level '/Game/TopDownBP/Maps/TopDownExampleMap.TopDownExampleMap:PersistentLevel' has LevelScriptBlueprint '/Game/TopDownBP/Maps/TopDownExampleMap.TopDownExampleMap:PersistentLevel.TopDownExampleMap' with GeneratedClass '/Game/TopDownBP/Maps/TopDownExampleMap.TopDownExampleMap_C' with ClassGeneratedBy '/Game/TopDownBP/Maps/TopDownExampleMap.TopDownExampleMap:PersistentLevel.TopDownExampleMap'
[2015.09.28-09.07.15:904][687]LogRenderer: Reallocating scene render targets to support 1280x720 (Frame:15).
[2015.09.28-09.07.55:179][447]LogBlueprintUserMessages: Early EndPlayMap Detection: Level '/Game/TopDownBP/Maps/TopDownExampleMap.TopDownExampleMap:PersistentLevel' has LevelScriptBlueprint '/Game/TopDownBP/Maps/TopDownExampleMap.TopDownExampleMap:PersistentLevel.TopDownExampleMap' with GeneratedClass '/Game/TopDownBP/Maps/TopDownExampleMap.TopDownExampleMap_C' with ClassGeneratedBy '/Game/TopDownBP/Maps/TopDownExampleMap.TopDownExampleMap:PersistentLevel.TopDownExampleMap'
[2015.09.28-09.07.55:260][447]LogBlueprintUserMessages: Late EndPlayMap Detection: Level '/Game/TopDownBP/Maps/TopDownExampleMap.TopDownExampleMap:PersistentLevel' has LevelScriptBlueprint '/Game/TopDownBP/Maps/TopDownExampleMap.TopDownExampleMap:PersistentLevel.TopDownExampleMap' with GeneratedClass '/Game/TopDownBP/Maps/TopDownExampleMap.TopDownExampleMap_C' with ClassGeneratedBy '/Game/TopDownBP/Maps/TopDownExampleMap.TopDownExampleMap:PersistentLevel.TopDownExampleMap'
[2015.09.28-09.07.55:320][447]LogParticles: Destroying 0 GPU particle simulations for FXSystem 0x000000EBBFDC9440
[2015.09.28-09.08.41:643][524]BlueprintLog: New page: Compile ConstructionProxy_BP
[2015.09.28-09.08.41:957][524]BlueprintEditorCompileResults: Info [0283.75] Compile of ConstructionProxy_BP successful! [in 314 ms]
[2015.09.28-09.08.43:035][570]LogSavePackage: Save=494.116211ms
[2015.09.28-09.08.43:035][570]LogSavePackage: Moving '../../../../../../Users/Jesse/Desktop/Unreal/MyRTS_TropicoStyle 4.9/Saved/ConstructionProxy_BP3EC0EE2E44428F8D904B89AA0464443B.tmp' to '../../../../../../Users/Jesse/Desktop/Unreal/MyRTS_TropicoStyle 4.9/Content/TopDownBP/Blueprints/Construction/ConstructionProxy_BP.uasset'
[2015.09.28-09.08.43:039][570]LogSavePackage: Total save time: 533.368707ms
[2015.09.28-09.08.43:039][570]LogSavePackage:Warning: Finished SavePackage ../../../../../../Users/Jesse/Desktop/Unreal/MyRTS_TropicoStyle 4.9/Content/TopDownBP/Blueprints/Construction/ConstructionProxy_BP.uasset
[2015.09.28-09.08.43:728][639]LogBlueprintUserMessages: Early PlayInEditor Detection: Level '/Game/TopDownBP/Maps/TopDownExampleMap.TopDownExampleMap:PersistentLevel' has LevelScriptBlueprint '/Game/TopDownBP/Maps/TopDownExampleMap.TopDownExampleMap:PersistentLevel.TopDownExampleMap' with GeneratedClass '/Game/TopDownBP/Maps/TopDownExampleMap.TopDownExampleMap_C' with ClassGeneratedBy '/Game/TopDownBP/Maps/TopDownExampleMap.TopDownExampleMap:PersistentLevel.TopDownExampleMap'
[2015.09.28-09.08.43:728][639]LogPlayLevel: PlayLevel: No blueprints needed recompiling
[2015.09.28-09.08.43:728][639]PIE: New page: PIE session: TopDownExampleMap (Sep 27, 2015, 7:08:43 PM)
[2015.09.28-09.08.43:728][639]LogPlayLevel: Creating play world package: /Game/TopDownBP/Maps/UEDPIE_0_TopDownExampleMap
[2015.09.28-09.08.43:792][639]LogPlayLevel: PIE: StaticDuplicateObject took: (0.062260s)
[2015.09.28-09.08.43:793][639]LogAIModule: Creating AISystem for world TopDownExampleMap
[2015.09.28-09.08.43:793][639]LogPlayLevel: PIE: World Init took: (0.001579s)
[2015.09.28-09.08.43:794][639]LogPlayLevel: PIE: Created PIE world by copying editor world from /Game/TopDownBP/Maps/TopDownExampleMap.TopDownExampleMap to /Game/TopDownBP/Maps/UEDPIE_0_TopDownExampleMap.TopDownExampleMap (0.064333s)
[2015.09.28-09.08.43:884][639]LogInit: XAudio2 using 'Speakers (Realtek High Definition Audio)' : 2 channels at 48 kHz using 32 bits per sample (channel mask 0x3)
[2015.09.28-09.08.43:896][639]LogInit: FAudioDevice initialized.
[2015.09.28-09.08.43:946][639]LogWorld: Game class is 'MyGameMode_C'
[2015.09.28-09.08.43:973][639]LogWorld: Bringing World /Game/TopDownBP/Maps/UEDPIE_0_TopDownExampleMap.TopDownExampleMap up for play (max tick rate 0) at 2015.09.28-02.08.43
[2015.09.28-09.08.43:973][639]LogActor:Warning: GameSession /Game/TopDownBP/Maps/UEDPIE_0_TopDownExampleMap.TopDownExampleMap:PersistentLevel.GameSession_1 has natively added scene component(s), but none of them were set as the actor's RootComponent - picking one arbitrarily
[2015.09.28-09.08.43:974][639]LogActor:Warning: GameNetworkManager /Game/TopDownBP/Maps/UEDPIE_0_TopDownExampleMap.TopDownExampleMap:PersistentLevel.GameNetworkManager_1 has natively added scene component(s), but none of them were set as the actor's RootComponent - picking one arbitrarily
[2015.09.28-09.08.43:975][639]LogWorld: Bringing up level for play took: 0.024975
[2015.09.28-09.08.44:014][639]PIE: Info Play in editor start time for /Game/TopDownBP/Maps/UEDPIE_0_TopDownExampleMap 0.881
[2015.09.28-09.08.44:015][639]LogBlueprintUserMessages: Late PlayInEditor Detection: Level '/Game/TopDownBP/Maps/TopDownExampleMap.TopDownExampleMap:PersistentLevel' has LevelScriptBlueprint '/Game/TopDownBP/Maps/TopDownExampleMap.TopDownExampleMap:PersistentLevel.TopDownExampleMap' with GeneratedClass '/Game/TopDownBP/Maps/TopDownExampleMap.TopDownExampleMap_C' with ClassGeneratedBy '/Game/TopDownBP/Maps/TopDownExampleMap.TopDownExampleMap:PersistentLevel.TopDownExampleMap'
[2015.09.28-09.08.51:818][201]LogBlueprintUserMessages: Early EndPlayMap Detection: Level '/Game/TopDownBP/Maps/TopDownExampleMap.TopDownExampleMap:PersistentLevel' has LevelScriptBlueprint '/Game/TopDownBP/Maps/TopDownExampleMap.TopDownExampleMap:PersistentLevel.TopDownExampleMap' with GeneratedClass '/Game/TopDownBP/Maps/TopDownExampleMap.TopDownExampleMap_C' with ClassGeneratedBy '/Game/TopDownBP/Maps/TopDownExampleMap.TopDownExampleMap:PersistentLevel.TopDownExampleMap'
[2015.09.28-09.08.51:899][201]LogBlueprintUserMessages: Late EndPlayMap Detection: Level '/Game/TopDownBP/Maps/TopDownExampleMap.TopDownExampleMap:PersistentLevel' has LevelScriptBlueprint '/Game/TopDownBP/Maps/TopDownExampleMap.TopDownExampleMap:PersistentLevel.TopDownExampleMap' with GeneratedClass '/Game/TopDownBP/Maps/TopDownExampleMap.TopDownExampleMap_C' with ClassGeneratedBy '/Game/TopDownBP/Maps/TopDownExampleMap.TopDownExampleMap:PersistentLevel.TopDownExampleMap'
[2015.09.28-09.08.51:959][201]LogParticles: Destroying 0 GPU particle simulations for FXSystem 0x000000EBBF5F4EA0
[2015.09.28-09.08.58:343][885]BlueprintLog: New page: Compile ConstructionProxy_BP
[2015.09.28-09.08.58:658][885]BlueprintEditorCompileResults: Info [0300.45] Compile of ConstructionProxy_BP successful! [in 314 ms]
[2015.09.28-09.08.59:721][931]LogSavePackage: Save=504.132202ms
[2015.09.28-09.08.59:721][931]LogSavePackage: Moving '../../../../../../Users/Jesse/Desktop/Unreal/MyRTS_TropicoStyle 4.9/Saved/ConstructionProxy_BP045C904949FA464208157CAB9FC48209.tmp' to '../../../../../../Users/Jesse/Desktop/Unreal/MyRTS_TropicoStyle 4.9/Content/TopDownBP/Blueprints/Construction/ConstructionProxy_BP.uasset'
[2015.09.28-09.08.59:725][931]LogSavePackage: Total save time: 543.089535ms
[2015.09.28-09.08.59:725][931]LogSavePackage:Warning: Finished SavePackage ../../../../../../Users/Jesse/Desktop/Unreal/MyRTS_TropicoStyle 4.9/Content/TopDownBP/Blueprints/Construction/ConstructionProxy_BP.uasset
[2015.09.28-09.09.00:211][978]LogBlueprintUserMessages: Early PlayInEditor Detection: Level '/Game/TopDownBP/Maps/TopDownExampleMap.TopDownExampleMap:PersistentLevel' has LevelScriptBlueprint '/Game/TopDownBP/Maps/TopDownExampleMap.TopDownExampleMap:PersistentLevel.TopDownExampleMap' with GeneratedClass '/Game/TopDownBP/Maps/TopDownExampleMap.TopDownExampleMap_C' with ClassGeneratedBy '/Game/TopDownBP/Maps/TopDownExampleMap.TopDownExampleMap:PersistentLevel.TopDownExampleMap'
[2015.09.28-09.09.00:212][978]LogPlayLevel: PlayLevel: No blueprints needed recompiling
[2015.09.28-09.09.00:212][978]PIE: New page: PIE session: TopDownExampleMap (Sep 27, 2015, 7:09:00 PM)
[2015.09.28-09.09.00:212][978]LogPlayLevel: Creating play world package: /Game/TopDownBP/Maps/UEDPIE_0_TopDownExampleMap
[2015.09.28-09.09.00:290][978]LogPlayLevel: PIE: StaticDuplicateObject took: (0.078218s)
[2015.09.28-09.09.00:291][978]LogAIModule: Creating AISystem for world TopDownExampleMap
[2015.09.28-09.09.00:292][978]LogPlayLevel: PIE: World Init took: (0.001412s)
[2015.09.28-09.09.00:292][978]LogPlayLevel: PIE: Created PIE world by copying editor world from /Game/TopDownBP/Maps/TopDownExampleMap.TopDownExampleMap to /Game/TopDownBP/Maps/UEDPIE_0_TopDownExampleMap.TopDownExampleMap (0.080085s)
[2015.09.28-09.09.00:380][978]LogInit: XAudio2 using 'Speakers (Realtek High Definition Audio)' : 2 channels at 48 kHz using 32 bits per sample (channel mask 0x3)
[2015.09.28-09.09.00:391][978]LogInit: FAudioDevice initialized.
[2015.09.28-09.09.00:439][978]LogWorld: Game class is 'MyGameMode_C'
[2015.09.28-09.09.00:466][978]LogWorld: Bringing World /Game/TopDownBP/Maps/UEDPIE_0_TopDownExampleMap.TopDownExampleMap up for play (max tick rate 0) at 2015.09.28-02.09.00
[2015.09.28-09.09.00:466][978]LogActor:Warning: GameSession /Game/TopDownBP/Maps/UEDPIE_0_TopDownExampleMap.TopDownExampleMap:PersistentLevel.GameSession_2 has natively added scene component(s), but none of them were set as the actor's RootComponent - picking one arbitrarily
[2015.09.28-09.09.00:466][978]LogActor:Warning: GameNetworkManager /Game/TopDownBP/Maps/UEDPIE_0_TopDownExampleMap.TopDownExampleMap:PersistentLevel.GameNetworkManager_2 has natively added scene component(s), but none of them were set as the actor's RootComponent - picking one arbitrarily
[2015.09.28-09.09.00:467][978]LogWorld: Bringing up level for play took: 0.024353
[2015.09.28-09.09.00:504][978]PIE: Info Play in editor start time for /Game/TopDownBP/Maps/UEDPIE_0_TopDownExampleMap -0.63
[2015.09.28-09.09.00:504][978]LogBlueprintUserMessages: Late PlayInEditor Detection: Level '/Game/TopDownBP/Maps/TopDownExampleMap.TopDownExampleMap:PersistentLevel' has LevelScriptBlueprint '/Game/TopDownBP/Maps/TopDownExampleMap.TopDownExampleMap:PersistentLevel.TopDownExampleMap' with GeneratedClass '/Game/TopDownBP/Maps/TopDownExampleMap.TopDownExampleMap_C' with ClassGeneratedBy '/Game/TopDownBP/Maps/TopDownExampleMap.TopDownExampleMap:PersistentLevel.TopDownExampleMap'
[2015.09.28-09.10.43:685][652]LogBlueprintUserMessages: Early EndPlayMap Detection: Level '/Game/TopDownBP/Maps/TopDownExampleMap.TopDownExampleMap:PersistentLevel' has LevelScriptBlueprint '/Game/TopDownBP/Maps/TopDownExampleMap.TopDownExampleMap:PersistentLevel.TopDownExampleMap' with GeneratedClass '/Game/TopDownBP/Maps/TopDownExampleMap.TopDownExampleMap_C' with ClassGeneratedBy '/Game/TopDownBP/Maps/TopDownExampleMap.TopDownExampleMap:PersistentLevel.TopDownExampleMap'
[2015.09.28-09.10.43:766][652]LogBlueprintUserMessages: Late EndPlayMap Detection: Level '/Game/TopDownBP/Maps/TopDownExampleMap.TopDownExampleMap:PersistentLevel' has LevelScriptBlueprint '/Game/TopDownBP/Maps/TopDownExampleMap.TopDownExampleMap:PersistentLevel.TopDownExampleMap' with GeneratedClass '/Game/TopDownBP/Maps/TopDownExampleMap.TopDownExampleMap_C' with ClassGeneratedBy '/Game/TopDownBP/Maps/TopDownExampleMap.TopDownExampleMap:PersistentLevel.TopDownExampleMap'
[2015.09.28-09.10.43:828][652]LogParticles: Destroying 0 GPU particle simulations for FXSystem 0x000000EBBD699440
[2015.09.28-09.11.04:642][820]LogRenderer: Reallocating scene render targets to support 1296x744 (Frame:11014).
[2015.09.28-09.13.00:422][  0]BlueprintLog: New page: Compile ConstructionProxy_BP
[2015.09.28-09.13.00:728][  0]BlueprintEditorCompileResults: Info [0542.52] Compile of ConstructionProxy_BP successful! [in 305 ms]
[2015.09.28-09.13.01:777][ 45]LogSavePackage: Save=484.124817ms
[2015.09.28-09.13.01:777][ 45]LogSavePackage: Moving '../../../../../../Users/Jesse/Desktop/Unreal/MyRTS_TropicoStyle 4.9/Saved/ConstructionProxy_BP920FB8C64C7FC1D705E4279C8C6C8E62.tmp' to '../../../../../../Users/Jesse/Desktop/Unreal/MyRTS_TropicoStyle 4.9/Content/TopDownBP/Blueprints/Construction/ConstructionProxy_BP.uasset'
[2015.09.28-09.13.01:782][ 45]LogSavePackage: Total save time: 527.689096ms
[2015.09.28-09.13.01:782][ 45]LogSavePackage:Warning: Finished SavePackage ../../../../../../Users/Jesse/Desktop/Unreal/MyRTS_TropicoStyle 4.9/Content/TopDownBP/Blueprints/Construction/ConstructionProxy_BP.uasset
[2015.09.28-09.13.04:428][350]LogBlueprintUserMessages: Early PlayInEditor Detection: Level '/Game/TopDownBP/Maps/TopDownExampleMap.TopDownExampleMap:PersistentLevel' has LevelScriptBlueprint '/Game/TopDownBP/Maps/TopDownExampleMap.TopDownExampleMap:PersistentLevel.TopDownExampleMap' with GeneratedClass '/Game/TopDownBP/Maps/TopDownExampleMap.TopDownExampleMap_C' with ClassGeneratedBy '/Game/TopDownBP/Maps/TopDownExampleMap.TopDownExampleMap:PersistentLevel.TopDownExampleMap'
[2015.09.28-09.13.04:428][350]LogPlayLevel: PlayLevel: No blueprints needed recompiling
[2015.09.28-09.13.04:428][350]PIE: New page: PIE session: TopDownExampleMap (Sep 27, 2015, 7:13:04 PM)
[2015.09.28-09.13.04:428][350]LogPlayLevel: Creating play world package: /Game/TopDownBP/Maps/UEDPIE_0_TopDownExampleMap
[2015.09.28-09.13.04:485][350]LogPlayLevel: PIE: StaticDuplicateObject took: (0.056669s)
[2015.09.28-09.13.04:486][350]LogAIModule: Creating AISystem for world TopDownExampleMap
[2015.09.28-09.13.04:486][350]LogPlayLevel: PIE: World Init took: (0.001224s)
[2015.09.28-09.13.04:487][350]LogPlayLevel: PIE: Created PIE world by copying editor world from /Game/TopDownBP/Maps/TopDownExampleMap.TopDownExampleMap to /Game/TopDownBP/Maps/UEDPIE_0_TopDownExampleMap.TopDownExampleMap (0.058317s)
[2015.09.28-09.13.04:566][350]LogInit: XAudio2 using 'Speakers (Realtek High Definition Audio)' : 2 channels at 48 kHz using 32 bits per sample (channel mask 0x3)
[2015.09.28-09.13.04:576][350]LogInit: FAudioDevice initialized.
[2015.09.28-09.13.04:622][350]LogWorld: Game class is 'MyGameMode_C'
[2015.09.28-09.13.04:644][350]LogWorld: Bringing World /Game/TopDownBP/Maps/UEDPIE_0_TopDownExampleMap.TopDownExampleMap up for play (max tick rate 0) at 2015.09.28-02.13.04
[2015.09.28-09.13.04:644][350]LogActor:Warning: GameSession /Game/TopDownBP/Maps/UEDPIE_0_TopDownExampleMap.TopDownExampleMap:PersistentLevel.GameSession_3 has natively added scene component(s), but none of them were set as the actor's RootComponent - picking one arbitrarily
[2015.09.28-09.13.04:644][350]LogActor:Warning: GameNetworkManager /Game/TopDownBP/Maps/UEDPIE_0_TopDownExampleMap.TopDownExampleMap:PersistentLevel.GameNetworkManager_3 has natively added scene component(s), but none of them were set as the actor's RootComponent - picking one arbitrarily
[2015.09.28-09.13.04:645][350]LogWorld: Bringing up level for play took: 0.019397
[2015.09.28-09.13.04:677][350]PIE: Info Play in editor start time for /Game/TopDownBP/Maps/UEDPIE_0_TopDownExampleMap -0.457
[2015.09.28-09.13.04:677][350]LogBlueprintUserMessages: Late PlayInEditor Detection: Level '/Game/TopDownBP/Maps/TopDownExampleMap.TopDownExampleMap:PersistentLevel' has LevelScriptBlueprint '/Game/TopDownBP/Maps/TopDownExampleMap.TopDownExampleMap:PersistentLevel.TopDownExampleMap' with GeneratedClass '/Game/TopDownBP/Maps/TopDownExampleMap.TopDownExampleMap_C' with ClassGeneratedBy '/Game/TopDownBP/Maps/TopDownExampleMap.TopDownExampleMap:PersistentLevel.TopDownExampleMap'
[2015.09.28-09.13.15:272][108]LogBlueprintUserMessages: Early EndPlayMap Detection: Level '/Game/TopDownBP/Maps/TopDownExampleMap.TopDownExampleMap:PersistentLevel' has LevelScriptBlueprint '/Game/TopDownBP/Maps/TopDownExampleMap.TopDownExampleMap:PersistentLevel.TopDownExampleMap' with GeneratedClass '/Game/TopDownBP/Maps/TopDownExampleMap.TopDownExampleMap_C' with ClassGeneratedBy '/Game/TopDownBP/Maps/TopDownExampleMap.TopDownExampleMap:PersistentLevel.TopDownExampleMap'
[2015.09.28-09.13.15:351][108]LogBlueprintUserMessages: Late EndPlayMap Detection: Level '/Game/TopDownBP/Maps/TopDownExampleMap.TopDownExampleMap:PersistentLevel' has LevelScriptBlueprint '/Game/TopDownBP/Maps/TopDownExampleMap.TopDownExampleMap:PersistentLevel.TopDownExampleMap' with GeneratedClass '/Game/TopDownBP/Maps/TopDownExampleMap.TopDownExampleMap_C' with ClassGeneratedBy '/Game/TopDownBP/Maps/TopDownExampleMap.TopDownExampleMap:PersistentLevel.TopDownExampleMap'
[2015.09.28-09.13.15:411][108]LogParticles: Destroying 0 GPU particle simulations for FXSystem 0x000000EBBD0F8720
[2015.09.28-09.13.37:710][242]BlueprintLog: New page: Compile ConstructionProxy_BP
[2015.09.28-09.13.38:004][242]BlueprintEditorCompileResults: Info [0579.80] Compile of ConstructionProxy_BP successful! [in 294 ms]
[2015.09.28-09.13.38:897][316]LogBlueprintUserMessages: Early PlayInEditor Detection: Level '/Game/TopDownBP/Maps/TopDownExampleMap.TopDownExampleMap:PersistentLevel' has LevelScriptBlueprint '/Game/TopDownBP/Maps/TopDownExampleMap.TopDownExampleMap:PersistentLevel.TopDownExampleMap' with GeneratedClass '/Game/TopDownBP/Maps/TopDownExampleMap.TopDownExampleMap_C' with ClassGeneratedBy '/Game/TopDownBP/Maps/TopDownExampleMap.TopDownExampleMap:PersistentLevel.TopDownExampleMap'
[2015.09.28-09.13.38:897][316]LogPlayLevel: PlayLevel: No blueprints needed recompiling
[2015.09.28-09.13.38:897][316]PIE: New page: PIE session: TopDownExampleMap (Sep 27, 2015, 7:13:38 PM)
[2015.09.28-09.13.38:897][316]LogPlayLevel: Creating play world package: /Game/TopDownBP/Maps/UEDPIE_0_TopDownExampleMap
[2015.09.28-09.13.38:954][316]LogPlayLevel: PIE: StaticDuplicateObject took: (0.057093s)
[2015.09.28-09.13.38:957][316]LogAIModule: Creating AISystem for world TopDownExampleMap
[2015.09.28-09.13.38:957][316]LogPlayLevel: PIE: World Init took: (0.002376s)
[2015.09.28-09.13.38:957][316]LogPlayLevel: PIE: Created PIE world by copying editor world from /Game/TopDownBP/Maps/TopDownExampleMap.TopDownExampleMap to /Game/TopDownBP/Maps/UEDPIE_0_TopDownExampleMap.TopDownExampleMap (0.059914s)
[2015.09.28-09.13.39:034][316]LogInit: XAudio2 using 'Speakers (Realtek High Definition Audio)' : 2 channels at 48 kHz using 32 bits per sample (channel mask 0x3)
[2015.09.28-09.13.39:043][316]LogInit: FAudioDevice initialized.
[2015.09.28-09.13.39:087][316]LogWorld: Game class is 'MyGameMode_C'
[2015.09.28-09.13.39:109][316]LogWorld: Bringing World /Game/TopDownBP/Maps/UEDPIE_0_TopDownExampleMap.TopDownExampleMap up for play (max tick rate 0) at 2015.09.28-02.13.39
[2015.09.28-09.13.39:109][316]LogActor:Warning: GameSession /Game/TopDownBP/Maps/UEDPIE_0_TopDownExampleMap.TopDownExampleMap:PersistentLevel.GameSession_4 has natively added scene component(s), but none of them were set as the actor's RootComponent - picking one arbitrarily
[2015.09.28-09.13.39:110][316]LogActor:Warning: GameNetworkManager /Game/TopDownBP/Maps/UEDPIE_0_TopDownExampleMap.TopDownExampleMap:PersistentLevel.GameNetworkManager_4 has natively added scene component(s), but none of them were set as the actor's RootComponent - picking one arbitrarily
[2015.09.28-09.13.39:110][316]LogWorld: Bringing up level for play took: 0.020131
[2015.09.28-09.13.39:132][316]PIE: Info Play in editor start time for /Game/TopDownBP/Maps/UEDPIE_0_TopDownExampleMap -0.002
[2015.09.28-09.13.39:132][316]LogBlueprintUserMessages: Late PlayInEditor Detection: Level '/Game/TopDownBP/Maps/TopDownExampleMap.TopDownExampleMap:PersistentLevel' has LevelScriptBlueprint '/Game/TopDownBP/Maps/TopDownExampleMap.TopDownExampleMap:PersistentLevel.TopDownExampleMap' with GeneratedClass '/Game/TopDownBP/Maps/TopDownExampleMap.TopDownExampleMap_C' with ClassGeneratedBy '/Game/TopDownBP/Maps/TopDownExampleMap.TopDownExampleMap:PersistentLevel.TopDownExampleMap'
[2015.09.28-09.13.42:718][580]LogBlueprintUserMessages: Early EndPlayMap Detection: Level '/Game/TopDownBP/Maps/TopDownExampleMap.TopDownExampleMap:PersistentLevel' has LevelScriptBlueprint '/Game/TopDownBP/Maps/TopDownExampleMap.TopDownExampleMap:PersistentLevel.TopDownExampleMap' with GeneratedClass '/Game/TopDownBP/Maps/TopDownExampleMap.TopDownExampleMap_C' with ClassGeneratedBy '/Game/TopDownBP/Maps/TopDownExampleMap.TopDownExampleMap:PersistentLevel.TopDownExampleMap'
[2015.09.28-09.13.42:803][580]LogBlueprintUserMessages: Late EndPlayMap Detection: Level '/Game/TopDownBP/Maps/TopDownExampleMap.TopDownExampleMap:PersistentLevel' has LevelScriptBlueprint '/Game/TopDownBP/Maps/TopDownExampleMap.TopDownExampleMap:PersistentLevel.TopDownExampleMap' with GeneratedClass '/Game/TopDownBP/Maps/TopDownExampleMap.TopDownExampleMap_C' with ClassGeneratedBy '/Game/TopDownBP/Maps/TopDownExampleMap.TopDownExampleMap:PersistentLevel.TopDownExampleMap'
[2015.09.28-09.13.42:863][580]LogParticles: Destroying 0 GPU particle simulations for FXSystem 0x000000EBBD7D3380
[2015.09.28-09.13.49:324][178]BlueprintLog: New page: Compile ConstructionProxy_BP
[2015.09.28-09.13.49:619][178]BlueprintEditorCompileResults: Info [0591.41] Compile of ConstructionProxy_BP successful! [in 294 ms]
[2015.09.28-09.13.51:083][256]LogSavePackage: Save=481.498352ms
[2015.09.28-09.13.51:083][256]LogSavePackage: Moving '../../../../../../Users/Jesse/Desktop/Unreal/MyRTS_TropicoStyle 4.9/Saved/ConstructionProxy_BPFE742D024CD2C1E6927B889A0F216B1B.tmp' to '../../../../../../Users/Jesse/Desktop/Unreal/MyRTS_TropicoStyle 4.9/Content/TopDownBP/Blueprints/Construction/ConstructionProxy_BP.uasset'
[2015.09.28-09.13.51:087][256]LogSavePackage: Total save time: 520.651322ms
[2015.09.28-09.13.51:087][256]LogSavePackage:Warning: Finished SavePackage ../../../../../../Users/Jesse/Desktop/Unreal/MyRTS_TropicoStyle 4.9/Content/TopDownBP/Blueprints/Construction/ConstructionProxy_BP.uasset
[2015.09.28-09.13.59:738][ 44]BlueprintLog: New page: Compile ConstructionProxy_BP
[2015.09.28-09.14.00:037][ 44]BlueprintEditorCompileResults: Info [0601.83] Compile of ConstructionProxy_BP successful! [in 298 ms]
[2015.09.28-09.14.01:220][ 80]LogSavePackage: Save=497.824677ms
[2015.09.28-09.14.01:220][ 80]LogSavePackage: Moving '../../../../../../Users/Jesse/Desktop/Unreal/MyRTS_TropicoStyle 4.9/Saved/ConstructionProxy_BPB9AFF9F84C2870F33514C68924667E7C.tmp' to '../../../../../../Users/Jesse/Desktop/Unreal/MyRTS_TropicoStyle 4.9/Content/TopDownBP/Blueprints/Construction/ConstructionProxy_BP.uasset'
[2015.09.28-09.14.01:223][ 80]LogSavePackage: Total save time: 535.578411ms
[2015.09.28-09.14.01:224][ 80]LogSavePackage:Warning: Finished SavePackage ../../../../../../Users/Jesse/Desktop/Unreal/MyRTS_TropicoStyle 4.9/Content/TopDownBP/Blueprints/Construction/ConstructionProxy_BP.uasset
[2015.09.28-09.14.01:918][147]LogBlueprintUserMessages: Early PlayInEditor Detection: Level '/Game/TopDownBP/Maps/TopDownExampleMap.TopDownExampleMap:PersistentLevel' has LevelScriptBlueprint '/Game/TopDownBP/Maps/TopDownExampleMap.TopDownExampleMap:PersistentLevel.TopDownExampleMap' with GeneratedClass '/Game/TopDownBP/Maps/TopDownExampleMap.TopDownExampleMap_C' with ClassGeneratedBy '/Game/TopDownBP/Maps/TopDownExampleMap.TopDownExampleMap:PersistentLevel.TopDownExampleMap'
[2015.09.28-09.14.01:918][147]LogPlayLevel: PlayLevel: No blueprints needed recompiling
[2015.09.28-09.14.01:918][147]PIE: New page: PIE session: TopDownExampleMap (Sep 27, 2015, 7:14:01 PM)
[2015.09.28-09.14.01:919][147]LogPlayLevel: Creating play world package: /Game/TopDownBP/Maps/UEDPIE_0_TopDownExampleMap
[2015.09.28-09.14.01:973][147]LogPlayLevel: PIE: StaticDuplicateObject took: (0.054474s)
[2015.09.28-09.14.01:974][147]LogAIModule: Creating AISystem for world TopDownExampleMap
[2015.09.28-09.14.01:974][147]LogPlayLevel: PIE: World Init took: (0.001196s)
[2015.09.28-09.14.01:975][147]LogPlayLevel: PIE: Created PIE world by copying editor world from /Game/TopDownBP/Maps/TopDownExampleMap.TopDownExampleMap to /Game/TopDownBP/Maps/UEDPIE_0_TopDownExampleMap.TopDownExampleMap (0.056172s)
[2015.09.28-09.14.02:054][147]LogInit: XAudio2 using 'Speakers (Realtek High Definition Audio)' : 2 channels at 48 kHz using 32 bits per sample (channel mask 0x3)
[2015.09.28-09.14.02:063][147]LogInit: FAudioDevice initialized.
[2015.09.28-09.14.02:108][147]LogWorld: Game class is 'MyGameMode_C'
[2015.09.28-09.14.02:133][147]LogWorld: Bringing World /Game/TopDownBP/Maps/UEDPIE_0_TopDownExampleMap.TopDownExampleMap up for play (max tick rate 0) at 2015.09.28-02.14.02
[2015.09.28-09.14.02:133][147]LogActor:Warning: GameSession /Game/TopDownBP/Maps/UEDPIE_0_TopDownExampleMap.TopDownExampleMap:PersistentLevel.GameSession_5 has natively added scene component(s), but none of them were set as the actor's RootComponent - picking one arbitrarily
[2015.09.28-09.14.02:134][147]LogActor:Warning: GameNetworkManager /Game/TopDownBP/Maps/UEDPIE_0_TopDownExampleMap.TopDownExampleMap:PersistentLevel.GameNetworkManager_5 has natively added scene component(s), but none of them were set as the actor's RootComponent - picking one arbitrarily
[2015.09.28-09.14.02:134][147]LogWorld: Bringing up level for play took: 0.023172
[2015.09.28-09.14.02:181][147]PIE: Info Play in editor start time for /Game/TopDownBP/Maps/UEDPIE_0_TopDownExampleMap 1.048
[2015.09.28-09.14.02:182][147]LogBlueprintUserMessages: Late PlayInEditor Detection: Level '/Game/TopDownBP/Maps/TopDownExampleMap.TopDownExampleMap:PersistentLevel' has LevelScriptBlueprint '/Game/TopDownBP/Maps/TopDownExampleMap.TopDownExampleMap:PersistentLevel.TopDownExampleMap' with GeneratedClass '/Game/TopDownBP/Maps/TopDownExampleMap.TopDownExampleMap_C' with ClassGeneratedBy '/Game/TopDownBP/Maps/TopDownExampleMap.TopDownExampleMap:PersistentLevel.TopDownExampleMap'
[2015.09.28-09.14.52:784][113]LogBlueprintUserMessages: Early EndPlayMap Detection: Level '/Game/TopDownBP/Maps/TopDownExampleMap.TopDownExampleMap:PersistentLevel' has LevelScriptBlueprint '/Game/TopDownBP/Maps/TopDownExampleMap.TopDownExampleMap:PersistentLevel.TopDownExampleMap' with GeneratedClass '/Game/TopDownBP/Maps/TopDownExampleMap.TopDownExampleMap_C' with ClassGeneratedBy '/Game/TopDownBP/Maps/TopDownExampleMap.TopDownExampleMap:PersistentLevel.TopDownExampleMap'
[2015.09.28-09.14.52:869][113]LogBlueprintUserMessages: Late EndPlayMap Detection: Level '/Game/TopDownBP/Maps/TopDownExampleMap.TopDownExampleMap:PersistentLevel' has LevelScriptBlueprint '/Game/TopDownBP/Maps/TopDownExampleMap.TopDownExampleMap:PersistentLevel.TopDownExampleMap' with GeneratedClass '/Game/TopDownBP/Maps/TopDownExampleMap.TopDownExampleMap_C' with ClassGeneratedBy '/Game/TopDownBP/Maps/TopDownExampleMap.TopDownExampleMap:PersistentLevel.TopDownExampleMap'
[2015.09.28-09.14.52:930][113]LogParticles: Destroying 0 GPU particle simulations for FXSystem 0x000000EBBDFD8B80
[2015.09.28-09.15.01:356][982]LogActorComponent: UnregisterComponent: (/Engine/Transient.EditorFloorComp) Not registered. Aborting.
[2015.09.28-09.15.01:414][982]LogActorComponent: UnregisterComponent: (/Engine/Transient.EditorFloorComp) Not registered. Aborting.
[2015.09.28-09.15.01:480][982]LogActorComponent: UnregisterComponent: (/Engine/Transient.EditorFloorComp) Not registered. Aborting.
[2015.09.28-09.15.01:584][982]LogActorComponent: UnregisterComponent: (/Engine/Transient.EditorFloorComp) Not registered. Aborting.
[2015.09.28-09.15.01:653][982]LogWindowsTextInputMethodSystem:Display: IME system now deactivated.
[2015.09.28-09.15.02:013][983]Cmd: QUIT_EDITOR
[2015.09.28-09.15.02:771][983]LogExit: Preparing to exit.
[2015.09.28-09.15.03:844][983]LogExit: Editor shut down
[2015.09.28-09.15.03:844][983]LogExit: Transaction tracking system shut down
[2015.09.28-09.15.03:852][983]LogParticles: Destroying 0 GPU particle simulations for FXSystem 0x000000EBC2E9FF60
[2015.09.28-09.15.03:854][983]LogParticles: Destroying 0 GPU particle simulations for FXSystem 0x000000EBCA68F880
[2015.09.28-09.15.03:856][983]LogParticles: Destroying 0 GPU particle simulations for FXSystem 0x000000EBCFA37600
[2015.09.28-09.15.03:856][983]LogParticles: Destroying 0 GPU particle simulations for FXSystem 0x000000EBCA4B8C20
[2015.09.28-09.15.03:856][983]LogParticles: Destroying 0 GPU particle simulations for FXSystem 0x000000EBDB06F1A0
[2015.09.28-09.15.03:860][983]LogParticles: Destroying 0 GPU particle simulations for FXSystem 0x000000EBF1E92980
[2015.09.28-09.15.03:861][983]LogParticles: Destroying 0 GPU particle simulations for FXSystem 0x000000EBF1E92480
[2015.09.28-09.15.03:863][983]LogParticles: Destroying 0 GPU particle simulations for FXSystem 0x000000EBF84D5DA0
[2015.09.28-09.15.03:864][983]LogParticles: Destroying 0 GPU particle simulations for FXSystem 0x000000EBE3662840
[2015.09.28-09.15.03:866][983]LogParticles: Destroying 0 GPU particle simulations for FXSystem 0x000000EB819E5440
[2015.09.28-09.15.03:867][983]LogParticles: Destroying 0 GPU particle simulations for FXSystem 0x000000EB863CEC00
[2015.09.28-09.15.03:868][983]LogParticles: Destroying 0 GPU particle simulations for FXSystem 0x000000EB8A0BCAE0
[2015.09.28-09.15.03:868][983]LogParticles: Destroying 0 GPU particle simulations for FXSystem 0x000000EB8A0BC4A0
[2015.09.28-09.15.03:871][983]LogParticles: Destroying 0 GPU particle simulations for FXSystem 0x000000EC05414B80
[2015.09.28-09.15.04:241][983]LogExit: Object subsystem successfully closed.
[2015.09.28-09.15.04:271][983]LogD3D11RHI: Shutdown
[2015.09.28-09.15.04:271][983]LogD3D11RHI: CleanupD3DDevice
[2015.09.28-09.15.04:374][983]LogD3D11RHI: ~FD3D11DynamicRHI
[2015.09.28-09.15.04:571][983]LogModuleManager: Shutting down and abandoning module StaticMeshEditor (200)
[2015.09.28-09.15.04:571][983]LogModuleManager: Shutting down and abandoning module BlueprintGraph (199)
[2015.09.28-09.15.04:571][983]LogModuleManager: Shutting down and abandoning module CrashTracker (198)
[2015.09.28-09.15.04:571][983]LogModuleManager: Shutting down and abandoning module SceneOutliner (197)
[2015.09.28-09.15.04:571][983]LogModuleManager: Shutting down and abandoning module SuperSearch (196)
[2015.09.28-09.15.04:571][983]LogModuleManager: Shutting down and abandoning module WidgetCarousel (195)
[2015.09.28-09.15.04:571][983]LogModuleManager: Shutting down and abandoning module AddContentDialog (194)
[2015.09.28-09.15.04:574][983]LogModuleManager: Shutting down and abandoning module EditorWidgets (193)
[2015.09.28-09.15.04:574][983]LogModuleManager: Shutting down and abandoning module CollectionManager (192)
[2015.09.28-09.15.04:574][983]LogModuleManager: Shutting down and abandoning module StatsViewer (191)
[2015.09.28-09.15.04:587][983]LogModuleManager: Shutting down and abandoning module FoliageEdit (190)
[2015.09.28-09.15.04:587][983]LogModuleManager: Shutting down and abandoning module LandscapeEditor (189)
[2015.09.28-09.15.04:587][983]LogModuleManager: Shutting down and abandoning module ActorPickerMode (188)
[2015.09.28-09.15.04:587][983]LogModuleManager: Shutting down and abandoning module GeometryMode (187)
[2015.09.28-09.15.04:587][983]LogModuleManager: Shutting down and abandoning module TextureAlignMode (186)
[2015.09.28-09.15.04:587][983]LogModuleManager: Shutting down and abandoning module BspMode (185)
[2015.09.28-09.15.04:587][983]LogModuleManager: Shutting down and abandoning module PlacementMode (184)
[2015.09.28-09.15.04:587][983]LogModuleManager: Shutting down and abandoning module AutomationWorker (183)
[2015.09.28-09.15.04:587][983]LogModuleManager: Shutting down and abandoning module CharacterAI (182)
[2015.09.28-09.15.04:587][983]LogModuleManager: Shutting down and abandoning module SmartSnapping (181)
[2015.09.28-09.15.04:587][983]LogModuleManager: Shutting down and abandoning module ViewportSnapping (180)
[2015.09.28-09.15.04:587][983]LogModuleManager: Shutting down and abandoning module LogVisualizer (179)
[2015.09.28-09.15.04:598][983]LogModuleManager: Shutting down and abandoning module GameProjectGeneration (178)
[2015.09.28-09.15.04:615][983]LogModuleManager: Shutting down and abandoning module IntroTutorials (177)
[2015.09.28-09.15.04:616][983]LogModuleManager: Shutting down and abandoning module EditorLiveStreaming (176)
[2015.09.28-09.15.04:616][983]LogModuleManager: Shutting down and abandoning module IOSPlatformEditor (175)
[2015.09.28-09.15.04:616][983]LogModuleManager: Shutting down and abandoning module HTML5PlatformEditor (174)
[2015.09.28-09.15.04:616][983]LogModuleManager: Shutting down and abandoning module AndroidDeviceDetection (173)
[2015.09.28-09.15.04:774][983]LogModuleManager: Shutting down and abandoning module AndroidPlatformEditor (172)
[2015.09.28-09.15.04:774][983]LogModuleManager: Shutting down and abandoning module IOSRuntimeSettings (171)
[2015.09.28-09.15.04:774][983]LogModuleManager: Shutting down and abandoning module AndroidRuntimeSettings (170)
[2015.09.28-09.15.04:774][983]LogModuleManager: Shutting down and abandoning module MergeActors (169)
[2015.09.28-09.15.04:790][983]LogModuleManager: Shutting down and abandoning module SizeMap (168)
[2015.09.28-09.15.04:790][983]LogModuleManager: Shutting down and abandoning module TreeMap (167)
[2015.09.28-09.15.04:790][983]LogModuleManager: Shutting down and abandoning module ReferenceViewer (166)
[2015.09.28-09.15.04:790][983]LogModuleManager: Shutting down and abandoning module LocalizationService (165)
[2015.09.28-09.15.04:790][983]LogModuleManager: Shutting down and abandoning module LocalizationDashboard (164)
[2015.09.28-09.15.04:810][983]LogModuleManager: Shutting down and abandoning module HardwareTargeting (163)
[2015.09.28-09.15.04:810][983]LogModuleManager: Shutting down and abandoning module DeviceProfileEditor (162)
[2015.09.28-09.15.04:810][983]LogModuleManager: Shutting down and abandoning module UndoHistory (161)
[2015.09.28-09.15.04:810][983]LogModuleManager: Shutting down and abandoning module GameplayTagsEditor (160)
[2015.09.28-09.15.04:810][983]LogModuleManager: Shutting down and abandoning module UserFeedback (159)
[2015.09.28-09.15.04:810][983]LogModuleManager: Shutting down and abandoning module XmlParser (158)
[2015.09.28-09.15.04:810][983]LogModuleManager: Shutting down and abandoning module Blutility (157)
[2015.09.28-09.15.04:810][983]LogModuleManager: Shutting down and abandoning module ProjectTargetPlatformEditor (156)
[2015.09.28-09.15.04:810][983]LogModuleManager: Shutting down and abandoning module ProjectSettingsViewer (155)
[2015.09.28-09.15.04:810][983]LogModuleManager: Shutting down and abandoning module InputBindingEditor (154)
[2015.09.28-09.15.04:810][983]LogModuleManager: Shutting down and abandoning module EditorSettingsViewer (153)
[2015.09.28-09.15.04:810][983]LogModuleManager: Shutting down and abandoning module SettingsEditor (152)
[2015.09.28-09.15.04:810][983]LogModuleManager: Shutting down and abandoning module ProjectLauncher (151)
[2015.09.28-09.15.04:810][983]LogModuleManager: Shutting down and abandoning module SessionFrontend (150)
[2015.09.28-09.15.04:810][983]LogModuleManager: Shutting down and abandoning module ProfilerClient (149)
[2015.09.28-09.15.04:830][983]LogModuleManager: Shutting down and abandoning module TargetDeviceServices (148)
[2015.09.28-09.15.04:830][983]LogModuleManager: Shutting down and abandoning module DeviceManager (147)
[2015.09.28-09.15.04:830][983]LogModuleManager: Shutting down and abandoning module AutomationController (146)
[2015.09.28-09.15.04:830][983]LogModuleManager: Shutting down and abandoning module AutomationWindow (145)
[2015.09.28-09.15.04:846][983]LogModuleManager: Shutting down and abandoning module Layers (144)
[2015.09.28-09.15.04:864][983]LogModuleManager: Shutting down and abandoning module ComponentVisualizers (143)
[2015.09.28-09.15.04:864][983]LogModuleManager: Shutting down and abandoning module DetailCustomizations (142)
[2015.09.28-09.15.04:864][983]LogModuleManager: Shutting down and abandoning module PackagesDialog (141)
[2015.09.28-09.15.04:864][983]LogModuleManager: Shutting down and abandoning module Persona (140)
[2015.09.28-09.15.04:872][983]LogModuleManager: Shutting down and abandoning module Kismet (139)
[2015.09.28-09.15.04:873][983]LogModuleManager: Shutting down and abandoning module GraphEditor (138)
[2015.09.28-09.15.04:873][983]LogModuleManager: Shutting down and abandoning module ClassViewer (137)
[2015.09.28-09.15.04:873][983]LogModuleManager: Shutting down and abandoning module Toolbox (136)
[2015.09.28-09.15.04:873][983]LogModuleManager: Shutting down and abandoning module ModuleUI (135)
[2015.09.28-09.15.04:880][983]LogModuleManager: Shutting down and abandoning module MovieSceneTools (134)
[2015.09.28-09.15.04:880][983]LogModuleManager: Shutting down and abandoning module OutputLog (133)
[2015.09.28-09.15.04:880][983]LogModuleManager: Shutting down and abandoning module GammaUI (132)
[2015.09.28-09.15.04:889][983]LogModuleManager: Shutting down and abandoning module Documentation (131)
[2015.09.28-09.15.04:889][983]LogModuleManager: Shutting down and abandoning module GameLiveStreaming (130)
[2015.09.28-09.15.04:889][983]LogModuleManager: Shutting down and abandoning module StreamingPauseRendering (129)
[2015.09.28-09.15.04:889][983]LogModuleManager: Shutting down and abandoning module AnalyticsET (128)
[2015.09.28-09.15.04:889][983]LogModuleManager: Shutting down and abandoning module Analytics (127)
[2015.09.28-09.15.04:889][983]LogModuleManager: Shutting down and abandoning module AITestSuite (126)
[2015.09.28-09.15.04:889][983]LogModuleManager: Shutting down and abandoning module GameplayDebugger (125)
[2015.09.28-09.15.04:889][983]LogModuleManager: Shutting down and abandoning module AIModule (124)
[2015.09.28-09.15.04:889][983]LogModuleManager: Shutting down and abandoning module ProfilerService (123)
[2015.09.28-09.15.05:059][983]LogModuleManager: Shutting down and abandoning module TaskGraph (122)
[2015.09.28-09.15.05:059][983]LogModuleManager: Shutting down and abandoning module SlateRemote (121)
[2015.09.28-09.15.05:059][983]LogModuleManager: Shutting down and abandoning module SteamVRController (120)
[2015.09.28-09.15.05:059][983]LogModuleManager: Shutting down and abandoning module SteamVR (119)
[2015.09.28-09.15.05:059][983]LogModuleManager: Shutting down and abandoning module ProceduralMeshComponent (118)
[2015.09.28-09.15.05:059][983]LogModuleManager: Shutting down and abandoning module OculusRift (117)
[2015.09.28-09.15.05:059][983]LogModuleManager: Shutting down and abandoning module OculusLibrary (116)
[2015.09.28-09.15.05:059][983]LogModuleManager: Shutting down and abandoning module LeapMotionController (115)
[2015.09.28-09.15.05:075][983]LogModuleManager: Shutting down and abandoning module CustomMeshComponent (114)
[2015.09.28-09.15.05:075][983]LogModuleManager: Shutting down and abandoning module CableComponent (113)
[2015.09.28-09.15.05:075][983]LogModuleManager: Shutting down and abandoning module ArchVisCharacter (112)
[2015.09.28-09.15.05:075][983]LogModuleManager: Shutting down and abandoning module MessagingDebugger (111)
[2015.09.28-09.15.05:086][983]LogModuleManager: Shutting down and abandoning module MediaPlayerEditor (110)
[2015.09.28-09.15.05:086][983]LogModuleManager: Shutting down and abandoning module HTML5Networking (109)
[2015.09.28-09.15.05:086][983]LogModuleManager: Shutting down and abandoning module SpeedTreeImporter (108)
[2015.09.28-09.15.05:086][983]LogModuleManager: Shutting down and abandoning module PluginBrowser (107)
[2015.09.28-09.15.05:086][983]LogModuleManager: Shutting down and abandoning module EpicSurvey (106)
[2015.09.28-09.15.05:086][983]LogModuleManager: Shutting down and abandoning module DesktopPlatform (105)
[2015.09.28-09.15.05:086][983]LogModuleManager: Shutting down and abandoning module VisualStudioSourceCodeAccess (104)
[2015.09.28-09.15.05:087][983]LogModuleManager: Shutting down and abandoning module UObjectPlugin (103)
[2015.09.28-09.15.05:087][983]LogModuleManager: Shutting down and abandoning module SubversionSourceControl (102)
[2015.09.28-09.15.05:087][983]LogModuleManager: Shutting down and abandoning module PerforceSourceControl (101)
[2015.09.28-09.15.05:087][983]LogModuleManager: Shutting down and abandoning module SourceControl (100)
[2015.09.28-09.15.05:087][983]LogModuleManager: Shutting down and abandoning module GitSourceControl (99)
[2015.09.28-09.15.05:087][983]LogModuleManager: Shutting down and abandoning module LightPropagationVolumeEditor (98)
[2015.09.28-09.15.05:087][983]LogModuleManager: Shutting down and abandoning module PaperTiledImporter (97)
[2015.09.28-09.15.05:087][983]LogModuleManager: Shutting down and abandoning module PaperSpriteSheetImporter (96)
[2015.09.28-09.15.05:087][983]LogModuleManager: Shutting down and abandoning module MeshPaint (95)
[2015.09.28-09.15.05:087][983]LogModuleManager: Shutting down and abandoning module SlateReflector (94)
[2015.09.28-09.15.05:087][983]LogModuleManager: Shutting down and abandoning module HotReload (93)
[2015.09.28-09.15.05:087][983]LogModuleManager: Shutting down and abandoning module MainFrame (92)
[2015.09.28-09.15.05:087][983]LogModuleManager: Shutting down and abandoning module LevelEditor (91)
[2015.09.28-09.15.05:088][983]LogModuleManager: Shutting down and abandoning module DirectoryWatcher (90)
[2015.09.28-09.15.05:090][983]LogModuleManager: Shutting down and abandoning module AssetRegistry (89)
[2015.09.28-09.15.05:167][983]LogModuleManager: Shutting down and abandoning module ContentBrowser (88)
[2015.09.28-09.15.05:168][983]LogModuleManager: Shutting down and abandoning module Paper2DEditor (87)
[2015.09.28-09.15.05:168][983]LogModuleManager: Shutting down and abandoning module UdpMessaging (86)
[2015.09.28-09.15.05:269][983]LogModuleManager: Shutting down and abandoning module LightPropagationVolumeRuntime (85)
[2015.09.28-09.15.05:269][983]LogModuleManager: Shutting down and abandoning module Paper2D (84)
[2015.09.28-09.15.05:269][983]LogModuleManager: Shutting down and abandoning module WindowsMoviePlayer (83)
[2015.09.28-09.15.05:295][983]LogModuleManager: Shutting down and abandoning module Media (82)
[2015.09.28-09.15.05:295][983]LogModuleManager: Shutting down and abandoning module WmfMedia (81)
[2015.09.28-09.15.05:295][983]LogModuleManager: Shutting down and abandoning module OnlineBlueprintSupport (80)
[2015.09.28-09.15.05:295][983]LogModuleManager: Shutting down and abandoning module EnvironmentQueryEditor (79)
[2015.09.28-09.15.05:309][983]LogModuleManager: Shutting down and abandoning module GameplayTasksEditor (78)
[2015.09.28-09.15.05:309][983]LogModuleManager: Shutting down and abandoning module PropertyEditor (77)
[2015.09.28-09.15.05:309][983]LogModuleManager: Shutting down and abandoning module BehaviorTreeEditor (76)
[2015.09.28-09.15.05:322][983]LogModuleManager: Shutting down and abandoning module FunctionalTesting (75)
[2015.09.28-09.15.05:322][983]LogModuleManager: Shutting down and abandoning module CollisionAnalyzer (74)
[2015.09.28-09.15.05:322][983]LogModuleManager: Shutting down and abandoning module WorkspaceMenuStructure (73)
[2015.09.28-09.15.05:322][983]LogModuleManager: Shutting down and abandoning module MessageLog (72)
[2015.09.28-09.15.05:322][983]LogModuleManager: Shutting down and abandoning module Sequencer (71)
[2015.09.28-09.15.05:322][983]LogModuleManager: Shutting down and abandoning module AssetTools (70)
[2015.09.28-09.15.05:339][983]LogModuleManager: Shutting down and abandoning module UMGEditor (69)
[2015.09.28-09.15.05:339][983]LogModuleManager: Shutting down and abandoning module UMG (68)
[2015.09.28-09.15.05:339][983]LogModuleManager: Shutting down and abandoning module Slate (67)
[2015.09.28-09.15.05:339][983]LogModuleManager: Shutting down and abandoning module EditorStyle (66)
[2015.09.28-09.15.05:342][983]LogModuleManager: Shutting down and abandoning module SessionServices (65)
[2015.09.28-09.15.05:342][983]LogModuleManager: Shutting down and abandoning module SourceCodeAccess (64)
[2015.09.28-09.15.05:342][983]LogModuleManager: Shutting down and abandoning module HeadMountedDisplay (63)
[2015.09.28-09.15.05:342][983]LogModuleManager: Shutting down and abandoning module XAudio2 (62)
[2015.09.28-09.15.05:342][983]LogModuleManager: Shutting down and abandoning module Networking (60)
[2015.09.28-09.15.05:342][983]LogModuleManager: Shutting down and abandoning module Core (59)
[2015.09.28-09.15.05:342][983]LogModuleManager: Shutting down and abandoning module KismetCompiler (58)
[2015.09.28-09.15.05:342][983]LogModuleManager: Shutting down and abandoning module PhysXFormats (57)
[2015.09.28-09.15.05:342][983]LogModuleManager: Shutting down and abandoning module MeshUtilities (56)
[2015.09.28-09.15.05:342][983]LogModuleManager: Shutting down and abandoning module CookingStats (55)
[2015.09.28-09.15.05:343][983]LogModuleManager: Shutting down and abandoning module DerivedDataCache (54)
[2015.09.28-09.15.05:367][983]LogDerivedDataCache: Shutdown
[2015.09.28-09.15.05:367][983]LogModuleManager: Shutting down and abandoning module ShaderFormatOpenGL (53)
[2015.09.28-09.15.05:383][983]LogModuleManager: Shutting down and abandoning module ShaderFormatD3D (52)
[2015.09.28-09.15.05:383][983]LogModuleManager: Shutting down and abandoning module MetalShaderFormat (51)
[2015.09.28-09.15.05:392][983]LogModuleManager: Shutting down and abandoning module TextureFormatUncompressed (50)
[2015.09.28-09.15.05:392][983]LogModuleManager: Shutting down and abandoning module TextureFormatPVR (49)
[2015.09.28-09.15.05:392][983]LogModuleManager: Shutting down and abandoning module TextureFormatIntelISPCTexComp (48)
[2015.09.28-09.15.05:392][983]LogModuleManager: Shutting down and abandoning module TextureFormatDXT (47)
[2015.09.28-09.15.05:392][983]LogModuleManager: Shutting down and abandoning module ImageWrapper (46)
[2015.09.28-09.15.05:392][983]LogModuleManager: Shutting down and abandoning module TextureFormatASTC (45)
[2015.09.28-09.15.05:392][983]LogModuleManager: Shutting down and abandoning module TextureFormatAndroid (44)
[2015.09.28-09.15.05:392][983]LogModuleManager: Shutting down and abandoning module AudioFormatOpus (43)
[2015.09.28-09.15.05:404][983]LogModuleManager: Shutting down and abandoning module AudioFormatOgg (42)
[2015.09.28-09.15.05:404][983]LogModuleManager: Shutting down and abandoning module AudioFormatADPCM (41)
[2015.09.28-09.15.05:404][983]LogModuleManager: Shutting down and abandoning module LinuxTargetPlatform (40)
[2015.09.28-09.15.05:404][983]LogModuleManager: Shutting down and abandoning module LinuxServerTargetPlatform (39)
[2015.09.28-09.15.05:404][983]LogModuleManager: Shutting down and abandoning module LinuxNoEditorTargetPlatform (38)
[2015.09.28-09.15.05:404][983]LogModuleManager: Shutting down and abandoning module Messaging (37)
[2015.09.28-09.15.05:404][983]LogModuleManager: Shutting down and abandoning module IOSTargetPlatform (36)
[2015.09.28-09.15.05:404][983]LogModuleManager: Shutting down and abandoning module HTML5TargetPlatform (35)
[2015.09.28-09.15.05:404][983]LogModuleManager: Shutting down and abandoning module Android_PVRTCTargetPlatform (34)
[2015.09.28-09.15.05:419][983]LogModuleManager: Shutting down and abandoning module Android_ETC2TargetPlatform (33)
[2015.09.28-09.15.05:419][983]LogModuleManager: Shutting down and abandoning module Android_ETC1TargetPlatform (32)
[2015.09.28-09.15.05:430][983]LogModuleManager: Shutting down and abandoning module Android_DXTTargetPlatform (31)
[2015.09.28-09.15.05:436][983]LogModuleManager: Shutting down and abandoning module Android_ATCTargetPlatform (30)
[2015.09.28-09.15.05:436][983]LogModuleManager: Shutting down and abandoning module Android_ASTCTargetPlatform (29)
[2015.09.28-09.15.05:436][983]LogModuleManager: Shutting down and abandoning module AndroidTargetPlatform (28)
[2015.09.28-09.15.05:436][983]LogModuleManager: Shutting down and abandoning module WindowsTargetPlatform (27)
[2015.09.28-09.15.05:436][983]LogModuleManager: Shutting down and abandoning module WindowsServerTargetPlatform (26)
[2015.09.28-09.15.05:436][983]LogModuleManager: Shutting down and abandoning module WindowsNoEditorTargetPlatform (25)
[2015.09.28-09.15.05:436][983]LogModuleManager: Shutting down and abandoning module WindowsClientTargetPlatform (24)
[2015.09.28-09.15.05:445][983]LogModuleManager: Shutting down and abandoning module AllDesktopTargetPlatform (23)
[2015.09.28-09.15.05:445][983]LogModuleManager: Shutting down and abandoning module TargetPlatform (22)
[2015.09.28-09.15.05:445][983]LogModuleManager: Shutting down and abandoning module InputCore (21)
[2015.09.28-09.15.05:445][983]LogModuleManager: Shutting down and abandoning module Settings (20)
[2015.09.28-09.15.05:445][983]LogModuleManager: Shutting down and abandoning module OnlineSubsystem (18)
[2015.09.28-09.15.05:445][983]LogModuleManager: Shutting down and abandoning module HTTP (17)
[2015.09.28-09.15.07:449][983]LogModuleManager: Shutting down and abandoning module XMPP (16)
[2015.09.28-09.15.07:466][983]LogModuleManager: Shutting down and abandoning module ExampleDeviceProfileSelector (15)
[2015.09.28-09.15.07:466][983]LogModuleManager: Shutting down and abandoning module TextureCompressor (14)
[2015.09.28-09.15.07:466][983]LogModuleManager: Shutting down and abandoning module ShaderCore (13)
[2015.09.28-09.15.07:466][983]LogModuleManager: Shutting down and abandoning module Landscape (12)
[2015.09.28-09.15.07:466][983]LogModuleManager: Shutting down and abandoning module SlateRHIRenderer (11)
[2015.09.28-09.15.07:472][983]LogModuleManager: Shutting down and abandoning module OpenGLDrv (10)
[2015.09.28-09.15.07:483][983]LogModuleManager: Shutting down and abandoning module D3D11RHI (9)
[2015.09.28-09.15.07:483][983]LogModuleManager: Shutting down and abandoning module AnimGraphRuntime (8)
[2015.09.28-09.15.07:483][983]LogModuleManager: Shutting down and abandoning module Renderer (7)
[2015.09.28-09.15.07:483][983]LogModuleManager: Shutting down and abandoning module Engine (6)
[2015.09.28-09.15.07:483][983]LogModuleManager: Shutting down and abandoning module CoreUObject (5)
[2015.09.28-09.15.07:483][983]LogModuleManager: Shutting down and abandoning module NetworkFile (4)
[2015.09.28-09.15.07:500][983]LogModuleManager: Shutting down and abandoning module StreamingFile (3)
[2015.09.28-09.15.07:500][983]LogModuleManager: Shutting down and abandoning module SandboxFile (2)
[2015.09.28-09.15.07:518][983]LogModuleManager: Shutting down and abandoning module PakFile (1)
[2015.09.28-09.15.07:519][983]LogExit: Exiting.
[2015.09.28-09.15.07:522][983]Log file closed, 09/28/15 02:15:07
