[2015.09.28-06.43.06:527][  0]Log file open, 09/27/15 23:43:06
[2015.09.28-06.43.06:527][  0]LogInit:Display: Running engine for game: MyRTS_TropicoStyle
[2015.09.28-06.43.06:527][  0]LogInit:Display: RandInit(143607972) SRandInit(143607973).
[2015.09.28-06.43.06:527][  0]LogTaskGraph: Started task graph with 4 named threads and 5 total threads.
[2015.09.28-06.43.06:527][  0]LogStats: Stats thread started at 0.058983
[2015.09.28-06.43.06:528][  0]LogInit: Version: 4.9.1-2689999+++depot+UE4-Releases+4.9
[2015.09.28-06.43.06:528][  0]LogInit: API Version: 2672455
[2015.09.28-06.43.06:528][  0]LogInit: Compiled (64-bit): Sep 14 2015 04:12:03
[2015.09.28-06.43.06:528][  0]LogInit: Compiled with Visual C++: 18.00.21005.01
[2015.09.28-06.43.06:528][  0]LogInit: Build Configuration: Development
[2015.09.28-06.43.06:528][  0]LogInit: Branch Name: ++depot+UE4-Releases+4.9
[2015.09.28-06.43.06:528][  0]LogInit: Command line:  
[2015.09.28-06.43.06:528][  0]LogInit: Base directory: C:/Program Files/Epic Games/4.9/Engine/Binaries/Win64/
[2015.09.28-06.43.06:528][  0]LogInit: Rocket: 1
[2015.09.28-06.43.06:538][  0]LogInit: Using libcurl 7.41.0
[2015.09.28-06.43.06:538][  0]LogInit:  - built for x86_64-pc-win32
[2015.09.28-06.43.06:538][  0]LogInit:  - supports SSL with WinSSL
[2015.09.28-06.43.06:538][  0]LogInit:  - other features:
[2015.09.28-06.43.06:538][  0]LogInit:      CURL_VERSION_SSL
[2015.09.28-06.43.06:538][  0]LogInit:      CURL_VERSION_IPV6
[2015.09.28-06.43.06:538][  0]LogInit:      CURL_VERSION_ASYNCHDNS
[2015.09.28-06.43.06:538][  0]LogInit:      CURL_VERSION_LARGEFILE
[2015.09.28-06.43.06:538][  0]LogInit:      CURL_VERSION_IDN
[2015.09.28-06.43.06:538][  0]LogInit:  CurlRequestOptions (configurable via config and command line):
[2015.09.28-06.43.06:538][  0]LogInit:  - bVerifyPeer = true  - Libcurl will verify peer certificate
[2015.09.28-06.43.06:538][  0]LogInit:  - bUseHttpProxy = false  - Libcurl will NOT use HTTP proxy
[2015.09.28-06.43.06:538][  0]LogInit:  - bDontReuseConnections = false  - Libcurl will reuse connections
[2015.09.28-06.43.06:538][  0]LogInit:  - CertBundlePath = nullptr  - Libcurl will use whatever was configured at build time.
[2015.09.28-06.43.06:548][  0]LogInit: Presizing for 0 objects not considered by GC, pre-allocating 0 bytes.
[2015.09.28-06.43.06:557][  0]LogInit: Object subsystem initialized
[2015.09.28-06.43.06:559][  0]LogInit: Selected Device Profile: [Windows]
[2015.09.28-06.43.06:559][  0]LogInit: Applying CVar settings loaded from the selected device profile: [Windows]
[2015.09.28-06.43.06:588][  0]LogInit: Computer: LIVINGROOM-PC
[2015.09.28-06.43.06:588][  0]LogInit: User: Jesse
[2015.09.28-06.43.06:588][  0]LogInit: CPU Page size=4096, Cores=2
[2015.09.28-06.43.06:588][  0]LogInit: High frequency timer resolution =3.215352 MHz
[2015.09.28-06.43.06:588][  0]LogMemory: Memory total: Physical=13.9GB (14GB approx)
[2015.09.28-06.43.06:588][  0]LogMemory: Platform Memory Stats for Windows
[2015.09.28-06.43.06:588][  0]LogMemory: Process Physical Memory: 53.61 MB used, 53.61 MB peak
[2015.09.28-06.43.06:588][  0]LogMemory: Process Virtual Memory: 55.45 MB used, 55.45 MB peak
[2015.09.28-06.43.06:588][  0]LogMemory: Physical Memory: 2497.69 MB used, 14272.97 MB total
[2015.09.28-06.43.06:588][  0]LogMemory: Virtual Memory: 353.12 MB used, 134217728.00 MB total
[2015.09.28-06.43.06:632][  0]LogTextLocalizationManager: No specific translations for ('en-US') exist, so ('en') translations will be used.
[2015.09.28-06.43.07:459][  0]LogD3D11RHI: Found D3D11 adapter 0: NVIDIA GeForce GTX 660   (Feature Level 11_0)
[2015.09.28-06.43.07:459][  0]LogD3D11RHI: Adapter has 1984MB of dedicated video memory, 0MB of dedicated system memory, and 2048MB of shared system memory, 2 output[s]
[2015.09.28-06.43.07:461][  0]LogD3D11RHI: Found D3D11 adapter 1: Microsoft Basic Render Driver (Feature Level 11_0)
[2015.09.28-06.43.07:461][  0]LogD3D11RHI: Adapter has 0MB of dedicated video memory, 0MB of dedicated system memory, and 256MB of shared system memory, 0 output[s]
[2015.09.28-06.43.07:461][  0]LogD3D11RHI: Chosen D3D11 Adapter Id = 0
[2015.09.28-06.43.07:466][  0]LogD3D11RHI: !Direct3DDevice
[2015.09.28-06.43.07:466][  0]LogRHI: Texture pool is 1361 MB (70% of 1945 MB)
[2015.09.28-06.43.07:478][  0]LogD3D11RHI: Async texture creation enabled
[2015.09.28-06.43.07:494][  0]LogShaderCompilers: Guid format shader working directory is 15 characters bigger than the processId version (../../../../../../Users/Jesse/Desktop/Unreal/MyRTS_TropicoStyle 4.9/Intermediate/Shaders/WorkingDirectory/7684/).
[2015.09.28-06.43.07:494][  0]LogShaderCompilers: Cleaned the shader compiler working directory '../../../../../../Users/Jesse/Desktop/Unreal/MyRTS_TropicoStyle 4.9/Intermediate/Shaders/tmp/B7FC7FC34141C180CA37D0B03D4CD478/'.
[2015.09.28-06.43.07:494][  0]LogShaderCompilers:Display: Using Local Shader Compiler.
[2015.09.28-06.43.09:011][  0]LogTemp:Display: Loaded TP AllDesktopTargetPlatform
[2015.09.28-06.43.09:017][  0]LogTemp:Display: Loaded TP WindowsClientTargetPlatform
[2015.09.28-06.43.09:023][  0]LogTemp:Display: Loaded TP WindowsNoEditorTargetPlatform
[2015.09.28-06.43.09:029][  0]LogTemp:Display: Loaded TP WindowsServerTargetPlatform
[2015.09.28-06.43.09:035][  0]LogTemp:Display: Loaded TP WindowsTargetPlatform
[2015.09.28-06.43.09:039][  0]LogTemp:Display: Loaded TP AndroidTargetPlatform
[2015.09.28-06.43.09:043][  0]LogTemp:Display: Loaded TP Android_ASTCTargetPlatform
[2015.09.28-06.43.09:047][  0]LogTemp:Display: Loaded TP Android_ATCTargetPlatform
[2015.09.28-06.43.09:051][  0]LogTemp:Display: Loaded TP Android_DXTTargetPlatform
[2015.09.28-06.43.09:055][  0]LogTemp:Display: Loaded TP Android_ETC1TargetPlatform
[2015.09.28-06.43.09:060][  0]LogTemp:Display: Loaded TP Android_ETC2TargetPlatform
[2015.09.28-06.43.09:064][  0]LogTemp:Display: Loaded TP Android_PVRTCTargetPlatform
[2015.09.28-06.43.09:065][  0]LogTemp:Display: Loaded TP HTML5TargetPlatform
[2015.09.28-06.43.09:083][  0]LogTemp:Display: Loaded TP IOSTargetPlatform
[2015.09.28-06.43.09:087][  0]LogTemp:Display: Loaded TP LinuxNoEditorTargetPlatform
[2015.09.28-06.43.09:092][  0]LogTemp:Display: Loaded TP LinuxServerTargetPlatform
[2015.09.28-06.43.09:096][  0]LogTemp:Display: Loaded TP LinuxTargetPlatform
[2015.09.28-06.43.09:096][  0]LogTargetPlatformManager:Display: Building Assets For Windows
[2015.09.28-06.43.09:198][  0]LogDerivedDataCache:Display: Max Cache Size: 512 MB
[2015.09.28-06.43.09:822][  0]LogDerivedDataCache: Loaded boot cache 0.62s 41MB C:/Users/Jesse/AppData/Local/UnrealEngine/4.9/DerivedDataCache/Boot.ddc.
[2015.09.28-06.43.09:822][  0]LogDerivedDataCache:Display: Loaded Boot cache: C:/Users/Jesse/AppData/Local/UnrealEngine/4.9/DerivedDataCache/Boot.ddc
[2015.09.28-06.43.09:823][  0]LogDerivedDataCache: FDerivedDataBackendGraph:  Pak pak cache file ../../../../../../Users/Jesse/Desktop/Unreal/MyRTS_TropicoStyle 4.9/DerivedDataCache/DDC.ddp not found, will not use a pak cache.
[2015.09.28-06.43.09:823][  0]LogDerivedDataCache: Unable to find inner node Pak for hierarchical cache Hierarchy.
[2015.09.28-06.43.09:823][  0]LogDerivedDataCache: FDerivedDataBackendGraph:  CompressedPak pak cache file ../../../../../../Users/Jesse/Desktop/Unreal/MyRTS_TropicoStyle 4.9/DerivedDataCache/Compressed.ddp not found, will not use a pak cache.
[2015.09.28-06.43.09:823][  0]LogDerivedDataCache: Unable to find inner node CompressedPak for hierarchical cache Hierarchy.
[2015.09.28-06.43.10:039][  0]LogDerivedDataCache:Display: Pak cache opened for reading ../../../Engine/DerivedDataCache/Compressed.ddp.
[2015.09.28-06.43.10:052][  0]LogDerivedDataCache: Using Local data cache path C:/Users/Jesse/AppData/Local/UnrealEngine/Common/DerivedDataCache: Writable
[2015.09.28-06.43.10:298][  0]LogInit: Selected Device Profile: [Windows]
[2015.09.28-06.43.10:301][  0]LogContentStreaming: Texture pool size is 0.000000MB
[2015.09.28-06.43.10:440][  0]LogMeshUtilities: No automatic mesh reduction module available
[2015.09.28-06.43.10:441][  0]LogMeshUtilities: No automatic mesh merging module available
[2015.09.28-06.43.10:798][  0]LogInit: WinSock: version 1.1 (2.2), MaxSocks=32767, MaxUdp=65467
[2015.09.28-06.43.12:149][  0]UdpMessaging: Initializing bridge on interface 0.0.0.0:0 to multicast group 230.0.0.1:6666.
[2015.09.28-06.43.12:307][  0]LogAssetRegistry: FAssetRegistry took 0.0110 seconds to start up
[2015.09.28-06.43.12:683][  0]SourceControl: Info Source control is disabled
[2015.09.28-06.43.12:713][  0]SourceControl: Info Source control is disabled
[2015.09.28-06.43.12:729][  0]SourceControl: Info Source control is disabled
[2015.09.28-06.43.12:743][  0]SourceControl: Info Source control is disabled
[2015.09.28-06.43.12:918][  0]LogLinker:Warning: Asset '../../../Engine/Plugins/Runtime/LeapMotionController/Content/LM_PassthroughMaterial.uasset' has been saved with empty engine version. The asset will be loaded but may be incompatible.
[2015.09.28-06.43.13:024][  0]LogObj: 28380 objects as part of root set at end of initial load.
[2015.09.28-06.43.13:024][  0]LogUObjectAllocator: 6044392 out of 0 bytes used by permanent object pool.
[2015.09.28-06.43.13:088][  0]LogEngine: Initializing Engine...
[2015.09.28-06.43.13:091][  0]LogHMD: Can't find Oculus library dev build: is proper Runtime installed? Version: 0.7.0.0
[2015.09.28-06.43.13:091][  0]LogHMD: SteamVR failed to initialize.  Err: 110
[2015.09.28-06.43.13:226][  0]LogAIModule: Creating AISystem for world NewWorld
[2015.09.28-06.43.13:240][  0]LogInit: XAudio2 using 'Speakers (Realtek High Definition Audio)' : 2 channels at 48 kHz using 32 bits per sample (channel mask 0x3)
[2015.09.28-06.43.13:332][  0]LogInit: FAudioDevice initialized.
[2015.09.28-06.43.13:354][  0]LogDerivedDataCache: Saved boot cache 0.02s 41MB C:/Users/Jesse/AppData/Local/UnrealEngine/4.9/DerivedDataCache/Boot.ddc.
[2015.09.28-06.43.13:358][  0]LogInit: Texture streaming: Enabled
[2015.09.28-06.43.13:364][  0]LogAnalytics: Creating configured Analytics provider AnalyticsET
[2015.09.28-06.43.13:364][  0]LogAnalytics: [UEEditor.Rocket.Release] APIServer = http://et2.epicgames.com/ET2/. AppVersion = 4.9.1-2689999+++depot+UE4-Releases+4.9
[2015.09.28-06.43.13:364][  0]LogAnalytics: [UEEditor.Rocket.Release] SetUserId bde184f9425f135229c5dbbb428340e3|3b8075bc1ed94341b886f5e4c6e1b23d|8e16a760-2030-4f56-a98c-f31bd1df95e0
[2015.09.28-06.43.13:365][  0]LogAnalytics: [UEEditor.Rocket.Release] AnalyticsET::StartSession
[2015.09.28-06.43.13:395][  0]LogInit: Transaction tracking system initialized
[2015.09.28-06.43.13:443][  0]BlueprintLog: New page: Editor Load
[2015.09.28-06.43.15:183][  0]LocalizationService: Info Localization service is disabled
[2015.09.28-06.43.15:626][  0]LogConsoleResponse:Display: 
[2015.09.28-06.43.17:996][  0]LogCook:Display: Done creating registry. It took  0.00s.
[2015.09.28-06.43.18:100][  0]SourceControl: Info Source control is disabled
[2015.09.28-06.43.18:100][  0]Cmd: MAP LOAD FILE="../../../../../../Users/Jesse/Desktop/Unreal/MyRTS_TropicoStyle 4.9/Content/TopDownBP/Maps/TopDownExampleMap.umap" TEMPLATE=0 SHOWPROGRESS=1 FEATURELEVEL=3
[2015.09.28-06.43.18:101][  0]LightingResults: New page: Lighting Build
[2015.09.28-06.43.18:106][  0]MapCheck: New page: Map Check
[2015.09.28-06.43.18:106][  0]LightingResults: New page: Lighting Build
[2015.09.28-06.43.18:130][  0]LogParticles: Destroying 0 GPU particle simulations for FXSystem 0x0000002733B9FCE0
[2015.09.28-06.43.20:773][  0]LogLinker:Warning: CreateExport: Failed to load Parent for Function /Game/TopDownBP/Blueprints/Buildings/Commercial/Restaurant_BP.Restaurant_BP_C:UserConstructionScript; removing parent information, but keeping function
[2015.09.28-06.43.28:354][  0]LogAIModule: Creating AISystem for world TopDownExampleMap
[2015.09.28-06.43.29:448][  0]LogEditorServer: Finished looking for orphan Actors (0.000 secs)
[2015.09.28-06.43.29:472][  0]Cmd: MAP CHECKDEP NOCLEARLOG
[2015.09.28-06.43.29:587][  0]MapCheck: Info Map check complete: 0 Error(s), 0 Warning(s), took 115.485ms to complete.
[2015.09.28-06.43.29:587][  0]LogFileHelpers: Loading map 'TopDownExampleMap' took 11.488
[2015.09.28-06.43.29:751][  0]LogCollectionManager: Loaded 0 collections in 0.003496 seconds
[2015.09.28-06.43.29:800][  0]LogFileCache: Scanning file cache for directory 'C:/Users/Jesse/Desktop/Unreal/MyRTS_TropicoStyle 4.9/Saved/Collections/' took 0.01s
[2015.09.28-06.43.29:800][  0]LogFileCache: Scanning file cache for directory 'C:/Users/Jesse/Desktop/Unreal/MyRTS_TropicoStyle 4.9/Content/Developers/Jesse/Collections/' took 0.01s
[2015.09.28-06.43.29:800][  0]LogFileCache: Scanning file cache for directory 'C:/Users/Jesse/Desktop/Unreal/MyRTS_TropicoStyle 4.9/Content/Collections/' took 0.01s
[2015.09.28-06.43.29:801][  0]LogContentBrowser: Native class hierarchy populated in 0.0149 seconds. Added 1874 classes and 335 folders.
[2015.09.28-06.43.29:812][  0]LogCollectionManager: Rebuilt the GUID cache for 0 collections in 0.000003 seconds
[2015.09.28-06.43.29:823][  0]LogContentBrowser: Native class hierarchy updated for 'WidgetCarousel' in 0.0006 seconds. Added 0 classes and 0 folders.
[2015.09.28-06.43.29:913][  0]LogContentBrowser: Native class hierarchy updated for 'AddContentDialog' in 0.0004 seconds. Added 0 classes and 0 folders.
[2015.09.28-06.43.29:924][  0]LogContentBrowser: Native class hierarchy updated for 'SceneOutliner' in 0.0005 seconds. Added 1 classes and 2 folders.
[2015.09.28-06.43.30:020][  0]LogCrashTracker: Crashtracker disabled due to settings.
[2015.09.28-06.43.30:025][  0]LogUObjectGlobals:Warning: Failed to find object 'Class None.'
[2015.09.28-06.43.30:048][  0]LogLoad: Full Startup: 24.63 seconds (BP compile: 1.80 seconds)
[2015.09.28-06.43.30:301][  0]LogContentStreaming: Texture pool size now 1000 MB
[2015.09.28-06.43.30:459][  0]LogRenderer: Reallocating scene render targets to support 1208x600 (Frame:2).
[2015.09.28-06.43.30:579][  1]Cmd: UpdateLandscapeEditorData -warnings
[2015.09.28-06.43.31:840][ 11]LogContentBrowser: Native class hierarchy updated for 'BlueprintGraph' in 0.0013 seconds. Added 107 classes and 0 folders.
[2015.09.28-06.43.35:280][ 11]LogScript:Warning: Accessed None 'Camera_Pawn'
	CameraPawnController_C /Engine/Transient.World_7:PersistentLevel.CameraPawnController_C_0
	Function /Game/TopDownBP/Blueprints/CameraPawnController.CameraPawnController_C:ExecuteUbergraph_CameraPawnController:21B9
[2015.09.28-06.43.35:280][ 11]LogScript:Warning: Accessed None 'Camera_Pawn'
	CameraPawnController_C /Engine/Transient.World_7:PersistentLevel.CameraPawnController_C_0
	Function /Game/TopDownBP/Blueprints/CameraPawnController.CameraPawnController_C:MovementSpeedCalculation:0028
[2015.09.28-06.43.35:280][ 11]LogScript:Warning: Accessed None
	CameraPawnController_C /Engine/Transient.World_7:PersistentLevel.CameraPawnController_C_0
	Function /Game/TopDownBP/Blueprints/CameraPawnController.CameraPawnController_C:MovementSpeedCalculation:003D
[2015.09.28-06.43.35:281][ 11]LogScript:Warning: Accessed None 'Camera_Pawn'
	CameraPawnController_C /Engine/Transient.World_7:PersistentLevel.CameraPawnController_C_0
	Function /Game/TopDownBP/Blueprints/CameraPawnController.CameraPawnController_C:ExecuteUbergraph_CameraPawnController:240D
[2015.09.28-06.43.35:281][ 11]LogScript:Warning: Accessed None 'Camera_Pawn'
	CameraPawnController_C /Engine/Transient.World_7:PersistentLevel.CameraPawnController_C_0
	Function /Game/TopDownBP/Blueprints/CameraPawnController.CameraPawnController_C:ExecuteUbergraph_CameraPawnController:1A43
[2015.09.28-06.43.35:281][ 11]LogScript:Warning: Accessed None 'Camera_Pawn'
	CameraPawnController_C /Engine/Transient.World_7:PersistentLevel.CameraPawnController_C_0
	Function /Game/TopDownBP/Blueprints/CameraPawnController.CameraPawnController_C:MovementSpeedCalculation:0028
[2015.09.28-06.43.35:281][ 11]LogScript:Warning: Accessed None
	CameraPawnController_C /Engine/Transient.World_7:PersistentLevel.CameraPawnController_C_0
	Function /Game/TopDownBP/Blueprints/CameraPawnController.CameraPawnController_C:MovementSpeedCalculation:003D
[2015.09.28-06.43.35:281][ 11]LogScript:Warning: Accessed None 'Camera_Pawn'
	CameraPawnController_C /Engine/Transient.World_7:PersistentLevel.CameraPawnController_C_0
	Function /Game/TopDownBP/Blueprints/CameraPawnController.CameraPawnController_C:ExecuteUbergraph_CameraPawnController:1BD1
[2015.09.28-06.43.35:281][ 11]LogScript:Warning: Accessed None 'Camera_Pawn'
	CameraPawnController_C /Engine/Transient.World_7:PersistentLevel.CameraPawnController_C_0
	Function /Game/TopDownBP/Blueprints/CameraPawnController.CameraPawnController_C:ExecuteUbergraph_CameraPawnController:0AEB
[2015.09.28-06.43.35:281][ 11]LogScript:Warning: Accessed None 'Camera_Pawn'
	CameraPawnController_C /Engine/Transient.World_7:PersistentLevel.CameraPawnController_C_0
	Function /Game/TopDownBP/Blueprints/CameraPawnController.CameraPawnController_C:ExecuteUbergraph_CameraPawnController:0AEB
[2015.09.28-06.43.35:459][ 12]LogScript:Warning: Accessed None 'Camera_Pawn'
	CameraPawnController_C /Engine/Transient.World_7:PersistentLevel.CameraPawnController_C_0
	Function /Game/TopDownBP/Blueprints/CameraPawnController.CameraPawnController_C:ExecuteUbergraph_CameraPawnController:21B9
[2015.09.28-06.43.35:460][ 12]LogScript:Warning: Accessed None 'Camera_Pawn'
	CameraPawnController_C /Engine/Transient.World_7:PersistentLevel.CameraPawnController_C_0
	Function /Game/TopDownBP/Blueprints/CameraPawnController.CameraPawnController_C:MovementSpeedCalculation:0028
[2015.09.28-06.43.35:460][ 12]LogScript:Warning: Accessed None
	CameraPawnController_C /Engine/Transient.World_7:PersistentLevel.CameraPawnController_C_0
	Function /Game/TopDownBP/Blueprints/CameraPawnController.CameraPawnController_C:MovementSpeedCalculation:003D
[2015.09.28-06.43.35:460][ 12]LogScript:Warning: Accessed None 'Camera_Pawn'
	CameraPawnController_C /Engine/Transient.World_7:PersistentLevel.CameraPawnController_C_0
	Function /Game/TopDownBP/Blueprints/CameraPawnController.CameraPawnController_C:ExecuteUbergraph_CameraPawnController:240D
[2015.09.28-06.43.35:460][ 12]LogScript:Warning: Accessed None 'Camera_Pawn'
	CameraPawnController_C /Engine/Transient.World_7:PersistentLevel.CameraPawnController_C_0
	Function /Game/TopDownBP/Blueprints/CameraPawnController.CameraPawnController_C:ExecuteUbergraph_CameraPawnController:1A43
[2015.09.28-06.43.35:460][ 12]LogScript:Warning: Accessed None 'Camera_Pawn'
	CameraPawnController_C /Engine/Transient.World_7:PersistentLevel.CameraPawnController_C_0
	Function /Game/TopDownBP/Blueprints/CameraPawnController.CameraPawnController_C:MovementSpeedCalculation:0028
[2015.09.28-06.43.35:460][ 12]LogScript:Warning: Accessed None
	CameraPawnController_C /Engine/Transient.World_7:PersistentLevel.CameraPawnController_C_0
	Function /Game/TopDownBP/Blueprints/CameraPawnController.CameraPawnController_C:MovementSpeedCalculation:003D
[2015.09.28-06.43.36:050][ 29]LogAssetRegistry: Asset discovery search completed in 23.7542 seconds
[2015.09.28-06.43.36:050][ 29]LogCollectionManager: Rebuilt the object cache for 0 collections in 0.000001 seconds (found 0 objects)
[2015.09.28-06.43.36:050][ 29]LogCollectionManager: Fixed up redirectors for 0 collections in 0.000041 seconds (updated 0 objects)
[2015.09.28-06.46.06:804][557]LogActorComponent: UnregisterComponent: (/Engine/Transient.EditorFloorComp) Not registered. Aborting.
[2015.09.28-06.46.07:958][677]LogActorComponent: UnregisterComponent: (/Engine/Transient.EditorFloorComp) Not registered. Aborting.
[2015.09.28-06.46.09:089][751]LogActorComponent: UnregisterComponent: (/Engine/Transient.EditorFloorComp) Not registered. Aborting.
[2015.09.28-06.46.10:364][838]LogActorComponent: UnregisterComponent: (/Engine/Transient.EditorFloorComp) Not registered. Aborting.
[2015.09.28-06.46.11:724][981]LogActorComponent: UnregisterComponent: (/Engine/Transient.EditorFloorComp) Not registered. Aborting.
[2015.09.28-06.46.13:405][130]LogActorComponent: UnregisterComponent: (/Engine/Transient.EditorFloorComp) Not registered. Aborting.
[2015.09.28-06.46.17:762][491]LogLinker:Warning: Asset '../../../Engine/Content/ArtTools/RenderToTexture/Macros/RenderToTextureMacros.uasset' has been saved with empty engine version. The asset will be loaded but may be incompatible.
[2015.09.28-06.46.18:216][493]LogPropertyNode:Warning: Clamp Min (150) >= Clamp Max (150) for Ranged Numeric property /Game/TopDownBP/Blueprints/MyGameState.MyGameState_C:NormalGameSpeed
[2015.09.28-06.46.18:216][493]LogPropertyNode:Warning: UI Min (150) >= UI Max (150) for Ranged Numeric property /Game/TopDownBP/Blueprints/MyGameState.MyGameState_C:NormalGameSpeed
[2015.09.28-06.47.11:234][522]LogBlueprintUserMessages: CustomizeDetails for Blueprint 'Commander_HUD', cached variable property's owner is '/Game/TopDownBP/HUDs/Commander_HUD.SKEL_Commander_HUD_C'
[2015.09.28-06.47.27:458][450]Cmd: OBJ SAVEPACKAGE PACKAGE="/Game/TopDownBP/HUDs/Commander_HUD" FILE="../../../../../../Users/Jesse/Desktop/Unreal/MyRTS_TropicoStyle 4.9/Content/TopDownBP/HUDs/Commander_HUD.uasset" SILENT=true
[2015.09.28-06.47.27:732][450]LogSavePackage: Save=227.653763ms
[2015.09.28-06.47.27:732][450]LogSavePackage: Moving '../../../../../../Users/Jesse/Desktop/Unreal/MyRTS_TropicoStyle 4.9/Saved/Commander_HUD809683614A816290462CF0B430775656.tmp' to '../../../../../../Users/Jesse/Desktop/Unreal/MyRTS_TropicoStyle 4.9/Content/TopDownBP/HUDs/Commander_HUD.uasset'
[2015.09.28-06.47.27:734][450]LogSavePackage: Total save time: 274.691232ms
[2015.09.28-06.47.27:734][450]LogSavePackage:Warning: Finished SavePackage ../../../../../../Users/Jesse/Desktop/Unreal/MyRTS_TropicoStyle 4.9/Content/TopDownBP/HUDs/Commander_HUD.uasset
[2015.09.28-06.57.23:033][636]LogBlueprintUserMessages: CustomizeDetails for Blueprint 'Commander_HUD', cached variable property's owner is '/Game/TopDownBP/Blueprints/MyGameState.MyGameState_C'
[2015.09.28-06.58.36:875][429]LogBlueprintUserMessages: CustomizeDetails for Blueprint 'MyGameState', cached variable property's owner is '/Game/TopDownBP/Blueprints/MyGameState.SKEL_MyGameState_C'
[2015.09.28-06.58.39:019][683]LogBlueprintUserMessages: CustomizeDetails for Blueprint 'MyGameState', cached variable property's owner is '/Game/TopDownBP/Blueprints/MyGameState.SKEL_MyGameState_C'
[2015.09.28-06.58.39:030][684]LogPropertyNode:Warning: Clamp Min (150) >= Clamp Max (150) for Ranged Numeric property /Game/TopDownBP/Blueprints/MyGameState.MyGameState_C:NormalGameSpeed
[2015.09.28-06.58.39:030][684]LogPropertyNode:Warning: UI Min (150) >= UI Max (150) for Ranged Numeric property /Game/TopDownBP/Blueprints/MyGameState.MyGameState_C:NormalGameSpeed
[2015.09.28-06.58.51:881][216]BlueprintLog: New page: Compile MyGameState
[2015.09.28-06.58.52:768][216]LogBlueprintUserMessages: PostEditorRefresh for Blueprint 'Commander_HUD', cached variable property's owner is '/Game/TopDownBP/Blueprints/MyGameState.MyGameState_C'
[2015.09.28-06.58.52:801][216]LogBlueprintUserMessages: PostEditorRefresh for Blueprint 'Commander_HUD', cached variable property's owner is '/Game/TopDownBP/Blueprints/MyGameState.MyGameState_C'
[2015.09.28-06.58.52:816][216]LogActorComponent: UnregisterComponent: (/Engine/Transient.CharMoveComp) Not registered. Aborting.
[2015.09.28-06.58.52:971][216]LogParticles: Destroying 0 GPU particle simulations for FXSystem 0x0000002749F86840
[2015.09.28-06.58.52:975][216]LogParticles: Destroying 0 GPU particle simulations for FXSystem 0x0000002778B0A480
[2015.09.28-06.58.52:977][216]LogParticles: Destroying 0 GPU particle simulations for FXSystem 0x000000277E7136A0
[2015.09.28-06.58.52:979][216]LogParticles: Destroying 0 GPU particle simulations for FXSystem 0x0000002703369E40
[2015.09.28-06.58.52:981][216]LogParticles: Destroying 0 GPU particle simulations for FXSystem 0x000000270794FE20
[2015.09.28-06.58.52:983][216]LogParticles: Destroying 0 GPU particle simulations for FXSystem 0x000000270CA75DA0
[2015.09.28-06.58.52:985][216]LogParticles: Destroying 0 GPU particle simulations for FXSystem 0x000000271149DE40
[2015.09.28-06.58.53:073][216]BlueprintEditorCompileResults: Info No value will be returned by reference. Parameter 'GameTime'. Node:  (none) 
[2015.09.28-06.58.53:073][216]BlueprintEditorCompileResults: Info [0947.65] Compile of MyGameState successful! [in 1,191 ms]
[2015.09.28-06.58.53:551][267]Cmd: OBJ SAVEPACKAGE PACKAGE="/Game/TopDownBP/Blueprints/MyGameState" FILE="../../../../../../Users/Jesse/Desktop/Unreal/MyRTS_TropicoStyle 4.9/Content/TopDownBP/Blueprints/MyGameState.uasset" SILENT=true
[2015.09.28-06.58.53:601][267]LogSavePackage: Save=21.875988ms
[2015.09.28-06.58.53:601][267]LogSavePackage: Moving '../../../../../../Users/Jesse/Desktop/Unreal/MyRTS_TropicoStyle 4.9/Saved/MyGameState576546644F1C5FD2E491D79C2361279A.tmp' to '../../../../../../Users/Jesse/Desktop/Unreal/MyRTS_TropicoStyle 4.9/Content/TopDownBP/Blueprints/MyGameState.uasset'
[2015.09.28-06.58.53:605][267]LogSavePackage: Total save time: 51.910337ms
[2015.09.28-06.58.53:605][267]LogSavePackage:Warning: Finished SavePackage ../../../../../../Users/Jesse/Desktop/Unreal/MyRTS_TropicoStyle 4.9/Content/TopDownBP/Blueprints/MyGameState.uasset
[2015.09.28-06.59.15:586][895]LogBlueprintUserMessages: CustomizeDetails for Blueprint 'Commander_HUD', cached variable property's owner is '/Game/TopDownBP/Blueprints/MyGameState.MyGameState_C'
[2015.09.28-06.59.48:695][542]LogSlate:Warning: Slate: Had to block on waiting for a draw buffer
[2015.09.28-06.59.48:705][542]LogSlate:Warning: Slate: Had to block on waiting for a draw buffer
[2015.09.28-06.59.48:714][542]LogSlate:Warning: Slate: Had to block on waiting for a draw buffer
[2015.09.28-06.59.48:717][542]LogSlate:Warning: Slate: Had to block on waiting for a draw buffer
[2015.09.28-06.59.48:719][542]LogSlate:Warning: Slate: Had to block on waiting for a draw buffer
[2015.09.28-06.59.48:724][542]LogSlate:Warning: Slate: Had to block on waiting for a draw buffer
[2015.09.28-06.59.48:728][542]LogSlate:Warning: Slate: Had to block on waiting for a draw buffer
[2015.09.28-06.59.48:730][542]LogSlate:Warning: Slate: Had to block on waiting for a draw buffer
[2015.09.28-06.59.48:735][542]LogSlate:Warning: Slate: Had to block on waiting for a draw buffer
[2015.09.28-06.59.48:738][542]LogSlate:Warning: Slate: Had to block on waiting for a draw buffer
[2015.09.28-06.59.48:741][542]LogSlate:Warning: Slate: Had to block on waiting for a draw buffer
[2015.09.28-06.59.48:743][542]LogSlate:Warning: Slate: Had to block on waiting for a draw buffer
[2015.09.28-06.59.48:746][542]LogSlate:Warning: Slate: Had to block on waiting for a draw buffer
[2015.09.28-06.59.48:750][542]LogSlate:Warning: Slate: Had to block on waiting for a draw buffer
[2015.09.28-06.59.48:752][542]LogSlate:Warning: Slate: Had to block on waiting for a draw buffer
[2015.09.28-06.59.48:754][542]LogSavePackage: Save=84.296211ms
[2015.09.28-06.59.48:755][542]LogSlate:Warning: Slate: Had to block on waiting for a draw buffer
[2015.09.28-06.59.48:755][542]LogSavePackage: Moving '../../../../../../Users/Jesse/Desktop/Unreal/MyRTS_TropicoStyle 4.9/Saved/ActorMacrosB002641D43FD037351E5C89F5FFF2677.tmp' to '../../../Engine/Content/EditorBlueprintResources/ActorMacros.uasset'
[2015.09.28-06.59.48:755][542]LogFileManager:Warning: DeleteFile was unable to delete '../../../Engine/Content/EditorBlueprintResources/ActorMacros.uasset', retrying in .5s...
[2015.09.28-06.59.49:256][542]LogFileManager:Error: Error deleting file '../../../Engine/Content/EditorBlueprintResources/ActorMacros.uasset'.
[2015.09.28-06.59.49:256][542]LogSavePackage:Error: Error saving '../../../Engine/Content/EditorBlueprintResources/ActorMacros.uasset'
[2015.09.28-06.59.49:256][542]LogWindows:Error: Windows GetLastError: The operation completed successfully. (0)
[2015.09.28-06.59.50:432][542]LogCrashTracker: 


[2015.09.28-06.59.50:546][542]LogCrashTracker: 


[2015.09.28-06.59.50:546][542]LogWindows: === Critical error: ===
Fatal error!



[2015.09.28-06.59.50:926][542]LogExit: Executing StaticShutdownAfterError
[2015.09.28-06.59.50:948][542]LogPhysics:Warning: PHYSX: ..\..\PhysX\src\NpScene.cpp (2946) 8 : PxScene::unlockWrite() called without matching call to PxScene::lockWrite(), behaviour will be undefined.
[2015.09.28-06.59.50:949][542]LogPhysics:Warning: PHYSX: ..\..\PhysX\src\NpScene.cpp (2946) 8 : PxScene::unlockWrite() called without matching call to PxScene::lockWrite(), behaviour will be undefined.
[2015.09.28-06.59.50:949][542]LogPhysics:Warning: PHYSX: ..\..\PhysX\src\NpScene.cpp (2946) 8 : PxScene::unlockWrite() called without matching call to PxScene::lockWrite(), behaviour will be undefined.
[2015.09.28-06.59.50:949][542]LogPhysics:Warning: PHYSX: ..\..\PhysX\src\NpScene.cpp (2946) 8 : PxScene::unlockWrite() called without matching call to PxScene::lockWrite(), behaviour will be undefined.
[2015.09.28-06.59.50:950][542]LogPhysics:Warning: PHYSX: ..\..\PhysX\src\NpScene.cpp (2946) 8 : PxScene::unlockWrite() called without matching call to PxScene::lockWrite(), behaviour will be undefined.
[2015.09.28-06.59.50:950][542]LogPhysics:Warning: PHYSX: ..\..\PhysX\src\NpScene.cpp (2946) 8 : PxScene::unlockWrite() called without matching call to PxScene::lockWrite(), behaviour will be undefined.
[2015.09.28-06.59.50:951][542]LogPhysics:Warning: PHYSX: ..\..\PhysX\src\NpScene.cpp (2946) 8 : PxScene::unlockWrite() called without matching call to PxScene::lockWrite(), behaviour will be undefined.
[2015.09.28-06.59.50:951][542]LogPhysics:Warning: PHYSX: ..\..\PhysX\src\NpScene.cpp (2946) 8 : PxScene::unlockWrite() called without matching call to PxScene::lockWrite(), behaviour will be undefined.
[2015.09.28-06.59.50:951][542]LogWindows: FPlatformMisc::RequestExit(1)
[2015.09.28-06.59.50:951][542]Log file closed, 09/27/15 23:59:50
